ARM GAS  C:\Users\akudo\AppData\Local\Temp\ccs9T4sE.s 			page 1


   1              		.syntax unified
   2              		.cpu cortex-m4
   3              		.fpu softvfp
   4              		.eabi_attribute 20, 1
   5              		.eabi_attribute 21, 1
   6              		.eabi_attribute 23, 3
   7              		.eabi_attribute 24, 1
   8              		.eabi_attribute 25, 1
   9              		.eabi_attribute 26, 1
  10              		.eabi_attribute 30, 2
  11              		.eabi_attribute 34, 1
  12              		.eabi_attribute 18, 4
  13              		.thumb
  14              		.file	"board.c"
  15              		.text
  16              	.Ltext0:
  17              		.section	.gnu.lto_.profile.cfc17d5b,"",%progbits
  18 0000 789C6366 		.ascii	"x\234cf```a\200\000F\006>f\000\000\223\000\032"
  18      60606061 
  18      80004606 
  18      3E660000 
  18      93001A
  19              		.text
  20              		.section	.gnu.lto_.jmpfuncs.cfc17d5b,"",%progbits
  21 0000 789C6366 		.ascii	"x\234cf\300\0168\2414\023\210`\004b\000\001S\000\020"
  21      C00E38A1 
  21      34138860 
  21      04620001 
  21      530010
  22              		.text
  23              		.section	.gnu.lto_.inline.cfc17d5b,"",%progbits
  24 0000 789C6366 		.ascii	"x\234cf\300\016\264\2414\023\003\003\013\017#\210b`"
  24      C00EB4A1 
  24      34130303 
  24      0B0F2388 
  24      6260
  25 0012 5B200FA2 		.ascii	"[ \017\242\030\030\271@\004\0033\023\2520\003\000,\231"
  25      1818B940 
  25      04033313 
  25      AA300300 
  25      2C99
  26 0024 01E6     		.ascii	"\001\346"
  27              		.text
  28              		.section	.gnu.lto_.pureconst.cfc17d5b,"",%progbits
  29 0000 789C6366 		.ascii	"x\234cf```e\200\000&\006\011F\006\000\000\331\000$"
  29      60606065 
  29      80002606 
  29      09460600 
  29      00D90024 
  30              		.text
  31              		.section	.gnu.lto___early_init.cfc17d5b,"",%progbits
  32 0000 789C6366 		.ascii	"x\234cf\300\004R@\274\010\210\335\201\230\221\231\201"
  32      C0045240 
  32      BC0888DD 
  32      81989199 
  32      81
  33 0011 9169C239 		.ascii	"\221i\3029\006\206F\016&FF\020\203\201\221\241\236\211"
ARM GAS  C:\Users\akudo\AppData\Local\Temp\ccs9T4sE.s 			page 2


  33      0686460E 
  33      26464610 
  33      838191A1 
  33      9E89
  34 0023 B19EF125 		.ascii	"\261\236\361%\323G&\306\011\007V\317\340V_\332\320\320"
  34      D34726C6 
  34      090756CF 
  34      E0565FDA 
  34      D0D0
  35 0035 F0E1D146 		.ascii	"\360\341\321F\211V\211\237L\014\014\237\231 \3060.g"
  35      8956899F 
  35      4C0C0C9F 
  35      9920C630 
  35      2E67
  36 0047 546700AA 		.ascii	"Tg\000\252\371\330\362\367:7[\013P\215\000D\216q\005"
  36      F9D8F2F7 
  36      3A375B0B 
  36      508D0044 
  36      8E7105
  37 005a 231B2390 		.ascii	"#\033#\220^/t\240\341\377\377\307s\346lfaf`x\002\224"
  37      5E2F74A0 
  37      E1FFFFC7 
  37      73E66C66 
  37      61666078 
  38 0070 0299FF94 		.ascii	"\002\231\377\224\211\011D3\337al>\260\361\030#H1\310"
  38      89094433 
  38      DF616C3E 
  38      B0F11823 
  38      4831C8
  39 0083 947997FB 		.ascii	"\224y\227\373\3261\325\376n\350h\340\370\311\304\370"
  39      D631D5FE 
  39      6EE868E0 
  39      F8C9C4F8 
  40 0093 99096800 		.ascii	"\231\011h\000\343J\306Z\206\237@\345\367\030\033\017"
  40      E34AC65A 
  40      869F40E5 
  40      F7181B0F 
  41 00a3 6C7603AB 		.ascii	"lv\003\253d\000\031\304\0102\000h\234\253\263\225\276"
  41      640019C4 
  41      08320068 
  41      9CABB395 
  41      BE
  42 00b4 73466652 		.ascii	"sFfRfpIiJf\276~2\210\235_lhf\250\237_\254\237\221\230"
  42      66704969 
  42      4A66BE7E 
  42      32889D5F 
  42      6C6866A8 
  43 00ce A39F949F 		.ascii	"\243\237\224\237X\224R\254\037\034\022\037\034\342k"
  43      589452AC 
  43      1F1C121F 
  43      1CE26B
  44 00dd 6CE46612 		.ascii	"l\344f\022\357\342\031\354\354\037\346\032\024\011\221"
  44      EFE219EC 
  44      EC1FE61A 
  44      140991
  45 00ec D34B6600 		.ascii	"\323Kf\000\000?\364Q\225"
  45      003FF451 
ARM GAS  C:\Users\akudo\AppData\Local\Temp\ccs9T4sE.s 			page 3


  45      95
  46              		.text
  47              		.section	.gnu.lto_boardInit.cfc17d5b,"",%progbits
  48 0000 789C6366 		.ascii	"x\234cf\300\004R@\\\002\304\356@\314\310\314\300\310"
  48      C0045240 
  48      5C02C4EE 
  48      40CCC8CC 
  48      C0C8
  49 0012 34E11C03 		.ascii	"4\341\034\003C#\007\023##\210\301\300\310P\317\304X"
  49      43230713 
  49      232388C1 
  49      C0C850CF 
  49      C458
  50 0024 CFF892E9 		.ascii	"\317\370\222\351#\023\343\204\003\253gp\253/mhh\370"
  50      2313E384 
  50      03AB6770 
  50      AB2F6D68 
  50      68F8
  51 0036 B069BF44 		.ascii	"\260i\277D\253\304O&\006\206\317L\020c\030\2273\252"
  51      ABC44F26 
  51      0686CF4C 
  51      10631897 
  51      33AA
  52 0048 3300D57C 		.ascii	"3\000\325|l\371{\235\233\255\005\250F\000\"\307\270"
  52      6CF97B9D 
  52      9BAD05A8 
  52      460022C7 
  52      B8
  53 0059 82918D11 		.ascii	"\202\221\215\021H\257\027:\320\360\377\377\342\351g"
  53      48AF173A 
  53      D0F0FFFF 
  53      E2E967
  54 0068 F6B30085 		.ascii	"\366\263\000\205\237\0001\310\374\247LL \232\371\036"
  54      9F0031C8 
  54      FCA74C4C 
  54      209AF91E 
  55 0078 23234821 		.ascii	"##H!\310\244'L\214 !\240\002Wg+}\347\214\314\244\314"
  55      C8A4274C 
  55      8C2021A0 
  55      0257672B 
  55      7DE78CCC 
  56 008e E092D294 		.ascii	"\340\222\322\224\314|\375d\020;\277\330\320\314P?\277"
  56      CC7CFD64 
  56      103BBFD8 
  56      D0CC503F 
  56      BF
  57 009f 583F2331 		.ascii	"X?#1G?)?\261(\245X?8$>8\304\327\330\310\315$\336\305"
  57      473F293F 
  57      B128A558 
  57      3F38243E 
  57      38C4D7D8 
  58 00b8 33D8D93F 		.ascii	"3\330\331?\3145(\022\"\247\227\314\000\000tJ?\370"
  58      CC352812 
  58      22A797CC 
  58      0000744A 
  58      3FF8
  59              		.text
ARM GAS  C:\Users\akudo\AppData\Local\Temp\ccs9T4sE.s 			page 4


  60              		.section	.gnu.lto_.symbol_nodes.cfc17d5b,"",%progbits
  61 0000 789C6366 		.ascii	"x\234cf``pa\200\002\246\211L\365\014\014\023\31610\324"
  61      60607061 
  61      8002A689 
  61      4CF50C0C 
  61      13CE3130 
  62 0015 D733CC5B 		.ascii	"\3273\314[\300\301\3004\211\251\236\021Y\200u\002\023"
  62      C0C1C034 
  62      89A99E11 
  62      59807502 
  62      13
  63 0026 C342A022 		.ascii	"\303B\240\"\306\311L\365L\020\011\206\206\006\016\006"
  63      C6C94CF5 
  63      4C100986 
  63      86060E06 
  64 0036 66205CF2 		.ascii	"f \\\362\340\037#\003\000r\326\021\364"
  64      E01F2303 
  64      0072D611 
  64      F4
  65              		.text
  66              		.section	.gnu.lto_.refs.cfc17d5b,"",%progbits
  67 0000 789C6366 		.ascii	"x\234cf```d\200\002\000\000=\000\005"
  67      60606064 
  67      80020000 
  67      3D0005
  68              		.text
  69              		.section	.gnu.lto_.decls.cfc17d5b,"",%progbits
  70 0000 789CED57 		.ascii	"x\234\355WoPSW\026\177\367\275\374\201\020\251-3\255"
  70      6F505357 
  70      167FF7BD 
  70      FC8110A9 
  70      2D33AD
  71 0013 E37456D6 		.ascii	"\343tV\326\3160\335NK\252\266L\333\017\273Z\264\226"
  71      CE30DD4E 
  71      4BAAB64C 
  71      DB0FBB5A 
  71      B496
  72 0025 19B765D6 		.ascii	"\031\267e\326\356\356\35443\331H\202f6\2204\011;\365"
  72      EEEEEC34 
  72      33D94882 
  72      66369034 
  72      093BF5
  73 0038 DBE58F2D 		.ascii	"\333\345\217-\002\012t\253\225\212\222\226\324\000F"
  73      020A74AB 
  73      958A9296 
  73      D40046
  74 0047 8C489108 		.ascii	"\214H\221\010\213\001\213D\004\267\255\240\354\326V"
  74      8B018B44 
  74      04B7ADA0 
  74      ECD656
  75 0056 8A56B4CA 		.ascii	"\212V\264\312\212\024-(\220=\367\336\367\022xMg\267"
  75      8A142D28 
  75      903DF7DE 
  75      F712784D 
  75      67B7
  76 0068 3BFB71DF 		.ascii	";\373q\337\314\315y\347\236\337\375\235\223s\317=\357"
  76      CCCD79E7 
ARM GAS  C:\Users\akudo\AppData\Local\Temp\ccs9T4sE.s 			page 5


  76      9EDFFD9D 
  76      9373CF3D 
  76      EF
  77 0079 3D81E3B8 		.ascii	"=\201\343\270\012\030a\270\212\026q\3346\236\343\004"
  77      0A1861B8 
  77      8A1671DC 
  77      369EE304 
  78 0089 D033B9E8 		.ascii	"\3203\271\350Et\037\214F\030~\030\010\306b\304-\270"
  78      45741F8C 
  78      46187E18 
  78      08C662C4 
  78      2DB8
  79 009b 7C5C74DD 		.ascii	"|\\t\335\203`\253\027\347y\321\346\347~x5\212\\\222"
  79      8360AB17 
  79      E779D1E6 
  79      E77E7835 
  79      8A5C92
  80 00ae 2F24CEC9 		.ascii	"/$\316\311\257\333<\0124N\366'\\\343Q\242&\231\250\307"
  80      AFDB3C0A 
  80      344EF627 
  80      5CE351A2 
  80      2699A8C7 
  81 00c2 DF09ED51 		.ascii	"\337\011\355Q\201\252\325(\210\332v\177d@\361\310.\014"
  81      81AAD528 
  81      88DA767F 
  81      6440F1C8 
  81      2E0C
  82 00d4 5745215E 		.ascii	"WE!^\254@\231\017#/Z\212\352\320R`\255G\217\300\357"
  82      AC40990F 
  82      232F5A8A 
  82      EAD05260 
  82      AD478FC0 
  83 00e9 EB0AC6D4 		.ascii	"\353\012\306\324U91\206\004\036\221\373\332=_\017h\236"
  83      55393186 
  83      041E91FB 
  83      DA3D5F0F 
  83      689E
  84 00fb 6C8065C5 		.ascii	"l\200e\30588\205\242\356J\316{\177\231\274\037\273\375"
  84      383885A2 
  84      EE4ACE7B 
  84      7F99BC1F 
  84      BBFD
  85 010d E38DD56F 		.ascii	"\343\215\325o\011U\330]\200\347\302aD\271P\003\022\320"
  85      0955D85D 
  85      80E7C261 
  85      44B95003 
  85      12D0
  86 011f 41F4248D 		.ascii	"A\364$\215\030\356Y\350>\224\014\353\032j\312\007\325"
  86      18EE59E8 
  86      3E940CEB 
  86      1A6ACA07 
  86      D5
  87 0130 829E92FB 		.ascii	"\202\236\222\373&;\002j \361\373\335\367kU!\034\014"
  87      263B026A 
  87      20F1FBDD 
  87      F76B5521 
  87      1C0C
ARM GAS  C:\Users\akudo\AppData\Local\Temp\ccs9T4sE.s 			page 6


  88 0142 877F45D7 		.ascii	"\207\177E\327\037\232\267\376\220\264\276\221\256\367"
  88      1F9AB7FE 
  88      90B4BE91 
  88      AEF7
  89 0150 7ACF1F52 		.ascii	"z\317\037R\012\331t\375\365\302\341q\025\254\037\306"
  89      0AD974FD 
  89      F5C2E171 
  89      15AC1FC6 
  90 0160 E3B76A9B 		.ascii	"\343\267j\233\036\335\323\204\273\212\360\014D\201("
  90      1EDDD384 
  90      BB8AF00C 
  90      448128
  91 016f CBE1792C 		.ascii	"\313\341y,\207%\026?ei\377\374\310\267J\232\254\341"
  91      8725163F 
  91      6569FFFC 
  91      C8B74A9A 
  91      ACE1
  92 0181 0708D354 		.ascii	"\007\010\323T\367\376\235,[3\224\271m\252\305\233\310"
  92      F7FE9D2C 
  92      5B3394B9 
  92      6DAAC59B 
  92      C8
  93 0192 EC546F6A 		.ascii	"\354Toj\277v\347\001j\177\224\250\227:\332\256\252\204"
  93      BF76E701 
  93      6A7F94A8 
  93      973ADAAE 
  93      AA84
  94 01a4 00A2B613 		.ascii	"\000\242\266\023\035S\2474B\037S\312\212\207Ok\204A"
  94      1D53A734 
  94      421F53CA 
  94      8A874F6B 
  94      8441
  95 01b6 A6E41F68 		.ascii	"\246\344\037h+S\303\252\237kh\312.\355\235\366\304S"
  95      2B53C3AA 
  95      9F6B68CA 
  95      2EED9DF6 
  95      C453
  96 01c8 959412F1 		.ascii	"\225\224\022\361\313\207\256\342\332D\224\242\361@\202"
  96      CB87AEE2 
  96      DA4494A2 
  96      F14082
  97 01d7 C743DE91 		.ascii	"\307C\336\221\227\013\361j\324\2064\350X$v\272\232\\"
  97      970BF16A 
  97      D48634E8 
  97      582476BA 
  97      9A5C
  98 01e9 C5181790 		.ascii	"\305\030\027\220\315\213\017%r\221\275C\307Q\012 (\026"
  98      CD8B0F25 
  98      7291BD43 
  98      C7510A20 
  98      2816
  99 01fb B5C26400 		.ascii	"\265\302d\000&\201\270{\246\243H\2114)\261\027\3755"
  99      2681B87B 
  99      A6A34889 
  99      3429B117 
  99      FD35
 100 020d C6221A42 		.ascii	"\306\"\032By\351;\017c\254@\355\020BK4\004\210(\262"
ARM GAS  C:\Users\akudo\AppData\Local\Temp\ccs9T4sE.s 			page 7


 100      79E93B0F 
 100      63AC40ED 
 100      10424B34 
 100      048828B2 
 101 0221 F133BDEF 		.ascii	"\3613\275\357\007\264B\255@\377aME\365\035\245P\317"
 101      07B442AD 
 101      40FF614D 
 101      45F51DA5 
 101      50CF
 102 0233 94DAC94F 		.ascii	"\224\332\311Oo\307\011~\246xv\355\366)i\306\342\210"
 102      6FC7097E 
 102      A67876ED 
 102      F62969C6 
 102      E288
 103 0245 FAE1E1C0 		.ascii	"\372\341\341\300\357\205Vfjv\373z\004\241\203)gF\246"
 103      EF855666 
 103      6A76FB7A 
 103      04A18329 
 103      6746A6
 104 0258 BED352DC 		.ascii	"\276\323R\334bZ{c\007K\023\205.f\253\373h\307\250 \364"
 104      625A7B63 
 104      074B1385 
 104      2E66ABFB 
 104      68C7A820 
 105 026d 30A5EAFB 		.ascii	"0\245\352\373\276Sl\013\226\200\032\277\275\263\350"
 105      BE536C0B 
 105      96801ABF 
 105      BDB3E8
 106 027c AA162D67 		.ascii	"\252\026-gWR\212\033\376\347x\365\341\271\214\277\024"
 106      57528A1B 
 106      FEE778F5 
 106      E1B98CBF 
 106      14
 107 028d 62CF121A 		.ascii	"b\317\022\032\377\011\210\377o()\372\257\037'\245\356"
 107      FF0988FF 
 107      6F2829FA 
 107      AF1F27A5 
 107      EE
 108 029e 2505CF11 		.ascii	"%\005\317\021\270;\354U\205\236\246\320\223r\350'\364"
 108      B83BEC55 
 108      859EA6D0 
 108      9372E827 
 108      F4
 109 02af 583C1181 		.ascii	"X<\021\201\336\212@;b\262F\221\263\021d\227\034\331"
 109      DE8A403B 
 109      62B24691 
 109      B3116497 
 109      1CD9
 110 02c1 8964016C 		.ascii	"\211d\001l\257\227\260\335\261\003\230\207\275\037\341"
 110      AF97B0DD 
 110      B1039887 
 110      BD1FE1
 111 02d0 0DC6E68D 		.ascii	"\015\306\346\215\206P\032\241=%\207\366D\241\225\264"
 111      86501AA1 
 111      3D2587F6 
 111      44A195B4 
 112 02e0 1760BCDA 		.ascii	"\027`\274\332\305\241\243`o\246&\202\206MG\237B\205"
ARM GAS  C:\Users\akudo\AppData\Local\Temp\ccs9T4sE.s 			page 8


 112      C5A1A360 
 112      6FA62682 
 112      864D479F 
 112      4285
 113 02f2 F4A2E528 		.ascii	"\364\242\345(\004\243\037\306\031\030\247a\364\3018"
 113      04A31FC6 
 113      1918A761 
 113      F4C138
 114 0301 8B96D362 		.ascii	"\213\226\323b \0253<\346UaD\226q\322Y\223*\205/\353"
 114      2015333C 
 114      E6556144 
 114      9671D259 
 114      932A852F 
 115 0316 DF5DB608 		.ascii	"\337]\266\010%\245\304\362\204>\007\007?\331Y\231%\016"
 115      25A5C4F2 
 115      843E0707 
 115      3FD95999 
 115      250E
 116 0328 7D068B3E 		.ascii	"}\006\213>\216\226&\361,\225\346\340l\377\317\204r\005"
 116      8E9626F1 
 116      2C95E6E0 
 116      6CFFCF84 
 116      7205
 117 033a 2D97E1D9 		.ascii	"-\227\341\331\212f\245\260\233)\357\366V\376Q\330\307"
 117      8A66A5B0 
 117      9B29EFF6 
 117      56FE51D8 
 117      C7
 118 034b EEF38387 		.ascii	"\356\363\203\207\316\251i\035=G{\220\257b\267Z\3600"
 118      CEA9691D 
 118      3D477B90 
 118      AF62B75A 
 118      F030
 119 035d DB68C74D 		.ascii	"\333h\307M\314S[&\355/'\256\267'\010\007\231\255fg\323"
 119      CC535B26 
 119      ED2F27AE 
 119      B7270807 
 119      99AD6667 
 120 0372 346B1176 		.ascii	"4k\021v\242\216u\335-V\013M\314\326|\342\350\004+\342"
 120      A28E75DD 
 120      2D560B4D 
 120      CCD67CE2 
 120      E8042BE2 
 121 0386 62AA7763 		.ascii	"b\252wc\034\342\205\0003z\316TT!j\254\243\372\373C\305"
 121      1CE28500 
 121      337ACE54 
 121      54216AAC 
 121      A3FAFB43 
 122 039b 894290D9 		.ascii	"\211B\220\331\372Jk\252\230\303 \325\217|\322Y\215\204"
 122      FA4A6BAA 
 122      98C320D5 
 122      8F7CD259 
 122      8D84
 123 03ad 1EC58226 		.ascii	"\036\305\202&\244eM(\241\344\316\336mJ\224\264\\\272"
 123      A4654D28 
 123      A1E4CEDE 
 123      6D4A94B4 
ARM GAS  C:\Users\akudo\AppData\Local\Temp\ccs9T4sE.s 			page 9


 123      5CBA
 124 03bf 1624F608 		.ascii	"\026$\366\010$\266\211n\341e1\253c\220\325\253\220\301"
 124      24B6896E 
 124      E16531AB 
 124      6390D5AB 
 124      90C1
 125 03d1 EB304661 		.ascii	"\3530Fa\334\204q\015\306\2670\256\300\270\001\343\033"
 125      DC84710D 
 125      C6B730AE 
 125      C0B801E3 
 125      1B
 126 03e2 31BB6E92 		.ascii	"1\273n\222\335\241\372W0\024\016I\360\227\220`\302\023"
 126      DDA1FA57 
 126      30140E49 
 126      F0979060 
 126      C213
 127 03f4 D9AEAF16 		.ascii	"\331\256\257\026\324\030v_\373\205\210\374Z\216\034"
 127      D418765F 
 127      FB8588FC 
 127      5A8E1C
 128 0403 9121EB24 		.ascii	"\221!\353$\34499\362\361\205\300V\0118(\007\236\227"
 128      E43939F2 
 128      F185C056 
 128      09382807 
 128      9E97
 129 0415 518624E4 		.ascii	"Q\206$\344\337\345\310\177\310\220>\0119 G\366,<`\330"
 129      DFE5C87F 
 129      C8903E09 
 129      392047F6 
 129      2C3C60D8 
 130 0429 DD2741BF 		.ascii	"\335'A\277\220C/\312\241\027%\350%9tX\016m\227\240\027"
 130      90432FCA 
 130      A11725E8 
 130      25397458 
 130      0E6D97A0 
 131 043e E4D0A179 		.ascii	"\344\320\241yPZ\334\373\352\311I\272\034\343$\241\017"
 131      505ADCFB 
 131      EAC949BA 
 131      1CE324A1 
 131      0F
 132 044f 267DC7D4 		.ascii	"&}\307\324\302YZ\026\374\261\362\341\2128\331\261\222"
 132      C2595A16 
 132      FCB1F2E1 
 132      8A38D9B1 
 132      92
 133 0460 761F8DC3 		.ascii	"v\037\215\303\246\3777\005@#\270\007\307\353\026,\376"
 133      A6FF3705 
 133      4023B807 
 133      C7EB162C 
 133      FE
 134 0471 67F4785D 		.ascii	"g\364x]\236w\274&\246\303%\361I\242[\367\217\271\345"
 134      9E77BC26 
 134      A6C325F1 
 134      49A25BF7 
 134      8FB9E5
 135 0484 FE639F40 		.ascii	"\376c\237@ya\364J\215 \014\261z\357\231\031\253V,\273"
 135      7961F44A 
ARM GAS  C:\Users\akudo\AppData\Local\Temp\ccs9T4sE.s 			page 10


 135      8D200CB1 
 135      7AEF9919 
 135      AB562CBB 
 136 0498 A1D887E3 		.ascii	"\241\330\207\343\330{\310\201\302\301D\372\274\304\003"
 136      D87BC881 
 136      C2C144FA 
 136      BCC403
 137 04a7 05833C99 		.ascii	"\005\203<\231\0329{\371b\002{\204^\230\243\217P\264"
 137      1A397BF9 
 137      62027B84 
 137      5E98A38F 
 137      50B4
 138 04b9 3774AF97 		.ascii	"7t\257\227M\015\340\"L_v\336\2731\325\034'>h\0052\361"
 138      4D0DE022 
 138      4C5F76DE 
 138      BB31D51C 
 138      273E6805 
 139 04cf 4D63FE69 		.ascii	"Mc\376i\2011\341\241\006%\231:\337|\262R#\222?A&\346"
 139      8131E1A1 
 139      0625993A 
 139      DF7CB252 
 139      23923F41 
 140 04e5 066BEB12 		.ascii	"\006k\353\022\322\232q\261\3739\272a\244!M\302\377#"
 140      D29A71B1 
 140      FB39BA61 
 140      A4214DC2 
 140      FF23
 141 04f7 4D893C23 		.ascii	"M\211<#Ic\272\003\2224\247\273 I\203\372\036$iRS \241"
 141      4963BA03 
 141      9234A7BB 
 141      204983FA 
 141      1E246952 
 142 050e 51A169FA 		.ascii	"Q\241i\372\360En\177\373Y\366\334\307\235\364e\254("
 142      F0456E7F 
 142      FB59F6DC 
 142      C79DF465 
 142      AC28
 143 0520 3056A7A5 		.ascii	"0V\247\245\023A\032\340g'\217t.\242\372\256\222n\026"
 143      13411AE0 
 143      67278F74 
 143      2EA2FAAE 
 143      926E16
 144 0533 CFECA8C7 		.ascii	"\317\354\250\307\263H\014\021\323EM\265\037\265\260"
 144      B3480C11 
 144      D3454DB5 
 144      1FB5B0
 145 0542 D785D534 		.ascii	"\327\205\3254U}\201\243\211\262\370\356\213\361\315"
 145      557D81A3 
 145      89B2F8EE 
 145      8BF1CD
 146 0551 88F105C4 		.ascii	"\210\361\005\304\370fe\361\315\211\361\205Y|S\225-7"
 146      F86665F1 
 146      CD89F185 
 146      597C5395 
 146      2D37
 147 0563 5962F371 		.ascii	"Yb\363q\301\203d\246\362\\\353]\226\261\201\206w?\244"
 147      C18364A6 
ARM GAS  C:\Users\akudo\AppData\Local\Temp\ccs9T4sE.s 			page 11


 147      F25CEB5D 
 147      96B18186 
 147      773FA4
 148 0576 014D774D 		.ascii	"\001MwM\177\314K\001a\025\231\272X\3221\303P\270l\011"
 148      7FCC4B01 
 148      611599BA 
 148      58D231C3 
 148      50B86C09 
 149 058a 7D40CF0D 		.ascii	"}@\317\015\324\010\262\230\362\371\2059\223b*\340\027"
 149      D408B298 
 149      F2F98539 
 149      93622AE0 
 149      17
 150 059b C654C8B3 		.ascii	"\306T\310\263\230\212x\032\323\376\333\367B,E\360\302"
 150      988A781A 
 150      D3FEDBF7 
 150      422C45F0 
 150      C2
 151 05ac 524723F8 		.ascii	"RG#\370*xf\022\321\251A7\333\376/[\334\223*\266\261"
 151      2A786612 
 151      D1A94137 
 151      DBFE2F5B 
 151      DC932AB6 
 152 05c1 CB68D2A6 		.ascii	"\313h\322\246\347\252\3242\377o\375\210\377\267E\377"
 152      E7AAD432 
 152      FF6FFD88 
 152      FFB745FF 
 153 05d1 C53CF3DF 		.ascii	"\305<\363\337*\346\244\225\345dG\377{W42\2520\212M\325"
 153      2AE6A495 
 153      E56447FF 
 153      7B573432 
 153      AA308A4D 
 154 05e6 2A4BAF8C 		.ascii	"*K\257\214\252\261\272\367\230|\247Z\377O\025\223\252"
 154      AAB1BAF7 
 154      987CA75A 
 154      FF4F1593 
 154      AA
 155 05f7 60F63866 		.ascii	"`\3668fT!\204n\003\027i\036\367P\032m \230O\243Md\033"
 155      5421846E 
 155      0317691E 
 155      F7501A6D 
 155      20984FA3 
 156 060e 48D248B6 		.ascii	"H\322H\266\203$\315\244\004$i(\245 IS)\003I\032\313"
 156      8324CDA4 
 156      04246928 
 156      A5204953 
 156      2903491A 
 157 0623 0E90D05C 		.ascii	"\016\220\320\\\320N>\215\036\240\211\267\017\360\217"
 157      D04E3E8D 
 157      1EA089B7 
 157      0FF08F
 158 0632 7D80FDEE 		.ascii	"}\200\375\356\361\306\011\017\312'\337(\230|bPG\023"
 158      F1C6090F 
 158      CA27DF28 
 158      987C6250 
 158      4713
 159 0644 ACC9CD7B 		.ascii	"\254\311\315{p\222\231\357\3202\016\225\303zT\301?F"
ARM GAS  C:\Users\akudo\AppData\Local\Temp\ccs9T4sE.s 			page 12


 159      709299EF 
 159      D0320E95 
 159      C37A54C1 
 159      3F46
 160 0656 6A704FB0 		.ascii	"jpO\260D\241-\211\276E\323/\213\350\227S%\257\245\237"
 160      44A12D89 
 160      BE45D32F 
 160      8BE89753 
 160      25AFA59F 
 161 066a 15446A0D 		.ascii	"\025Dj\015\006\263\321a\335j\260\344Z\\\252\365\257"
 161      06B3D161 
 161      DD6AB0E4 
 161      5A5CAAF5 
 161      AF
 162 067b FC36399D 		.ascii	"\37469\235[\227\376\202.}\213e\223e\243+\317d\261\351"
 162      5B97FE82 
 162      2E7D8B65 
 162      9365A32B 
 162      CF64B1E9 
 163 068f B2C8BDCD 		.ascii	"\262\310\275\315\271\"m\205\316\346\324m1Zu\233lF\207"
 163      B9226D85 
 163      CEE6D46D 
 163      315A759B 
 163      6C4687
 164 06a2 C9A9DBF8 		.ascii	"\311\251\333\370\232a\343k\277^\265\362\245g\014k36"
 164      9A61E36B 
 164      BF5EB5F2 
 164      A5670C6B 
 164      3336
 165 06b4 A6BFFABB 		.ascii	"\246\277\372\273u\277\371\003\263\245fq\361\364&\003"
 165      75BFF903 
 165      B3A56671 
 165      F1F42603 
 166 06c4 68173B5D 		.ascii	"h\027;]9\253V\032\262\254\266\254?Q?k\376\255\003\273"
 166      39AB561A 
 166      B2ACB6AC 
 166      3F513F6B 
 166      FEAD03BB 
 167 06d8 CDE122FC 		.ascii	"\315\341\"\374@\256\023]\274\371&\261\030\254VS\352"
 167      40AE135D 
 167      BCF926B1 
 167      18AC5653 
 167      EA
 168 06e9 16EE2146 		.ascii	"\026\356!F\271\331n\261\031\234fW\236\335\340\212\313"
 168      B9D96EB1 
 168      199C6657 
 168      9EDDE08A 
 168      CB
 169 06fa B3E4BA60 		.ascii	"\263\344\272`\316\2451\030\244\333\354\254\027\364\224"
 169      CEA53118 
 169      A4DBECAC 
 169      17F494
 170 0709 DC491DE9 		.ascii	"\334I\035\351]6\233\325\251\337\234\233\227L\357\222"
 170      5D369BD5 
 170      A9DF9C9B 
 170      974CEF92 
 171 0719 8D8E9C64 		.ascii	"\215\216\234ds\316&\263\311d6\351\237I}>y\345\323+\236"
ARM GAS  C:\Users\akudo\AppData\Local\Temp\ccs9T4sE.s 			page 13


 171      73CE26B3 
 171      C96436E9 
 171      9F497D3E 
 171      79E5D32B 
 172 072e 7D63951E 		.ascii	"}c\225\036\346\237\312\265\345\232\2372\0337Y\364\226"
 172      E69FCAB5 
 172      E59A9F32 
 172      1B3759F4 
 172      96
 173 073f DC2C6B9E 		.ascii	"\334,k\236\311\254\3171\002W\256Yo0\231\263\215yV\227"
 173      C9ACCF31 
 173      0257AE59 
 173      6F3099B3 
 173      8D795697 
 174 0753 C1B5D56E 		.ascii	"\301\265\325nvB4\257\377O\3358\267:\365\006\247\313"
 174      764234AF 
 174      FF4FDD38 
 174      B73AF506 
 174      A7CB
 175 0765 04FF01B8 		.ascii	"\004\377\001\270\22596\223\331\241\262\021_\016\265"
 175      95393693 
 175      D9A1B211 
 175      5F0EB5
 176 0774 CD69379B 		.ascii	"\315i7\233M\016\245=\317nr\0106\223Ca\314vX\311\317"
 176      4D0EA53D 
 176      CF6E7208 
 176      36934361 
 176      CC7658C9 
 177 0789 96177F52 		.ascii	"\226\027\177RR7lX\253[\237\231\361\352\237W\352\354"
 177      52376C58 
 177      AB5B9F99 
 177      F1EA9F57 
 177      EAEC
 178 079b 91ACAA32 		.ascii	"\221\254\2522\327\2545\272\214\252\314\027\231Hgb-\023"
 178      D7AC35BA 
 178      8CAACC17 
 178      99486762 
 178      2D13
 179 07ad EB987889 		.ascii	"\353\230x\211\211\365L\274\314D\006\021\361\231k6\244"
 179      89F54CBC 
 179      CC440611 
 179      F1996B36 
 179      A4
 180 07be DB72B32D 		.ascii	"\333r\263-\233\037\"\234R\226\262\350\324\322T\207\315"
 180      9B1F229C 
 180      5296B2E8 
 180      D4D25487 
 180      CD
 181 07cf 04       		.ascii	"\004"
 182 07d0 A0D41F9A 		.ascii	"\240\324\037\232\376\005^\303\350w"
 182      FE055EC3 
 182      E877
 183              		.text
 184              		.section	.gnu.lto_.symtab.cfc17d5b,"",%progbits
 185 0000 5F5F6561 		.ascii	"__early_init\000\000\000\000\000\000\000\000\000\000"
 185      726C795F 
 185      696E6974 
ARM GAS  C:\Users\akudo\AppData\Local\Temp\ccs9T4sE.s 			page 14


 185      00000000 
 185      00000000 
 186 0016 0000AC00 		.ascii	"\000\000\254\000\000\000boardInit\000\000\000\000\000"
 186      0000626F 
 186      61726449 
 186      6E697400 
 186      00000000 
 187 002a 00000000 		.ascii	"\000\000\000\000\000\000\000\256\000\000\000pal_def"
 187      000000AE 
 187      00000070 
 187      616C5F64 
 187      6566
 188 003c 61756C74 		.ascii	"ault_config\000\000\000\000\000\000\000\000\000\000"
 188      5F636F6E 
 188      66696700 
 188      00000000 
 188      00000000 
 189 0051 00001001 		.ascii	"\000\000\020\001\000\000stm32_clock_init\000\000\002"
 189      00007374 
 189      6D33325F 
 189      636C6F63 
 189      6B5F696E 
 190 006a 00000000 		.ascii	"\000\000\000\000\000\000\000\000\000\260\000\000\000"
 190      00000000 
 190      00B00000 
 190      00
 191              		.text
 192              		.section	.gnu.lto_.opts,"",%progbits
 193 0000 272D666E 		.ascii	"'-fno-trapv' '-mcpu=cortex-m4' '-mno-thumb-interwor"
 193      6F2D7472 
 193      61707627 
 193      20272D6D 
 193      6370753D 
 194 0033 6B272027 		.ascii	"k' '-mthumb' '-ggdb' '-O2' '-fomit-frame-pointer' '"
 194      2D6D7468 
 194      756D6227 
 194      20272D67 
 194      67646227 
 195 0066 2D66616C 		.ascii	"-falign-functions=16' '-ffunction-sections' '-fdata"
 195      69676E2D 
 195      66756E63 
 195      74696F6E 
 195      733D3136 
 196 0099 2D736563 		.ascii	"-sections' '-fno-common' '-flto'\000"
 196      74696F6E 
 196      73272027 
 196      2D666E6F 
 196      2D636F6D 
 197              		.text
 198              		.comm	__gnu_lto_v1,1,1
 199              		.comm	__gnu_lto_slim,1,1
 200              		.ident	"GCC: (GNU Tools for ARM Embedded Processors) 4.9.3 20150529 (release) [ARM/embedded-4_9-br
ARM GAS  C:\Users\akudo\AppData\Local\Temp\ccs9T4sE.s 			page 15


DEFINED SYMBOLS
                            *ABS*:00000000 board.c
                            *COM*:00000001 __gnu_lto_v1
                            *COM*:00000001 __gnu_lto_slim

NO UNDEFINED SYMBOLS
