ARM GAS  C:\Users\akudo\AppData\Local\Temp\cc3kIF1t.s 			page 1


   1              		.syntax unified
   2              		.cpu cortex-m4
   3              		.fpu softvfp
   4              		.eabi_attribute 20, 1
   5              		.eabi_attribute 21, 1
   6              		.eabi_attribute 23, 3
   7              		.eabi_attribute 24, 1
   8              		.eabi_attribute 25, 1
   9              		.eabi_attribute 26, 1
  10              		.eabi_attribute 30, 2
  11              		.eabi_attribute 34, 1
  12              		.eabi_attribute 18, 4
  13              		.thumb
  14              		.file	"chcore_v7m.c"
  15              		.text
  16              	.Ltext0:
  17              		.section	.gnu.lto_.profile.cfc176e9,"",%progbits
  18 0000 789C6366 		.ascii	"x\234cf```a\200\000F\006C\031\000\000\362\000V"
  18      60606061 
  18      80004606 
  18      43190000 
  18      F20056
  19              		.text
  20              		.section	.gnu.lto_.jmpfuncs.cfc176e9,"",%progbits
  21 0000 789C6366 		.ascii	"x\234cf\300\016x\24143\214`\001b\000\002\024\000\033"
  21      C00E78A1 
  21      34338C60 
  21      01620002 
  21      14001B
  22              		.text
  23              		.section	.gnu.lto_.inline.cfc176e9,"",%progbits
  24 0000 789C6366 		.ascii	"x\234cf\300\016\334\24043\003\003\277\030#\003\223\310"
  24      C00EDCA0 
  24      34330303 
  24      BF182303 
  24      93C8
  25 0012 851E4606 		.ascii	"\205\036F\006\266\005\362L A&n\260\014\0277P\202gN$"
  25      B605F24C 
  25      2041266E 
  25      B00C1737 
  25      5082674E 
  26 0027 5C9C910B 		.ascii	"\\\234\221\013H\2600pr\200\304\037\304\302\305\031\000"
  26      48B03070 
  26      7280C41F 
  26      C4C2C519 
  26      00
  27 0038 005306D0 		.ascii	"\000S\006\320"
  28              		.text
  29              		.section	.gnu.lto_.pureconst.cfc176e9,"",%progbits
  30 0000 789C6366 		.ascii	"x\234cf```g\200\000f\006+f+\026+\000\002\350\000\303"
  30      60606067 
  30      80006606 
  30      2B662B16 
  30      2B0002E8 
  31              		.text
  32              		.section	.gnu.lto__port_irq_epilogue.part.0.cfc176e9,"",%progbits
  33 0000 789C9D54 		.ascii	"x\234\235T\355o\223U\024\277\347\336\347iK\333m\306"
ARM GAS  C:\Users\akudo\AppData\Local\Temp\cc3kIF1t.s 			page 2


  33      ED6F9355 
  33      14BFE7DE 
  33      E7694BDB 
  33      6DC6
  34 0012 4F881FBA 		.ascii	"O\210\037\272d!\213\011\360\200&\230\020\027c\026M\374"
  34      64218B09 
  34      F0802698 
  34      10176316 
  34      4DFC
  35 0024 D048D63F 		.ascii	"\320H\326?\300\310C\015\015/m\332\216\354\013\341\351"
  35      C0C8430D 
  35      0D2F6DDA 
  35      8EEC0BE1 
  35      E9
  36 0035 0B74189C 		.ascii	"\013t\030\234s\010l1\363\015\211l\325\255\240\002\305"
  36      73086C31 
  36      F30D896C 
  36      D5ADA002 
  36      C5
  37 0046 C90A6C30 		.ascii	"\311\012l0\206T\011\331\030\014\267\272l\212\011\206"
  37      865409D9 
  37      180CB7BA 
  37      6C8A0986 
  38 0056 C214F648 		.ascii	"\302\024\366HF=\347\2660\207\21316\351}9\367\374\316"
  38      463DE7B6 
  38      30878B31 
  38      36E97D39 
  38      F7FCCE
  39 0069 39F7F73B 		.ascii	"9\367\367;\367\021\354\237\277\227\361\377\234\312X"
  39      F711EC9F 
  39      BF97F1FF 
  39      9CCA58
  40 0078 0FCE6065 		.ascii	"\017\316`e`i\316\342\302\002\\\316\234\213\306jf\330"
  40      6069CEE2 
  40      C2025CCE 
  40      9C8BC66A 
  40      66D8
  41 008a 151A9D02 		.ascii	"\025\032\235\002T\262Fl\312\303\205\012@\013\006l\273"
  41      54B2466C 
  41      CAC3850A 
  41      400B066C 
  41      BB
  42 009b 850B4585 		.ascii	"\205\013E\205\355\360+\277\315\2419\223luT\0374\014"
  42      EDF02BBF 
  42      CDA13993 
  42      6C75541F 
  42      340C
  43 00ad 23FF49EF 		.ascii	"#\377I\357\342\035\213M\316\3304/f\204\317\240\232\241"
  43      E21D8B4D 
  43      CED8342F 
  43      6684CFA0 
  43      9AA1
  44 00bf CFEDF8EC 		.ascii	"\317\355\370\354\025\207%\216>O\024\317\340\020\346"
  44      1587258E 
  44      3E4F14CF 
  44      E010E6
  45 00ce 654CE059 		.ascii	"eL\340Y\307\365?2\345\242\006\310/\335\365\373E\307"
ARM GAS  C:\Users\akudo\AppData\Local\Temp\cc3kIF1t.s 			page 3


  45      C7F53F32 
  45      E5A206C8 
  45      2FDDF5FB 
  45      45C7
  46 00e0 0D6E72A8 		.ascii	"\015nr\250\244\355\211\226\201V\013m\271B\333\237\356"
  46      A4ED8996 
  46      81560B6D 
  46      B942DB9F 
  46      EE
  47 00f1 DCFA0DAA 		.ascii	"\334\372\015\252>6\214h~w\354\330\306\226\230\361is"
  47      3E368C68 
  47      7E77ECD8 
  47      C69698F1 
  47      6973
  48 0103 345F78D1 		.ascii	"4_x\321er\001\035 02t\302\022H\302\222\322\215\341s"
  48      6572011D 
  48      20303274 
  48      C21248C2 
  48      92D28DE1 
  49 0118 A842E0CF 		.ascii	"\250B\340\317\311\367\022*\001\337\302\022G\234;\006"
  49      C9F7122A 
  49      01DFC212 
  49      479C3B06 
  50 0128 8C78AE50 		.ascii	"\214x\256P \030[\000\363\205\304\354\033\272h\023Q\220"
  50      20185B00 
  50      F385C4EC 
  50      1BBA6813 
  50      5190
  51 013a 65BD7D65 		.ascii	"e\275}e\"W!\023\347\036\034\310:\215Gx\005\272\026L"
  51      22572113 
  51      E71E1CC8 
  51      3A8D4778 
  51      05BA164C 
  52 014e DB0D55DD 		.ascii	"\333\015U\335O\032F\241\360Kv\251\023d\031\\Z\205\034"
  52      4F1A46A1 
  52      F04B76A9 
  52      1364195C 
  52      5A851C
  53 0161 15667255 		.ascii	"\025frU\305\301\302\330$\322A\274N\342\006g1\305\271"
  53      C5C1C2D8 
  53      24D241BC 
  53      4EE20667 
  53      31C5B9
  54 0174 9C472132 		.ascii	"\234G!2\321\266\363\326\352\371\354\021Z\222\307\346"
  54      D1B6F3D6 
  54      EAF9EC11 
  54      5A92C7E6 
  55 0184 D39AEB3F 		.ascii	"\323\232\353?pIa\220\002\3134\207\307\030\247\354\014"
  55      70496190 
  55      02CB3487 
  55      C718A7EC 
  55      0C
  56 0195 0E13068E 		.ascii	"\016\023\006\216\340\210\274'\000]\366\364\274\323["
  56      E088BC27 
  56      005DF6F4 
  56      BCD35B
  57 01a4 E1DA0BED 		.ascii	"\341\332\013\355Fk\245\311\255\204\2729s\271\317\252"
ARM GAS  C:\Users\akudo\AppData\Local\Temp\cc3kIF1t.s 			page 4


  57      466BA5C9 
  57      AD84BA39 
  57      73B9CFAA 
  58 01b4 6045F025 		.ascii	"`E\360%\270d\212\017S\206\351@\013|\005\312=\014\315"
  58      B8648A0F 
  58      5386E940 
  58      0B7C05CA 
  58      3D0CCD
  59 01c7 E06B50D8 		.ascii	"\340kP\3300DsT\034\305\243\360tr\015\242#\211\375M\375"
  59      30447354 
  59      1CC5A3F0 
  59      74720DA2 
  59      2389FD4D 
  60 01dc 16AAE21E 		.ascii	"\026\252\342\036\347d\033\006N;\252\032-\350\022k\335"
  60      E7641B06 
  60      4E3BAA1A 
  60      2DE8126B 
  60      DD
  61 01ed 39DCF16C 		.ascii	"9\334\361l\321C\240\0113\334\33050\263H\212\214\234"
  61      D143A009 
  61      33DCD835 
  61      30B3488A 
  61      8C9C
  62 01ff 162A181C 		.ascii	"\026*\030\034E\036\347\001\005\305\316\347\263Q\225"
  62      451EE701 
  62      05C5CEE7 
  62      B35195
  63 020e 6C08B936 		.ascii	"l\010\2716\222\236\265\022D)B\250\213\272\337M\211v"
  63      929EB512 
  63      442942A8 
  63      8BBADF4D 
  63      8976
  64 0220 783F6218 		.ascii	"x?b\0306\223\33304\034#=\350\012C\373f\313\226'\221"
  64      3693DB30 
  64      341C233D 
  64      E80A43FB 
  64      66CB9627 
  65 0235 8ACC5326 		.ascii	"\212\314S&_\004\307\241\035\356\310\006\2054,G\207\226"
  65      5F04C7A1 
  65      1DEEC806 
  65      85342C47 
  65      8796
  66 0247 F4D5DD76 		.ascii	"\364\325\335v\012gG\037\033\203\023\010\304\214c\211"
  66      0A67471F 
  66      1B831308 
  66      C48C6389 
  67 0257 B14E7BB1 		.ascii	"\261N{\261T\205\212(\325\204\200\246s\221AE\264\025"
  67      54858A28 
  67      D58480A6 
  67      73914145 
  67      B415
  68 0269 9BE3C7EF 		.ascii	"\233\343\307\357\342\276bo\374y\306\233\211\177d<(\024"
  68      E2BE626F 
  68      FC79C69B 
  68      897F643C 
  68      2814
  69 027b 803AF29B 		.ascii	"\200:\362\233\005[\243\207n\244\260Q\210N\264\235\235"
ARM GAS  C:\Users\akudo\AppData\Local\Temp\cc3kIF1t.s 			page 5


  69      055BA387 
  69      6EA4B051 
  69      884EB49D 
  69      9D
  70 028c 9D2F6F6E 		.ascii	"\235/on\252\363\031r(\011\311\037\177:\360\255\024\361"
  70      AAF31972 
  70      2809C91F 
  70      7F3AF0AD 
  70      14F1
  71 029e 24BD1D60 		.ascii	"$\275\035`\207H\304\361\2333{\204\353hID\007!\366\216"
  71      8748C4F1 
  71      9B337B84 
  71      EB684944 
  71      0721F68E 
  72 02b2 DE8FD8A5 		.ascii	"\336\217\330\245\210\275\017E\374!\265K%\0213$\242\202"
  72      88BD0F45 
  72      FC21B54B 
  72      25113324 
  72      A282
  73 02c4 27A74041 		.ascii	"'\247@A{\366p\337\021\253+\375\367\016\310\245\016\366"
  73      7BF670DF 
  73      11AB2BFD 
  73      F70EC8A5 
  73      0EF6
  74 02d6 83049F26 		.ascii	"\203\004\237&0\234A\265\257C,3>\350,R\241\242\323\007"
  74      309C41B5 
  74      AF432C33 
  74      3EE82C52 
  74      A1A2D307 
  75 02ea 979BBAF8 		.ascii	"\227\233\272\370\266\373F#q\355\234Fn\030\364\3016l"
  75      B6FB4623 
  75      71ED9C46 
  75      6E18F4C1 
  75      366C
  76 02fc E8323604 		.ascii	"\35026\004\361\253\261us\276\343\223\337_\262\021\271"
  76      F1ABB175 
  76      73BEE393 
  76      DF5FB211 
  76      B9
  77 030d 54797F89 		.ascii	"Ty\177\211\207)\2044V\013$\371n\"\233\\[\242\365\277"
  77      87298434 
  77      560B24F9 
  77      6E229B5C 
  77      5BA2F5BF 
  78 0321 69F83469 		.ascii	"i\3704ixVj\010D\3509\251\341\\I\231\027L^>-o9\2005Q"
  78      78566A08 
  78      44E839A9 
  78      E15C4999 
  78      174C5E3E 
  79 033b 32E551B2 		.ascii	"2\345Q\262\273\377'\331\371\271d\203\013'\303\217*\\"
  79      BBFF27D9 
  79      F9B96483 
  79      0B27C38F 
  79      2A5C
  80 034d 282553E5 		.ascii	"(%S\345\363\035\203Hf\377\005\3310t\341I\204\243\031"
  80      F31D8348 
  80      66FF05D9 
ARM GAS  C:\Users\akudo\AppData\Local\Temp\cc3kIF1t.s 			page 6


  80      3074E149 
  80      84A319
  81 0360 795D53BB 		.ascii	"y]S\273F\253\335\340[\347\363\204\353\327\373\374\232"
  81      46ABDDE0 
  81      5BE7F384 
  81      EBD7FBFC 
  81      9A
  82 0371 4E6B7F68 		.ascii	"Nk\177h\325\352U\232?\244\005\303Z\300\037\014\207\264"
  82      D5EA559A 
  82      3FA405C3 
  82      5AC01F0C 
  82      87B4
  83 0383 97EADCB5 		.ascii	"\227\352\334\265\356\006<\325\375A\357\353[\237\337"
  83      EE063CD5 
  83      FD41EFEB 
  83      5B9FDF
  84 0392 BC426796 		.ascii	"\274Bg\226\2407T\277)\\\363\257\021\274\015a\255\326"
  84      A03754BF 
  84      295CF3AF 
  84      11BC0D61 
  84      ADD6
  85 03a4 ED79D5A3 		.ascii	"\355y\325\243\371\266\350\233\352\327{5\031A\337\374"
  85      F9B6E89B 
  85      EAD77B35 
  85      1941DFFC 
  86 03b4 4AFD167D 		.ascii	"J\375\026}\305\006\246\350\341\206@\231\273\316S\271"
  86      C506A6E8 
  86      E1864099 
  86      BBCE53B9 
  87 03c4 74E5B2CA 		.ascii	"t\345\262\312@(`g\242&\310\312\303\376\300ko\256\015"
  87      40286067 
  87      A226C8CA 
  87      C3FEC06B 
  87      6FAE0D
  88 03d7 FA754FF8 		.ascii	"\372uO\370\015}c\231\333SG\207\313\320\313\316x\220"
  88      0D7D6399 
  88      DB534787 
  88      CBD0CBCE 
  88      7890
  89 03e9 895080FD 		.ascii	"\211P\200\375\005R\223\021:"
  89      05529311 
  89      3A
  90              		.text
  91              		.section	.gnu.lto__port_irq_epilogue.cfc176e9,"",%progbits
  92 0000 789C9D53 		.ascii	"x\234\235S\357K\223Q\024\276\347\276\357\346\234\243"
  92      EF4B9351 
  92      14BEE7BE 
  92      EFE69CA3 
  93 0010 A40F117E 		.ascii	"\244\017\021~h\203\210(\2627\277(D\021!\004}\360K\376"
  93      68838828 
  93      B237BF28 
  93      44112104 
  93      7DF04BFE 
  94 0024 01616BE0 		.ascii	"\001ak\340@\235\314)\366!\274s\313\202R\302\312\254"
  94      409DCC29 
  94      F621BC73 
  94      CB8252C2 
ARM GAS  C:\Users\akudo\AppData\Local\Temp\cc3kIF1t.s 			page 7


  94      CAAC
  95 0036 30B3ECA7 		.ascii	"0\263\354\247\245\251e9-\355\227\211\244\031i\366Cr"
  95      A5A96539 
  95      2DED9789 
  95      A41969F6 
  95      4372
  96 0048 5A4A9141 		.ascii	"ZJ\221A9+G\324:\347nE3\213h\260\367\336\367>\347\234"
  96      392B47D4 
  96      3AE76E45 
  96      338B68B0 
  96      F7DEF73E 
  97 005e E7DCE73C 		.ascii	"\347\334\347<\257\302~\377\255\305\377\012\225\261a"
  97      AFC27EFF 
  97      ADC5FF0A 
  97      95B161
  98 006d 5C41CF80 		.ascii	"\\A\317\200\357\353c\314m\340\\\031X\310\204QmOa\302"
  98      EFEB63CC 
  98      6DE05C19 
  98      58C88451 
  98      6D4F61C2 
  99 0081 A4808E8E 		.ascii	"\244\200\216\216A\015\257n\203\016\2006\014X\021WT\035"
  99      410DAF6E 
  99      830E8036 
  99      0C581157 
  99      541D
 100 0093 14C11BFE 		.ascii	"\024\301\033\376\201\303\276\316\272\312\270e\247\204"
 100      81C3BECE 
 100      BACAB865 
 100      A784
 101 00a1 10EF4F74 		.ascii	"\020\357Ot,\332\271(\310\031\013\3600\021\234\201e\014"
 101      2CDAB928 
 101      C8190BF0 
 101      30119C81 
 101      650C
 102 00b3 633E78BF 		.ascii	"c>x\277\016\305\351\275\030\023\037\306\340,\350\001"
 102      0EC5E9BD 
 102      18131FC6 
 102      E02CE801 
 103 00c3 D786059D 		.ascii	"\327\206\005\235\"\024zY=\371T5(,\310A\245\007c\257"
 103      22147A59 
 103      3DF95435 
 103      282CC841 
 103      A50763AF 
 104 00d7 3088C8C6 		.ascii	"0\210\310\3069\247Uy\014\305\361T(P'\016(\312:\240}"
 104      39A75579 
 104      0CC5F154 
 104      2850270E 
 104      28CA3AA0 
 105 00ec 6BFD746F 		.ascii	"k\375to\334k\036\344\334B\257\276\362\356J=\275**\275"
 105      DC6B1EE4 
 105      DC42AFBE 
 105      F2EE4A3D 
 105      BD2A2ABD 
 106 0100 BE1DA839 		.ascii	"\276\035\2509e\\R#D\361\373=\236\011k\271G\324\3426"
 106      655C5223 
 106      44F1FB3D 
 106      9E096BB9 
ARM GAS  C:\Users\akudo\AppData\Local\Temp\cc3kIF1t.s 			page 8


 106      47D4E236 
 107 0114 B4DE1CE4 		.ascii	"\264\336\034\344*\234\003\005\333\200\363\220\000u\220"
 107      2A9C0305 
 107      DB80F390 
 107      007590
 108 0123 1051052E 		.ascii	"\020Q\005.\300\022L\034-\375\330\014TG\2650\270\210"
 108      C0124C1C 
 108      2DFDD80C 
 108      5447B530 
 108      B888
 109 0135 E873281E 		.ascii	"\350s(\036\373\272k\242R\037u\021\277\267H\336\"\300"
 109      FBBA6BA2 
 109      521F7511 
 109      BFB748DE 
 109      22C0
 110 0147 21FA86FE 		.ascii	"!\372\206\376\212\256\351\030\006\365\004\361h\250\263"
 110      8AAEE918 
 110      06F504F1 
 110      68A8B3
 111 0156 7F319130 		.ascii	"\1771\2210h P\231\255\014\\\302a0h$i\200\265\003\302"
 111      68205099 
 111      AD0C5CC2 
 111      61306824 
 111      6980B503 
 112 016b 239333FB 		.ascii	"#\2233\373\025s/T\211JK\220\353(\343\340\363/n\243\212"
 112      15732F54 
 112      894A4B90 
 112      EB28E3E0 
 112      F32F6EA3 
 113 0180 FA401398 		.ascii	"\372@\023\230\031\235\034\331y\350\260\011O\240\031"
 113      199D1CD9 
 113      79E8B009 
 113      4FA019
 114 018f 87451D33 		.ascii	"\207E\0353\270\014*\002=\273\216\177R\315\375\221l="
 114      B80C2A02 
 114      3DBB8E7F 
 114      52CDFD91 
 114      6C3D
 115 01a1 C5F64F76 		.ascii	"\305\366Ov\371be\366\025\312\206\026T\374\031\334ji"
 115      F96265F6 
 115      15CA8616 
 115      54FC19DC 
 115      6A69
 116 01b3 7D539D4C 		.ascii	"}S\235L\327\371\314\025\022o\252l\304H\032\304\210g"
 116      D7F9CC15 
 116      126FAA6C 
 116      C4481AC4 
 116      8867
 117 01c5 1E318F12 		.ascii	"\0361\217\022G^=xh\220G\222\263\261'\324c\252\202\243"
 117      475E3D78 
 117      68904792 
 117      B3B127D4 
 117      63AA82A3 
 118 01d9 10E406B8 		.ascii	"\020\344\006\270\212:^#^\004\312\002\335\243\261\211"
 118      8A3A5E23 
 118      5E04CA02 
 118      DDA3B189 
ARM GAS  C:\Users\akudo\AppData\Local\Temp\cc3kIF1t.s 			page 9


 119 01e9 75C28B48 		.ascii	"u\302\213H,\264B\025LI3\200\017\022\221\3113S2\300\303"
 119      2CB44215 
 119      4C493380 
 119      0F1291C9 
 119      335332C0 
 120 01fe 446A98CB 		.ascii	"Dj\230\313\357\273_-\013\003I\320\206e\006\301\373\324"
 120      EFBB5F2D 
 120      0B0349D0 
 120      866506C1 
 120      FBD4
 121 0210 931009C2 		.ascii	"\223\020\011\302\010\367\351\266\27512\002\313\264G"
 121      08F7E9B6 
 121      BD313202 
 121      CBB447
 122 021f E6358EFA 		.ascii	"\3465\216\372\015,T\206\301\023O\221D}\354QY=\337\361"
 122      0D2C5486 
 122      C1134F91 
 122      447DEC51 
 122      593DDFF1 
 123 0233 45EC1686 		.ascii	"E\354\026\206 7\0068:\034\256\303\016tT\234LPY{\312"
 123      20370638 
 123      3A1CAEC3 
 123      0E74549C 
 123      4C50597B 
 124 0248 4F2745F9 		.ascii	"O'E\371c\352\237\374qC\372\343\247\020T\276\343\317"
 124      63EA9FFC 
 124      7143FAE3 
 124      A71054BE 
 124      E3CF
 125 025a FEA86D86 		.ascii	"\376\250m\206\210At\263\015R\362\015\015\322I\220~\226"
 125      884174B3 
 125      0D52F20D 
 125      0DD24990 
 125      7E96
 126 026c 412ACCC4 		.ascii	"A*\314\304\302\340\346\334\006\271%\015r\373\027\203"
 126      C2E0E6DC 
 126      06B9250D 
 126      72FB1783 
 127 027c D4BEF3FB 		.ascii	"\324\276\363\373\364?f\337!g\177G\316~\366\240\357\342"
 127      F43F66DF 
 127      21677F47 
 127      CE7EF6A0 
 127      EFE2
 128 028e A049049D 		.ascii	"\240I\004\235\374\236^\200\333?\336\264\034\343*\006"
 128      FC9E5E80 
 128      DB3FDEB4 
 128      1CE32A06 
 129 029e 7B0DCA13 		.ascii	"{\015\312\023\220&.\035\032\363\317\227\232\370\277"
 129      90262E1D 
 129      1AF3CF97 
 129      9AF8BF
 130 02ad 9DEC3389 		.ascii	"\235\3543\211n\341\365\207B\250\210\011\272\346R$\272"
 130      6EE1F587 
 130      42A88809 
 130      BAE65224 
 130      BA
 131 02be 3DB8479D 		.ascii	"=\270G\235\237\225-v\323\223>c :\354bM\352\032-5\323"
ARM GAS  C:\Users\akudo\AppData\Local\Temp\cc3kIF1t.s 			page 10


 131      9F952D76 
 131      D3933E63 
 131      203AEC62 
 131      4DEA1A2D 
 132 02d4 BED59EEE 		.ascii	"\276\325\236\356\312\337fwhV\332;\362\222\222\2234G"
 132      CADF6677 
 132      6856DA3B 
 132      F2929293 
 132      3447
 133 02e6 9EE67469 		.ascii	"\236\346ti\271\016\247+O\333\2609-5\255\020Q\253\303"
 133      B90EA72B 
 133      4FDBB039 
 133      2D35AD10 
 133      51ABC3
 134 02f9 69DB5290 		.ascii	"i\333R\220\222\275\312\312t\005\031Y\371\266\377.\220"
 134      92BDCACA 
 134      74051959 
 134      F9B6FF2E 
 134      90
 135 030a C9D6FD35 		.ascii	"\311\326\3755\325V\350\322R\323\3227\245k\366\034kV"
 135      D556E8D2 
 135      52D3D237 
 135      A56BF61C 
 135      6B56
 136 031c FE369B26 		.ascii	"\3766\233&S\255\331\033\363s\254\230\035\237\226\276"
 136      53ADD91B 
 136      F373AC98 
 136      1D9F96BE 
 137 032c D9B23523 		.ascii	"\331\2625#\317\226\353\264\257\264,]\315\270\223\305"
 137      CF96EBB4 
 137      AFB42C5D 
 137      CDB893C5 
 138 033c 64DBB21D 		.ascii	"d\333\262\035\316\355L\265\272\012s\277\003Gf\301\333"
 138      CEED4CB5 
 138      BA0A73BF 
 138      034766C1 
 138      DB
 139              		.text
 140              		.section	.gnu.lto_SVC_Handler.cfc176e9,"",%progbits
 141 0000 789C9D93 		.ascii	"x\234\235\223\337k\023Y\024\307\317\271\367v\022[\255"
 141      DF6B1359 
 141      14C7CFB9 
 141      F776125B 
 141      AD
 142 0011 651F7CE8 		.ascii	"e\037|\350K\002E|\021G_\024\204\"nA\360!(\315\037\260"
 142      4B02457C 
 142      11475F14 
 142      84226E41 
 142      F02128CD 
 143 0027 D4316BA3 		.ascii	"\3241k\243\255\011\223D\352\223\223\264\333(\242\026"
 143      AD099344 
 143      EA9393B4 
 143      DB28A216 
 144 0037 5DBBA9B0 		.ascii	"]\273\251\260\354\012\026u\353\217j\375\325\372+j\255"
 144      EC0A1675 
 144      EB8F6AFD 
 144      D5FA2B6A 
ARM GAS  C:\Users\akudo\AppData\Local\Temp\cc3kIF1t.s 			page 11


 144      AD
 145 0048 F5B7E24F 		.ascii	"\365\267\342O\354\256\316\326Z\334\265bku5,6{\317\235"
 145      ECAECED6 
 145      5ADCB562 
 145      6B75352C 
 145      367BCF9D 
 146 005c 28A6965D 		.ascii	"(\246\226]\330@f\356\234\037\337s\316\347\336\313\341"
 146      D84066EE 
 146      9C1FDF73 
 146      CEE7DECB 
 146      E1
 147 006d CB5FA9FC 		.ascii	"\313_\251\374\307\004\3004\004@\016\310\232n\000\304"
 147      C704C034 
 147      04400EC8 
 147      9A6E00C4 
 148 007d DD0C9116 		.ascii	"\335\014\221\026\200\260\216\341:\374\203\2150lJ\267"
 148      80B08EE1 
 148      3AFC838D 
 148      306C4AB7 
 149 008d A58A66B4 		.ascii	"\245\212f\264Z\2265\334\1773\2764\215\031\0060\312\034"
 149      5A9635DC 
 149      7F33BE34 
 149      8D190630 
 149      CA1C
 150 009f 1DDC8D33 		.ascii	"\035\334\2153@\0065\337\273\356\346\345H\313\316\003"
 150      400635DF 
 150      BBEEE6E5 
 150      48CBCE03 
 151 00af 6FAE173D 		.ascii	"o\256\027=g\031\206^\372\354\332\332\233\322\350\223"
 151      6719865E 
 151      FAECDADA 
 151      9BD2E893 
 152 00bf 09FADCF4 		.ascii	"\011\372\334\364\240\337\236Z\266\323\262\022\366\372"
 152      A0DF9E5A 
 152      B6D3B212 
 152      F6FA
 153 00cd A757275B 		.ascii	"\247W'[\275V\203\235\315z2\214\343\036\344R\026\367"
 153      BD56839D 
 153      CD7A328C 
 153      E31EE452 
 153      16F7
 154 00df 6229FE82 		.ascii	"b)\376\202\245\271Fe\312H\303\207\007EZ\203l\240\004"
 154      A5B94665 
 154      CA48C387 
 154      07455A83 
 154      6CA004
 155 00f2 DBB0CCA9 		.ascii	"\333\260\314\251\215\373P\223\2753\262\310\230\275\277"
 155      8DFB5093 
 155      BD33B2C8 
 155      98BDBF
 156 0101 BE4D17F3 		.ascii	"\276M\027\363\257U\003\277\277~\365\022U\211\341\226"
 156      AF5503BF 
 156      BF7EF512 
 156      5589E196 
 157 0111 FAE3ABB6 		.ascii	"\372\343\253\266\326[\273\232\022\303\331\005\262\210"
 157      D65BBB9A 
 157      12C3D905 
ARM GAS  C:\Users\akudo\AppData\Local\Temp\cc3kIF1t.s 			page 12


 157      B288
 158 011f C0FD1315 		.ascii	"\300\375\023\025\301\003Xv\360\253\264\225\315\236\034"
 158      C1035876 
 158      F0ABB495 
 158      CD9E1C
 159 012e 4926F51D 		.ascii	"I&\365\035\314%C\2440WO\001\031V\240\251 \200\001Y\234"
 159      CC2543A4 
 159      30574F01 
 159      1956A0A9 
 159      20800159 
 160 0143 103D638C 		.ascii	"\020=c\214\336\274\017\343\375\035\215\257\346\346\365"
 160      DEBC0FE3 
 160      FD1D8DAF 
 160      E6E6F5
 161 0152 697F3798 		.ascii	"i\1777\230\026\252\305Q\206\343G \031<\210\232,\333"
 161      16AAC551 
 161      86E34720 
 161      193C889A 
 161      2CDB
 162 0164 2E9F7288 		.ascii	".\237r\210$\312\220m\247\266\234\235\352\331\216?Z)"
 162      24CA906D 
 162      A7B69C9D 
 162      EAD98E3F 
 162      5A29
 163 0176 6F866994 		.ascii	"o\206i\2245\364\376N\267K\310\202x\010=\012\305O\355"
 163      35F4FE4E 
 163      B74BC882 
 163      78083D0A 
 163      C54FED
 164 0189 56A6485A 		.ascii	"V\246HZ\3600\212w\214$:P\300}L\330\324\003\351\221<"
 164      F0308A77 
 164      8C243A50 
 164      C07D4CD8 
 164      D403E991 
 165 019e 791E61E2 		.ascii	"y\036a\342a\362\207T\275F]\274c\214l\367\221)lm\024"
 165      61F28754 
 165      BD465DBC 
 165      638C6CF7 
 165      91296C6D 
 166 01b3 C264487D 		.ascii	"\302dH}\252q\260\245\330\211\340\322\364\371\3561/\340"
 166      AA71B0A5 
 166      D889E0D2 
 166      F4F9EE31 
 166      2FE0
 167 01c5 1149282F 		.ascii	"\021I(/\211\223\356\343\344XKNV\220)\027!\2237_\212"
 167      8993EEE3 
 167      E4584B4E 
 167      56902917 
 167      2193375F 
 168 01da 5F11BC05 		.ascii	"_\021\274\005\325\314\277]k\010:\033=\266O\373\264\315"
 168      D5CCBF5D 
 168      6B083A1B 
 168      3DB64FFB 
 168      B4CD
 169 01ec 028F4EB8 		.ascii	"\002\217N\270\003\307H^@\037&\372;z>\214\3039\260\202"
 169      03C7485E 
 169      401F26FA 
ARM GAS  C:\Users\akudo\AppData\Local\Temp\cc3kIF1t.s 			page 13


 169      3B7A3E8C 
 169      C339B082 
 170 0200 FC39A06C 		.ascii	"\3749\240l\034P\300\343\012\346\011:\020\010{\010\346"
 170      1C50C0E3 
 170      0AE6093A 
 170      10087B08 
 170      E6
 171 0211 93A1F7DB 		.ascii	"\223\241\367\333\270\347X\016\246\2132\266\367\375\035"
 171      B8E7580E 
 171      A68B32B6 
 171      F7FD1D
 172 0220 2F54303B 		.ascii	"/T0;?\302\274\325\276\241\200`v\021Ly\031\360$\012i"
 172      3FC2BCD5 
 172      BEA18060 
 172      76114C79 
 172      19F0240A 
 173 0235 BF71A8FB 		.ascii	"\277q\250\373\260\313\323\371\371N\330\355\255\027Q"
 173      B0CBD3F9 
 173      F94ED8ED 
 173      AD1751
 174 0244 259FA264 		.ascii	"%\237\242d<\355P/!\337h\233\365=\347\247\235\241_\334"
 174      3CED502F 
 174      21DF689B 
 174      F53DE7A7 
 174      9DA15FDC 
 175 0258 DDD95AE8 		.ascii	"\335\331Z\350\234\275\215\311\327\006\235=\353\323\331"
 175      9CBD8DC9 
 175      D7069D3D 
 175      EBD3D9
 176 0267 3B33E1E4 		.ascii	";3\341\344g\325\001~2p\363\266\233\270S\037i\351U$\032"
 176      67D5017E 
 176      3270F3B6 
 176      9BB8531F 
 176      69E95524 
 177 027c 07535A3E 		.ascii	"\007SZ>\212\356\2259\014<\037\203\335\274y\314\005x"
 177      8AEE9539 
 177      0C3C1F83 
 177      DDBC79CC 
 177      0578
 178 028e 8E5C22DF 		.ascii	"\216\\\"\337\225n\366P\021\300\363\344,\370\002\337"
 178      956EF650 
 178      11C0F3E4 
 178      2CF802DF 
 179 029e 0585AFDB 		.ascii	"\005\205\257\333\3017\366\237\370.\346\360\355ziwi\204"
 179      C137F69F 
 179      F82EE6F0 
 179      ED7A6977 
 179      6984
 180 02b0 AF0785EA 		.ascii	"\257\007\205\352\030\360\222\342w%\371\363_\302\263"
 180      18F092E2 
 180      7725F9F3 
 180      5FC2B3
 181 02bf 8539D96E 		.ascii	"\2059\331n\212\2755\324\3235Ie\367*~\227%\277\307\030"
 181      8ABD35D4 
 181      D3354965 
 181      F72A7E97 
 181      25BFC718 
ARM GAS  C:\Users\akudo\AppData\Local\Temp\cc3kIF1t.s 			page 14


 182 02d3 B79FFDE9 		.ascii	"\267\237\375\351\246i\210\303\200\274)\362B\311\230"
 182      A66988C3 
 182      80BC29F2 
 182      42C998
 183 02e2 F915F3F5 		.ascii	"\371\025\363\365\212\352\340\262\240?\032[\036\014\351"
 183      8AEAE0B2 
 183      A03F1A5B 
 183      1E0CE9
 184 02f1 06AD4391 		.ascii	"\006\255C\2219s\347\350\241\210nF\365p\310\214F\364"
 184      3973E7E8 
 184      A1886E46 
 184      F570C88C 
 184      46F4
 185 0303 8595BE0A 		.ascii	"\205\225\276\012_\235\364\032!3\360\315\232y\265\263"
 185      5F9DF41A 
 185      2133F0CD 
 185      9A79B5B3 
 186 0313 0C1046B4 		.ascii	"\014\020F\264.\254\231\201H\254&Z\376\2572\201\272\250"
 186      2EAC9981 
 186      48AC265A 
 186      FEAF3281 
 186      BAA8
 187 0325 5EE1F32F 		.ascii	"^\341\363/\366\353\301\325FMly@W2F\355\242\330jcV5L"
 187      F6EBC1D5 
 187      464D6C79 
 187      40573246 
 187      EDA2D86A 
 188 033d F155FABD 		.ascii	"\361U\372\275\323g\317\364\206#\341B\340\345&\024GC"
 188      D367CFF4 
 188      8623E142 
 188      E0E52614 
 188      4743
 189 034f E125DF2E 		.ascii	"\341%\337.5C\206?Ze\254\232\342\363W\222s\246\214*\004"
 189      3543863F 
 189      5A65AC9A 
 189      E2F35792 
 189      73A68C2A 
 190 0364 66028F84 		.ascii	"f\002\217\204\241`MUM,\360\277\007\250\206\022R]V\025"
 190      A1604D55 
 190      4D2CF0BF 
 190      07A88612 
 190      525D5615 
 191 0378 0984CD20 		.ascii	"\011\204\315 )\203\2536P\0332\327\302?mF\336\227"
 191      2983AB36 
 191      501B32D7 
 191      C23F6D46 
 191      DE97
 192              		.text
 193              		.section	.gnu.lto_.symbol_nodes.cfc176e9,"",%progbits
 194 0000 789C6366 		.ascii	"x\234cf``(a\200\002\246_\214\365\014\014\023\31610\324"
 194      60602861 
 194      8002A65F 
 194      8CF50C0C 
 194      13CE3130 
 195 0015 D733CE5D 		.ascii	"\3273\316]\304\301\300\370\205\261\236\021\"\300\320"
 195      C4C1C0F8 
 195      85B19E11 
ARM GAS  C:\Users\akudo\AppData\Local\Temp\cc3kIF1t.s 			page 15


 195      22C0D0
 196 0024 D001E47F 		.ascii	"\320\001\344\177e\254gB\3423}b\254g\206j`\230\267\000"
 196      65AC6742 
 196      E2337D62 
 196      AC67866A 
 196      6098B700 
 197 0038 28F091B1 		.ascii	"(\360\221\261\236\005Y\200\3613c=+LG\003\007\0033\003"
 197      9E055980 
 197      F133633D 
 197      2B4C4703 
 197      07033303 
 198 004c 2BC393B6 		.ascii	"+\303\223\2667\362\314\314\014\014\207V\2521\000\000"
 198      37F2CCCC 
 198      0C0C8756 
 198      AA310000 
 199 005c C6542104 		.ascii	"\306T!\004"
 200              		.text
 201              		.section	.gnu.lto_.refs.cfc176e9,"",%progbits
 202 0000 789C6366 		.ascii	"x\234cf``\340d\200\000&\006&F^&&>\006\000\001~\0001"
 202      6060E064 
 202      80002606 
 202      26465E26 
 202      263E0600 
 203              		.text
 204              		.section	.gnu.lto_.decls.cfc176e9,"",%progbits
 205 0000 789CBD58 		.ascii	"x\234\275XkPTG\026\236\276=\014\3140@J\023\223P[\265"
 205      6B505447 
 205      169EBE3D 
 205      0CCC3040 
 205      4A139350 
 206 0016 E80FCAA4 		.ascii	"\350\017\312\244\022Q\223\315fS\273\025\021u\245\266"
 206      125193CD 
 206      6653BB15 
 206      1175A5B6 
 207 0026 5CD92171 		.ascii	"\\\331!q\2676\324N\3100\021j\021pf\330\230\177\027\007"
 207      B736D44E 
 207      C830116A 
 207      117066D8 
 207      987F1707 
 208 003a 15511411 		.ascii	"\025Q\024\021\001\037\300((/y\203\242\" \276@P\361\005"
 208      011FC028 
 208      282F7983 
 208      A22220BE 
 208      4050F105 
 209 004e 1A040630 		.ascii	"\032\004\0060\202\202\212\006\037\250a\366t\367\275"
 209      82828A06 
 209      1FA861F6 
 209      74F7BD
 210 005d F372305B 		.ascii	"\363r0[[[{\253\316\235{n\177\375\235s\372\234\356\333"
 210      5B5B7BAB 
 210      CE9D7B6E 
 210      7FFD9D73 
 210      FA9CEEDB 
 211 0071 3D582291 		.ascii	"=X\"\221$!\211\304\002\327\331\031\022\311\035,\221"
 211      242189C4 
 211      02D7D919 
 211      12C91D2C 
ARM GAS  C:\Users\akudo\AppData\Local\Temp\cc3kIF1t.s 			page 16


 211      91
 212 0082 48E15D88 		.ascii	"H\341]\210\304v\311@\016\202\224\203T\202T\203\324\202"
 212      C476C940 
 212      0E829483 
 212      54825483 
 212      D482
 213 0094 1C97BC7A 		.ascii	"\034\227\274z\021\234\217\320\337\033D\011r\012\244"
 213      119C8FD0 
 213      DF1B4409 
 213      720AA4
 214 00a3 1F642648 		.ascii	"\037d&H\035\310\010H\037H\033\310r\220\373 \017@\216"
 214      1DC80848 
 214      1F481BC8 
 214      7290FB20 
 214      0F408E
 215 00b6 818C8170 		.ascii	"\201\214\201p = 7\354l?\006y.\330\024\375p\276\210_"
 215      203D2037 
 215      EC6C3F06 
 215      792ED814 
 215      FD70BE88 
 216 00cb 5E82ED99 		.ascii	"^\202\355\231N\366\211\015\013\310_!\326\025 n \177"
 216      4EF6890D 
 216      0BC85F21 
 216      D615206E 
 216      207F
 217 00dd 0329127C 		.ascii	"\003)\022|\203GI0\334\334\005\236\277\303s\030\210\032"
 217      83474930 
 217      DCDC059E 
 217      BFC37318 
 217      881A
 218 00ef 31FBE1F0 		.ascii	"1\373\341\360\253A\257\332$\343 w\212\267_\2609S\210"
 218      AB41AFDA 
 218      24E32077 
 218      8AB75FB0 
 218      395388
 219 0102 55B42D8E 		.ascii	"U\264-\216e\255]<\"\257\332\005\367C\016\035)\033?\357"
 219      65AD5D3C 
 219      22AFDA05 
 219      F7430E1D 
 219      291B3FEF 
 220 0116 39CC216F 		.ascii	"9\314!o\205\037Q\217\246\265d\311@U*\244D=\366b\340"
 220      851F518F 
 220      A6B564C9 
 220      40552AA4 
 220      443DF662 
 221 012b AAF4ED1D 		.ascii	"\252\364\355\035<\\\251F\376\015)\012\231\201\012\220"
 221      3C5CA946 
 221      FE0D290A 
 221      99810A90 
 222 013b 2F2A44BE 		.ascii	"/*D\276\020Q\021z\033\356_I\031SUE\342M9\346\020y\316"
 222      1051117A 
 222      1BEE5F49 
 222      19535545 
 222      E24D39E6 
 223 0152 CBEABFAA 		.ascii	"\313\352\277\252\370\240\030\272%\361Mfl3\267\177_E"
 223      F8A018BA 
 223      25F14D66 
ARM GAS  C:\Users\akudo\AppData\Local\Temp\cc3kIF1t.s 			page 17


 223      6C33B77F 
 223      5F45
 224 0164 3AF2CBE1 		.ascii	":\362\313\341\233*\306\332\3067\340\235\251\246\265"
 224      9B2AC6DA 
 224      C637E09D 
 224      A9A6B5
 225 0173 FCA4C582 		.ascii	"\374\244\305\202x\216\260\241b\204Q\011\372\200\200"
 225      788EB0A1 
 225      62845109 
 225      FA8080
 226 0182 C933ED85 		.ascii	"\3113\355\205\016\"\277_t\245\324\301\025S\305\201!"
 226      0E22BF5F 
 226      74A5D4C1 
 226      1553C581 
 226      21
 227 0193 0FFC0FEA 		.ascii	"\017\374\017\352\312\341\0135\217\211E3?6z\362\371\302"
 227      CAE10B35 
 227      8F894533 
 227      3F367AF2 
 227      F9C2
 228 01a5 6DC6D47C 		.ascii	"m\306\324|\336l\261\374\232\366Aev\006\313D\203\345"
 228      DE6CB1FC 
 228      9AF64165 
 228      7606CB44 
 228      83E5
 229 01b7 D460DBAE 		.ascii	"\324`\333\256\214\323\034.G,\240[\367z\225\224\3054"
 229      8CD31C2E 
 229      472CA05B 
 229      F77A9594 
 229      C534
 230 01c9 52B2DEAF 		.ascii	"R\262\336\257\205o\262X>\247\014\025v\014\025\"C%e("
 230      856FB258 
 230      3EA70C15 
 230      760C1522 
 230      43256528 
 231 01dd 18395A2C 		.ascii	"\0309Z,\307'\031\303\356\224\334\026/`0\011\221\363"
 231      C72719C3 
 231      EE94DC16 
 231      2F603009 
 231      91F3
 232 01ef 42E41C65 		.ascii	"B\344\034e\251\262c\251\022Y\252)K\322H\367]\005\356"
 232      A9B263A9 
 232      1259AA29 
 232      4BD248F7 
 232      5D05EE
 233 0202 642CE6F2 		.ascii	"d,\346\362\242\035\356\224\3054Y\305/H\344_Z,\2302\324"
 233      A21DEE94 
 233      C53459C5 
 233      2F48E45F 
 233      5A2C9832 
 234 0217 D831D488 		.ascii	"\3301\324\210\014\265\224!3\243m\217;\036\240\014\322"
 234      0CB59421 
 234      33A36D8F 
 234      3B1EA00C 
 234      D2
 235 0228 5B13BD4F 		.ascii	"[\023\275O\335\221\257\334\3377\213\367@uH.\331\300"
 235      DD91AFDC 
ARM GAS  C:\Users\akudo\AppData\Local\Temp\cc3kIF1t.s 			page 18


 235      DF378BF7 
 235      4075482E 
 235      D9C0
 236 023a F36BF9B1 		.ascii	"\363k\371\261\265\251o\254\226\240\017|\321{\276\022"
 236      B5A96FAC 
 236      96A00F7C 
 236      D17BBE12 
 237 024a 7404F9D3 		.ascii	"t\004\371\323&\011:\014C|\024\2068\237\346r\001y\213"
 237      26093A0C 
 237      437C1486 
 237      389FE672 
 237      01798B
 238 025d 0E2131A3 		.ascii	"\016!1\243\344\312\202\367\214\010L]i\332bq\263\317"
 238      E4CA82F7 
 238      8C084C5D 
 238      69DA6271 
 238      B3CF
 239 026f 12C1DBD2 		.ascii	"\022\301\333\322t\314!M\027\217\344\214y\342a\026YA"
 239      74CC214D 
 239      178FE48C 
 239      79E26116 
 239      5941
 240 0281 57778F0F 		.ascii	"Ww\217\017\313S\362\3062eV\025\337L\243C\210\364B\365"
 240      CB53F2C6 
 240      32655615 
 240      DF4CA343 
 240      88F442F5 
 241 0295 76E1D58B 		.ascii	"v\341\325\213\341\035\247\34156<;\243\3005\254\3626"
 241      E11DA7E1 
 241      35363C3B 
 241      A3C035AC 
 241      F236
 242 02a7 27995B15 		.ascii	"'\231[\025\3708S\022\016\034\333\354\016\325<SA\355"
 242      F8385312 
 242      0E1CDBEC 
 242      0ED53C53 
 242      41ED
 243 02b9 F5ED9EC8 		.ascii	"\365\355\236\310\227S\225,F>\360\212k\271\315\347y#"
 243      9753952C 
 243      463EF08A 
 243      6BB9CDE7 
 243      7923
 244 02cb 7F05096F 		.ascii	"\177\005\011o,\253d`\251\021b<\211\024\250\321j\217"
 244      2CAB6460 
 244      A911623C 
 244      8914A8D1 
 244      6A8F
 245 02dd F6265712 		.ascii	"\366&W\022\031'\210J\336\342-\261\306\204\232a\250f"
 245      1927884A 
 245      DEE22DB1 
 245      C6849A61 
 245      A866
 246 02ef 2A281635 		.ascii	"*(\0265\301\313\023\360\022\210O\277lHtC\012\177\327"
 246      C1CB13F0 
 246      12884FBF 
 246      6C487443 
 246      0A7FD7
ARM GAS  C:\Users\akudo\AppData\Local\Temp\cc3kIF1t.s 			page 19


 247 0302 9D4EBBE8 		.ascii	"\235N\273\350D]\350KI\233\301\363Rt\012\\h\260\271\000"
 247      445DE84B 
 247      499BC1F3 
 247      52740A5C 
 247      68B0B900 
 248 0316 1E311F48 		.ascii	"\0361\037H\003\231\014\355E\345\034\235\265<g?\213\225"
 248      03990CED 
 248      45E51C9D 
 248      B53C673F 
 248      8B95
 249 0328 6C1667E4 		.ascii	"l\026g\344<\357\222\341MR:\010\227\037\035\341\335q"
 249      3CEF92E1 
 249      4D523A08 
 249      971F1DE1 
 249      DD71
 250 033a 2655B894 		.ascii	"&U\270\224K}\223R\344\257\244\306Z*k\274syH^\033R\242"
 250      4B7D9352 
 250      E4AFA4C6 
 250      5A2A6BBC 
 250      7379485E 
 251 0351 569BB5E5 		.ascii	"V\233\265\345Jf,\331\346\273\375lC\347\300\373\345J"
 251      4A662CD9 
 251      E6BBFD6C 
 251      43E7C0FB 
 251      E54A
 252 0363 010D1672 		.ascii	"\001\015\026r\323\362\3138\334\305\314\215\325=\354"
 252      D3F2CB38 
 252      DCC5CC8D 
 252      D53DEC
 253 0372 F7C63F30 		.ascii	"\367\306?0\245\267\352\322i\037\334\303\224\374\035"
 253      A5B7EAD2 
 253      691FDCC3 
 253      94FC1D
 254 0381 1907DDA8 		.ascii	"\031\007\335\250\223\036t\275h\330\331\355\211\315\254"
 254      931E74BD 
 254      68D8D9ED 
 254      89CDAC
 255 0390 EDE7CB13 		.ascii	"\355\347\313\023\026/<\310\224\266\201g?))\360\015\242"
 255      162F3CC8 
 255      94B68167 
 255      3F2929F0 
 255      0DA2
 256 03a2 76EF1D7F 		.ascii	"v\357\035\177\342\215\207X\333\326\266\332f\017|\237"
 256      E28D8758 
 256      DBD6B6DA 
 256      660F7C9F 
 257 03b2 293B9FB6 		.ascii	");\237\266\237\361\241\300w\210\2325\332\236\202\361"
 257      9FF1A1C0 
 257      77889A35 
 257      DA9E82F1 
 258 03c2 43DAA698 		.ascii	"C\332\246\230\314\316\313\364@\263\330\345?}\226\011"
 258      CCCECBF4 
 258      40B3D8E5 
 258      3F7D9609 
 259 03d2 82191B1D 		.ascii	"\202\031\033\035|\024\234f\344\363\337\241!_\202\220"
 259      7C149C66 
 259      E4F3DFA1 
ARM GAS  C:\Users\akudo\AppData\Local\Temp\cc3kIF1t.s 			page 20


 259      215F8290 
 260 03e2 FBD0745B 		.ascii	"\373\320t[`\227i\221\276\0177\011\201\233Z\012d-s)\364"
 260      60976991 
 260      BE0F3709 
 260      819B5A0A 
 260      642D7329 
 261 03f7 BC337436 		.ascii	"\2743t6A\026 +\364\274\025z\325\031z\315\211\265\335"
 261      4116202B 
 261      F4BC157A 
 261      D5197ACD 
 261      89B5DD
 262 040a 0ABDE2DA 		.ascii	"\012\275\342\332\001;\332V+\366\2023\366\242\023m\243"
 262      013BDA56 
 262      2BF68233 
 262      F6A2136D 
 262      A3
 263 041b 15DAEED2 		.ascii	"\025\332\356\322Y\033\362\202\025\331\351\332W\346\000"
 263      591BF282 
 263      15D9E9DA 
 263      57E600
 264 042a A91173C3 		.ascii	"\251\021s\303\006\031\217\010F\"N?vm\243S\234\347\027"
 264      06198F08 
 264      46224E3F 
 264      766DA353 
 264      9CE717
 265 043d 1824E80C 		.ascii	"\030$\350\014\364>Kz\267\010t\200D\275P$7\321,t\035"
 265      F43E4B7A 
 265      B7087480 
 265      44BD5024 
 265      37D12C74 
 266 0452 A41BC40C 		.ascii	"\244\033\304\014\322\005\362\003\310\015\220\0364\213"
 266      D205F203 
 266      C80D901E 
 266      348B
 267 0460 12118FCC 		.ascii	"\022\021\217\314\347\012\316)y\301\247\016\327\2012"
 267      E70ACE29 
 267      79C1A70E 
 267      D78132
 268 046f 9F20CBB7 		.ascii	"\237 \313\267\373\2062dJ\373\332\264GKP?\242\345K~\001"
 268      FB863264 
 268      4AFBDAB4 
 268      474B503F 
 268      A2E54B7E 
 269 0484 DD5292FD 		.ascii	"\335R\222\3755~BKB:\270\247\342\220\017\362\367\365"
 269      357E424B 
 269      423AB8A7 
 269      E2900FF2 
 269      F7F5
 270 0496 5588ABD9 		.ascii	"U\210\253\331m\230f\003\257\254f\317>'\015\022\262>"
 270      6D986603 
 270      AFAC66CF 
 270      3E270D12 
 270      B23E
 271 04a8 925F3A85 		.ascii	"\222_:\205\307\322x\374\216u}\034\204\340H\223\004\375"
 271      C7D278FC 
 271      8E757D1C 
 271      84E04893 
ARM GAS  C:\Users\akudo\AppData\Local\Temp\cc3kIF1t.s 			page 21


 271      04FD
 272 04ba 08766FD1 		.ascii	"\010vo\321)o\255FoV\215[\312\362\177b\305\211\211\272"
 272      296FAD46 
 272      6F568D5B 
 272      CAF27F62 
 272      C58989BA 
 273 04ce ABEBC771 		.ascii	"\253\353\307qLU:c\253:\273}\024I\302:I\202P*\354b\270"
 273      4C553A63 
 273      AB3ABB7D 
 273      1449C23A 
 273      4982502A 
 274 04e5 4BB967FB 		.ascii	"K\271g\373\242;\214\272\370\\\372\240\333\264Ta\314"
 274      A23B8CBA 
 274      F85CFAA0 
 274      DBB45461 
 274      CC
 275 04f6 FD10757C 		.ascii	"\375\020u|\010\340\303\024>\202\246\211\235\250b7\207"
 275      08E0C314 
 275      3E82A689 
 275      9DA86237 
 275      87
 276 0507 BCD91C4A 		.ascii	"\274\331\034J\336Tiq\237\332\336=\321\336{\324\\\316"
 276      DE546971 
 276      9FDADE3D 
 276      D1DE7BD4 
 276      5CCE
 277 0519 70C62EB9 		.ascii	"p\306.\271`\316$\232\033E\314\035\011\272O\315\335c"
 277      60CE249A 
 277      1B45CC1D 
 277      09BA4FCD 
 277      DD63
 278 052b E6EE5373 		.ascii	"\346\356Ss\315\333k\213=\035\222B\026m\233\201\007B"
 278      CDDB6B8B 
 278      3D1D9242 
 278      166D9B81 
 278      0742
 279 053d 521ED0A4 		.ascii	"R\036\320\244\364f5%K\035\320\245\016\3501\001=F\321"
 279      F4663525 
 279      4B1DD0A5 
 279      0EE83101 
 279      3D46D1
 280 0550 132317EF 		.ascii	"\023#\027\357)\354\277)dq\264\201\037:|Svny\331\356"
 280      29ECBF29 
 280      6471B481 
 280      1F3A7C53 
 280      766E79D9 
 281 0565 8E5FB0F5 		.ascii	"\216_\260\365a\357\235\033[\025x\235\033U\356\235\235"
 281      61EF9D1B 
 281      5B15789D 
 281      1B55EE9D 
 281      9D
 282 0576 AC769372 		.ascii	"\254v\223r\022\364\023M8\2749~ \257\323\223mFJj\207"
 282      12F4134D 
 282      38BC397E 
 282      20AFD393 
 282      6D464A6A 
 283 058b 3FF9B98A 		.ascii	"?\371\271\212ob\237\234\204\304\231\204\026=\022\327"
ARM GAS  C:\Users\akudo\AppData\Local\Temp\cc3kIF1t.s 			page 22


 283      6F629F9C 
 283      84C49984 
 283      163D12D7 
 284 059b 44348EA4 		.ascii	"D4\216\244\022\242\262E\3701\3730\227V\324\313\201\220"
 284      12A2B245 
 284      F831FB30 
 284      9756D4CB 
 284      8190
 285 05ad 2ECAC401 		.ascii	".\312\304\001\262VUO\336\367\231r\227\362\224\272\372"
 285      B256554F 
 285      DEF79972 
 285      97F294BA 
 285      FA
 286 05be 0409BE6E 		.ascii	"\004\011\276n?\304\027x\340KS\271\367,e\274_I\3353O"
 286      3FC41778 
 286      E04B53B9 
 286      F72C65BC 
 286      5F49DD33 
 287 05d3 94F6C2FC 		.ascii	"\224\366\302\374 \233\216F~\246\224\360\240gV\337&\210"
 287      209B8E46 
 287      7EA694F0 
 287      A06756DF 
 287      2688
 288 05e5 6FCF44DF 		.ascii	"o\317D\337\236S\337\022\232J\257\270\323\364\177J\250"
 288      9E53DF12 
 288      9A4AAFB8 
 288      D3F47F4A 
 288      A8
 289 05f6 9EE69947 		.ascii	"\236\346\231G\020->w\242\246\255\253\253\363\246\252"
 289      102D3E77 
 289      A2A6ADAB 
 289      ABF3A6AA 
 290 0606 8C2ECCF9 		.ascii	"\214.\314\371c\031^S\027\307\244X\034?\263b\274g\034"
 290      63195E53 
 290      17C7A458 
 290      1C3FB362 
 290      BC671C
 291 0619 29953917 		.ascii	")\2259\027\343\013\200\277\244p\013\255\216IV\035\026"
 291      E30B80BF 
 291      A4700BAD 
 291      8E49561D 
 291      16
 292 062a 5A1DF5BD 		.ascii	"Z\035\365\275\033\357\312\2517f\272\364\237\263lO`_"
 292      1BEFCAA9 
 292      3766BAF4 
 292      9FB36C4F 
 292      605F
 293 063c 82CD34F6 		.ascii	"\202\3154\366\252\241\224\365>\270\233\015D\262\261"
 293      AAA194F5 
 293      3EB89B0D 
 293      44B2B1
 294 064b B55841BC 		.ascii	"\265XA\2741\2027I\277\374\335$\211\274X\326\354\203"
 294      31823749 
 294      BFFCDD24 
 294      89BC58D6 
 294      EC83
 295 065d 6F0903D9 		.ascii	"o\011\003\331\234\277F\354\376\037|v\311\\\031o\252"
ARM GAS  C:\Users\akudo\AppData\Local\Temp\cc3kIF1t.s 			page 23


 295      9CBF46EC 
 295      FE1F7C76 
 295      C95C196F 
 295      AA
 296 066e 90E3BBAC 		.ascii	"\220\343\273\254\373\343\007\315=\036\370\001Sj\332"
 296      FBE307CD 
 296      3D1EF801 
 296      536ADA
 297 067d 8D0D323C 		.ascii	"\215\0152<.(\033k\317\313\360s\301\313\214\3643\010"
 297      2E281B6B 
 297      CFCBF073 
 297      C1CB8CF4 
 297      3308
 298 068f 4FBA39EC 		.ascii	"O\2729\3543f\260}\306\226\266]'0U-\2649\363\322\365"
 298      3366B07D 
 298      C696B65D 
 298      2730552D 
 298      B439F3D2 
 299 06a4 C352BC56 		.ascii	"\303R\274V\306:v\027A\201&S\205K\033\034\337\217\304"
 299      C63A7617 
 299      41812653 
 299      854B1B1C 
 299      DF8FC4
 300 06b7 5D82E312 		.ascii	"]\202\343\022\223\312\371\003\001\363u\023\347\2136"
 300      93CAF903 
 300      01F37513 
 300      E78B36
 301 06c6 73C21621 		.ascii	"s\302\026!\253d\353\257\310\026a+\247@[8\353G{\206B"
 301      AB64EBAF 
 301      C816612B 
 301      A7405B38 
 301      EB477B86 
 302 06db DC6473E6 		.ascii	"\334ds\346\256\375\177qM\2326\025i_J\333[\204t\033\220"
 302      AEFD7F71 
 302      4D9A3615 
 302      695F4ADB 
 302      5B84741B 
 303 06f0 A6D848C1 		.ascii	"\246\330H\301\206u\353\336\2719!\023\263\201\375eR\300"
 303      8675EBDE 
 303      B9392113 
 303      B381FD65 
 303      52C0
 304 0702 5734966C 		.ascii	"W4\226ldI\377\232\226\340\272\261\215\012\232s%Q\207"
 304      6449FF9A 
 304      96E0BAB1 
 304      8D0A9A73 
 304      255187
 305 0715 520BCBD9 		.ascii	"R\013\313\3317\336\223\236;\036\346\274\256\00439\241"
 305      37DE939E 
 305      3B1EE6BC 
 305      AE043339 
 305      A1
 306 0726 04331877 		.ascii	"\0043\030wvG\327n/\373\022$~\247\203\355\035\034\201"
 306      7647D76E 
 306      2FFB1224 
 306      7EA783ED 
 306      1D1C81
ARM GAS  C:\Users\akudo\AppData\Local\Temp\cc3kIF1t.s 			page 24


 307 0739 6771D3C4 		.ascii	"gq\323\304N\004\335\360\242\367\262\247=z\373\353\320"
 307      4E04DDF0 
 307      A2F7B2A7 
 307      3D7AFBEB 
 307      D0
 308 074a 8DE38F2C 		.ascii	"\215\343\217,\2368\235e\253\343\314I\330\244d1%\211"
 308      9E389D65 
 308      ABE3CC49 
 308      D8A46431 
 308      2589
 309 075c 37962A70 		.ascii	"7\226*p\016S\012\007.\244y\321\000f\323m\317\255\221"
 309      0E530A07 
 309      2EA479D1 
 309      0066D36D 
 309      CFAD91
 310 076f DD5E388F 		.ascii	"\335^8\217\265\335\335Wx]\211\013\231\322\367\264\257"
 310      B5DDDD57 
 310      785D890B 
 310      99D2F7B4 
 310      AF
 311 0780 D99D02E7 		.ascii	"\331\235\002\347\022\365\304\332\354C\236\270\224\265"
 311      12F5C4DA 
 311      EC439EB8 
 311      94B5
 312 078e 0D8DA63D 		.ascii	"\015\215\246=\220\342j\246\210sV\311\346l\356\243}\353"
 312      90E26AA6 
 312      887356C9 
 312      E66CEEA3 
 312      7DEB
 313 07a0 3D701D6B 		.ascii	"=p\035k\253\312\333\177\210\015\346\002\012\315\336"
 313      ABCADB7F 
 313      880DE602 
 313      0ACDDE
 314 07af 6FC6B605 		.ascii	"o\306\266\005\332@W\240\375\020\021\373V\036\340l\013"
 314      DA4057A0 
 314      FD1011FB 
 314      561EE06C 
 314      0B
 315 07c0 34A05BB7 		.ascii	"4\240[\267g\017\311\354\321F\3565\350#\315]"
 315      670FC9EC 
 315      D146EE35 
 315      E823CD5D 
 316 07d0 939EF8B8 		.ascii	"\223\236\370\270\243]%\263\373\322\310W\313\361\011"
 316      A35D25B3 
 316      FBD2C857 
 316      CBF109
 317 07df D676A432 		.ascii	"\326v\2442u\202\255\"K\211\332\234\304\357U\342\323"
 317      7582AD22 
 317      4B89DA9C 
 317      C4EF55E2 
 317      D3
 318 07f0 AC6D47FD 		.ascii	"\254mG\375\2364\346/\317Fk\357\315v<u~\313\304\374\016"
 318      9E34E62F 
 318      CF466BEF 
 318      CD763C75 
 318      7ECBC4FC 
 319 0805 B319993D 		.ascii	"\263\031\231=\322Q\354c\313\030\213\257\024<f\033\244"
ARM GAS  C:\Users\akudo\AppData\Local\Temp\cc3kIF1t.s 			page 25


 319      D251EC63 
 319      CB188BAF 
 319      143C661B 
 319      A4
 320 0816 72EA7199 		.ascii	"r\352q\231\230\261\344\211\312Fl\217&\361M\211~PU\270"
 320      98B1E489 
 320      CA466C8F 
 320      26F14D89 
 320      7E5055B8 
 321 082a 5B895B85 		.ascii	"[\211[\205\0044\214\362\034\215!\204\250\247.u\227\310"
 321      04348CF2 
 321      1C8D2184 
 321      A8A72E75 
 321      97C8
 322 083c A8DB2616 		.ascii	"\250\333&\026F[]\017+\3327\351g\370V\345\260\307\324"
 322      465B5D0F 
 322      2BDA37E9 
 322      67F856E5 
 322      B0C7D4
 323 084f 51D48A51 		.ascii	"Q\324\212Q\024\262(\216\356\253\211p\016\242\032\334"
 323      14B2288E 
 323      EEAB8970 
 323      0EA21ADC 
 324 085f AAA16577 		.ascii	"\252\241ew\210\272U+\272\365\344E\311\320+AL\211\036"
 324      88BA552B 
 324      BAF5E445 
 324      C9D02B41 
 324      4C891E
 325 0872 ED3CB949 		.ascii	"\355<\271I\211/\260 \304\231\246d3-\377\372\326=\030"
 325      892FB020 
 325      C499A664 
 325      332DFFFA 
 325      D63D18
 326 0885 5F616DB9 		.ascii	"_am\271[\252&\330\201>\216\250\3533\023\317Kq\017k\253"
 326      5BAA26D8 
 326      813E8EA8 
 326      EB3313CF 
 326      4B710F6B 
 327 089a 69AC7EC4 		.ascii	"i\254~\304\346`\022\321\337.\353\273]c\3352\333_\323"
 327      E66012D1 
 327      DF2EEBBB 
 327      5D63DD32 
 327      DB5FD3
 328 08ad 61076DE2 		.ascii	"a\007m\342\023\215cm\307\352\177_D>\223\030\255\003"
 328      138D636D 
 328      C7EA7F5F 
 328      443E9318 
 328      AD03
 329 08bf F79261A5 		.ascii	"\367\222a\245\270\304M\271\177M4\232\266\224\223\255"
 329      B8C44DB9 
 329      7F4D349A 
 329      B69493AD 
 330 08cf 26C16E74 		.ascii	"&\301nt\215}\337\012-\263B\353\235\241\3079G\350f+t"
 330      8D7DDF0A 
 330      2DB342EB 
 330      9DA1C739 
 330      47E8662B 
ARM GAS  C:\Users\akudo\AppData\Local\Temp\cc3kIF1t.s 			page 26


 331 08e4 8333D461 		.ascii	"\2033\324aW\234\236`*\014\000d\0017\015\025\012H\261"
 331      579C9E60 
 331      2A0C0064 
 331      01370D15 
 331      0A48B1
 332 08f7 EE519113 		.ascii	"\356Q\221\023i\256\2254\337\2314\217\263\017+\335h*"
 332      69AE9534 
 332      DF99348F 
 332      B30F2BDD 
 332      682A
 333 0909 A65892A1 		.ascii	"\246X\222\241\203\316\330\022\007lb\202)+ k.\332\011"
 333      83CED812 
 333      076C6282 
 333      292B206B 
 333      2EDA09
 334 091c 1EEC12A0 		.ascii	"\036\354\022\240\342\312\343x0\000\326d+k\2423\353l"
 334      E2CAE378 
 334      3000D664 
 334      2B6BA233 
 334      EB6C
 335 092e 47649115 		.ascii	"Gd\221\025Y\354\332\276-\254\034kX\373\\\207e\203n\262"
 335      59ECDABE 
 335      2DAC1C6B 
 335      58FB5C87 
 335      65836EB2 
 336 0942 42D7BBB4 		.ascii	"B\327\273\264o\227\327]V\350\036gh\266=+\317\233JI\006"
 336      6F97D75D 
 336      56E81E67 
 336      68B63D2B 
 336      CF9B4A49 
 337 0957 A07CD151 		.ascii	"\240|\321Q\001)\0265:\3468\254\011\246\203\004z\030"
 337      01291635 
 337      3AE638AC 
 337      09A68304 
 337      7A18
 338 0969 A075CED0 		.ascii	"\240u\316\320#N\256\246X\355'\271\256\000;_w[\2619\256"
 338      234EAEA6 
 338      58ED27B9 
 338      AE003B5F 
 338      775BB139 
 339 097e 7DB5C366 		.ascii	"}\265\303f[\261{\235\261&g\354\036+6\3275\226\272k\177"
 339      5BB17B9D 
 339      B12667EC 
 339      1E2B36D7 
 339      3596BA6B 
 340 0993 50E2219C 		.ascii	"P\342!\234\004\332D\320\344\224t\025\276\235g\270Y\250"
 340      04DA44D0 
 340      E4947415 
 340      BE9D67B8 
 340      59A8
 341 09a5 15E404C8 		.ascii	"\025\344\004\310y\220F\220\006\220\323 W@\316\201\\"
 341      79904690 
 341      0690D320 
 341      5740CE81 
 341      5C
 342 09b6 00E900B9 		.ascii	"\000\351\000\271\010\322\002r\022\244\031\344,\310)"
 342      08D20272 
ARM GAS  C:\Users\akudo\AppData\Local\Temp\cc3kIF1t.s 			page 27


 342      12A419E4 
 342      2CC829
 343 09c5 90CB20ED 		.ascii	"\220\313 \355 m M\234x\262\202!-!CZ\001CZ)\370(\256"
 343      206D204D 
 343      9C78B282 
 343      212D2143 
 343      5A01435A 
 344 09dd 8BA8CA69 		.ascii	"\213\250\312iHwZ\303\331\355\034\316Y\347SaR99\025\002"
 344      48775AC3 
 344      D9ED1CCE 
 344      59E75361 
 344      52393915 
 345 09f2 C6E95408 		.ascii	"\306\351T\010\233\217\304\033\331&\031\362\237Nq\345"
 345      9B8FC41B 
 345      D92619F2 
 345      9F4E71E5 
 346 0a02 B11EA813 		.ascii	"\261\036\250\023\230\326\332\266\024\244\323+'Hq`\320"
 346      98D6DAB6 
 346      14A4D32B 
 346      27487160 
 346      D0
 347 0a13 35188FFF 		.ascii	"5\030\217\377\307\330\300\352\2671\375Z\215\343\221"
 347      C7D8C0EA 
 347      B731FD5A 
 347      8DE391
 348 0a22 A593B33F 		.ascii	"\245\223\263?Gvq\354\020\002\277.\217,E\016G\226\353"
 348      477671EC 
 348      1002BF2E 
 348      8F2C450E 
 348      4796EB
 349 0a35 02FA3A45 		.ascii	"\002\372:E\367_\275\326\001;\005w\366\277Gqq\217\202"
 349      F75FBDD6 
 349      013B0577 
 349      F6BF4771 
 349      718F82
 350 0a48 1D334607 		.ascii	"\0353F\007\237j\310\377\017\364\037H\223\007=\366\334"
 350      9F6AC8FF 
 350      0FF41F48 
 350      93073DF6 
 350      DC
 351 0a59 E06CFF6C 		.ascii	"\340l\377l\3013\333\305\377\300\221]\374\255\253\017"
 351      C133DBC5 
 351      FFC0915D 
 351      FCADAB0F 
 352 0a69 7905AE64 		.ascii	"y\005\256d4\007\356\325\017\313)\215)\013R%\034\006"
 352      3407EED5 
 352      0FCB298D 
 352      290B5225 
 352      1C06
 353 0a7b 2845B71D 		.ascii	"(E\267\035E\267Hq\223RL\232\267\362r|\314}\2123\206"
 353      45B74871 
 353      93524C9A 
 353      B7F2727C 
 353      CC7D8A33 
 354 0a90 717BD338 		.ascii	"q{\3238\022\217@\205K\266\225\257g\307\014\224\333\224"
 354      128F4085 
 354      4BB695AF 
ARM GAS  C:\Users\akudo\AppData\Local\Temp\cc3kIF1t.s 			page 28


 354      67C70C94 
 354      DB94
 355 0aa2 CACE193D 		.ascii	"\312\316\031=\"7\352\345\340\234\321#\322\367Q\372\314"
 355      2237EAE5 
 355      E09CD123 
 355      D2F751FA 
 355      CC
 356 0ab3 8BADD370 		.ascii	"\213\255\323p+c7\335\274\374'!\314\223\223\257\204i"
 356      2B6337DD 
 356      BCFC2721 
 356      CC9393AF 
 356      8469
 357 0ac5 B6F3D12C 		.ascii	"\266\363\321,\222\364S\222\234\216\236;R\334\313X&\215"
 357      92F45392 
 357      9C8E9E3B 
 357      52DCCB58 
 357      268D
 358 0ad7 1D7D6E2C 		.ascii	"\035}n,\314\026\2470\007\354(\006D\212A\316O\362\256"
 358      CC16A730 
 358      07EC2806 
 358      448A41CE 
 358      4FF2AE
 359 0aea 3A2E5667 		.ascii	":.VgPG\351V\253\265qQ\321\261+\343\265s\342\302u\206"
 359      5047E956 
 359      ABB57151 
 359      D1B12BE3 
 359      B573E2C2 
 360 0b00 3973657F 		.ascii	"9se\177\374\363\227~A\222\317\202>\013\010\212\214\372"
 360      FCF3977E 
 360      4192CF82 
 360      3E0B088A 
 360      8CFA
 361 0b12 262AD410 		.ascii	"&*\324\020\037\021\025\033\240!\317\261\372y\237\314"
 361      1F11151B 
 361      A021CFB1 
 361      FA799FCC 
 362 0b22 0B88D507 		.ascii	"\013\210\325\007\350\014\001\244\277> P\265,h\331\032"
 362      E80C01A4 
 362      BF3E2050 
 362      B52C68D9 
 362      1A
 363 0b33 68D5C4EA 		.ascii	"h\325\304\352\264\352\177\375v\325\034\215\344-\306"
 363      B4EA7FFD 
 363      76D51C8D 
 363      E42DC6
 364 0b42 ADFF2ECA 		.ascii	"\255\377.\312\240\211T\177\253\213]\245\216\322\353"
 364      A089547F 
 364      AB8B5DA5 
 364      8ED2EB
 365 0b51 FE6BC248 		.ascii	"\376k\302H\311tF\250]\023e\260\322M{5\000\317\320\025"
 365      C97446A8 
 365      5D1365B0 
 365      D24D7B35 
 365      00CFD015 
 366 0b65 41EAA5E1 		.ascii	"A\352\245\3411\021\321Z\235\233zall\364\273\232\310"
 366      3111D15A 
 366      9D9B7A61 
ARM GAS  C:\Users\akudo\AppData\Local\Temp\cc3kIF1t.s 			page 29


 366      6C6CF4BB 
 366      9AC8
 367 0b77 504D64B0 		.ascii	"PMd\260>D\247\325\256\2123D\305\306\250\264\253\343"
 367      3E44A7D5 
 367      AE8A3344 
 367      C5C6A8B4 
 367      ABE3
 368 0b89 A374DA88 		.ascii	"\243t\332\210y\277\344MT\214&:>B\013\015zMd\0048\341"
 368      79BFE44D 
 368      548C263A 
 368      3E420B0D 
 368      7A4D6404 
 369 0b9f 111F1563 		.ascii	"\021\037\025c\370h\276\332\240P\253\305\307o5\237\205"
 369      F868BEDA 
 369      A050ABC5 
 369      C76F359F 
 369      85
 370 0bb0 D19E7ACA 		.ascii	"\321\236z\312\022f\000\233\372\260\2251\361~\364\311"
 370      1266009B 
 370      FAB09531 
 370      F17EF4C9 
 371 0bc0 2F5CB7CA 		.ascii	"/\\\267\312O\273\352\033mD\2046\"\354\3439\277\363\233"
 371      4FBBEA1B 
 371      6D448436 
 371      22ECE339 
 371      BFF39B
 372 0bd3 3F77DE6F 		.ascii	"?w\336oV\177\024\006\357?\214\211\215\321~\250\015\377"
 372      567F1406 
 372      EF3F8C89 
 372      8DD17EA8 
 372      0DFF
 373 0be5 262A4C30 		.ascii	"&*L0\025\266*\034\270b\264a\352\010\355\267\341\361"
 373      15B62A1C 
 373      B862B461 
 373      EA08EDB7 
 373      E1F1
 374 0bf7 D106B5E1 		.ascii	"\321\006\265\341\3738\255\036L\177\365?5\243\377^\037"
 374      FB38AD1E 
 374      4C7FF53F 
 374      35A3FF5E 
 374      1F
 375 0c08 A6D61B22 		.ascii	"\246\326\033\" \006\340\366\024\206\326\2401\254\361"
 375      2006E0F6 
 375      1486D6A0 
 375      31ACF1
 376 0c17 D0695742 		.ascii	"\320iWB\037\265\341\223\377\"W\300\305\351\346r\272"
 376      1FB5E193 
 376      FF2257C0 
 376      C5E9E672 
 376      BA
 377 0c28 799C6E3E 		.ascii	"y\234n>\247\373\010\353\346\315\227E\353\324\206\310"
 377      A7FB08EB 
 377      E6CD9745 
 377      EBD486C8 
 378 0c38 082E4E23 		.ascii	"\010.N#]\023\247\327I5\221\341:\271Z\275RkP\207\204"
 378      5D13A7D7 
 378      493591E1 
ARM GAS  C:\Users\akudo\AppData\Local\Temp\cc3kIF1t.s 			page 30


 378      3AB95ABD 
 378      526B5087 
 379 0c4d 86788547 		.ascii	"\206x\205G\177\027\376\275^\035\025\023\015Q\377\341"
 379      7F17FEBD 
 379      5E1D1513 
 379      0D51FFE1 
 380 0c5d B526C1BF 		.ascii	"\265&\301\277\200\240e\241\301\241\266\274\220\362\320"
 380      80A065A1 
 380      C1A1B6BC 
 380      90F2D0
 381 0c6c AC5A121F 		.ascii	"\254Z\022\037\243\001\313\300\252g\254\036\241A\013"
 381      A301CBC0 
 381      AA67AC1E 
 381      A1410B
 382 0c7b D55FC0C0 		.ascii	"\325_\300\300\271\005\205|\031\274H\032\034\024\252"
 382      B905857C 
 382      19BC481A 
 382      1C14AA
 383 0c8a 92AEF862 		.ascii	"\222\256\370b\271\312-0X\025\244\302\241 AA*w\222\302"
 383      B9CA2D30 
 383      5815A4C2 
 383      A1204141 
 383      2A7792C2 
 384 0c9e 4FD50639 		.ascii	"O\325\0069K&<\341\320\245!n\241K\011<h\011\334\226\222"
 384      4B263CE1 
 384      D0A5216E 
 384      A14B093C 
 384      6809DC96 
 385 0cb3 DB22B8B9 		.ascii	"\333\"\270\271-[\266$P%]Hn\201\240\343\220%*\274\010"
 385      2D5BB624 
 385      50255D48 
 385      6E81A0E3 
 385      90252ABC 
 386 0cc8 2470914A 		.ascii	"$p\221J\012m*iph\240J\256Z\034\272X\265b\361\242\271"
 386      0A6D2A69 
 386      7068A04A 
 386      AE5A1CBA 
 386      58B562F1 
 387 0cde 60383048 		.ascii	"`80H\365\372r\2372\236\217!\230i4%\321\261\232\177Z"
 387      F5FA729F 
 387      329E8F21 
 387      98693425 
 387      D1B19A7F 
 388 0cf3 AB5D6E7D 		.ascii	"\253]n}\345\305\"]\030\030\2728D\025\374&}\037\037\343"
 388      E5C5225D 
 388      1818BA38 
 388      4415FC26 
 388      7D1F1FE3 
 389 0d07 00F6B47B 		.ascii	"\000\366\264{\371oY9\035S"
 389      F96F5939 
 389      1D53
 390              		.text
 391              		.section	.gnu.lto_.symtab.cfc176e9,"",%progbits
 392 0000 5F706F72 		.ascii	"_port_irq_epilogue\000\000\000\000\000\000\000\000\000"
 392      745F6972 
 392      715F6570 
 392      696C6F67 
ARM GAS  C:\Users\akudo\AppData\Local\Temp\cc3kIF1t.s 			page 31


 392      75650000 
 393 001b 000000B3 		.ascii	"\000\000\000\263\000\000\000SVC_Handler\000\000\000"
 393      00000053 
 393      56435F48 
 393      616E646C 
 393      65720000 
 394 0030 00000000 		.ascii	"\000\000\000\000\000\000\000\000\000\265\000\000\000"
 394      00000000 
 394      00B50000 
 394      00
 395 003d 5F706F72 		.ascii	"_port_switch_from_isr\000\000\002\000\000\000\000\000"
 395      745F7377 
 395      69746368 
 395      5F66726F 
 395      6D5F6973 
 396 005a 00000000 		.ascii	"\000\000\000\000\257\000\000\000_port_exit_from_isr"
 396      AF000000 
 396      5F706F72 
 396      745F6578 
 396      69745F66 
 397 0075 00000200 		.ascii	"\000\000\002\000\000\000\000\000\000\000\000\000\261"
 397      00000000 
 397      00000000 
 397      B1
 398 0082 00000063 		.ascii	"\000\000\000chSchIsPreemptionRequired\000\000\002\000"
 398      68536368 
 398      49735072 
 398      65656D70 
 398      74696F6E 
 399 00a2 00000000 		.ascii	"\000\000\000\000\000\000\000\000\275\000\000\000"
 399      00000000 
 399      BD000000 
 400              		.text
 401              		.section	.gnu.lto_.opts,"",%progbits
 402 0000 272D666E 		.ascii	"'-fno-trapv' '-mcpu=cortex-m4' '-mno-thumb-interwor"
 402      6F2D7472 
 402      61707627 
 402      20272D6D 
 402      6370753D 
 403 0033 6B272027 		.ascii	"k' '-mthumb' '-ggdb' '-O2' '-fomit-frame-pointer' '"
 403      2D6D7468 
 403      756D6227 
 403      20272D67 
 403      67646227 
 404 0066 2D66616C 		.ascii	"-falign-functions=16' '-ffunction-sections' '-fdata"
 404      69676E2D 
 404      66756E63 
 404      74696F6E 
 404      733D3136 
 405 0099 2D736563 		.ascii	"-sections' '-fno-common' '-flto'\000"
 405      74696F6E 
 405      73272027 
 405      2D666E6F 
 405      2D636F6D 
 406              		.text
 407              		.comm	__gnu_lto_v1,1,1
 408              		.comm	__gnu_lto_slim,1,1
ARM GAS  C:\Users\akudo\AppData\Local\Temp\cc3kIF1t.s 			page 32


 409              		.ident	"GCC: (GNU Tools for ARM Embedded Processors) 4.9.3 20150529 (release) [ARM/embedded-4_9-br
ARM GAS  C:\Users\akudo\AppData\Local\Temp\cc3kIF1t.s 			page 33


DEFINED SYMBOLS
                            *ABS*:00000000 chcore_v7m.c
                            *COM*:00000001 __gnu_lto_v1
                            *COM*:00000001 __gnu_lto_slim

NO UNDEFINED SYMBOLS
