ARM GAS  C:\Users\akudo\AppData\Local\Temp\ccRUxzIk.s 			page 1


   1              		.syntax unified
   2              		.cpu cortex-m4
   3              		.fpu softvfp
   4              		.eabi_attribute 20, 1
   5              		.eabi_attribute 21, 1
   6              		.eabi_attribute 23, 3
   7              		.eabi_attribute 24, 1
   8              		.eabi_attribute 25, 1
   9              		.eabi_attribute 26, 1
  10              		.eabi_attribute 30, 2
  11              		.eabi_attribute 34, 1
  12              		.eabi_attribute 18, 4
  13              		.thumb
  14              		.file	"chmempools.c"
  15              		.text
  16              	.Ltext0:
  17              		.section	.gnu.lto_.profile.cfc17785,"",%progbits
  18 0000 789C6366 		.ascii	"x\234cf```a\200\000F\206pK\000\001[\000\231"
  18      60606061 
  18      80004686 
  18      704B0001 
  18      5B0099
  19              		.text
  20              		.section	.gnu.lto_.jmpfuncs.cfc17785,"",%progbits
  21 0000 789C6366 		.ascii	"x\234cf\300\016,\2414\033\0033###{}}=#\214\301\004\244"
  21      C00E2CA1 
  21      341B0333 
  21      2323237B 
  21      7D7D3D23 
  22 0018 EB198172 		.ascii	"\353\031\201r\007\030\270\230\241\354z\006\006\026\240"
  22      0718B898 
  22      A1EC7A06 
  22      0616A0
  23 0027 38737D3D 		.ascii	"8s}=+\204b\000\000\344\203\007\277"
  23      2B846200 
  23      00E48307 
  23      BF
  24              		.text
  25              		.section	.gnu.lto_.inline.cfc17785,"",%progbits
  26 0000 789C6D4F 		.ascii	"x\234mO\241n\002A\020}ov\217].\\\332\273\012\2223\255"
  26      A16E0241 
  26      107D6F76 
  26      8F5D2E5C 
  26      DABB0A92 
  27 0016 C33528F4 		.ascii	"\3035(\364}A?\242\252\374\005\022Ar\2255Mp\004\201%"
  27      7D413FA2 
  27      AAFC0512 
  27      41729535 
  27      4D700481 
  28 002b FC458B3B 		.ascii	"\374E\213;E\015\342p \353:{\333V\261\331\354\233yov"
  28      450DE270 
  28      20EB3A7B 
  28      DB56B1D9 
  28      EC9B796F 
  29 0040 DE8CC1F5 		.ascii	"\336\214\301\365\2231bOoB\210\331\015\321o&\0228\";"
  29      9331624F 
  29      6F4288D9 
ARM GAS  C:\Users\akudo\AppData\Local\Temp\ccRUxzIk.s 			page 2


  29      0DD16F26 
  29      1238223B 
  30 0054 81142D91 		.ascii	"\201\024-\221\274>\244\350\277/D`U\022\344)\035\246"
  30      BC3EA4E8 
  30      BF2F4460 
  30      5512E429 
  30      1DA6
  31 0066 1C950678 		.ascii	"\034\225\006x\2110\275\010\277\216\037{\337\312wh\300"
  31      8930BD08 
  31      BF8E1F7B 
  31      DFCA7768 
  31      C0
  32 0077 154B53A9 		.ascii	"\025KS\251\032\2210\241g\214\036\322`\272\274\027\260"
  32      1A9130A1 
  32      678C1ED2 
  32      60BABC17 
  32      B0
  33 0088 75952099 		.ascii	"u\225 \231\217\224o8\243\327d\347\025\3015gr\253\371"
  33      8F946F38 
  33      A3D764E7 
  33      15C13567 
  33      72ABF9
  34 009b 6F00B329 		.ascii	"o\000\263),X\367l7^\222C9\276>\031\334\015t\364b\373"
  34      2C58F76C 
  34      375E9243 
  34      39BE3E19 
  34      DC0D74F4 
  35 00b1 8CF46DFC 		.ascii	"\214\364m\374\247\005\305\206\245\3309[\371\274\201"
  35      A705C586 
  35      A5D8395B 
  35      F9BC81
  36 00c0 3F3F7686 		.ascii	"??v\2066\276]%\274\323\317\256\231\374\357\215\037f"
  36      36BE5D25 
  36      BCD3CFAE 
  36      99FCEF8D 
  36      1F66
  37 00d2 C624EC   		.ascii	"\306$\354"
  38              		.text
  39              		.section	.gnu.lto_.pureconst.cfc17785,"",%progbits
  40 0000 789C6366 		.ascii	"x\234cf``\340e\200\0006\006)F+&)f+\026)V+\000\007\221"
  40      6060E065 
  40      80003606 
  40      29462B26 
  40      29662B16 
  41 001a 0122     		.ascii	"\001\""
  42              		.text
  43              		.section	.gnu.lto_chPoolObjectInit.cfc17785,"",%progbits
  44 0000 789C9590 		.ascii	"x\234\225\220\315k\023a\020\306\337g\336\335m -\025"
  44      CD6B1361 
  44      10C6DF67 
  44      DEDD6D20 
  44      2D15
  45 0012 4F25272F 		.ascii	"O%'/\241\007\211K@\024\304\203P)\336<\370\037\230\006"
  45      A107894B 
  45      4014C483 
  45      5029DE3C 
  45      F81F9806 
ARM GAS  C:\Users\akudo\AppData\Local\Temp\ccRUxzIk.s 			page 3


  46 0026 5C306CC8 		.ascii	"\\0l\310V\017^\272[\353A\360P\025\245P\213\205X\374"
  46      560F5EBA 
  46      5BEB41F0 
  46      5015A550 
  46      8B8558FC 
  47 003a A8B626B5 		.ascii	"\250\266&\265~\235V\275\350\301\306B\213_\240\026\""
  47      7E9D56BD 
  47      E8C1C642 
  47      8B5FA016 
  47      22
  48 004b D84331D1 		.ascii	"\330C1\321@\335C\2513\033\005\251\027]x\231\367\235"
  48      40DD43A9 
  48      331B05A9 
  48      175D7899 
  48      F79D
  49 005d 9DE73733 		.ascii	"\235\34773\217V\177\177)>\207I\251\203\034\241\025h"
  49      8F567F7F 
  49      293E8749 
  49      A9831CA1 
  49      1568
  50 006f 7441A920 		.ascii	"tA\251 A\200\\\024\324\020a\010\253\324$\214\206\323"
  50      41805C14 
  50      D4106108 
  50      ABD4248C 
  50      86D3
  51 0081 63C9DE29 		.ascii	"c\311\336)\337\367\033\325\271\2363=\021\313\276S\033"
  51      DFF71BD5 
  51      B99E333D 
  51      11CBBE53 
  51      1B
  52 0092 83EBE8E5 		.ascii	"\203\353\350\345\222`\361\354\351N\275\033\212\357\217"
  52      9260F1EC 
  52      E94EBD1B 
  52      8AEF8F
  53 00a1 665A2F93 		.ascii	"fZ/\223_(\"\354\220\347\343\013\317\307,y\222!\317\225"
  53      5F2822EC 
  53      90E7E30B 
  53      CFC72C79 
  53      9221CF95 
  54 00b5 6B4F2791 		.ascii	"kO'\221.\373\376p\270P\365\017\030\021i\334\200f\036"
  54      2EFBFE70 
  54      B850F50F 
  54      181169DC 
  54      80661E
  55 00c8 6E22855B 		.ascii	"n\"\205[H)N)L#\315\325\257^\004\357\273\365\336\230"
  55      48294E29 
  55      4C23CDD5 
  55      AF5E04EF 
  55      BBF5DE98 
  56 00dc DBFAFAEC 		.ascii	"\333\372\372\354Mg[\271\332V\032\270\275Ui(\334\211"
  56      4D675BB9 
  56      DA561AB8 
  56      BD556928 
  56      DC89
  57 00ee 95E1277F 		.ascii	"\225\341'\177\255K\357\217\225\223\347/M\031m\345\271"
  57      AD4BEF8F 
  57      9593E72F 
ARM GAS  C:\Users\akudo\AppData\Local\Temp\ccRUxzIk.s 			page 4


  57      4D196DE5 
  57      B9
  58 00ff B2752822 		.ascii	"\262u(\"\0233[\205\246\302,\322R\335\034\331x\235\264"
  58      13335B85 
  58      A6C22CD2 
  58      52DD1CD9 
  58      789DB4
  59 0112 4678DD6D 		.ascii	"Fx\335m\033\2777\305]X\3408\273=\36477\313\265'\313"
  59      1BBF37C5 
  59      5D58E038 
  59      BB3DF437 
  59      37CBB527 
  60 0127 16C42B9E 		.ascii	"\026\304+\236\322\200t\264\020\313U\235\253\305\300"
  60      D28074B4 
  60      10CB559D 
  60      ABC5C0
  61 0136 CF4412F5 		.ascii	"\317D\022\365;\0147\032\265\246\026\000\263?\326k\213"
  61      3B0C371A 
  61      B5A61600 
  61      B33FD66B 
  61      8B
  62 0147 0931432B 		.ascii	"\0111C+i5\377\343\352Z\327\004\306\003\337\017\315\210"
  62      6935FFE3 
  62      EA5AD704 
  62      C603DF0F 
  62      CD88
  63 0159 AC752254 		.ascii	"\254u\"Tx\034\371w\245u\361mwfgD\035\250b\002\337b\303"
  63      781CF977 
  63      A575F16D 
  63      77666744 
  63      1DA86202 
  64 0170 3187CC9F 		.ascii	"1\207\314\237\230\016N\335c\001\267\271\\YZ1\177\265"
  64      980E4EDD 
  64      6301B7B9 
  64      5C595A31 
  64      7FB5
  65 0182 F927AE81 		.ascii	"\371'\256\201\371\230+{\341>2\353l\236p\232K\225\377"
  65      F9982B7B 
  65      E13E32EB 
  65      6C9E709A 
  65      4B95FF
  66 0195 E2987810 		.ascii	"\342\230x\020sb\237\036\012\307R\037\020\204\313\375"
  66      73629F1E 
  66      0AC7521F 
  66      1084CBFD 
  67 01a5 4291A9EB 		.ascii	"B\221\251\353\334\203\315\340\202l\337>\273\357\230"
  67      DC83CDE0 
  67      826CDF3E 
  67      BBEF98
  68 01b4 73D43932 		.ascii	"s\32492xb\300q\355\234\334]/\273'k\273\236]\032\264"
  68      7862C071 
  68      ED9CDC5D 
  68      2FBB276B 
  68      BB9E5D1A 
  69 01c9 BD528E93 		.ascii	"\275R\216\223\205|\241\350\272\307\275]9E\205\242\341"
  69      857CA1E8 
  69      BAC7BD5D 
ARM GAS  C:\Users\akudo\AppData\Local\Temp\ccRUxzIk.s 			page 5


  69      394585A2 
  69      E1
  70 01da 39A7F289 		.ascii	"9\247\362\211b\311=\351\014\344K?\001|\215\343\322"
  70      62C93DE9 
  70      0CE44B3F 
  70      017C8DE3 
  70      D2
  71              		.text
  72              		.section	.gnu.lto_chPoolLoadArray.cfc17785,"",%progbits
  73 0000 789CA556 		.ascii	"x\234\245VkL\223g\024~\317\373\335J[#[\226\214\231%"
  73      6B4C9367 
  73      147ECFFB 
  73      DD4A5B23 
  73      5B968C99 
  74 0015 9010A23F 		.ascii	"\220\020\242?\346*\31363\267E\027\262-\376\340\217d"
  74      E62ACB36 
  74      33B74517 
  74      B22DFEE0 
  74      8F64
  75 0027 BF17AD4D 		.ascii	"\277\027\255Md\001\332\264`\364\227_iE\315\034su\313"
  75      6401DAB4 
  75      60F4975F 
  75      6945CD1C 
  75      7375CB
  76 003a 701B1B44 		.ascii	"p\033\033D\274\342\274#\002\323\025D@\221\233\342\005"
  76      BCE2BC23 
  76      02D31544 
  76      40919BE2 
  76      05
  77 004b D8A04324 		.ascii	"\330\240C$[\246\211\010\016\272\251\3359\357\007\332"
  77      5BA68908 
  77      0EBAA9DD 
  77      39EF07DA 
  78 005b 96A24BD6 		.ascii	"\226\242K\326\244\351\373\235s\236\347\334\277\267\022"
  78      A4E9FB9D 
  78      739EE7DC 
  78      BFB712
  79 006a 9BFDF908 		.ascii	"\233\375\371\010\277\247M\214\275\017\214\201\306\200"
  79      BFA74D8C 
  79      BD0F8C81 
  79      C680
  80 0078 EFE864CC 		.ascii	"\357\350d\314k\342\240\030\007\011d\343 \033\222F\223"
  80      6BE2A018 
  80      070964E3 
  80      201B9246 
  80      93
  81 0089 C2A5EDAD 		.ascii	"\302\245\355\255\214\351f\325\2571\335\252\002\220\234"
  81      8CE966D5 
  81      AF31DDAA 
  81      02909C
  82 0098 01DBC425 		.ascii	"\001\333\304%YQa\023W\030D\3603_8\370\203\217q\330\021"
  82      59516113 
  82      571844F0 
  82      335F38F8 
  82      838F71D8 
  83 00ad AC2EB32C 		.ascii	"\254.\263,\334\243\353\372\335@]\312\346\2240gl\234"
  83      DCA3EBFA 
ARM GAS  C:\Users\akudo\AppData\Local\Temp\ccRUxzIk.s 			page 6


  83      DD405DCA 
  83      E6943067 
  83      6C9C
  84 00bf 1B11C03E 		.ascii	"\033\021\300>X\210&\336\236m>\253\364:0<\327\035\236"
  84      588826DE 
  84      9E6D3EAB 
  84      F43A303C 
  84      D71D9E
  85 00d2 E8B0FCCE 		.ascii	"\350\260\374\316\303\034\322\350\261>\320V\246\322#"
  85      C31CD2E8 
  85      B13ED056 
  85      A6D223
  86 00e1 97E9F1B7 		.ascii	"\227\351\361\267\252\246\012\310\330\255\353\305\301"
  86      AAA60AC8 
  86      D8ADEBC5 
  86      C1
  87 00ee 8EE3FA0A 		.ascii	"\216\343\372\0129\314%\330\017\022\362\301\001X\000"
  87      39CC25D8 
  87      0F12F2C1 
  87      015800
  88 00fd 07610143 		.ascii	"\007a\001C\021\203j\310@\353\251\375\333\316pi\251\340"
  88      11836AC8 
  88      40EBA9FD 
  88      DBCE7069 
  88      A9E0
  89 010f F5D614FF 		.ascii	"\365\326\024\377\235d \207\014\244\014\207\342\2212"
  89      9D642087 
  89      0CA40C87 
  89      E29132
  90 011e 831F05B2 		.ascii	"\203\037\005\262\367\306\315\022YzK k\316\034n\231o"
  90      F7C6CD12 
  90      597A4B20 
  90      6BCE1C6E 
  90      996F
  91 0130 20C30652 		.ascii	" \303\006R\201\303\361H\314\373\010d\220\371\230\377"
  91      81C3F148 
  91      CCFB0864 
  91      90F998FF 
  92 0140 E1758BEA 		.ascii	"\341u\213\352\307|\223\037\316\244\012GA\305\"\263#"
  92      C77C931F 
  92      CEA40A47 
  92      41C522B3 
  92      23
  93 0151 CF07F548 		.ascii	"\317\007\365Hd\367\331K\015r2\010_\\\340d\240\263\002"
  93      64F7D94B 
  93      0D723208 
  93      5F5CE064 
  93      A0B302
  94 0164 74D680A2 		.ascii	"t\326\200\242OBN\325,L,\302\304\212\002\215\261\021"
  94      4F424ED5 
  94      2C4C2CC2 
  94      C48A028D 
  94      B111
  95 0176 A4C3DADF 		.ascii	"\244\303\332\337\342\034\177\244kP\374\034\371\354k"
  95      E21C7FA4 
  95      6B50FC1C 
  95      F9EC6B
ARM GAS  C:\Users\akudo\AppData\Local\Temp\ccRUxzIk.s 			page 7


  96 0185 693E6859 		.ascii	"i>hY\264\027}V\224\356+\221\201j0]\341c\260\210\370"
  96      B4177D56 
  96      94EE2B91 
  96      816A305D 
  96      E163B088 
  97 019a F0780B85 		.ascii	"\360x\013\205\330=\002\005\313[9\305\024\003\015\225"
  97      D83D0205 
  97      CB5B39C5 
  97      14030D95 
  98 01aa EE1B5961 		.ascii	"\356\033Ya\212\202\036G(\302Y,\240\264\262;\244Io\213"
  98      8A821E47 
  98      28C2592C 
  98      A0B4B23B 
  98      A4496F8B 
  99 01be D24CF55F 		.ascii	"\322L\365_:\253\246WbiB\027\3169\202\376\012\375Q$\002"
  99      3AABA657 
  99      62694217 
  99      CE3982FE 
  99      0AFD5124 
 100 01d3 54DA13B1 		.ascii	"T\332\023\261\005\232f<\011\351\223\034\2100\231=\335"
 100      059A663C 
 100      09E9931C 
 100      8830993D 
 100      DD
 101 01e4 770DFA3E 		.ascii	"w\015\372>n\370\026\246\007\272\303\355\232\360tw\353"
 101      6EF816A6 
 101      07BAC3ED 
 101      9AF07477 
 101      EB
 102 01f5 EEBDAB03 		.ascii	"\356\275\253\003>\275\012\217\221\345\251\011&`\232"
 102      3EBD0A8F 
 102      91E5A909 
 102      26609A
 103 0204 E214A413 		.ascii	"\342\024\244\023M\002\012}\227^\301\267\006#\221\345"
 103      4D020A7D 
 103      975EC1B7 
 103      062391E5 
 104 0214 73A36BE3 		.ascii	"s\243k\343\320OR\215F\317\225\350\351\330D\307\253\365"
 104      D04F528D 
 104      46CF95E8 
 104      E9D844C7 
 104      ABF5
 105 0226 2F2569BD 		.ascii	"/%i\275\250\331\237\275\225{\314\202\350\350\003\337"
 105      A8D99FBD 
 105      957BCC82 
 105      E8E803DF 
 106 0236 A88464C5 		.ascii	"\250\204d\305;p(\226c\331LP\227\220\255\036\322i\366"
 106      3B702896 
 106      63D94C50 
 106      9790AD1E 
 106      D269F6
 107 0249 3FBB7F02 		.ascii	"?\273\177\002h\025Li\014\032P;\000\305\303C\237\216"
 107      68154C69 
 107      0C1A503B 
 107      00C5C343 
 107      9F8E
 108 025b 96A93153 		.ascii	"\226\2511S\027:?\276H\344\216\305\026\2037\316!v.C_"
ARM GAS  C:\Users\akudo\AppData\Local\Temp\ccRUxzIk.s 			page 8


 108      173A3FBE 
 108      48E48EC5 
 108      168337CE 
 108      21762E43 
 109 0270 B474BC46 		.ascii	"\264t\274F!R\222\014~\"\023\036g22\214\363y\2064R\234"
 109      2152920C 
 109      7E22131E 
 109      6732328C 
 109      F3798634 
 110 0286 A6FFF341 		.ascii	"\246\377\363A\034\366\263\244\222\343TS[z5\012\226\301"
 110      1CF6B3A4 
 110      92E35453 
 110      5B7A350A 
 110      96C1
 111 0298 CFA456E2 		.ascii	"\317\244V\342\326\201A\020TL\247\221\226\001\330^z;"
 111      D6814110 
 111      544CA791 
 111      9601D85E 
 111      7A3B
 112 02aa 0CDD9EDA 		.ascii	"\014\335\236\332)\245\326\362r\275,-\314\223\010\361"
 112      29A5D6F2 
 112      72BD2C2D 
 112      CC9308F1 
 113 02ba D5C03F5E 		.ascii	"\325\300?^\263\214s\016M\220\312H\362\315\346\257wY"
 113      B38C730E 
 113      4D90CA48 
 113      F2CDE6AF 
 113      7759
 114 02cc 5102E740 		.ascii	"Q\002\347@\026\2313h\006\031\025\027\267T\374%\247\326"
 114      16993368 
 114      06191517 
 114      B754FC25 
 114      A7D6
 115 02de 4FA3CD64 		.ascii	"O\243\315d\333}\273\245>I\240\317\023\032Z@N4D\201\261"
 115      DB7DBBA5 
 115      3E49A0CF 
 115      131A5A40 
 115      4E344481 
 116 02f3 1B56BD4D 		.ascii	"\033V\275M\367\207\"\221\247\214P\353\377\032\202\266"
 116      F7872291 
 116      A78C50EB 
 116      FF1A82B6 
 117 0303 C74310AC 		.ascii	"\307C\020\254k\177\021\341\315\303\336)Mj2\3721\361"
 117      6B7F11E1 
 117      CDC3DE29 
 117      4D6A32FA 
 117      31F1
 118 0315 7DE765CB 		.ascii	"}\347e\313,.\015.$\342\212)dpW'\0209\2057\335$5\256"
 118      2C2E0D2E 
 118      24E28A29 
 118      64705727 
 118      10398537 
 119 032d D4709154 		.ascii	"\324p\221T\355\242\334\227\260\334\027\215P\372\241"
 119      EDA2DC97 
 119      B0DC178D 
 119      50FAA1
 120 033c F8D4D844 		.ascii	"\370\324\330D\223B\262In\245\372\217t\365\230h\250,"
ARM GAS  C:\Users\akudo\AppData\Local\Temp\ccRUxzIk.s 			page 9


 120      9342B249 
 120      6EA5FA8F 
 120      74F59868 
 120      A82C
 121 034e C249CDD4 		.ascii	"\302I\315\324\017w\346\225\303\267^]\307m\324&1\236"
 121      0F77E695 
 121      C3B75E5D 
 121      C76DD426 
 121      319E
 122 0360 0E51EF4E 		.ascii	"\016Q\357N(\027\360@\345\013\004\216Fj\011\220V\364"
 122      2817F040 
 122      E50B048E 
 122      466A0990 
 122      56F4
 123 0372 065D8444 		.ascii	"\006]\204D\325w\023;\373\346/\256\246\310U\312\260\033"
 123      D577133B 
 123      FBE62FAE 
 123      A6C855CA 
 123      B01B
 124 0384 B9EE5187 		.ascii	"\271\356Q\207(>\350\201\305\030\212\340>v\377\2364\315"
 124      283EE881 
 124      C5188AE0 
 124      3E76FF9E 
 124      34CD
 125 0396 3E672097 		.ascii	">g \227\021\034\275ZO\326\351\356\003\337={\364\213"
 125      111CBD5A 
 125      4FD6E9EE 
 125      03DF3D7B 
 125      F48B
 126 03a8 61AE75BA 		.ascii	"a\256u\272\"\326\351q\374x\003B\357\334\353Tusf\023"
 126      22D6E971 
 126      FC780342 
 126      EFDCEB54 
 126      75736613 
 127 03bc B459F37C 		.ascii	"\264Y\363|\225\012\034\267\036]\367q=\256\221\275)~"
 127      950A1CB7 
 127      1E5DF771 
 127      3DAE91BD 
 127      297E
 128 03ce 3D5A6F69 		.ascii	"=Zoi\344\234\301\365\304\353qC\364\253/j=\252\356\204"
 128      E49CC1F5 
 128      C4EB7143 
 128      F4AB2F6A 
 128      3DAAEE84 
 129 03e2 EAD599C9 		.ascii	"\352\325\231\311\357\025\005\350\027\223\037?\346\003"
 129      EF1505E8 
 129      17931F3F 
 129      E603
 130 03f0 38E6F48A 		.ascii	"8\346\364\212\227\305+\236\372\\\327X\036\000\332\377"
 130      97C52B9E 
 130      FA5CD758 
 130      1E00DAFF 
 131 0400 499E149D 		.ascii	"I\236\024\235\256\024\337\256`v\230\317\243\002\377"
 131      AE14DFAE 
 131      607698CF 
 131      A302FF
 132 040f 32BB5F2B 		.ascii	"2\273_+\351\262\373U\364\213\356/\030\204\305\330)_"
ARM GAS  C:\Users\akudo\AppData\Local\Temp\ccRUxzIk.s 			page 10


 132      E9B2FB55 
 132      F48BEE2F 
 132      1884C5D8 
 132      295F
 133 0421 59C93B06 		.ascii	"Y\311;\006\263\031[\201\374\330\015q=\320u\205B2\011"
 133      B3195B81 
 133      FCD80D71 
 133      3DD07585 
 133      423209
 134 0434 945C2BB7 		.ascii	"\224\\+\267\032F\226IN\271<\362]9%\336_\212\361\017"
 134      1A469649 
 134      4EB93CF2 
 134      5D3925DE 
 134      5F8AF10F 
 135 0448 0186D0DF 		.ascii	"\001\206\320\337\014\360\010\001-\"\005\205\341\237"
 135      0CF00801 
 135      2D220585 
 135      E19F
 136 0456 0A49F4D7 		.ascii	"\012I\364\327\020s\243\331\0069\260\253\340\357\363"
 136      1073A3D9 
 136      0639B0AB 
 136      E0EFF3
 137 0465 D596BE64 		.ascii	"\325\226\276d\220\363\350\334\024\0141d4z\02400\231"
 137      90F3E8DC 
 137      140C3164 
 137      347A1430 
 137      3099
 138 0477 A233CBDB 		.ascii	"\2423\313\333\033^\036\005>\311\025z\264\310\207\032"
 138      1B5E1E05 
 138      3EC9157A 
 138      B4C8871A 
 139 0487 52D08D4A 		.ascii	"R\320\215J\027\350 x\203u\037\022\023aF\220\335\257"
 139      17E82078 
 139      83751F12 
 139      13614690 
 139      DDAF
 140 0499 615133B3 		.ascii	"aQ3\263\226\331\262\326\345\256\311\315),Z\233\353\264"
 140      96D9B2D6 
 140      E5AEC9CD 
 140      292C5A9B 
 140      EBB4
 141 04ab D9E9ECF4 		.ascii	"\331\351\354\364d\276\231iszl\356B\233\307mGa\276#\337"
 141      64BE9969 
 141      737A6CEE 
 141      429BC76D 
 141      4761BE23 
 142 04c0 E574E679 		.ascii	"\345t\346y^\2653\236\357\002\027\024\310\3165\237\270"
 142      5EB5339E 
 142      EF021714 
 142      C8CE359F 
 142      B8
 143 04d1 DE78163A 		.ascii	"\336x\026:\267\300\236W\264\326\021\315\260\216)\353"
 143      B7C09E57 
 143      B4D611CD 
 143      B08E29EB 
 144 04e1 57E71539 		.ascii	"W\347\0259\226=\013\353r\272\013=\266\367Vegeo@\255"
 144      963D0BEB 
ARM GAS  C:\Users\akudo\AppData\Local\Temp\ccRUxzIk.s 			page 11


 144      72BA0B3D 
 144      B6F75665 
 144      67656F40 
 145 04f6 DDE9767C 		.ascii	"\335\351v|\274~i>\022\274\373T\250cC\241-+;ge\316\023"
 145      BC7E693E 
 145      12BCFB54 
 145      A86343A1 
 145      2D2B3B67 
 146 050d EF04B5E7 		.ascii	"\357\004\265\347\177PT`G\364\222\377\036\264g#\305\233"
 146      7F505460 
 146      47F492FF 
 146      1EB46723 
 146      C59B
 147 051f 9C9DB32A 		.ascii	"\234\235\263*m\315j\217\303\345\316}%-c\011\343n\246"
 147      6DCD6A8F 
 147      C3E5CE7D 
 147      252D6309 
 147      E36EA6
 148 0532 613E4EF7 		.ascii	"a>N\367F&\271\326\271\376\00558q\270"
 148      4626B9D6 
 148      B9FE0535 
 148      3871B8
 149              		.text
 150              		.section	.gnu.lto_chPoolAllocI.cfc17785,"",%progbits
 151 0000 789C7592 		.ascii	"x\234u\222\337K\024Q\024\307\317\367\336\231\331]g\245"
 151      DF4B1451 
 151      14C7CFF7 
 151      DE99D95D 
 151      67A5
 152 0012 257A92A0 		.ascii	"%z\222\240@d\037\302\226\205~@a\004\276\364\320[\377"
 152      40641FC2 
 152      96857E40 
 152      6104BEF4 
 152      D05BFF
 153 0025 40688146 		.ascii	"@h\201F\266\342\332\263w\327\355\301\227\010\353!\260"
 153      B6E2DAB3 
 153      77D7EDC1 
 153      9708EB21 
 153      B0
 154 0036 C5C4A2CC 		.ascii	"\305\304\242\314\322\324\2644\310EJ\244\354\207\017"
 154      D2D4B434 
 154      C8454AA4 
 154      EC870F
 155 0045 158A9489 		.ascii	"\025\212\224\211FA\201\233\206\016$\333\2713\232?\033"
 155      4641819B 
 155      860E24DB 
 155      B9339A3F 
 155      1B
 156 0056 98B977CE 		.ascii	"\230\271w\316\334\363\375~\3169#i\353u\222\357\224$"
 156      DCF3FD7E 
 156      CE392369 
 156      EB7592EF 
 156      9424
 157 0068 3ACA2B7C 		.ascii	":\312+|\004q\345\015Q\302/\204L\227\220\3123\346C\244"
 157      0471E50D 
 157      51C22F84 
 157      4C9790CA 
ARM GAS  C:\Users\akudo\AppData\Local\Temp\ccRUxzIk.s 			page 12


 157      33E643A4 
 158 007c 82129617 		.ascii	"\202\022\226\0276\204\331\244\303\326o\0356W\303\026"
 158      3684D9A4 
 158      C3D66F1D 
 158      3657C316 
 159 008c A03704AA 		.ascii	"\2407\004\252\023\3220-\324\341\273\310\012\364w,\274"
 159      13D2302D 
 159      D4E1BBC8 
 159      0AF4772C 
 159      BC
 160 009d B6BF0947 		.ascii	"\266\277\011G\320^\342\327\201\306\221\353\226~\205"
 160      D05EE2D7 
 160      81C691EB 
 160      967E85
 161 00ac A15F1B87 		.ascii	"\241_\033\207\007\346\314\360m\245\222s\311\301\311"
 161      07E6CCF0 
 161      6DA59273 
 161      C9C1C9
 162 00bb E0A5138E 		.ascii	"\340\245\023\216\0204/\010wP\200\273(\320\202m\010\363"
 162      10342F08 
 162      775080BB 
 162      28D0826D 
 162      08F3
 163 00cd C9C45843 		.ascii	"\311\304XC}P\036\200\316\372rk\350&\212Z9+\363\252["
 163      7D501E80 
 163      CEFA726B 
 163      E8268A5A 
 163      392BF3AA 
 164 00e2 1D371C21 		.ascii	"\0357\034!q\017r}\036\207\010\355(\322\307/\267\274"
 164      710F727D 
 164      1E8708ED 
 164      28D2C72F 
 164      B7BC
 165 00f4 9BF2C9C3 		.ascii	"\233\362\311\303n\352\322\304\3503\253\260\205S\247"
 165      6EEAD2C4 
 165      E833ABB0 
 165      8553A7
 166 0103 9CD6E1A0 		.ascii	"\234\326\341\240\032Q\251\251\\n\017\333\342\376F\005"
 166      1A51A9A9 
 166      5C6E0FDB 
 166      E2FE4605 
 167 0113 EFE2946C 		.ascii	"\357\342\224lj\371\243m\245\224R!<@\341\262 M\310`\035"
 167      6AF9A36D 
 167      A5945221 
 167      3C40E1B2 
 167      204DC860 
 168 0128 B0C08B0E 		.ascii	"\260\300\213\016v\356\314\250\\\256\347O\266!\334&\202"
 168      76EECCA8 
 168      5CAEE74F 
 168      B621DC26 
 168      82
 169 0139 201D33A0 		.ascii	" \0353\240\001Lwo1\220\341\347\207\031\340\207e\273"
 169      014C776F 
 169      3190E1E7 
 169      8719E087 
 169      65BB
 170 014b 41A219D6 		.ascii	"A\242\031\326\321]\233\345\252y\225\023H\366u\345\022"
ARM GAS  C:\Users\akudo\AppData\Local\Temp\ccRUxzIk.s 			page 13


 170      D15D9BE5 
 170      AA799513 
 170      48F675E5 
 170      12
 171 015c 524B2F0A 		.ascii	"RK/\012\223\315?\317\274\035\363\353~I\227\245w\251"
 171      93CD3FCF 
 171      BC1DF3EB 
 171      7E4997A5 
 171      77A9
 172 016e F9677E1A 		.ascii	"\371g~\032M\011\2452\273\035\341[\024\006:5,\177\273"
 172      4D09A532 
 172      BB1DE15B 
 172      14063A35 
 172      2C7FBB
 173 0181 B170757C 		.ascii	"\261pu|G\361>6\302C\244\361K3\022\272PL\037\220TQ\027"
 173      47F13E36 
 173      C243A4F1 
 173      4B3312BA 
 173      504C1F90 
 174 0198 975D5997 		.ascii	"\227]Y\227\336#5^\337z\315Z\361A\330+w\226]\322%.E\366"
 174      DE23355E 
 174      DF7ACD5A 
 174      F141D82B 
 174      77965DD2 
 175 01b0 F9B4CFFB 		.ascii	"\371\264\317\373j\255\24706P\300\021~\235\336\275\225"
 175      6AADA730 
 175      3650C011 
 175      7E9DDEBD 
 175      95
 176 01c1 A0C72580 		.ascii	"\240\307%\200&x\304\004,\331\370e\227\026\334T\204\357"
 176      2678C404 
 176      2CD9F865 
 176      9716DC54 
 176      84EF
 177 01d3 FF45F4AE 		.ascii	"\377E\364\256\025\321\207b\006q\011\015\232\017y\204"
 177      15D18762 
 177      0671090D 
 177      9A0F7984 
 178 01e3 2FA657FA 		.ascii	"/\246W\372\344\337\210\264\275^\000\217]=wrO\030\311"
 178      E4DF88B4 
 178      BD5E008F 
 178      5D3D7772 
 178      4F18C9
 179 01f6 EDC18535 		.ascii	"\355\301\2055\205\1775\006\370@?V;bRs\2767\227\341\241"
 179      857F3506 
 179      F8403F56 
 179      3B625273 
 179      BE3797E1 
 180 020b 15BFC0A6 		.ascii	"\025\277\300\246\032\216m\353\331\256\274\031\345a\300"
 180      1A8E6DEB 
 180      D9AEBC19 
 180      E561C0
 181 021a 3596DAF8 		.ascii	"5\226\332\370)\033O\"\245\016zJ6[\023\013:\302\346!"
 181      291B4F22 
 181      A50E7A4A 
 181      365B130B 
 181      3AC2E621 
ARM GAS  C:\Users\akudo\AppData\Local\Temp\ccRUxzIk.s 			page 14


 182 022e 89B511D9 		.ascii	"\211\265\021\331\256\267\345\376\024<\275\020ya\320"
 182      AEB7E5FE 
 182      143CBD10 
 182      7961D0
 183 023d 2724325D 		.ascii	"'$2]/\341\245s{\277\002<\001\371c\3604/\006k\331\346"
 183      2FE1A573 
 183      7BBF023C 
 183      01F963F0 
 183      342F066B 
 184 0253 E85805FF 		.ascii	"\350X\005\377X\320\271\\l\264\364H\244\264\242\262\254"
 184      58D0B95C 
 184      6CB4F448 
 184      A4B4A2B2 
 184      AC
 185 0264 F254EDC5 		.ascii	"\362T\355\3053\225\261H\271\336\307\342\321C\321H,\036"
 185      3395B148 
 185      B9DEC7E2 
 185      D143D148 
 185      2C1E
 186 0276 A9A98DC4 		.ascii	"\251\251\215\304k\3129Xu\266\252:\026;\037\337_N\242"
 186      6BCA3958 
 186      75B6AA3A 
 186      163B1FDF 
 186      5F4EA2
 187 0289 AADA8895 		.ascii	"\252\332\210\225\235\253\376\013B\375Ii"
 187      9DABFE0B 
 187      42FD4969 
 188              		.text
 189              		.section	.gnu.lto_chPoolAlloc.cfc17785,"",%progbits
 190 0000 789C9554 		.ascii	"x\234\225T\357O[e\024~\317\373\336\037m)\2631~\332\027"
 190      EF4F5B65 
 190      147ECFFB 
 190      DE1F6D29 
 190      B3317EDA 
 191 0015 9A10C207 		.ascii	"\232\020\302\007e\035\211J\262H\324\220\030M\344\313"
 191      651D894A 
 191      B248D490 
 191      184DE4CB 
 192 0025 F8037474 		.ascii	"\370\003ttM\250\241\264ia\331>\355\226v.\233\321\030"
 192      4DA8A1B4 
 192      6961D93E 
 192      ED96762E 
 192      9BD118
 193 0038 86119DCD 		.ascii	"\206\021\235\315F\200\350\206\202ln\272\252[EV\221\037"
 193      4680E886 
 193      826C6EBA 
 193      AA5B4556 
 193      911F
 194 004a 1B4C36B3 		.ascii	"\033L6\263\037\331:2\210F\226\300:6\232e\326s\336\266"
 194      1FD93A32 
 194      884696C0 
 194      3A369A65 
 194      D673DEB6 
 195 005e 400B3A6C 		.ascii	"@\013:l\322\366\336s\3569\317s\236\367\334G\260\265"
 195      D2F6DE73 
 195      EE39CF73 
 195      9EF7DC47 
ARM GAS  C:\Users\akudo\AppData\Local\Temp\ccRUxzIk.s 			page 15


 195      B0B5
 196 0070 9F37F17B 		.ascii	"\2377\361{\\cL\007\306@g\300?\274\300X\320\304\271\210"
 196      5C634C07 
 196      C64067C0 
 196      3FBCC058 
 196      D0C4B988 
 197 0084 5433C3A2 		.ascii	"T3\303\242$m\314\260\012\3202a\205\253\207)\254-RX\315"
 197      246DCCB0 
 197      0AD03261 
 197      85AB8729 
 197      AC2D5258 
 198 0099 853500BA 		.ascii	"\2055\000\272`\300\366r\241\250\032\354\205?\371\002"
 198      60C0F672 
 198      A1A81AEC 
 198      853FF902 
 199 00a9 87337DF7 		.ascii	"\2073}\367\307\213\376\340)\316\354\014o\243m\303\035"
 199      C78BFEE0 
 199      29CEEC0C 
 199      6FA36DC3 
 199      1D
 200 00ba 1ADD8242 		.ascii	"\032\335\202B\267m\361\350\274Z\336c\030\255\363\227"
 200      B76DF1E8 
 200      BC5ADE63 
 200      18ADF397 
 201 00ca 2EDFB0EE 		.ascii	".\337\260\356{=\3059Kr\006\237\303f\370\0026S\303cP"
 201      7B3DC539 
 201      4B72069F 
 201      C366F802 
 201      3653C363 
 202 00df 8E4F0627 		.ascii	"\216O\006'\017\204\254\342y\240\252\333\335\203G\241"
 202      0F84ACE2 
 202      79A0AADB 
 202      DD8347A1 
 203 00ef AC0BAB62 		.ascii	"\254\013\253b#'\214W\224\024\027p\034\304\352:\0141"
 203      23278C57 
 203      94141770 
 203      1CC4EA3A 
 203      0C31
 204 0101 E885327A 		.ascii	"\350\2052z\374\203\316\211\204.\252d\351\322\265\261"
 204      FC83CE89 
 204      842EAA64 
 204      E9D2B5B1 
 205 0111 B35A6927 		.ascii	"\263Zi'\226&\372z\342Vc\330\010'\322\351\022\204\205"
 205      9626FA7A 
 205      E25663D8 
 205      0827D2E9 
 205      128485
 206 0124 2FF33B64 		.ascii	"/\363;d>X\262\020~\374{\221\0266\014\303\006_A)\321"
 206      3E58B210 
 206      7EFC7B91 
 206      16360CC3 
 206      065F4129 
 207 0139 43567DA0 		.ascii	"CV}\240\221\\\024\351\177:f\244\323\311+\323\007\252"
 207      915C14E9 
 207      7F3A66A4 
 207      D3C92BD3 
 207      07AA
ARM GAS  C:\Users\akudo\AppData\Local\Temp\ccRUxzIk.s 			page 16


 208 014b 7AF9266C 		.ascii	"z\371&l\2011\001\204\256!\017E\307\037\325\204?\232"
 208      81310184 
 208      AE210F45 
 208      C71FD584 
 208      3F9A
 209 015d 59A62CF2 		.ascii	"Y\246,\362\227\261;\330\207$\233\301\221\361_\\\201"
 209      97B13BD8 
 209      87249BC1 
 209      91F15F5C 
 209      81
 210 016e 561BE125 		.ascii	"V\033\341%{\215v!^\222t\377\232\352\354\261H\272\363"
 210      7B8D7621 
 210      5E9274FF 
 210      9AEAECB1 
 210      48BAF3
 211 0181 0743B3CE 		.ascii	"\007C\263\316\266\220\321\215\227\351\227\221\260\016"
 211      B690D18D 
 211      97E99791 
 211      B00E
 212 018f FDEB1186 		.ascii	"\375\353\021\206\257\241\224$z\177\361$\220\316\272"
 212      AFA19424 
 212      7A7FF124 
 212      90CEBA
 213 019e 9DC10066 		.ascii	"\235\301\000f\257C\353\364\243\375\263\035Z\336D\211"
 213      AF43EBF4 
 213      A3FDB31D 
 213      5ADE4489 
 214 01ae 701FC859 		.ascii	"p\037\310Y\222\034\362gM<x\357\246\312\340\004\245x"
 214      921CF267 
 214      4D3C78EF 
 214      A6CAE004 
 214      A578
 215 01c0 41AAFDDD 		.ascii	"A\252\375\335)\235p\030\234\244\264(P\211\3017\200\353"
 215      299D7018 
 215      9CA4B428 
 215      5089C137 
 215      80EB
 216 01d2 04A74822 		.ascii	"\004\247H\"`s\200\351[sK\207D\311c\210\030\035\366\024"
 216      607380E9 
 216      5B734B87 
 216      44C96388 
 216      181DF614 
 217 01e6 3751C547 		.ascii	"7Q\305G\327\037\005-\012\212\000\247\241D*\375\351\276"
 217      D71F052D 
 217      0A8A00A7 
 217      A1442AFD 
 217      E9BE
 218 01f8 8F3FB162 		.ascii	"\217?\261b\004\276\005E\222f\360\035(\230\030\331\177"
 218      04BE0545 
 218      9266F01D 
 218      289818D9 
 218      7F
 219 0209 F4815262 		.ascii	"\364\201Rb\360L\265\231\236\235\230\213G\315\262\372"
 219      F04CB599 
 219      9E9D988B 
 219      47CDB2FA 
 220 0219 0C554314 		.ascii	"\014UC\024\027*\247\340\261\211\324\250\236Q\215\266"
ARM GAS  C:\Users\akudo\AppData\Local\Temp\ccRUxzIk.s 			page 17


 220      172AA7E0 
 220      B189D4A8 
 220      9E518DB6 
 221 0229 6AE590D7 		.ascii	"j\345\220\327\254IV\263\357\241\364!\216q\015ZO\017"
 221      AC4956B3 
 221      EFA1F421 
 221      8E710D5A 
 221      4F0F
 222 023b A483227F 		.ascii	"\244\203\"\177OR]\377wOb\311\203V\352\231UV)\334\242"
 222      4F525DFF 
 222      774F62C9 
 222      8356EA99 
 222      555629DC 
 223 0250 1F28F5A3 		.ascii	"\037(\365\243\324\350,h\0179\275'\267\356\\\2344\321"
 223      D4E82C68 
 223      0F39BD27 
 223      B7EE5C9C 
 223      34D1
 224 0262 8109D9EC 		.ascii	"\201\011\331\354\324\322\221\273\305\0218\0344\014S"
 224      D4D291BB 
 224      C511381C 
 224      340C53
 225 0271 8A5B901D 		.ascii	"\212[\220\035\234#0L}v\377\320\325\247*z\351 \376\016"
 225      9C23304C 
 225      7D76FFD0 
 225      D5A72A7A 
 225      E920FE0E 
 226 0285 E9B86010 		.ascii	"\351\270`\020\203\010\334#)\250'\374\004\025\244\204"
 226      8308DC23 
 226      29A827FC 
 226      0415A484 
 227 0295 5149CD09 		.ascii	"QI\315\011\013\001\330e\010_\015u\265kY@(\317\020\237"
 227      0B01D865 
 227      085F0D75 
 227      B56B5940 
 227      28CF109F 
 228 02a9 41B848B5 		.ascii	"A\270H\265\240\301\027\206\246\365LV[MGY\207N\021u\030"
 228      A0C11786 
 228      A6F54C56 
 228      5B4D4759 
 228      874E1175 
 229 02be CCA3F32C 		.ascii	"\314\243\363,\361\370Y\362\200,\217!\344\201\215\333"
 229      F1F859F2 
 229      802C8F21 
 229      E4818DDB 
 230 02ce 6E3F436D 		.ascii	"n?Cm7:SLNt>o\2428T +IWaI[\206\356\371i\221\241\253o"
 230      373A534C 
 230      4E743E6F 
 230      A2385420 
 230      2B495761 
 231 02ec A435F2B3 		.ascii	"\2445\362\263\302/\262+\317v\035F~R\226\246\225>\313"
 231      C22FB22B 
 231      CF761D46 
 231      7E5296A6 
 231      953ECB
 232 02ff 635B11FB 		.ascii	"c[\021\373W\310\211\244\262#\305\022u >\230E5m\020\265"
 232      57C889A4 
ARM GAS  C:\Users\akudo\AppData\Local\Temp\ccRUxzIk.s 			page 18


 232      B223C512 
 232      75203E98 
 232      45356D10 
 233 0314 184624AA 		.ascii	"\030F$\252\310\242\216\"\352\015\010\033/d\332\230\021"
 233      C8A28E22 
 233      EA0D081B 
 233      2F64DA98 
 233      11
 234 0325 9761B714 		.ascii	"\227a\267\024\337\204\207\306W\216\314,\201\265\025"
 234      DF8487C6 
 234      578ECC2C 
 234      81B515
 235 0334 67C8842D 		.ascii	"g\310\204-t\264r\277\310\200\244\217\344\266>\317+\356"
 235      74B472BF 
 235      C880A48F 
 235      E4B63ECF 
 235      2BEE
 236 0346 6DC82BC6 		.ascii	"m\310+\306\244W,\017\255ch\374\337\275bh\331+\3245o"
 236      A4572C0F 
 236      AD6368FC 
 236      DFBD6268 
 236      D92BD435 
 237 035b FC05DAE6 		.ascii	"\374\005\332\346\002\003\031]D\003\271H\317k\205\006"
 237      0203195D 
 237      4403B948 
 237      CF6B8506 
 238 036b 129FD109 		.ascii	"\022\237\321\011\234\301\304\372\0062)_\216K\253\014"
 238      9CC1C4FA 
 238      0632295F 
 238      8E4BAB0C 
 239 037b A4FB6E22 		.ascii	"\244\373n\"\252\345\274a\\z\303o\322\033\012\215`\012"
 239      AAE5BC61 
 239      5C7AC36F 
 239      D21B0A8D 
 239      600A
 240 038d 8DE02604 		.ascii	"\215\340&\004\023\341~ \262$\031\233\005<\034.\346\316"
 240      13E17E20 
 240      B224199B 
 240      053C1C2E 
 240      E6CE
 241 039f BD8D7F0A 		.ascii	"\275\215\177\012\352mV\307&\033\320\201\201\364\305"
 241      EA6D56C7 
 241      261BD081 
 241      81F4C5
 242 03ae DACA9A6D 		.ascii	"\332\312\232m\216\232\006w\275\273\256\271e\247\333"
 242      8E9A0677 
 242      BDBBAEB9 
 242      65A7DB
 243 03bd EB70D2B5 		.ascii	"\353p\322\2657P\371b\245\303\033p\370\233\035\001\277"
 243      3750F962 
 243      A5C31B70 
 243      F89B1D01 
 243      BF
 244 03ce 13831E97 		.ascii	"\023\203\036\227\307\347\3656\006\2668\031\367\370\024"
 244      C7E7F536 
 244      06B63819 
 244      F7F814
ARM GAS  C:\Users\akudo\AppData\Local\Temp\ccRUxzIk.s 			page 19


 245 03dd 6FFD3B3E 		.ascii	"o\375;>u\327\216\306\026\327\266'\325\373\274\376\346"
 245      75D78EC6 
 245      16D7B627 
 245      D5FBBCFE 
 245      E6
 246 03ee 80E3D5ED 		.ascii	"\200\343\325\355\2655\265\2731\353\364\372]o\355\252"
 246      B535B5BB 
 246      31EBF4FA 
 246      5D6FEDAA 
 247 03fe F26C6960 		.ascii	"\362li`\325\377Y\352\332\335\354\250\251\255{\243\316"
 247      D5FF59EA 
 247      DADDECA8 
 247      A9AD7BA3 
 247      CE
 248 040f E16E7236 		.ascii	"\341nr6\266\354t9d\251\323\363ZK\223\023\253\267>\011"
 248      B6EC7439 
 248      64A9D3F3 
 248      5A4B9313 
 248      ABB73E09 
 249 0423 78B9AC21 		.ascii	"x\271\254!\260'\200\005\266\332\272\355\366\372\035"
 249      B0278005 
 249      B6DABAED 
 249      F6FA1D
 250 0432 0197CFEF 		.ascii	"\001\227\317\357~\316^\266\225q?\323q.\257\177\017\373"
 250      7ECE5EB6 
 250      95713FD3 
 250      712EAF7F 
 250      0FFB
 251 0444 079648AA 		.ascii	"\007\226H\252\227"
 251      97
 252              		.text
 253              		.section	.gnu.lto_chPoolFreeI.cfc17785,"",%progbits
 254 0000 789C7591 		.ascii	"x\234u\221\317KTQ\024\307\357\367\334\367\336\010c\024"
 254      CF4B5451 
 254      14C7EFF7 
 254      DCF7DE08 
 254      6314
 255 0012 1124B329 		.ascii	"\021$\263)\220\301EL\217\001I\210\240\300e\313\376\003"
 255      90C1454C 
 255      8F014988 
 255      A0C065CB 
 255      FE03
 256 0024 27C18986 		.ascii	"'\301\211\206\367pl\355\235i\\\264Hd\332\010e5T\364"
 256      F7706CED 
 256      9D695CB4 
 256      4864DA08 
 256      653554F4 
 257 0038 431B734A 		.ascii	"C\033sJ\313V\017iaH\226\005I\0315\305\010\265\020\034"
 257      CB560F69 
 257      61489605 
 257      491935C5 
 257      08B5101C 
 258 004c 9DD0B790 		.ascii	"\235\320\267\220\351\3347E\232t\341q~p\276\237\373\275"
 258      E9DC3745 
 258      9A74E171 
 258      7E70BE9F 
 258      FBBD
ARM GAS  C:\Users\akudo\AppData\Local\Temp\ccRUxzIk.s 			page 20


 259 005e E749B1FB 		.ascii	"\347I\261\373D\370\353&!Nr\204\024\240\241y!2M\004\350"
 259      44F8EB26 
 259      214E7284 
 259      14A0A179 
 259      21324D04 
 260 0073 4440F413 		.ascii	"D@\364\023\372\361\203\252\204!ot8\334vG)\265ZZj\031"
 260      FAF183AA 
 260      84216F74 
 260      38DC7647 
 260      29B55A5A 
 261 0089 68F159B6 		.ascii	"h\361Y\266N\015\014\356\242\215G2\013\227.6\313v\010"
 261      4E0D0CEE 
 261      A28D4732 
 261      0B972E36 
 261      CB7608
 262 009c CEA78BB5 		.ascii	"\316\247\213\265W\341\357\344\023\016\353\362y~v\330"
 262      57E1EFE4 
 262      130EEBF2 
 262      797E76D8 
 263 00ac D22519BA 		.ascii	"\322%\031\272\374z{\346&\242\267\224\312z/K\352\224"
 263      FC7A7BE6 
 263      26A2B794 
 263      CA7A2F4B 
 263      EA94
 264 00be E193C43D 		.ascii	"\341\223\304=H\346\341>\"x\200\210\340\226\300(\242"
 264      48E6E13E 
 264      22788088 
 264      E096C028 
 264      A2
 265 00cf 3C3D5878 		.ascii	"<=XxS\016\311\216\200\373npu\314j(\227\032J\003c\377"
 265      530EC98E 
 265      80FB6E70 
 265      75CC6A28 
 265      971A4A03 
 266 00e5 2A0D8187 		.ascii	"*\015\201\207\210\352\361\027\3372\233!y\"\220\326\256"
 266      88EAF117 
 266      DF329B21 
 266      792290D6 
 266      AE
 267 00f6 CFBF0DB7 		.ascii	"\317\277\015\267\026XZ\376\264<\327\254fU\256\\\257"
 267      16585AFE 
 267      B43CD7AC 
 267      6655AE5C 
 267      AF
 268 0107 1FF2C944 		.ascii	"\037\362\311Dq'\241qXR\315m-\206\255\034?z\037\306\321"
 268      7127A171 
 268      5852CD6D 
 268      2D86AD1C 
 268      3F7A1FC6 
 269 011c BAF5E7CD 		.ascii	"\272\365\347\315x\004\013\034\307\367{\252^__\311_\266"
 269      78040B1C 
 269      C7F77BAA 
 269      5E5F5FC9 
 269      5FB6
 270 012e 8B1402F4 		.ascii	"\213\024\002\364\265\022\332\266\3016L!*<\255W\271L"
 270      B512DAB6 
 270      C1364C21 
ARM GAS  C:\Users\akudo\AppData\Local\Temp\ccRUxzIk.s 			page 21


 270      2A3CAD57 
 270      B94C
 271 0140 A4A37C8F 		.ascii	"\244\243|\217\2547=w0\3203p\203 >\";U\255\315\230\272"
 271      AC373D77 
 271      30D03370 
 271      83203E22 
 271      3B55ADCD 
 272 0156 B74106DF 		.ascii	"\267A\006\337\372\245\362z\241I/K\006&&7o\254\354\031"
 272      FAA5F27A 
 272      A1492F4B 
 272      06262637 
 272      6FACEC19 
 273 016a C155F8C4 		.ascii	"\301U\370\304\003\022\023\332!\367\257\325\256|\330"
 273      031213DA 
 273      21F7AFD5 
 273      AE7CD8
 274 0179 1B3BA2FD 		.ascii	"\033;\242\375\2270\202\265\340g\3401b\032\231/\034\320"
 274      973082B5 
 274      E067E031 
 274      621A992F 
 274      1CD0
 275 018b C0ED3473 		.ascii	"\300\3554s\007-\243\224g\371\024b\013x\262\2338\031"
 275      072DA394 
 275      67F91462 
 275      0B78B29B 
 275      3819
 276 019d 10F51B31 		.ascii	"\020\365\0331\205\030\373\012\240\023?\327\344o\354"
 276      8518FB0A 
 276      A0133FD7 
 276      E46FEC
 277 01ac 768EF97F 		.ascii	"v\216\371\177gO\377:{\2469\020\237\221\361\026Ok\212"
 277      674FFF3A 
 277      7BA63910 
 277      9F91F116 
 277      4F6B8A
 278 01bf EE56B8C3 		.ascii	"\356V\270\303\213\341\211x\347q\273\263'\331\225<\323"
 278      8BE18978 
 278      E771BBB3 
 278      27D9953C 
 278      D3
 279 01d0 77E16CD2 		.ascii	"w\341l\322\261\023:w\322\361cq\333I\333\275}v\2727\301"
 279      B1133A77 
 279      D2F16371 
 279      DB49DBBD 
 279      7D76BA37 
 280 01e5 CD5477CA 		.ascii	"\315Tw\312u\234\363\351\243\011A)\327p\272\316\271\322"
 280      759CF3E9 
 280      A3094129 
 280      D770BACE 
 280      B9D2
 281 01f7 ED717F01 		.ascii	"\355q\177\001\232\225\352\254"
 281      9A95EAAC 
 282              		.text
 283              		.section	.gnu.lto_chPoolFree.cfc17785,"",%progbits
 284 0000 789C8D54 		.ascii	"x\234\215T\355k\233U\034\275\347>/i\233\212E\004G\277"
 284      ED6B9B55 
 284      1CBDE73E 
ARM GAS  C:\Users\akudo\AppData\Local\Temp\ccRUxzIk.s 			page 22


 284      2F699B8A 
 284      450447BF 
 285 0014 2450CA3E 		.ascii	"$P\312>h\367\254 \033\014eJA\360C\277\254\177\200\254"
 285      68F7AC20 
 285      1B0C654A 
 285      41F043BF 
 285      AC7F80AC 
 286 0028 59A09166 		.ascii	"Y\240\221fOH\332\261\301`O\332\316M\3051\262\211\255"
 286      4F48DAB1 
 286      C1604FDA 
 286      CE4DC531 
 286      B289AD
 287 003b 5A6D5987 		.ascii	"ZmY\207\316\316\315\275j\253\326X\267Z\333\255ku\370"
 287      CECECDBD 
 287      6AABD658 
 287      B75ADBAD 
 287      6B75F8
 288 004e D2C116BB 		.ascii	"\322\301\026\273n(v\320\364ek\030#\376~7\351\\\322h"
 288      6E2876D0 
 288      F4656B18 
 288      23FE7E37 
 288      E95CD268 
 289 0062 0D84DC7B 		.ascii	"\015\204\334{\177\367\234{~\347\336\023M\254\374\224"
 289      7FF79C7B 
 289      7EE7DE13 
 289      4DACFC94 
 290 0072 D377B721 		.ascii	"\323w\267!\204\033B@\023\220\007\307\204\210\026I\200"
 290      841B4240 
 290      139007C7 
 290      84881649 
 290      80
 291 0083 0702628F 		.ascii	"\007\002b\217\304\036\374)\223\022\007\343\275\355\356"
 291      C41EFC29 
 291      931207E3 
 291      BDEDEE
 292 0092 B5471DC7 		.ascii	"\265G\035\307\231\215%\327\354]\223\222B\314\313\014"
 292      998D25D7 
 292      EC5D9392 
 292      42CCCB0C 
 293 00a2 0D3EC25A 		.ascii	"\015>\302Z\332\022\235x\275\265T{\026\202\306}'\026"
 293      DA129D78 
 293      BDB5547B 
 293      1682C67D 
 293      2716
 294 00b4 2EBBFF90 		.ascii	".\273\377\220)\011/O\373c\303\355&O\245\316\323\337"
 294      29092F4F 
 294      FB63C3ED 
 294      264FA5CE 
 294      D3DF
 295 00c6 7B06BB50 		.ascii	"{\006\273Py\304qZ\342\303\247\235\027\364\224\324\360"
 295      79C4715A 
 295      E2C3A79D 
 295      17F494D4 
 295      F0
 296 00d7 3134E2C3 		.ascii	"14\342\3031\224\343\023\224\013Z\022\350E%\355>\320"
 296      3194E313 
 296      940B5A12 
ARM GAS  C:\Users\akudo\AppData\Local\Temp\ccRUxzIk.s 			page 23


 296      E84525ED 
 296      3ED0
 297 00e9 3D9E7069 		.ascii	"=\236pi\033\025\357O\007f\217\233\031\344d\006\251\343"
 297      1B15EF4F 
 297      07668F9B 
 297      19E46406 
 297      A9E3
 298 00fb 783E5217 		.ascii	"x>R\027\370\024\225\274=\331\366\340\027\267\331F\252"
 298      F81495BC 
 298      3DD9F6E0 
 298      17B7D946 
 298      AA
 299 010c CB326A71 		.ascii	"\3132jq\002&5+N>\021w\322\351#gg\222z\261$\210\241\201"
 299      0226352B 
 299      4E3E1177 
 299      D2E92367 
 299      67927AB1 
 300 0124 4FD3A190 		.ascii	"O\323\241\220b\232\366\262\005\267\244\344_\355g\264"
 300      629AF6B2 
 300      05B7A4E4 
 300      5FED67B4 
 301 0134 9431DF7C 		.ascii	"\2241\337|\257sX\323\236SR\376\272\332}\264\244\242"
 301      AF7358D3 
 301      9E5352FE 
 301      BADA7DB4 
 301      A4A2
 302 0146 9BA4CCBE 		.ascii	"\233\244\314\276\321z\333\027kuzh\230\336\354II\023"
 302      D17ADB17 
 302      6B757A68 
 302      98DEEC49 
 302      4913
 303 0158 27733565 		.ascii	"'s5e}\372\014\025\334\375[\213g\300f\230^\201ST\275"
 303      7DFA0C15 
 303      DCFD5B8B 
 303      67C06698 
 303      5E815354 
 304 016d 8696A9FB 		.ascii	"\206\226\251\373\373n\267\2339\212\023\323SPz\347%r"
 304      FB6EB79B 
 304      398A13D3 
 304      53507AE7 
 304      2572
 305 017f 7B49DC7D 		.ascii	"{I\334}\363\272!p\232K2\257t\370\265\253.>G\340\014"
 305      F3BA2170 
 305      9A4B32AF 
 305      74F8B5AB 
 305      2E3E47E0 
 306 0194 97B57C17 		.ascii	"\227\265|\027p\026&)9\3076@\314\200\3127f\226\016i\236"
 306      70162629 
 306      39C73640 
 306      CC80CA37 
 306      66960E69 
 307 01a9 07E874DA 		.ascii	"\007\350t\332\275)\351b\304\333\327\356GKt2\001\347"
 307      BD29E962 
 307      C4DBD7EE 
 307      474B7432 
 307      01E7
 308 01bb E111BCF2 		.ascii	"\341\021\274\362\356\336w:Ji\005\237CW\242\005\276\200"
ARM GAS  C:\Users\akudo\AppData\Local\Temp\ccRUxzIk.s 			page 24


 308      EEDE773A 
 308      4A69059F 
 308      4357A205 
 308      BE80
 309 01cd 4E85917D 		.ascii	"N\205\221}]wu\217#3\350\"\336;>3\324_\254\320}\214F"
 309      5D77758F 
 309      2333E822 
 309      DE3B3E33 
 309      D45FACD0 
 310 01e4 3F74B1EC 		.ascii	"?t\261\354\340\261\361\324\250+\343Z,\371k\2513\354"
 310      E0B1F1D4 
 310      A82BE35A 
 310      2CF96BA9 
 310      33EC
 311 01f6 B425D269 		.ascii	"\264%\322iO\201\027\220\365\354KT\334\2436\226\361K"
 311      4F811790 
 311      F5EC4B54 
 311      DCA33696 
 311      F14B
 312 0208 9397064C 		.ascii	"\223\227\006L\205w:\234.\271?\236No.\360\010\262\340"
 312      85773A9C 
 312      2EB93F9E 
 312      4E6F2EF0 
 312      08B2E0
 313 021b AF18AC0E 		.ascii	"\257\030\254\016\217\367\215>E\360\013S\321%\227\266"
 313      8FF78D3E 
 313      45F00B53 
 313      D12597B6 
 314 022b 3FE3E8C2 		.ascii	"?\343\350\302\007c?\272Wp\031\370\272\020W\216\217\361"
 314      07633FBA 
 314      577019F8 
 314      BA10578E 
 314      8FF1
 315 023d 8E313039 		.ascii	"\216109\253\313\336\221\236\3474\006\270\364\215r;N"
 315      ABCBDE91 
 315      9EE73406 
 315      B8F48D72 
 315      3B4E
 316 024f 6E0F64A4 		.ascii	"n\017d\244L\242\345|ra\320\340\265{\222\223uc\372\312"
 316      4CA2E57C 
 316      7261D0E0 
 316      B57B9293 
 316      7563FACA 
 317 0263 44113F07 		.ascii	"D\021?\007M\035rn\351\303;\217u\342\275\250\343\024"
 317      4D1D726E 
 317      E9C33B8F 
 317      75E2BDA8 
 317      E314
 318 0275 A56431F5 		.ascii	"\245d1\365\216oY\004\225\336_8\364\333\343UO\263\304"
 318      8E6F5904 
 318      95DE5F38 
 318      F4DBE355 
 318      4FB3C4
 319 0288 4174628E 		.ascii	"Atb\216\035\346\003\360\035\252\2308\326\375$\323>\312"
 319      1DE603F0 
 319      1DAA9838 
 319      D6FD24D3 
ARM GAS  C:\Users\akudo\AppData\Local\Temp\ccRUxzIk.s 			page 25


 319      3ECA
 320 029a 6914E02C 		.ascii	"i\024\340,!\035\270\220\303\331\313=\231L|Q\021#K<\204"
 320      211DB890 
 320      C3D9CB3D 
 320      994C7C51 
 320      11234B3C 
 321 02af 2A12A9B8 		.ascii	"*\022\251\270O-\316iY\366U%*:\203\351\276\317\3219\314"
 321      4F2DCE69 
 321      59F65525 
 321      2A3A83E9 
 321      BECFD139 
 322 02c4 74FFBC85 		.ascii	"t\377\274\205\234\004\315\375\257\004\375\240\022\364"
 322      9C04CDFD 
 322      AF04FDA0 
 322      12F4
 323 02d2 B03D3677 		.ascii	"\260=6w\344\337\023\324ss9A\306\212\034\214\362\315"
 323      E4DF13D4 
 323      73733941 
 323      C68A1C8C 
 323      F2CD
 324 02e4 E4C56A74 		.ascii	"\344\305jt\221bu\211\367\233\371\261\032\272\345\342"
 324      91627589 
 324      F79BF9B1 
 324      1ABAE5E2 
 325 02f4 C3052E17 		.ascii	"\303\005.\027\216\325\230\272\350+\217\304\252\347N"
 325      8ED598BA 
 325      E82B8FC4 
 325      AAE74E
 326 0303 A2DF5C4E 		.ascii	"\242\337\\N\314\210J\314\270JL~<&(\036\327\021M\\\274"
 326      CC884ACC 
 326      B84A4C7E 
 326      3C26281E 
 326      D7114D5C 
 327 0318 59CC62B9 		.ascii	"Y\314b\271\317i\272\001\372\337\241=\3255\233\254\232"
 327      CF69BA01 
 327      FADFA13D 
 327      D5359BAC 
 327      9A
 328 0329 86407DA0 		.ascii	"\206@}\240\256\251y[\300\266|<\266#\325\033\252-;b\205"
 328      AEA9795B 
 328      C0B67C3C 
 328      B623D51B 
 328      AA2D3B62 
 329 033e 9BAC48D8 		.ascii	"\233\254H\330G\213A\1770d\333\215\221u>!\203!\335\256"
 329      478B417F 
 329      3064DB8D 
 329      91753E21 
 329      8321DDAE 
 330 0352 7F3564EC 		.ascii	"\1775d\354\330\332\330\354\337\264\032>d\207\233\"\326"
 330      D8DAD8EC 
 330      DFB41A3E 
 330      64879B22 
 330      D6
 331 0363 8B5B6A6B 		.ascii	"\213[jkjwR\325g\207\375\257\354\330\030\\\327 \236\377"
 331      6A7752D5 
 331      6787FDAF 
 331      ECD8185C 
ARM GAS  C:\Users\akudo\AppData\Local\Temp\ccRUxzIk.s 			page 26


 331      D7209EFF 
 332 0377 4FA87F67 		.ascii	"O\250\177g\223US[\367r\235\025\330\356kl\336\346\267"
 332      9355535B 
 332      F7729D15 
 332      D8EE6B6C 
 332      DEE6B7
 333 038a 14D4177C 		.ascii	"\024\324\027|\251y\273\217\320\353W;\370!\254!\262+"
 333      A979BB8F 
 333      D0EB573B 
 333      F821AC21 
 333      B22B
 334 039c 4280B2DA 		.ascii	"B\200\262\332\272-\336\372\255\021\177(\034x\306[\271"
 334      BA2DDEFA 
 334      AD117F28 
 334      1C78C65B 
 334      B9
 335 03ad 5EC8B070 		.ascii	"^\310\260pQ_vx\227\320B\015\241\277\001dDC\003"
 335      515F7678 
 335      97D0420D 
 335      A1BF0164 
 335      444303
 336              		.text
 337              		.section	.gnu.lto_.symbol_nodes.cfc17785,"",%progbits
 338 0000 789C55C8 		.ascii	"x\234U\310\253\015\200P\020\005\321\331}KB\311\270\333"
 338      AB0D8050 
 338      1005D1D9 
 338      7D4B42C9 
 338      B8DB
 339 0012 02024D28 		.ascii	"\002\002M(\202\032\300Q\011\206\257\006\201`\307Lr\012"
 339      821AC051 
 339      0986AF06 
 339      8160C74C 
 339      720A
 340 0024 D0F0E59B 		.ascii	"\320\360\345\233\011\332\005$\372\241\306w\223%8L\236"
 340      09DA0524 
 340      FAA1C677 
 340      9325384C 
 340      9E
 341 0035 E0349504 		.ascii	"\3404\225\004\227)\022\334\246\352\017\341\214\323\352"
 341      972912DC 
 341      A6EA0FE1 
 341      8CD3EA
 342 0044 44A19BDF 		.ascii	"D\241\233\337\363\000\241\243#\326"
 342      F300A1A3 
 342      23D6
 343              		.text
 344              		.section	.gnu.lto_.refs.cfc17785,"",%progbits
 345 0000 789C6366 		.ascii	"x\234cf```d\200\002\000\000=\000\005"
 345      60606064 
 345      80020000 
 345      3D0005
 346              		.text
 347              		.section	.gnu.lto_.decls.cfc17785,"",%progbits
 348 0000 789CAD57 		.ascii	"x\234\255WkP\024W\026\356\333=\300\3140\200\253\251"
 348      6B501457 
 348      16EEDB3D 
 348      C0CC3080 
ARM GAS  C:\Users\akudo\AppData\Local\Temp\ccRUxzIk.s 			page 27


 348      ABA9
 349 0012 35E5D6D6 		.ascii	"5\345\326\326\"VQ&\245\"1\232h\355n4\326\272\261*F+"
 349      22565126 
 349      A522319A 
 349      68ED6E34 
 349      D6BAB12A 
 350 0028 567E49D5 		.ascii	"V~I\325\004\207Q\330\000\3432C6\356\257\346\241\001"
 350      048751D8 
 350      00E33243 
 350      36EEAFE6 
 350      A101
 351 003a 5F3C8C88 		.ascii	"_<\214\210/\034\004\201\200\340\010\202\362\210\214"
 351      2F1C0481 
 351      80E00882 
 351      F2888C
 352 0049 2882C8CB 		.ascii	"(\202\310\313WD\321u\304Hp\015\012\370\002E\331s\317"
 352      5744D175 
 352      C448700D 
 352      0AF80245 
 352      D973CF
 353 005c ED669A91 		.ascii	"\355f\232\221\321\354\326N\325\245\357\351>\367;\337"
 353      D1ECD64E 
 353      D5A5EFE9 
 353      3EF73BDF 
 354 006c 77CE7D21 		.ascii	"w\316}!p\034\327\314s\334\010\374\006\3758\256E\340"
 354      701CD7CC 
 354      73DC08FC 
 354      06FD38AE 
 354      45E0
 355 007e 382F78B7 		.ascii	"8/x\267\002\032\201v\224c?Ohm\320.C\273\012\255\023"
 355      021A8176 
 355      94633F4F 
 355      686DD02E 
 355      43BB0AAD 
 356 0093 9A035A17 		.ascii	"\232\003Z\027\367\352\217\372\251%\014_h:hg\241\025"
 356      F7EA8FFA 
 356      A9250C5F 
 356      683A6867 
 356      A115
 357 00a5 4B780DD0 		.ascii	"Kx\015\320\252\241A(\256\016\332ih\365R\2746\351\331"
 357      AAA14128 
 357      AE0EDA69 
 357      68F552BC 
 357      36E9D9
 358 00b8 EF827959 		.ascii	"\357\202yY\302r\305\\.\341~\"a\016B{\001\215\007\020"
 358      C272C55C 
 358      2EE17E22 
 358      610E427B 
 358      018D0710 
 359 00cc 015A9514 		.ascii	"\001Z\225\024\017$r5R,\215\204\347A\030\1775<\265\320"
 359      0F247235 
 359      522C8D84 
 359      E741187F 
 359      353CB5D0 
 360 00e0 2610A669 		.ascii	"&\020\246i\"<\337\"\214\307\357\310X\036W\245\3302\207"
 360      223CDF22 
 360      8CC7EFC8 
ARM GAS  C:\Users\akudo\AppData\Local\Temp\ccRUxzIk.s 			page 28


 360      581E57A5 
 360      D83287
 361 00f3 E5120F1A 		.ascii	"\345\022\017\032\273T\342A\343UIZ)7\0334\225\244\265"
 361      BB54E241 
 361      E355495A 
 361      29371B34 
 361      95A4B5
 362 0106 46D27A5A 		.ascii	"F\322zZ\322yUz\006\270\304\241\371\365{C\034\245\326"
 362      D279557A 
 362      06B8C4A1 
 362      F9F57B43 
 362      1CA5D6
 363 0119 5F1BD34B 		.ascii	"_\033\323K\302Vj\276\252\320\354\372\243\371\030\257"
 363      C2566ABE 
 363      AAD0ECFA 
 363      A3F918AF 
 364 0129 96CB252E 		.ascii	"\226\313%.r\\^\021\213H\343\350s\272\013&\315\267\367"
 364      725C5E11 
 364      8B48E3E8 
 364      73BA0B26 
 364      CDB7F7
 365 013c 6BF0C6D3 		.ascii	"k\360\306\323\244\304\366\342^_3\327_?O*K\036\265x\367"
 365      A4C4F6E2 
 365      5E5F33D7 
 365      5F3F4F2A 
 365      4B1EB578 
 366 0151 F0C457EB 		.ascii	"\360\304W\353O\315\252\364\306LO0uZ\0255k\362\216x\010"
 366      4FCDAAF4 
 366      C64C4F30 
 366      755A1535 
 366      6BF28E78 
 367 0166 100DBA39 		.ascii	"\020\015\2729\231\267.ig\024\212\242\230$\332\033\211"
 367      99B72E69 
 367      67148AA2 
 367      9824DA1B 
 367      89
 368 0177 13212EAF 		.ascii	"\023!.\257z\213\027\014\371D\213\346\315=C\271\0324"
 368      7A8B170C 
 368      F9448BE6 
 368      CD3D43B9 
 368      1A34
 369 0189 E9AAF183 		.ascii	"\351\252\361\203W|[Q\331-\035\321\006&\211b\274\230"
 369      577C5B51 
 369      D92D1DD1 
 369      06268962 
 369      BC98
 370 019b 9A206A1A 		.ascii	"\232 j\032}9\222O\246\220\0022\205#%$\020\234I!\231"
 370      7D39924F 
 370      A6900232 
 370      85232524 
 370      109C4921 
 371 01b0 C1912278 		.ascii	"\301\221\"xy\010^\346B\230\276\202\216\326\311\242\250"
 371      79085EE6 
 371      4298BE82 
 371      8ED6C9A2 
 371      A8
 372 01c1 22C5444B 		.ascii	"\"\305DK\276'\002z@\336h\034)\364/C\331\017t*\310\000"
ARM GAS  C:\Users\akudo\AppData\Local\Temp\ccRUxzIk.s 			page 29


 372      BE27027A 
 372      40DE681C 
 372      29F42F43 
 372      D90F742A 
 373 01d7 FAAC42CA 		.ascii	"\372\254B\312\033/\027\017\251'\357\000\000\032j\202"
 373      1B2F170F 
 373      A927EF00 
 373      001A6A82 
 374 01e7 8A2CD78D 		.ascii	"\212,\327\215\306\342\210\215L\206\277\207\211\212\001"
 374      C6E2888D 
 374      4C86BF87 
 374      898A01
 375 01f6 D8EF1E29 		.ascii	"\330\357\036)\324\010\261(pOfw\212V\267\311\311\221"
 375      D408B128 
 375      704F6677 
 375      8A56B7C9 
 375      C991
 376 0208 3A2B8696 		.ascii	":+\206\226\022\235D\001$\345\245\027\225\371\220@\035"
 376      129D4401 
 376      24E5A517 
 376      95F99040 
 376      1D
 377 0219 12DDB4A1 		.ascii	"\022\335\264\241\363-J\364(x\034q\022\205\001\214\251"
 377      F32D4AF4 
 377      28781C71 
 377      1285018C 
 377      A9
 378 022a 3B4C5206 		.ascii	";LR\006\322\235\260t<\360\260\325\026%k\260\"_RZO7\364"
 378      D29DB074 
 378      3CF0B0D5 
 378      16256BB0 
 378      225F525A 
 379 0241 256BB122 		.ascii	"%k\261\":j\246\347\227:t\3021\202\224\313\207\255\303"
 379      3A6AA6E7 
 379      973A74C2 
 379      318294CB 
 379      87ADC3
 380 0254 1E423D33 		.ascii	"\036B=3\256\354O\267\022\341<\032\252\302\302\223M\032"
 380      AEEC4FB7 
 380      12E13C1A 
 380      AAC2C293 
 380      4D1A
 381 0266 32491710 		.ascii	"2I\027\020\230&eb\241E\221\363\343\300\262\212L\242"
 381      98266562 
 381      A14591F3 
 381      E3C0B28A 
 381      4CA2
 382 0278 81C90F40 		.ascii	"\201\311\017@\242\206\004\274\302\224~w\252\257fb\254"
 382      A28604BC 
 382      C2947E77 
 382      AAAF6662 
 382      AC
 383 0289 E0D05799 		.ascii	"\340\320W\231\237\365\373]\242\265\216\320\267\244R"
 383      9FF5FB5D 
 383      A2B58ED0 
 383      B7A452
 384 0298 C21A059F 		.ascii	"\302\032\005\237N\375\337\205?XF\307\340l5\375\316I"
ARM GAS  C:\Users\akudo\AppData\Local\Temp\ccRUxzIk.s 			page 30


 384      4EFDDF85 
 384      3F5846C7 
 384      E06C35FD 
 384      CE49
 385 02aa 2A9D1347 		.ascii	"*\235\023G<\322\\\316\013)lz\365\225\234xN\204\235\314"
 385      3CD25CCE 
 385      0B296C7A 
 385      F5959C78 
 385      4E849DCC 
 386 02be A8160F2D 		.ascii	"\250\026\017-\020\362X?wG\306!\017\324\257\006\323\243"
 386      10F2583F 
 386      7747C621 
 386      0FD4AF06 
 386      D3A3
 387 02d0 696B6EBE 		.ascii	"ikn\276\037\011\230\024\020\020H\2718\222O\265\352\304"
 387      1F099814 
 387      101048B9 
 387      38924FB5 
 387      EAC4
 388 02e2 C6D9C8E4 		.ascii	"\306\331\310\344\004095>\023\226\005\021\263P\016\237"
 388      04303935 
 388      3E139605 
 388      11B3500E 
 388      9F
 389 02f3 2B50D429 		.ascii	"+P\324))\005g \005u$\200\234\206V/\245\002\3217\345"
 389      29056720 
 389      05752480 
 389      9C86562F 
 389      A502D137 
 390 0308 30743ABD 		.ascii	"0t:\275j\307E\317\247@\350l\335\222\343\011\256t\022"
 390      6AC745CF 
 390      A740E86C 
 390      DD92E309 
 390      AE7412
 391 031b D85D5D4F 		.ascii	"\330]]O\222\2619I\312\361\024\011uy%+|\335\231'U:2)"
 391      92B13949 
 391      CAF11409 
 391      7579252B 
 391      7CDD9927 
 392 0333 703CC6A4 		.ascii	"p<\306\244\021\210\276\2164\202o3\250I\0038\035sNE\032"
 392      1188BE8E 
 392      34826F33 
 392      A8490338 
 392      1D734E45 
 393 0348 494EBBED 		.ascii	"IN\273\355\301\223^\335\230y\3360\246\322gY\245\301"
 393      C1935EDD 
 393      9879DE30 
 393      A6D26759 
 393      A5C1
 394 035a F3686566 		.ascii	"\363hef\261\037./*\212-\257\307U=\327\275G\227\\\023"
 394      B11F2E2F 
 394      2A8A2DAF 
 394      C7553DD7 
 394      BD47975C 
 395 036f C197ADDD 		.ascii	"\301\227\255\335\266\353j|\011\203\3119\366\322\356"
 395      B6EB6A7C 
 395      0983C939 
ARM GAS  C:\Users\akudo\AppData\Local\Temp\ccRUxzIk.s 			page 31


 395      F6D2EE
 396 037e B01EF651 		.ascii	"\260\036\366Q.\304\025\277UDi\301\205\330,/\304\235"
 396      2EC415BF 
 396      554469C1 
 396      85D82C2F 
 396      C49D
 397 0390 E7BA32FC 		.ascii	"\347\2722\374\204RV\362\275\027\263\022\005\377,\321"
 397      845256F2 
 397      BD17B312 
 397      05FF2CD1 
 398 03a0 6AEBDB7C 		.ascii	"j\353\333|\257{6L\265x\361\345\310\010\301Q\244uT\026"
 398      AF7B364C 
 398      B578F1E5 
 398      C808C151 
 398      A4755416 
 399 03b4 47FB288B 		.ascii	"G\373(\213\264\021\1777\373A\361\201\363\205\354\035"
 399      B4117F37 
 399      FB41F181 
 399      F385EC1D 
 400 03c4 6C04ED8C 		.ascii	"l\004\355\214Z^\346Y\207n\224\357y\366\262\337\326\276"
 400      5A5EE659 
 400      876E94EF 
 400      79F6B2DF 
 400      D6BE
 401 03d6 CD3DDF8B 		.ascii	"\315=\337\213\310\367\202\314W\334\272\347\004/<f|\023"
 401      C8F782CC 
 401      57DCBAE7 
 401      042F3C66 
 401      7C13
 402 03e8 0F5C9F89 		.ascii	"\017\\\237\211t\255ga\012\210\366\221\221\217\250?\271"
 402      74AD6761 
 402      0A88F691 
 402      918FA83F 
 402      B9
 403 03f9 A4607A49 		.ascii	"\244`zIfz\031\231\016\375X\321\3527\312\2001\355\334"
 403      667A1999 
 403      0EFD58D1 
 403      EA37CA80 
 403      31EDDC
 404 040c B0BDDBCF 		.ascii	"\260\275\333\317\355\316u\005\011\374(\023\270v\340"
 404      EDCE7505 
 404      09FC2813 
 404      B876E0
 405 041b 48B0B041 		.ascii	"H\260\260A`\313\245\371\373N\015\020p\330\034\203\267"
 405      60CBA5F9 
 405      FB4E0D10 
 405      70D81C83 
 405      B7
 406 042c 8DF64471 		.ascii	"\215\366Dqxd$A\215CH\207\202C\207\314\341*r\270W\321"
 406      78642441 
 406      8D434887 
 406      824387CC 
 406      E12A72B8 
 407 0442 F5C25748 		.ascii	"\365\302WHg\030\025mO*\274\231\210\342\203\262\010\012"
 407      6718156D 
 407      4F2ABC99 
 407      88E283B2 
ARM GAS  C:\Users\akudo\AppData\Local\Temp\ccRUxzIk.s 			page 32


 407      080A
 408 0454 704D0170 		.ascii	"pM\001pM\006\350D\200\272\266\343\031DN-\323\320r'\245"
 408      4D06E844 
 408      80BAB6E3 
 408      19444E2D 
 408      D3D07227 
 409 0469 D599D9EB 		.ascii	"\325\231\331\353,\263\025\335\035\203j\267\231\375\027"
 409      2CB315DD 
 409      1D836AB7 
 409      99FD17
 410 0478 0ABB210B 		.ascii	"\012\273!\013{\\^\370\235Z\310b\254Z\012\357'y1e\235"
 410      7B5C5EF8 
 410      9D5AC862 
 410      AC5A0AEF 
 410      27793165 
 411 048d F50A6530 		.ascii	"\365\012e0\206\334T\020\273)\023s \261\206}/v\371\011"
 411      86DC5410 
 411      BB291373 
 411      20B1867D 
 411      2F76F909 
 412 04a1 850C6367 		.ascii	"\205\014cg\366A;A\014kr>SV\013\213\217B\334R@\334\222"
 412      F6413B41 
 412      0C6B723E 
 412      53560B8B 
 412      8F42DC52 
 413 04b8 21BA10A2 		.ascii	"!\272\020\242\261h\337\227B9\"\250n\357\265U\370\221"
 413      B168DF97 
 413      423922A8 
 413      6EEFB555 
 413      F891
 414 04ca C02953B4 		.ascii	"\300)S\264\271x\374-$?\303\364\272-\015`\277Lx?\370"
 414      B978FC2D 
 414      243FC3F4 
 414      BA2D0D60 
 414      BF4C783F 
 415 04df 11FD005D 		.ascii	"\021\375\000]5>\361\270\353K\027\205\26792c\012y\007"
 415      353EF1B8 
 415      EB4B1785 
 415      B7393263 
 415      0A7907
 416 04f2 D6EF4FB0 		.ascii	"\326\357O\260f\351'\216t\203\376;\240\037Bum\357O\366"
 416      66E9278E 
 416      7483FE3B 
 416      A01F4275 
 416      6DEF4FF6 
 417 0506 D04ADE49 		.ascii	"\320J\336Io\362>Z[6\240\303\343!\011\345\015v\015\264"
 417      6FF23E5A 
 417      5B36A0C3 
 417      E32109E5 
 417      0D760DB4 
 418 051a 08B83FFE 		.ascii	"\010\270?\376\206\232\347\272\006\037\352\320\234@\315"
 418      869AE7BA 
 418      061FEAD0 
 418      9C40CD
 419 0529 4B5DDBB2 		.ascii	"K]\333\262})\266(/v\235V\221\373_\020}\372\024r\217"
 419      7D29B628 
 419      2F769D56 
ARM GAS  C:\Users\akudo\AppData\Local\Temp\ccRUxzIk.s 			page 33


 419      91FB5F10 
 419      7DFA1472 
 420 053e 81C78B2D 		.ascii	"\201\307\213-\303\252\211\251\322\326\343OP\350]p\377"
 420      C3AA89A9 
 420      D2D6E34F 
 420      50E85D70 
 420      FF
 421 054f 37BAF792 		.ascii	"7\272\367\222\211\362 \352\375\303\356\216\353\336J"
 421      89F220EA 
 421      FDC3EE8E 
 421      EBDE4A
 422 055e EF9ED779 		.ascii	"\357\236\327y\337I\337\321'\010U\254(\225%\017.\022"
 422      DF49DFD1 
 422      270855AC 
 422      2895250F 
 422      2E12
 423 0570 E11433B6 		.ascii	"\341\0243\266\035zX\353;-[l\267:\366\335N\\h\217\263"
 423      1D7A58EB 
 423      3B2D5B6C 
 423      B73AF6DD 
 423      4E5C688F 
 424 0585 E27227F7 		.ascii	"\342r'\367\311D\362\000J\004\213[\001\333G\363N\362"
 424      C944F200 
 424      4A048B5B 
 424      01DB47F3 
 424      4EF2
 425 0597 08CF917E 		.ascii	"\010\317\221~2\015\206\327\236\030<\243\025\3163\254"
 425      320D86D7 
 425      9E183CA3 
 425      15CE33AC 
 426 05a7 2D498EB3 		.ascii	"-I\216\263Z\341\0323\344\253\311\324\261W\223\251\316"
 426      5AE11A33 
 426      E4ABC9D4 
 426      B15793A9 
 426      CE
 427 05b8 AB4963B7 		.ascii	"\253Ic\267\230\343K\002\261\260}-\207\273>\201\203\222"
 427      98E34B02 
 427      B1B07D2D 
 427      87BB3E81 
 427      8392
 428 05ca 3C05190F 		.ascii	"<\005\031\017\235\233\347T\351\3021\376\365\345\011"
 428      9D9BE754 
 428      E9C231FE 
 428      F5E509
 429 05d9 1469AA74 		.ascii	"\024i\252t}y\004/\037c&\371\372\341\023\211\036n\357"
 429      7D79042F 
 429      1F6326F9 
 429      FAE11389 
 429      1E6EEF
 430 05ec 3C43E30C 		.ascii	"<C\343\014B\012{\313\254\253\343\201\302 P\030pRxJ$"
 430      420A7BCB 
 430      ACABE381 
 430      C2205018 
 430      7052784A 
 431 0601 0EF483A2 		.ascii	"\016\364\203\242\312\276\254\312\273\257\334y\304\346"
 431      CABEACCA 
 431      BBAFDC79 
ARM GAS  C:\Users\akudo\AppData\Local\Temp\ccRUxzIk.s 			page 34


 431      C4E6
 432 060f 004FCD4D 		.ascii	"\000O\315M\233\217\214x\271/\372\260\\\364w\260\346"
 432      9B8F8C78 
 432      B92FFAB0 
 432      5CF477B0 
 432      E6
 433 0620 593D19BB 		.ascii	"Y=\031\2735R\025\255r\315\237\201\367s\364~\201U\304"
 433      355215AD 
 433      72CD9F81 
 433      F773F47E 
 433      8155C4
 434 0633 3168D0B4 		.ascii	"1h\320\264\332\213/za\364\017\361\206\222\343\270G0"
 434      DA8B2F7A 
 434      61F40FF1 
 434      8692E3B8 
 434      4730
 435 0645 BA17DE50 		.ascii	"\272\027\336P6\034?\356\213\246'\236\337\271}\031>\356"
 435      361C3FEE 
 435      8BA6279E 
 435      DFB97D19 
 435      3EEE
 436 0657 C9C4F112 		.ascii	"\311\304\361\022\031\221G6\275\011\367\212=]g\340Kp"
 436      19914736 
 436      BD09F78A 
 436      3D5D67E0 
 436      4B70
 437 0669 1F41F778 		.ascii	"\037A\367x~\242<\010\015\030Q\322\372\364\2631\307\031"
 437      7EA23C08 
 437      0D1851D2 
 437      FAF4B331 
 437      C719
 438 067b BD0A3803 		.ascii	"\275\0128\003$\360x\234\321'87\2656-\023\012<pv\264"
 438      24F0789C 
 438      D1273837 
 438      B5362D13 
 438      0A3C7076 
 439 0690 5F697ECC 		.ascii	"_i~\314\303\306`\267\332*\363\363\310\3501\3631\356"
 439      C3C660B7 
 439      DA2AF3F3 
 439      C8E831F3 
 439      31EE
 440 06a2 0D89BC73 		.ascii	"\015\211\274so\200>\313\376\006\236\356\015\325\317"
 440      6F803ECB 
 440      FE069EEE 
 440      0DD5CF
 441 06b1 BB2EA9DC 		.ascii	"\273.\251\334\356g\033y\272\237\255\222\266\263\223"
 441      EE671B79 
 441      BA9FAD92 
 441      B6B393
 442 06c0 BBF3776A 		.ascii	"\273\363wj\204R\026\261\340\372\310\015z\260\331m\266"
 442      845216B1 
 442      E0FAC80D 
 442      7AB0D96D 
 442      B6
 443 06d1 E1F29E99 		.ascii	"\341\362\236\231\212\2100\210|\253\210\370\255\0341"
 443      8A883088 
 443      7CAB88F8 
ARM GAS  C:\Users\akudo\AppData\Local\Temp\ccRUxzIk.s 			page 35


 443      AD1C31
 444 06e0 0923FE74 		.ascii	"\011#\376t\251_\324\012\275\014%\257\267\246G\303P\036"
 444      A95FD40A 
 444      BD0C25AF 
 444      B7A647C3 
 444      501E
 445 06f2 1C73FCD1 		.ascii	"\034s\374\321\005%Y\201\222,\243lB\224\244b[\215\006"
 445      05255981 
 445      922CA36C 
 445      4294A462 
 445      5B8D06
 446 0705 37E7C1D1 		.ascii	"7\347\301\321\343\261\263\354\345}?\267Z\266\240\226"
 446      E3B1B3EC 
 446      E57D3FB7 
 446      5AB6A096 
 447 0715 CDBC24E6 		.ascii	"\315\274$\346\245#E\0041\236H#\373\356\325\024\255`"
 447      A5234504 
 447      319E4823 
 447      FBEED514 
 447      AD60
 448 0727 67466FC3 		.ascii	"gFo\303\3132\017\200&\3330$\274I\330n\177D\220e_Vu\301"
 448      CB320F80 
 448      26DB3024 
 448      BC49D86E 
 448      7F449065 
 449 073f 92B4C31B 		.ascii	"\222\264\303\033E\334{\311~{\252\212\002\223\2552S\222"
 449      45DC7BC9 
 449      7E7BAA8A 
 449      0293AD32 
 449      5392
 450 0751 0201A8C9 		.ascii	"\002\001\250\311\310\246\"\331\212ki\273t\302\026/\204"
 450      C8A622D9 
 450      8A6B69BB 
 450      74C2162F 
 450      84
 451 0762 7F5991F1 		.ascii	"\177Y\221\361\214g`\303\345\307g\035*\025\331Y@\342"
 451      8C6760C3 
 451      E5C7671D 
 451      2A15D959 
 451      40E2
 452 0774 1209AA4E 		.ascii	"\022\011\252NS\250N\223\201\322\021(\253\375\306]\225"
 452      53A84E93 
 452      81D21128 
 452      ABFDC65D 
 452      95
 453 0785 90290125 		.ascii	"\220)\001%\264\337\364\220sg\375\263K\356\266+P\266"
 453      B4DFF490 
 453      7367FDB3 
 453      4BEEB62B 
 453      50B6
 454 0797 CB28DF21 		.ascii	"\313(\337!\312\216\232\275\351\354V.\"P\207#\276\311"
 454      CA8E9ABD 
 454      E9EC562E 
 454      22508723 
 454      BEC9
 455 07a9 1B6739DD 		.ascii	"\033g9\335G\310\215\216\370\375\236\356g\371Ny\226g"
 455      47C88D8E 
ARM GAS  C:\Users\akudo\AppData\Local\Temp\ccRUxzIk.s 			page 36


 455      F8FD9EEE 
 455      67F94E79 
 455      9667
 456 07bb B0597EAA 		.ascii	"\260Y~\252\354\302}\265\353,\337\301\263}\230#\2318"
 456      ECC27DB5 
 456      EB2CDFC1 
 456      B37D9823 
 456      9938
 457 07cd CB7110   		.ascii	"\313q\020"
 458 07d0 EE6957AA 		.ascii	"\356iW\252\022T\256\373\254[\357\201\270\272\022\215"
 458      1254AEFB 
 458      AC5BEF81 
 458      B8BA128D 
 459 07e0 90CBF4A6 		.ascii	"\220\313\364\246\225\324\034\344qk\205\253\324\300\333"
 459      95D41CE4 
 459      716B85AB 
 459      D4C0DB
 460 07ef 71A90E80 		.ascii	"q\251\016\200\240G;\331\305\263\315\025\356#\012\254"
 460      A0473BD9 
 460      C5B3CD15 
 460      EE230AAC 
 461 07ff DDFCE8E6 		.ascii	"\335\374\350\346\272\207\247\233\353\236\324\013\273"
 461      BA87A79B 
 461      EB9ED40B 
 461      BB
 462 080c D84E138E 		.ascii	"\330N\023\216\377q\225Z\317\250Q\266\017.\375\201\242"
 462      FF71955A 
 462      CFA851B6 
 462      0F2EFD81 
 462      A2
 463 081d E72AF7B2 		.ascii	"\347*\367\262\263d\331\025\354xiN\251\357\320\271\312"
 463      B364D915 
 463      EC78694E 
 463      A9EFD0B9 
 463      CA
 464 082e DE0BC1F7 		.ascii	"\336\013\301\367\361\324}?\012\311\222\205\024\365\224"
 464      F1D47D3F 
 464      0AC99285 
 464      14F594
 465 083d 1FE65D65 		.ascii	"\037\346]e\273\365~\270u_\275\217P\312d\337\254\357"
 465      BBF57EB8 
 465      755FBD8F 
 465      50CA64DF 
 465      ACEF
 466 084f F742D5D6 		.ascii	"\367B\325\326\341\034Q\225)&:FF\376@\254\222d\270\376"
 466      E11C5195 
 466      29263A46 
 466      46FE40AC 
 466      9264B8FE 
 467 0863 2870B29D 		.ascii	"(p\262\235\222\017\240\344\237S\013\016\263#\324\033"
 467      920FA0E4 
 467      9F530B0E 
 467      B323D41B 
 468 0873 FF25EECF 		.ascii	"\377%\356\317z\335\006\226+k\314a\245m\270\034wF\343"
 468      7ADD0696 
 468      2B6BCC61 
 468      A56DB81C 
ARM GAS  C:\Users\akudo\AppData\Local\Temp\ccRUxzIk.s 			page 37


 468      7746E3
 469 0886 AAD1F92F 		.ascii	"\252\321\371/\307Ad\235+\263\316\273\360d\277\207\253"
 469      C741649D 
 469      2BB3CEBB 
 469      F064BF87 
 469      AB
 470 0897 46B7DE43 		.ascii	"F\267\336C\303\231\271\036\202\235i|V\231\327K\230\310"
 470      C399B91E 
 470      829D697C 
 470      5699D74B 
 470      98C8
 471 08a9 9B079D22 		.ascii	"\233\007\235\"\363$\221p\023R\000\345;E\026\360\323"
 471      F3249170 
 471      135200E5 
 471      3B4516F0 
 471      D3
 472 08ba 384F73C4 		.ascii	"8Os\304?\215z\213\347_?\373\302\1771\027fX\020b\010"
 472      3F8D7A8B 
 472      E75F3FFB 
 472      C27F3117 
 472      66581062 
 473 08cf 8F581D61 		.ascii	"\217X\035a\266\304\206E\230B,&S\2449dmt\254?\366\374"
 473      B6C48645 
 473      98422C26 
 473      53A43964 
 473      6D74AC3F 
 474 08e5 4363A2FC 		.ascii	"Cc\242\374\215Q\253\215aa\306\260\220\367g\315\367\177"
 474      8D51AB8D 
 474      6161C6B0 
 474      90F767CD 
 474      F77F
 475 08f7 6F76F0DC 		.ascii	"ov\360\334\277\317\011\211\214X\035\262\326`\010\201"
 475      BFCF0989 
 475      8C581DB2 
 475      D6600881 
 476 0907 EF33A34D 		.ascii	"\3573\243M\321\306\231\306\320\325\021\324a\326\234"
 476      D1C699C6 
 476      D0D511D4 
 476      61D69C
 477 0916 90886843 		.ascii	"\220\210hCdl\2301\304l\201Qkf\205s\272(c\324Z\243eM"
 477      646C9831 
 477      C46C8151 
 477      6B668573 
 477      BA2863D4 
 478 092e 6CB4416F 		.ascii	"l\264Aoy\177\361\202\240\3054\342J\214\030\204\321M"
 478      797FF182 
 478      A0C534E2 
 478      4A8C1884 
 478      D14D
 479 0940 E6E079C1 		.ascii	"\346\340y\301A&sP\214%H\032\016\037`\230\301\024c\004"
 479      41267350 
 479      8C25481A 
 479      0E1F6098 
 479      C1146304 
 480 0954 041FE89A 		.ascii	"\004\037\350\232b\326\353\327\001)\275\305\033\037\341"
 480      62D6EBD7 
 480      0129BDC5 
ARM GAS  C:\Users\akudo\AppData\Local\Temp\ccRUxzIk.s 			page 38


 480      1B1FE1
 481 0963 C6D03063 		.ascii	"\306\3200c\214\327\272p}\264\361\033\313\334\377\012"
 481      8CD7BA70 
 481      7DB4F11B 
 481      CBDCFF0A 
 482 0973 96029801 		.ascii	"\226\002\230\001\327+j\035\216\366\205\247i\365\337"
 482      D72B6A1D 
 482      8EF685A7 
 482      69F5DF
 483 0982 8C068B9E 		.ascii	"\214\006\213\236\246\307\033\314u1\246\257# \300\004"
 483      A6C71BCC 
 483      7531A6AF 
 483      2320C004 
 484 0992 43F80AF0 		.ascii	"C\370\012\360^\216_\227FGX\202\337\024\311\034cPF1p"
 484      5E8E5F97 
 484      46475882 
 484      DF14C91C 
 484      63504631 
 485 09a7 7E0CE253 		.ascii	"~\014\342SSh\330\242\230\230\320\365:f/\212\2144\031"
 485      5368D8A2 
 485      9898D0F5 
 485      3A662F8A 
 485      8C3419
 486 09ba 967A2B0C 		.ascii	"\226z+\014\251\277$\306h\\\252u\366U\206\360\320\030"
 486      A9BF24C6 
 486      685CAA75 
 486      F65586F0 
 486      D018
 487 09cc B55E8F09 		.ascii	"\265^\217\011\324\373\310\235Y\363\346\316\233\253\216"
 487      D4FBC89D 
 487      59F3E6CE 
 487      9BAB8E
 488 09db 8D88B6CC 		.ascii	"\215\210\266\314yOo\321\352\365rw\315\377X\324\261\305"
 488      794F6FD1 
 488      EAF57277 
 488      CDFF58D4 
 488      B1C5
 489 09ed 94CB1815 		.ascii	"\224\313\030\025\012X\321\306\020=\024346\322\242\267"
 489      0A58D1C6 
 489      103D1433 
 489      3436D2A2 
 489      B7
 490 09fe AC5F67A4 		.ascii	"\254_g\244\311[\365\177\015c^o\016\321\303\224\001\015"
 490      C95BF57F 
 490      0D635E6F 
 490      0ED1C394 
 490      010D
 491 0a10 80AD91B2 		.ascii	"\200\255\221\262\022\026\006\275\225\353\315\237\232"
 491      121606BD 
 491      95EBCD9F 
 491      9A
 492 0a1d 0C5FCDFE 		.ascii	"\014_\315\376\365%\0060\012\262\316\024c\321C^\277Z"
 492      F5250630 
 492      0AB2CE14 
 492      63D1435E 
 492      BF5A
 493 0a2f F0A6A1D4 		.ascii	"\360\246\241\324\323\034\264\350\363e\213\227}\003_"
ARM GAS  C:\Users\akudo\AppData\Local\Temp\ccRUxzIk.s 			page 39


 493      D31CB4E8 
 493      F3658B97 
 493      7D035F
 494 0a3e E9B4D37F 		.ascii	"\351\264\323\177\375A\024\235zz\275\331h\321\177\274"
 494      FD41149D 
 494      7A7ABDD9 
 494      68D17FBC 
 495 0a4e 68E55F56 		.ascii	"h\345_V|\276\324'4\362\037\241\353\315\372\210\350H"
 495      7CBED427 
 495      34F21FA1 
 495      EBCDFA88 
 495      E848
 496 0a60 C8C99F5E 		.ascii	"\310\311\237^\013\013\363*h\361\262\225KW:\211QXC\324"
 496      0B0BF32A 
 496      68F1B295 
 496      4B573A89 
 496      515843D4 
 497 0a74 12281F20 		.ascii	"\022(\037 {\243\262/\242)Ao\244\032\213}e\201?\010\036"
 497      7BA3B22F 
 497      A229416F 
 497      A41A8B7D 
 497      65813F08 
 498 0a89 63CD575A 		.ascii	"c\315WZ\037\316\377\017\362<k:"
 498      1FCEFF0F 
 498      F23C6B3A 
 499              		.text
 500              		.section	.gnu.lto_.symtab.cfc17785,"",%progbits
 501 0000 6368506F 		.ascii	"chPoolObjectInit\000\000\000\000\000\000\000\000\000"
 501      6F6C4F62 
 501      6A656374 
 501      496E6974 
 501      00000000 
 502 0019 000000CF 		.ascii	"\000\000\000\317\000\000\000chPoolLoadArray\000\000"
 502      00000063 
 502      68506F6F 
 502      6C4C6F61 
 502      64417272 
 503 0031 00000000 		.ascii	"\000\000\000\000\000\000\000\000\000\000\325\000\000"
 503      00000000 
 503      0000D500 
 503      00
 504 003e 00636850 		.ascii	"\000chPoolAllocI\000\000\000\000\000\000\000\000\000"
 504      6F6F6C41 
 504      6C6C6F63 
 504      49000000 
 504      00000000 
 505 0054 000000D9 		.ascii	"\000\000\000\331\000\000\000chPoolAlloc\000\000\000"
 505      00000063 
 505      68506F6F 
 505      6C416C6C 
 505      6F630000 
 506 0069 00000000 		.ascii	"\000\000\000\000\000\000\000\000\000\333\000\000\000"
 506      00000000 
 506      00DB0000 
 506      00
 507 0076 6368506F 		.ascii	"chPoolFreeI\000\000\000\000\000\000\000\000\000\000"
 507      6F6C4672 
ARM GAS  C:\Users\akudo\AppData\Local\Temp\ccRUxzIk.s 			page 40


 507      65654900 
 507      00000000 
 507      00000000 
 508 008b 0000E000 		.ascii	"\000\000\340\000\000\000chPoolFree\000\000\000\000\000"
 508      00006368 
 508      506F6F6C 
 508      46726565 
 508      00000000 
 509 00a0 00000000 		.ascii	"\000\000\000\000\000\000\000\342\000\000\000"
 509      000000E2 
 509      000000
 510              		.text
 511              		.section	.gnu.lto_.opts,"",%progbits
 512 0000 272D666E 		.ascii	"'-fno-trapv' '-mcpu=cortex-m4' '-mno-thumb-interwor"
 512      6F2D7472 
 512      61707627 
 512      20272D6D 
 512      6370753D 
 513 0033 6B272027 		.ascii	"k' '-mthumb' '-ggdb' '-O2' '-fomit-frame-pointer' '"
 513      2D6D7468 
 513      756D6227 
 513      20272D67 
 513      67646227 
 514 0066 2D66616C 		.ascii	"-falign-functions=16' '-ffunction-sections' '-fdata"
 514      69676E2D 
 514      66756E63 
 514      74696F6E 
 514      733D3136 
 515 0099 2D736563 		.ascii	"-sections' '-fno-common' '-flto'\000"
 515      74696F6E 
 515      73272027 
 515      2D666E6F 
 515      2D636F6D 
 516              		.text
 517              		.comm	__gnu_lto_v1,1,1
 518              		.comm	__gnu_lto_slim,1,1
 519              		.ident	"GCC: (GNU Tools for ARM Embedded Processors) 4.9.3 20150529 (release) [ARM/embedded-4_9-br
ARM GAS  C:\Users\akudo\AppData\Local\Temp\ccRUxzIk.s 			page 41


DEFINED SYMBOLS
                            *ABS*:00000000 chmempools.c
                            *COM*:00000001 __gnu_lto_v1
                            *COM*:00000001 __gnu_lto_slim

NO UNDEFINED SYMBOLS
