ARM GAS  C:\Users\akudo\AppData\Local\Temp\ccws8Eg9.s 			page 1


   1              		.syntax unified
   2              		.cpu cortex-m4
   3              		.fpu softvfp
   4              		.eabi_attribute 20, 1
   5              		.eabi_attribute 21, 1
   6              		.eabi_attribute 23, 3
   7              		.eabi_attribute 24, 1
   8              		.eabi_attribute 25, 1
   9              		.eabi_attribute 26, 1
  10              		.eabi_attribute 30, 2
  11              		.eabi_attribute 34, 1
  12              		.eabi_attribute 18, 4
  13              		.thumb
  14              		.file	"chmemcore.c"
  15              		.text
  16              	.Ltext0:
  17              		.section	.gnu.lto_.profile.cfc1603c,"",%progbits
  18 0000 789C6366 		.ascii	"x\234cf```a\200\000F\006\025\005\000\000\334\000M"
  18      60606061 
  18      80004606 
  18      15050000 
  18      DC004D
  19              		.text
  20              		.section	.gnu.lto_.jmpfuncs.cfc1603c,"",%progbits
  21 0000 789C6366 		.ascii	"x\234cf\300\016\204\2404\013\020\263222\326\263\201"
  21      C00E84A0 
  21      340B10B3 
  21      323232D6 
  21      B381
  22 0012 0876200F 		.ascii	"\010v \017\000\013&\0010"
  22      000B2601 
  22      30
  23              		.text
  24              		.section	.gnu.lto_.inline.cfc1603c,"",%progbits
  25 0000 789C6366 		.ascii	"x\234cf\300\016\022\2414\013\003\003+\013#\003\023\313"
  25      C00E12A1 
  25      340B0303 
  25      2B0B2303 
  25      13CB
  26 0012 027906B6 		.ascii	"\002y\006\266\005\362L 1V\006>^FF\006F\006\006f\241"
  26      05F24C20 
  26      3156063E 
  26      5E464606 
  26      46060666 
  27 0027 039D8C10 		.ascii	"\003\235\214\020q\240\002\026\220$\033\003\0177T\222"
  27      71A00216 
  27      90241B03 
  27      0F375492 
  28 0037 6F4116AA 		.ascii	"oA\026\252\034;\003\033+\320,\266\017zp\263\030\000"
  28      1C3B031B 
  28      2BD02CB6 
  28      0F7A70B3 
  28      1800
  29 0049 DFC109D8 		.ascii	"\337\301\011\330"
  30              		.text
  31              		.section	.gnu.lto_.pureconst.cfc1603c,"",%progbits
  32 0000 789C6366 		.ascii	"x\234cf``\340d\200\000\026\006\011V+6\011v\026\000\003"
ARM GAS  C:\Users\akudo\AppData\Local\Temp\ccws8Eg9.s 			page 2


  32      6060E064 
  32      80001606 
  32      09562B36 
  32      09761600 
  33 0015 6B0091   		.ascii	"k\000\221"
  34              		.text
  35              		.section	.gnu.lto__core_init.cfc1603c,"",%progbits
  36 0000 789C7552 		.ascii	"x\234uRKK\033Q\024>\337\2311\231\020J\245\253\340\037"
  36      4B4B1B51 
  36      143EDF99 
  36      3199104A 
  36      A5ABE01F 
  37 0014 70E7A80B 		.ascii	"p\347\250\013\027\335\012\375\003]\270s\321T0\013\211"
  37      17DD0AFD 
  37      035DB873 
  37      D154300B 
  37      89
  38 0025 24BA2904 		.ascii	"$\272)\004'6EW\"n\024_ \"\365\321\372~l\363\013\024"
  38      27364557 
  38      226E145F 
  38      2022F5D1 
  38      FA7E6CF3 
  39 003b E9A245F0 		.ascii	"\351\242E\360=\225\226\226\252\270\320T\303x\316\214"
  39      3D959696 
  39      AAB8D054 
  39      C378CE8C 
  40 004b 0FD43870 		.ascii	"\017\3248p\317=\367\334\357<\276\357\216AO\277\012Y"
  40      CF3DF7DC 
  40      EF3CBEEF 
  40      8E414FBF 
  40      0A59
  41 005d 1F98A856 		.ascii	"\037\230\250Vv\030\004\356]'\312Z\014\250C\240\016F"
  41      761804EE 
  41      5D27CA5A 
  41      0CA843A0 
  41      0E46
  42 006f 077EF329 		.ascii	"\007~\363)\2437?3\020\255\234p\034\347\344`)\366)V\220"
  42      A3373F33 
  42      10AD9C70 
  42      1CE7E460 
  42      29F62956 
  43 0084 B4330ECA 		.ascii	"\2643\016\312\3403*I0\247\271\342\367h('\230\362\340"
  43      E0332A49 
  43      30A7B9E2 
  43      F7682827 
  43      98F2E0
  44 0097 0E930841 		.ascii	"\016\223\010A\366\271Wy\307\363\016\373\257\326\314"
  44      F6B95779 
  44      C7F30EFB 
  44      AFD6CC
  45 00a6 28A8C060 		.ascii	"(\250\300`5\206\032S\014\207\325\263\324D\364H\344\312"
  45      35861A53 
  45      0C87D5B3 
  45      D444F448 
  45      E4CA
  46 00b8 D2117ECA 		.ascii	"\322\021~\312Avc\013\235;]G\203\255Z\360\\\0321F\277"
  46      4176630B 
ARM GAS  C:\Users\akudo\AppData\Local\Temp\ccws8Eg9.s 			page 3


  46      9D3B5D47 
  46      83AD5AF0 
  46      5C1A3146 
  47 00cd F5CC72E6 		.ascii	"\365\314r\346\322\351v\254\002\033E\355&\321]wc\323"
  47      D2E976AC 
  47      021B45ED 
  47      26D15D77 
  47      63D3
  48 00df FAC512F1 		.ascii	"\372\305\022\361\217\223\331\3340F0\224u\024eb\012\031"
  48      8F93D9DC 
  48      30463094 
  48      75146562 
  48      0A19
  49 00f1 4CA3C2BF 		.ascii	"L\243\302\277\333v\3777H\276fcF@2\355\027dh\013\037"
  49      DB76FF37 
  49      48BE6663 
  49      464032ED 
  49      1764680B 
  50 0106 FB42411B 		.ascii	"\373BA\033\016:\235\217\357\375\201\326D\230\360U\262"
  50      0E3A9D8F 
  50      EFFD81D6 
  50      4498F055 
  50      B2
  51 0117 05727103 		.ascii	"\005rq\0031\004%\220\263\243\343)\323\207\\x\236\367"
  51      31042590 
  51      B3A3E329 
  51      D3875C78 
  51      9EF7
  52 0129 9230EBC3 		.ascii	"\2220\353\303:\177t\375E\0004\005\253\221\276\375\027"
  52      3A7F74FD 
  52      45003405 
  52      AB91BEFD 
  52      17
  53 013a 1A784CA0 		.ascii	"\032xL\240\254\310xH\240\254\004\001\306\234\020\230"
  53      ACC87848 
  53      A0AC0401 
  53      C69C1098 
  54 014a 57025890 		.ascii	"W\002X\220\260\224%_\231\177\203\215A\233p\011e\270"
  54      B094255F 
  54      997F838D 
  54      419B7009 
  54      65B8
  55 015c A4148BCF 		.ascii	"\244\024\213\317H\261\024H\261\034Hq\313\323\222\322"
  55      48B11448 
  55      B11C4871 
  55      CBD392D2 
  56 016c F7A4DC1B 		.ascii	"\367\244\334\033R\021\271\360I\215=G\252\32430V\356"
  56      5211B9F0 
  56      498D3D47 
  56      AAD43330 
  56      56EE
  57 017e 58ACFA2C 		.ascii	"X\254\372,\"\264\203l\336{\243E\364\177rE\014yu\031"
  57      22B4836C 
  57      DE7BA345 
  57      F47F7245 
  57      0C797519 
  58 0192 BCBAFEB5 		.ascii	"\274\272\376\265]\337\234x\227x\333\326\376>\221\264"
ARM GAS  C:\Users\akudo\AppData\Local\Temp\ccws8Eg9.s 			page 4


  58      5DDF9C78 
  58      9778DBD6 
  58      FE3E91B4 
  59 01a2 E3EA27D3 		.ascii	"\343\352'\3235u5v2m\247\332\354t*.\301\226\246\226x"
  59      35753576 
  59      326DA7DA 
  59      EC742A2E 
  59      C196A696 
  60 01b7 32D55415 		.ascii	"2\325T\025\247k\013k\360\223"
  60      A76B0B6B 
  60      F093
  61              		.text
  62              		.section	.gnu.lto_chCoreAlloc.cfc1603c,"",%progbits
  63 0000 789C9554 		.ascii	"x\234\225T\355oSe\024\177\316so\357\355\272\3136\215"
  63      ED6F5365 
  63      147FCE73 
  63      6FEFEDBA 
  63      CB368D
  64 0013 9FF6654D 		.ascii	"\237\366eM\226e_\014wD\203f\321\250Yb\360\303\276\260"
  64      96655F0C 
  64      77448366 
  64      D1A85962 
  64      F0C3BEB0 
  65 0027 3FC04069 		.ascii	"?\300@i\262&\214.\355F\000C\270\355\272\015\343KH\301"
  65      B2268C2E 
  65      ED460043 
  65      B8EDBA0D 
  65      E34B48C1 
  66 003b 501514B2 		.ascii	"P\025\024\262-n\202C@\024\012\303\312K\367\002\033\303"
  66      2D6E8243 
  66      40140AC3 
  66      CA4BF702 
  66      1BC3
  67 004d 011287A3 		.ascii	"\001\022\207\243\312\266\240\242\216\015\354\352d\327"
  67      CAB6A0A2 
  67      8E0DECEA 
  67      64D7
  68 005b 739E4B1B 		.ascii	"s\236K\033Z\252\340Mn\373<\347\234\337y\316\363;\347"
  68      5AAAE04D 
  68      6EFB3CE7 
  68      9CDF79CE 
  68      F33BE7
  69 006e 7725F6F0 		.ascii	"w%\366\360\363,\276+\024\306l\300\030\330\030\360m#"
  69      F32CBE2B 
  69      14C66CC0 
  69      18D818F0 
  69      6D23
  70 0080 8C05EC9C 		.ascii	"\214\005\354\234\3137Uf8\244\3568c\206&\201l\331e\000"
  70      CB375566 
  70      38A4EE38 
  70      63862681 
  70      6CD96500 
  71 0094 5A30605B 		.ascii	"Z0`[\270$\303\026\370\231\337\346p\254\367\316p\341"
  71      B824C316 
  71      F899DFE6 
  71      70ACF7CE 
  71      70E1
ARM GAS  C:\Users\akudo\AppData\Local\Temp\ccws8Eg9.s 			page 5


  72 00a6 4D9EE2CC 		.ascii	"M\236\342\314\311p\033\015\017D\024\332\202L\333p<:"
  72      C9701B0D 
  72      0F4414DA 
  72      824CDB70 
  72      3C3A
  73 00b8 63ABEC32 		.ascii	"c\253\3542\214\340\314\267\307\257i\255+R\234\2639\316"
  73      8CE0CCB7 
  73      C7AF69AD 
  73      2B529CB3 
  73      39CE
  74 00ca E0132885 		.ascii	"\340\023(\205n(\245t=P\211\221\243\203\201\361b\351"
  74      6E28A574 
  74      3D508991 
  74      A38381F1 
  74      62E9
  75 00dc 1920D49D 		.ascii	"\031 \324\235?N_\325*:\020\025\213\0362^\226S\\\202"
  75      3F4E5FD5 
  75      2A3A1015 
  75      8B1E325E 
  75      96535C82 
  76 00f0 4F417A10 		.ascii	"OAz\020\207&\006\373\240\202\302\347\273\337\354\343"
  76      872606FB 
  76      A082C2E7 
  76      BBDFECE3 
  77 0100 D2F3027A 		.ascii	"\322\363\002z\343\342\366\217\265\362\275\010MLt\304"
  77      E3E2F68F 
  77      B5F2BD08 
  77      4D4C74C4 
  78 0110 3563C008 		.ascii	"5c\300\010%L\263\014\217\205\375\331\031\254\007!\267"
  78      254CB30C 
  78      8F85FDD9 
  78      19AC0721 
  78      B7
  79 0121 43F7BE2B 		.ascii	"C\367\276+TB\206a\224\300gPN\345aU\275\240\020-\350"
  79      54428661 
  79      94C06750 
  79      4EE56155 
  79      BDA0102D 
  80 0136 9F3CB5FF 		.ascii	"\237<\265\377w\207\225\362\207\033\356Xh\217\261h\232"
  80      778795F2 
  80      871BEE58 
  80      688FB168 
  80      9A
  81 0147 90A726EB 		.ascii	"\220\247&\353\201\003P~\340\311\230a\232\035\235\327"
  81      8103507E 
  81      E0C99861 
  81      9A1D9DD7 
  82 0157 FAE42738 		.ascii	"\372\344'8\326*K@\305*\302\251\242\301f\307\037\245"
  82      D62A4B40 
  82      C52AC2A9 
  82      A2C166C7 
  82      1FA5
  83 0169 80560E5A 		.ascii	"\200V\016Z\025\322\217F\221K\310V\304\210'6\211/Q>\205"
  83      15D28F46 
  83      914BC856 
  83      C4882736 
  83      892F513E 
ARM GAS  C:\Users\akudo\AppData\Local\Temp\ccws8Eg9.s 			page 6


  84 017e 1BFC97AE 		.ascii	"\033\374\227\256@\260\204*\236\333g\354\220\244jq\341"
  84      40B0842A 
  84      9EDB67EC 
  84      90A46A71 
  84      E1
  85 018f 5F2FEDED 		.ascii	"_/\355\355\262\252\233\331\3322\355\012\267\030\235"
  85      B2AA9BD9 
  85      DA32ED0A 
  85      B7189D
  86 019e B8345FC2 		.ascii	"\2704_\302+\253\360y\336\002\017B9\002\177|\347\356"
  86      2BABF079 
  86      DE020F42 
  86      39027F7C 
  86      E7EE
  87 01b0 61A04EA9 		.ascii	"a\240N\251N\006\207\320;\016\301\237\222\355\323\021"
  87      4E0687D0 
  87      3B0EC19F 
  87      92EDD311 
  88 01c0 258B9344 		.ascii	"%\213\223Dh\223 c\216C6Y\211\331\267&ph\016\223\213"
  88      68932063 
  88      8E433659 
  88      89D9B726 
  88      70680E93 
  89 01d5 E7B8B6B5 		.ascii	"\347\270\266\265]R\351\030\006_\220[\312\241\231\301"
  89      5D52E918 
  89      065F905B 
  89      CAA199C1 
  90 01e5 11C0B983 		.ascii	"\021\300\271\203/\211c`\277\020\313\327o\315o\227\312"
  90      2F896360 
  90      BF10CBD7 
  90      6FCD6F97 
  90      CA
  91 01f6 1660B711 		.ascii	"\026`\267\021q\246\270\235\020\357\215/\004\0342r\000"
  91      71A6B89D 
  91      10EF8D2F 
  91      041C3272 
  91      00
  92 0207 5F419968 		.ascii	"_A\231h\325\007\255;\337\327\320\002GA\026538\0062:"
  92      D507AD3B 
  92      DFD7D002 
  92      47411635 
  92      33380632 
  93 021c 86DAF7FC 		.ascii	"\206\332\367\374)\227-\336G\027P\354\350\255x\264@\240"
  93      29972DDE 
  93      471750EC 
  93      E8AD78B4 
  93      40A0
  94 022e A38486E3 		.ascii	"\243\204\206\3438\221\202@\352A\022k\372\036Z\302m;"
  94      38918240 
  94      EA41126B 
  94      FA1E5AC2 
  94      6D3B
  95 0240 236795EC 		.ascii	"#g\225\354\261y\273\353\377\216Ml\254\237S\322\373<"
  95      B179BBEB 
  95      FF8E4D6C 
  95      AC9F53D2 
  95      FB3C
ARM GAS  C:\Users\akudo\AppData\Local\Temp\ccws8Eg9.s 			page 7


  96 0252 C9B94375 		.ascii	"\311\271Cu\202\\}\342\306'AIr\216\247cH\362\357\376"
  96      825C7DE2 
  96      C6274149 
  96      728EA763 
  96      48F2EFFE 
  97 0266 D6626A80 		.ascii	"\326bj\200\2442\370\032ScA\363m\361\236*+\212\0021\352"
  97      A432F81A 
  97      536341F3 
  97      6DF19E2A 
  97      2B8A0231 
  98 027b 48F0E85F 		.ascii	"H\360\350_6\0215o\232f1\203\030F^\001NA\326M\024\004"
  98      3611356F 
  98      9A663183 
  98      18465E01 
  98      4E41D64D 
  99 0291 06C30787 		.ascii	"\006\303\007\207gm\026PE\324Gc\357\366\362\315\013\306"
  99      676D1650 
  99      45D44763 
  99      EFF6F2CD 
  99      0BC6
 100 02a3 56C39EE2 		.ascii	"V\303\236\342\216{\334*\371\372\344\205\213v\312\345"
 100      8E7BDC2A 
 100      F9FAE485 
 100      8B76CAE5 
 101 02b3 10DBEE40 		.ascii	"\020\333\356@h\027\354\206\017\003\006E\331\340\033"
 101      6817EC86 
 101      0F030645 
 101      D9E01B
 102 02c2 D80CA704 		.ascii	"\330\014\247\004\251\247\321LY\257\252VJ;f\025\247\200"
 102      A9A7D14C 
 102      59AFAA56 
 102      4A3B6615 
 102      A780
 103 02d4 B52FC873 		.ascii	"\265/\310s\004\344\315y&\223\363lNN\007\246\241+\357"
 103      04E4CD79 
 103      2693F36C 
 103      4E4E07A6 
 103      A12BEF
 104 02e7 50AC7DA1 		.ascii	"P\254}\2418\306A!\023\355/X6\015\315\3542\204FZJ3\244"
 104      38C64121 
 104      13ED2F58 
 104      360DCDEC 
 104      3284465A 
 105 02fe 68A20153 		.ascii	"h\242\001S\330@\374>\221$b}C\026\033'\210\015\2213\322"
 105      D840FC3E 
 105      9124627D 
 105      43161B27 
 105      880D9133 
 106 0313 B6D8B3DC 		.ascii	"\266\330\263\334B,AS\232#Q\375c\227\036\317\224\336"
 106      422C4153 
 106      9A2351FD 
 106      63971ECF 
 106      94DE
 107 0325 8F66CC24 		.ascii	"\217f\314$\216\225\323J\024]\247\257\004}3XZ\232Yr\234"
 107      8E95D34A 
 107      145DA7AF 
 107      047D3358 
ARM GAS  C:\Users\akudo\AppData\Local\Temp\ccws8Eg9.s 			page 8


 107      5A9A5972 
 108 033a 7D2C390E 		.ascii	"},9\016\0109fz\243\242i\360\337\345x&-G\333C\242\032"
 108      0839667A 
 108      A3A269F0 
 108      DFE57826 
 108      2D47DB43 
 109 0350 A211CBD1 		.ascii	"\242\021\313\321\350\271\273\250\321s\024\257\344j4"
 109      E8B9BBA8 
 109      D17314AF 
 109      E46A34
 110 035f 3EA5D2D9 		.ascii	">\245\322\331\014\316\347\327\350\260\230\330\221\007"
 110      0CCEE7D7 
 110      E8B098D8 
 110      9107
 111 036d 34DAF95B 		.ascii	"4\332\371[\"\252\244\3457(\250\271 \344\227\253\265"
 111      22AAA4E5 
 111      3728A8B9 
 111      20E497AB 
 111      B5
 112 037e 51D4DA04 		.ascii	"Q\324\332\004\004\022\2417\250\326$/bl\032\212\240\262"
 112      0412A137 
 112      A8D6242F 
 112      626C1A8A 
 112      A0B2
 113 0390 949F1F7B 		.ascii	"\224\237\037{\012\033\"\355\272\254\341\327\015\210"
 113      0A1B22ED 
 113      BAACE1D7 
 113      0D88
 114 039e 4B4455D5 		.ascii	"KDU\325T\3535\365\236\325\236\272\246\3465\036\257\356"
 114      54EB35F5 
 114      9ED59EBA 
 114      A6E6351E 
 114      AFEE
 115 03b0 A2B5D7BF 		.ascii	"\242\265\327\277l\3712\335\353\327}M\272\337\347Bc\203"
 115      6CF932DD 
 115      EBD77D4D 
 115      BADFE742 
 115      6383
 116 03c2 BBC1E5F5 		.ascii	"\273\301\345\365\271\227\272\230\354\367lrC\243m\375"
 116      B997BA98 
 116      ECF76C72 
 116      43A36DFD 
 117 03d2 AAB5CDEE 		.ascii	"\252\265\315\356\352G\241\033\275\276&\277\376\312\312"
 117      EA47A11B 
 117      BDBE26BF 
 117      FECACA
 118 03e1 DA9ADA0D 		.ascii	"\332\232\332\015\350\245\034\257\257\177\256ai={\361"
 118      E8A51CAF 
 118      AF7FAE61 
 118      693D7BF1 
 119 03f1 3FA1EE0D 		.ascii	"?\241\356\015MzMm\335ku\272g\235km\363\032\267.\240"
 119      4D7A4D6D 
 119      DD6B75BA 
 119      679D6B6D 
 119      F31AB72E 
 120 0406 AE86579B 		.ascii	"\256\206W\233\327\271\020\375\310\2623\260z\377F?\002"
 120      D7B910FD 
ARM GAS  C:\Users\akudo\AppData\Local\Temp\ccws8Eg9.s 			page 9


 120      C8B233B0 
 120      7AFF463F 
 120      02
 121 0417 4A6AEB56 		.ascii	"Jj\353V:W\257\362\273\033}\236\247\235\025U\214\373"
 121      3A57AFF2 
 121      BB1B7D9E 
 121      A79D1555 
 121      8CFB
 122 0429 988AB7F2 		.ascii	"\230\212\267\362\3726\262\177\000\223\337\206="
 122      FA36B27F 
 122      0093DF86 
 122      3D
 123              		.text
 124              		.section	.gnu.lto_chCoreAllocI.cfc1603c,"",%progbits
 125 0000 789C8D52 		.ascii	"x\234\215R\337KSa\030~\337\357;ggnG&\321\325n\012Dv"
 125      DF4B5361 
 125      187EDFEF 
 125      3B67676E 
 125      4726D1D5 
 126 0018 11B42C91 		.ascii	"\021\264,\221\212.\002o\272\357?h\015\332\205,6\273"
 126      8A2E026F 
 126      BAEF3F68 
 126      0DDA852C 
 126      36BB
 127 002a 09C46F73 		.ascii	"\011\304osZBD\254.\204\254\210\2206\253\231+\373a\010"
 127      5A4244AC 
 127      2E84AC88 
 127      9036AB99 
 127      2BFB6108 
 128 003e 836A5968 		.ascii	"\203jYh%\242I\205\012i\330U\232\302\266\312N\357{\216"
 128      25A24985 
 128      0A69D855 
 128      9AC2B6CA 
 128      4EEF7B8E 
 129 0052 493FBCE8 		.ascii	"I?\274\350\3009\337\373=<\317\363>\347\375>\011\377"
 129      C039DFFB 
 129      3D3CCFF3 
 129      3EE7FD3E 
 129      09FF
 130 0064 3E0DF4EE 		.ascii	">\015\364\356\226\000\373hE\035P\234{\011\220p\013\241"
 130      9600FB68 
 130      451D509C 
 130      7B099070 
 130      0BA1
 131 0076 2D1AA03C 		.ascii	"-\032\240<2S\004P\246D\315\3015D.\000\241MH\015\333"
 131      32530450 
 131      A644CDC1 
 131      35442E00 
 131      A14D480D 
 132 008b F0935816 		.ascii	"\360\223X\026\3700\267:\346]\024\025\001\333\201\266"
 132      F830B73A 
 132      E65D1415 
 132      01DB81B6 
 133 009b 43E9916E 		.ascii	"C\351\221n\027oQ\343m\2728\264\244\007z\225J.\345\307"
 133      176F51E3 
 133      6DBA38B4 
 133      A4077A95 
ARM GAS  C:\Users\akudo\AppData\Local\Temp\ccws8Eg9.s 			page 10


 133      4A2EE5C7 
 134 00af DF9B1D87 		.ascii	"\337\233\035\207*B\300\212\000\274\216~\314\240\237"
 134      2A42C08A 
 134      00BC8E7E 
 134      CCA09F
 135 00be EDB21820 		.ascii	"\355\262\030 \346\353\347\211w>\271\007Y\265\372\371"
 135      E6EBE789 
 135      773EB907 
 135      59B5FAF9 
 136 00ce F1B45977 		.ascii	"\361\264Yw\215T\205GyuP\253\010\211}(\177\327\021\004"
 136      8D548547 
 136      797550AB 
 136      08897D28 
 136      7FD71104 
 137 00e2 7803EB98 		.ascii	"x\003\353\230^\316t\015\013\271\327\226~\030?\177\305"
 137      5ECE740D 
 137      0BB9D796 
 137      7E183F7F 
 137      C5
 138 00f3 ACBD4AD2 		.ascii	"\254\275J\322\2713\275ES\215\250\324\234em\243\266x"
 138      B933BD45 
 138      538DA8D4 
 138      9C656DA3 
 138      B678
 139 0105 F34F07E7 		.ascii	"\363O\007\347!\311rj\355\215\327\225RJ\325\340-\254"
 139      21C9726A 
 139      ED8DD795 
 139      524AD5E0 
 139      2DAC
 140 0117 E578942A 		.ascii	"\345x\224*\207.\244\265\177KAY\326\312\323t\327\216"
 140      872EA4B5 
 140      7F4B4159 
 140      D6CAD374 
 140      D78E
 141 0129 3EE143EA 		.ascii	">\341C\352KY\270\261F\245\246\333\031\014*u7}\\U\\y"
 141      4B59B8B1 
 141      46A5A6DB 
 141      190C2A75 
 141      377D5C55 
 142 013f B8F2F2C7 		.ascii	"\270\362\362\307dN5c\000\363\344\312\343[\240\001\320"
 142      644E3563 
 142      00F3E4CA 
 142      E35BA001 
 142      D0
 143 0150 2ADF627B 		.ascii	"*\337b{\272\263\230m\340F%\241\225\204\244(\245\357"
 143      BAB3986D 
 143      E04625A1 
 143      9584A428 
 143      A5EF
 144 0162 CF3A7C3C 		.ascii	"\317:|<=i\000\366SHb\225;\237\240C\322\211G\244\301"
 144      3D6900F6 
 144      53486295 
 144      3B9FA043 
 144      D28947A4 
 145 0177 E483AFBA 		.ascii	"\344\203\257\272M*[\226\345\003\274M\304)\024vd\212"
 145      4D2A5B96 
 145      E503BC4D 
ARM GAS  C:\Users\akudo\AppData\Local\Temp\ccws8Eg9.s 			page 11


 145      C4291476 
 145      648A
 146 0189 4344D225 		.ascii	"CD\322%\323\003c_tGh\220\352\362\304\331\234h\375\246"
 146      D303635F 
 146      74476890 
 146      EAF2C4D9 
 146      9C68FDA6 
 147 019d 4E2B7745 		.ascii	"N+wE\030k\302\371\367\331\371W\343n\3662\354m&\221\352"
 147      186BC2F9 
 147      F7D9F957 
 147      E36EF632 
 147      EC6D2691 
 148 01b2 C14B7831 		.ascii	"\301Kx1\241\230\245\343\000\266b\236g\205w\010f\327"
 148      A198A5E3 
 148      00B6629E 
 148      67857708 
 148      66D7
 149 01c4 69C3B174 		.ascii	"i\303\261t\223\253\335e=[\325&-pS\317\273\033\236\203"
 149      93ABDD65 
 149      3D5BD526 
 149      2D7053CF 
 149      BB1B9E83 
 150 01d8 7F797AC8 		.ascii	"\177yz\310\206\377\370\202\313\331{\3556\036\246\314"
 150      86FFF882 
 150      CBD97BED 
 150      361EA6CC 
 151 01e8 9C3AE060 		.ascii	"\234:\340`&\3010\211\251\321v\377\006\240\333'\271@"
 151      26C13089 
 151      A9D176FF 
 151      06A0DB27 
 151      B940
 152 01fa 37826EAC 		.ascii	"7\202n\254\234\302da\370\2053\015:\316u\317\356\316"
 152      9CC26461 
 152      F885330D 
 152      3ACE75CF 
 152      EECE
 153 020c 1FD94647 		.ascii	"\037\331FGQM\320\257\031\331\351\377;\372\275\215\350"
 153      514DD0AF 
 153      19D9E9FF 
 153      3BFABD8D 
 153      E8
 154 021d F7092627 		.ascii	"\367\011&'\273\255f\237\347\014&j\240\304\302\217\210"
 154      BBAD669F 
 154      E70C266A 
 154      A0C4C28F 
 154      88
 155 022e 18F08BD1 		.ascii	"\030\360\213\321\211\255\324H\366L\232t\366\310\034"
 155      89ADD448 
 155      F64C9A74 
 155      F6C81C
 156 023d 9AF9AEA6 		.ascii	"\232\371\256\246\375\301\246c\221#\221\303-'\216F\242"
 156      FDC1A663 
 156      912391C3 
 156      2D278E46 
 156      A2
 157 024e C110D7D1 		.ascii	"\301\020\327\321x}c}0\032\017\306Z\202\361X\210\300"
 157      787D637D 
ARM GAS  C:\Users\akudo\AppData\Local\Temp\ccws8Eg9.s 			page 12


 157      301A0FC6 
 157      5A82F158 
 157      88C0
 158 0260 E6707328 		.ascii	"\346ps(\032\013\357\014\201\026\217\234\014\343\361"
 158      1A0BEF0C 
 158      81168F9C 
 158      0CE3F1
 159 026f 9F8B612A 		.ascii	"\237\213a*7"
 159      37
 160              		.text
 161              		.section	.gnu.lto_chCoreGetStatusX.cfc1603c,"",%progbits
 162 0000 789C6D4F 		.ascii	"x\234mO=K\003A\020\235\331\275/I#\226\301\302.\235g"
 162      3D4B0341 
 162      109DD9BD 
 162      2F492396 
 162      C1C22E9D 
 163 0015 2C2C6CF3 		.ascii	",,l\363\023\374\003\342\0310E8Hb\031\262\211\001-D$"
 163      13FC03E2 
 163      19304538 
 163      486219B2 
 163      89012D44 
 164 002a A488F889 		.ascii	"\244\210\370\211 \306\257\004\355\264\262\264Q\021\301"
 164      20C6AF04 
 164      EDB4B2B4 
 164      5111C1
 165 0039 538BA430 		.ascii	"S\213\2440\202v\006\005\011\022\342\214\027,4\013\273"
 165      82760605 
 165      0912E28C 
 165      172C340B 
 165      BB
 166 004a 3BEFCDF0 		.ascii	";\357\315\360\336\033\011\377O\220n\011\001F\351G\011"
 166      DE1B09FF 
 166      4F906E09 
 166      0146E947 
 166      09
 167 005b 2896AF00 		.ascii	"(\226\257\000\262\226@\344\002\0202\0023\370*\232\002"
 167      B29640E4 
 167      02103202 
 167      33F82A9A 
 167      02
 168 006c 4F2B1F97 		.ascii	"O+\037\227\201\027\321\0220\004\004\317\012\027%\203"
 168      8117D112 
 168      300404CF 
 168      0A172583 
 169 007c 216A0CBD 		.ascii	"!j\014\275\273\222\327\027\332Q*\367v\342M\256\024\267"
 169      BB92D717 
 169      DA512AF7 
 169      76E24DAE 
 169      14B7
 170 008e A823E05D 		.ascii	"\250#\340]\000\356b\020\313\310F\270\207!\236m\346\333"
 170      00EE6210 
 170      CBC846B8 
 170      87219E6D 
 170      E6DB
 171 00a0 5EC0C82B 		.ascii	"^\300\310+\245\372y\202\032\373hP\010\250\016\234\253"
 171      A5FA7982 
 171      1AFB6850 
ARM GAS  C:\Users\akudo\AppData\Local\Temp\ccws8Eg9.s 			page 13


 171      08A80E9C 
 171      AB
 172 00b1 4EE76973 		.ascii	"N\347is\361A\263\004\264\204\224\364h\032W:W\006?&\260"
 172      F141B304 
 172      B48494F4 
 172      681A573A 
 172      57063F26 
 173 00c6 3234E872 		.ascii	"24\350r\306g\002\364\313G\314\025\216\353\333&k}\012"
 173      C66702F4 
 173      CB47CC15 
 173      8EEBDB26 
 173      6B7D0A
 174 00d9 0EBC71BB 		.ascii	"\016\274q\273T\021\351/\265\240\254\226\320\333lDl\275"
 174      5411E92F 
 174      B5A0AC96 
 174      D0DB6C44 
 174      6CBD
 175 00eb 717D6371 		.ascii	"q}cqn\375\007\226\263\3715\\\307\325\254\342)\211\007"
 175      6EFD0796 
 175      B3F9355C 
 175      C7D5ACE2 
 175      298907
 176 00fe 98C6434E 		.ascii	"\230\306CN\213GD\003\251\336w%%\2512.\240\217\265\036"
 176      8B474403 
 176      A9DE7725 
 176      25A9322E 
 176      A08FB51E 
 177 0112 16D853B3 		.ascii	"\026\330S\263\362\253Y\375\243\251\223\014\341\271\242"
 177      F2AB59FD 
 177      A3A9930C 
 177      E1B9A2
 178 0121 E163DF46 		.ascii	"\341c\337F\347\221\332\374\240\317\231DC\015\273\256"
 178      E791DAFC 
 178      A0CF9944 
 178      430DBBAE 
 179 0131 26F0EAC8 		.ascii	"&\360\352\310+\323B#\221q;2\023\233\212M\244f\247c\256"
 179      2BD34223 
 179      91713B32 
 179      139B8A4D 
 179      A466A763 
 180 0146 ED70ED26 		.ascii	"\355p\355&\303ca\333M\332\211\224\235L8D\306\243q\307"
 180      C36361DB 
 180      4DDA8994 
 180      9D4C3844 
 180      C6A371C7 
 181 015a 4D44871D 		.ascii	"MD\207\035\370\006\375l\233-"
 181      F806FD6C 
 181      9B2D
 182              		.text
 183              		.section	.gnu.lto_.symbol_nodes.cfc1603c,"",%progbits
 184 0000 789C558A 		.ascii	"x\234U\212\313\011\200@\020\305\362fX\360h\221\366\361"
 184      CB098040 
 184      10C5F266 
 184      58F06891 
 184      F6F1
 185 0012 5AB002D9 		.ascii	"Z\260\002\331\212\354\305\277GY\360\240\271%$\201\201"
 185      8AECC5BF 
ARM GAS  C:\Users\akudo\AppData\Local\Temp\ccws8Eg9.s 			page 14


 185      4759F0A0 
 185      B9252481 
 185      81
 186 0023 97D86418 		.ascii	"\227\330d\030g\260\231jG\271Do\312\"\325p\226[\321t"
 186      67B0996A 
 186      47B9446F 
 186      CA22D570 
 186      965BD174 
 187 0037 55368D5D 		.ascii	"U6\215]\326w\217C\216_8\345\374\006\036\217\206\034"
 187      D6778F43 
 187      8E5F38E5 
 187      FC061E8F 
 187      861C
 188 0049 26       		.ascii	"&"
 189              		.text
 190              		.section	.gnu.lto_.refs.cfc1603c,"",%progbits
 191 0000 789C25C9 		.ascii	"x\234%\311\313\011\2000\024E\301s?y!\013\301F\354\277"
 191      CB098030 
 191      1445C173 
 191      3F79210B 
 191      C146ECBF 
 192 0014 3D05673B 		.ascii	"=\005g;\001\036~\305\222\274\234QO\026\335\370\310w"
 192      011E7EC5 
 192      92BC9C51 
 192      4F16DDF8 
 192      C877
 193 0026 867E39F2 		.ascii	"\206~9\362\345M\205\303\013\027\204\000\307"
 193      E54D85C3 
 193      0B178400 
 193      C7
 194              		.text
 195              		.section	.gnu.lto_.decls.cfc1603c,"",%progbits
 196 0000 789CAD55 		.ascii	"x\234\255UyL\024g\024\237ogY\330e]\215\211\330\220&"
 196      794C1467 
 196      149F6F67 
 196      59D8655D 
 196      8D89D890 
 197 0015 5D6342DA 		.ascii	"]cB\332D\305\243\207\232\266V\211gj\265\022\223&n2]"
 197      44C5A387 
 197      9AB65689 
 197      676AB512 
 197      93266E32 
 198 002a 965136C2 		.ascii	"\226Q6\302\256e\206V\372\327(j\210ZA\304\213ZD\305["
 198      AE658656 
 198      FAD7286A 
 198      885A41C4 
 198      8B5A44C5 
 199 003f 64298A8A 		.ascii	"d)\212\212\250P\345\220\303\023\352\201\307r\250X\004"
 199      A850E590 
 199      C313EA81 
 199      C772A858 
 199      04
 200 0050 41B1D5B6 		.ascii	"A\261\325\266\262}\337\233\031v\260\"I\323I\336\356"
 200      B27DDF9B 
 200      1976B022 
 200      49D349DE 
 200      EE
ARM GAS  C:\Users\akudo\AppData\Local\Temp\ccws8Eg9.s 			page 15


 201 0061 77BCF77B 		.ascii	"w\274\367{\277w|\337\3072\014\223J\030\306\007\337\004"
 201      BF777CDF 
 201      C7320C93 
 201      4A18C607 
 201      DF04
 202 0073 23C334EB 		.ascii	"#\3034\353\030&\000\326\3462\376O\017r\010\344(\310"
 202      182600D6 
 202      E632FE4F 
 202      0F7208E4 
 202      28C8
 203 0085 31904265 		.ascii	"1\220Be\255\024\244\002\244\022\244\232\351\375Q}\203"
 203      AD14A402 
 203      A412A49A 
 203      E9FD517D 
 203      83
 204 0096 823303A4 		.ascii	"\2023\003\244\014\244\006\344,\310\005E\207(z\375aQ"
 204      0CA406E4 
 204      2CC80545 
 204      87287AFD 
 204      6151
 205 00a8 BFC12016 		.ascii	"\277\301 \026\0203\310\034\020\217\006w\026H\035\310"
 205      1033C81C 
 205      108F0677 
 205      16481DC8 
 206 00b8 5D90660D 		.ascii	"]\220f\015~\240b{\037\244\005\244]\341\337\001\362\004"
 206      7EA0627B 
 206      1FA405A4 
 206      5DE1DF01 
 206      F204
 207 00ca 44A7F8AA 		.ascii	"D\247\370\252x\305\037\325\011\352\307\2376\206co\300"
 207      78C51FD5 
 207      09EAC79F 
 207      3686636F 
 207      C0
 208 00db 2A54F2A0 		.ascii	"*T\362\240by\372\300(|\003F\247\216\2348\334U\023\334"
 208      6279FAC0 
 208      287C0346 
 208      A78E9C38 
 208      DC5513DC 
 209 00ef A2231693 		.ascii	"\242#\026\223\225N\013\323*\266\030`j6\351\351\364\344"
 209      954E0BD3 
 209      2AB61860 
 209      6A36E9E9 
 209      F4E4
 210 0101 5F8DB5FA 		.ascii	"_\215\265\372\241\033%\370R\223\244Az27\204\354%\241"
 210      A11B25F8 
 210      5293A441 
 210      7A323784 
 210      EC25A1
 211 0114 641F0905 		.ascii	"d\037\011\005\364\375d(\374.\320\313H?\355M\257\325"
 211      F4FD6428 
 211      FC2ED0CB 
 211      483FED4D 
 211      AFD5
 212 0126 B33A42C7 		.ascii	"\263:B\307\273\2664\324\232F\034\000\263d\251\270\205"
 212      BBB634D4 
 212      9A461C00 
ARM GAS  C:\Users\akudo\AppData\Local\Temp\ccws8Eg9.s 			page 16


 212      B364A9B8 
 212      85
 213 0137 F8DDADDF 		.ascii	"\370\335\255\337Py\335l\315\224\262<\035\207\212V\261"
 213      5079DD6C 
 213      CD94B23C 
 213      1D878A56 
 213      B1
 214 0148 5BA5ACE5 		.ascii	"[\245\254\345R\267\317G\020\214\034 ,9HF u\030\3131"
 214      52B7CF47 
 214      108C1C20 
 214      2C394846 
 214      207518CB 
 215 015d 1C225630 		.ascii	"\034\"V0,\332\223\027\300NE\360e{N\256\015\004\2163"
 215      2CDA9317 
 215      C04E45F0 
 215      657B4EAE 
 215      0D048E33 
 216 0171 4C0879F7 		.ascii	"L\010y\367\307\027\331F\234\322V\033\010K\272\213\007"
 216      C717D946 
 216      9CD2561B 
 216      084BBA8B 
 216      07
 217 0182 F31BCCC4 		.ascii	"\363\033\314\304\024\226,I\313)qc\205\205\351\341M\362"
 217      14962C49 
 217      CB297163 
 217      8585E9E1 
 217      4DF2
 218 0194 481828A3 		.ascii	"H\030(\243#r\030\026sa1\033\250vlKjM\\.}F<\304Drz\250"
 218      23721816 
 218      7361311B 
 218      A8766C4B 
 218      6A4D5C2E 
 219 01b0 A01F85FE 		.ascii	"\240\037\205\376\243\027;\036\233\365\220N\324Y\200"
 219      A3173B1E 
 219      9BF5904E 
 219      D45980
 220 01bf 395A5597 		.ascii	"9ZU\227\363\"H\233\2439fM\216\3621G?\023%I)u\353r\007"
 220      F322489B 
 220      A339664D 
 220      8EF23147 
 220      3F132549 
 221 01d8 B2790403 		.ascii	"\262y\004\003i\255=~\303\242$\243\260\\\233\014\260"
 221      69AD3D7E 
 221      C3A224A3 
 221      B05C9B0C 
 221      B0
 222 01e9 224734C9 		.ascii	"\"G4\3118\242&\343(&#m]f\247\205=%\243$W6l\010\000\024"
 222      38A226E3 
 222      2826236D 
 222      5D66A785 
 222      3D25A324 
 223 0203 AF276BCD 		.ascii	"\257'k\315nC\205T\354\363\235\221\010B\024h \012T\210"
 223      6E438554 
 223      ECF39D91 
 223      08421468 
 223      200A5488 
 224 0217 630871ED 		.ascii	"c\010q\355e\301F\203\2265\015\310O\373x\257\322V\237"
ARM GAS  C:\Users\akudo\AppData\Local\Temp\ccws8Eg9.s 			page 17


 224      65C14683 
 224      96350DC8 
 224      4FFB78AF 
 224      D2569F
 225 022a DB79C0C2 		.ascii	"\333y\300\302V\312\376\266\245w\245\352\221\265\367"
 225      56CAFEB6 
 225      A577A5EA 
 225      91B5F7
 226 0239 E4CA32B3 		.ascii	"\344\3122\263\204\036'\005Q\023rB\343\360\204\352\260"
 226      841E2705 
 226      51137242 
 226      E3F084EA 
 226      B0
 227 024a 101D6EBE 		.ascii	"\020\035n\276|\375\230\236\255\2271V\327\357\257\016"
 227      7CFD989E 
 227      AD973156 
 227      D7EFAF0E 
 228 025a 649B48AF 		.ascii	"d\233H\257z\206\310\365\\W\225Q\302\342\324G\267uiM"
 228      7A86C8F5 
 228      5C579551 
 228      C2E2D447 
 228      B775694D 
 229 026e 5DBB895A 		.ascii	"]\273\211Z\314\2164\211}\213!#B\311{P\311b\250d\210"
 229      CC8E3489 
 229      7D8B2123 
 229      42C97B50 
 229      C962A864 
 230 0283 52C953C0 		.ascii	"R\311S\300\375\264Z\311\333{S\336\226$=9\003A\025\371"
 230      FDB45AC9 
 230      DB7B53DE 
 230      96243D39 
 230      034115F9 
 231 0297 2B19D253 		.ascii	"+\031\322SI\235\367\332\356/_\017\372K_\240\207\326"
 231      499DF7DA 
 231      EE2F5F0F 
 231      FA4B5FA0 
 231      87D6
 232 02a9 540DA1A0 		.ascii	"T\015\241\240%\000z\322\017\012>z\372\243\262\372i\276"
 232      25007AD2 
 232      0F0A3E7A 
 232      FAA3B2FA 
 232      69BE
 233 02bb 6E702A66 		.ascii	"np*fU\222\254\204\352b\016\316\222\301=J\027JJ\266\021"
 233      5592AC84 
 233      EA620ECE 
 233      92C13D4A 
 233      174A4AB6 
 234 02d0 D6C362F0 		.ascii	"\326\303b\360?\344\225^f\207\357\220\274\200\177i\325"
 234      3FE4955E 
 234      6687EF90 
 234      BC807F69 
 234      D5
 235 02e1 90655203 		.ascii	"\220eR\003\330B>\0115!\347\324\034*\003RJ\206\203Q\375"
 235      D8423E09 
 235      3521E7D4 
 235      1C2A0352 
 235      4A868351 
ARM GAS  C:\Users\akudo\AppData\Local\Temp\ccws8Eg9.s 			page 18


 236 02f6 ADB5E9C4 		.ascii	"\255\265\351\304\274\332\337\335\310\311_\2752bV|\335"
 236      BCDADFDD 
 236      C8C95FBD 
 236      3262567C 
 236      DD
 237 0307 C93D93AB 		.ascii	"\311=\223\253cO\313\276V\356Xv?\000|I;\275\335W\242"
 237      634FCBBE 
 237      56EE5876 
 237      3F007C49 
 237      3BBDDD57 
 238 031c 8B5748D8 		.ascii	"\213WH\330mT\233\224\313\361h0\312\025\217\025\3501"
 238      6D549B94 
 238      CBF16830 
 238      CA158F15 
 238      E831
 239 032e EB56D7EF 		.ascii	"\353V\327\357\026\266L\306yRv\352\031A\316\336\375g"
 239      16B64CC6 
 239      795276EA 
 239      1941CEDE 
 239      FD67
 240 0340 67656D91 		.ascii	"gem\221$\257\317\367\016\022>\257\022V\006\244\022\315"
 240      24AFCFF7 
 240      0E123EAF 
 240      125606A4 
 240      12CD
 241 0352 935FEE4E 		.ascii	"\223_\356N'\354U\331\374\321\213g\202\314\302\367\012"
 241      27EC55D9 
 241      FCD18B67 
 241      82CCC2F7 
 241      0A
 242 0363 8BAA7FB1 		.ascii	"\213\252\177\261\250R`\252\021\246\265\261\354\211\241"
 242      A85260AA 
 242      11A6B5B1 
 242      EC89A1
 243 0372 57DCD4A7 		.ascii	"W\334\324\247_\273F\216\233\376\203\366\365\306\362"
 243      5FBB468E 
 243      9BFE83F6 
 243      F5C6F2
 244 0381 367D2F6D 		.ascii	"6}/m\352\303\257}A\321\276\200\332gN?/3\2617e\212k\223"
 244      EAC3AF7D 
 244      41D1BE80 
 244      DA674E3F 
 244      2F33B137 
 245 0399 BDE74D6C 		.ascii	"\275\347Ml\023\333\253?\207\365\276o\206\371\357\233"
 245      13DBAB3F 
 245      87F5BE6F 
 245      86F9EF9B 
 246 03a9 8AFBD22E 		.ascii	"\212\373\322.\013\0113)\275\3278#\011n\221Z(\311%\177"
 246      0B093329 
 246      BDD73823 
 246      096E915A 
 246      28C9257F 
 247 03bd 9B0C53BA 		.ascii	"\233\014S\272\344\365w\322Uh\272aJ\323]\206\305+\260"
 247      E4F577D2 
 247      5568BA61 
 247      4AD35D86 
 247      C52BB0
ARM GAS  C:\Users\akudo\AppData\Local\Temp\ccws8Eg9.s 			page 19


 248 03d0 08C0A57F 		.ascii	"\010\300\245\177\237^\021\320\347E\366\353k\214\224"
 248      9F5E11D0 
 248      E745F6EB 
 248      6B8C94
 249 03df 4E4D0BA1 		.ascii	"NM\013\241\235Z\007\024.\372)\324\252\235J7 \222\212"
 249      9D5A0714 
 249      2EFA29D4 
 249      AA9D4A37 
 249      20928A
 250 03f2 833F7DCD 		.ascii	"\203?}\315\266c\220\372\246m\236\202\201$,4\024\203"
 250      B66390FA 
 250      A66D9E82 
 250      81242C34 
 250      1483
 251 0404 4806FEF5 		.ascii	"H\006\376\365`|M)\247\374m\201\365\347\223\350\006\014"
 251      607C4D29 
 251      A7FC6D81 
 251      F5E793E8 
 251      060C
 252 0416 83F0FF35 		.ascii	"\203\360\3775\347\347:\260\242[\014\271\011\234n` \244"
 252      E7E73AB0 
 252      A25B0CB9 
 252      099C6E60 
 252      20A4
 253 0428 AAF1F953 		.ascii	"\252\361\371S3>3\203\3504\343\332\275.\026\237\031\035"
 253      333E3383 
 253      E834E3DA 
 253      BD2E169F 
 253      191D
 254 043a 5E076BF2 		.ascii	"^\007k\362|\201\246d\3452\242\2252k\333\371\016\242"
 254      7C81A664 
 254      E532A295 
 254      326BDBF9 
 254      0EA2
 255 044c BD8BF0A0 		.ascii	"\275\213\360\240\235\331\262)\303\250\034\262,z\310"
 255      9DD9B229 
 255      C3A81CB2 
 255      2C7AC8
 256 045b 28D35BA0 		.ascii	"(\323[\240}\033\265\357\322\243&\333\340\204V\2608\347"
 256      7D1BB5EF 
 256      D2A326DB 
 256      E08456B0 
 256      38E7
 257 046d 6A207A1F 		.ascii	"j z\037O\001\376\330\345m%\350=\220N\323V\036?n\301"
 257      4F01FED8 
 257      E56D25E8 
 257      3D904ED3 
 257      561E3F6E 
 258 0482 A9814EB3 		.ascii	"\251\201N\263\263;6\015\350\233L\223J\246Q\216\254-"
 258      B33B360D 
 258      E89B4C93 
 258      4AA6518E 
 258      AC2D
 259 0494 A935C7A0 		.ascii	"\2515\307\240=\362\224\215\027\324\033P\275\031\331"
 259      3DF2948D 
 259      17D41B50 
 259      BD19D9
ARM GAS  C:\Users\akudo\AppData\Local\Temp\ccws8Eg9.s 			page 20


 260 04a3 34C96C9A 		.ascii	"4\311l\232\221MI\306\336\315F\366\251\334\\\373n\371"
 260      914D49C6 
 260      DECD46F6 
 260      A9DC5CFB 
 260      6EF9
 261 04b5 6EB3709B 		.ascii	"n\263p\233\026{<//\266\353z\336\200)\370 \336\323\334"
 261      167B3C2F 
 261      2FB6EB7A 
 261      DE8029F8 
 261      20DED3DC 
 262 04c9 A7F7D4A3 		.ascii	"\247\367\324\243u\037\357\323\346\332N\311\304\036\326"
 262      751FEFD3 
 262      E6DA4EC9 
 262      C41ED6
 263 04d8 23CA9EB6 		.ascii	"#\312\236\266\242\026\243\214\362<\317\373\361+(\017"
 263      A216A38C 
 263      F23CCFFB 
 263      F12B280F 
 264 04e8 34280F54 		.ascii	"4(\017T\224\026DI\316\361\024\031\361A\253\353y\320"
 264      94164449 
 264      CEF11419 
 264      F141ABEB 
 264      79D0
 265 04fa EAF3BBDB 		.ascii	"\352\363\273\333\007\366\371\350\377\206/\303C\365A"
 265      07F6F9E8 
 265      FF862FC3 
 265      43F541
 266 0509 EBF6A648 		.ascii	"\353\366\246H\020\214Lc\307\303\033)&vY\000N\332\312"
 266      108C4C63 
 266      C7C31B29 
 266      26765900 
 266      4EDACA
 267 051c BBF30300 		.ascii	"\273\363\003\000\232<B\227\260\222\264\241\270\213 "
 267      9A3C4297 
 267      B092B4A1 
 267      B88B20
 268 052b CB8EED47 		.ascii	"\313\216\355G\367M[\237\273J~<\310\366\342T=\005&\255"
 268      F74D5B9F 
 268      BB4A7E3C 
 268      C8F6E254 
 268      3D0526AD 
 269 053f 2A53D206 		.ascii	"*S\322\006\016\350T&\333\216d\013n\256\337jfkd\370\356"
 269      0EE85426 
 269      DB8E640B 
 269      6EAEDF6A 
 269      666B64F8 
 270 0554 824D7FEA 		.ascii	"\202M\177\352d\260\227\027\237F\245%I\331x\015e\005"
 270      64B09717 
 270      9F46A525 
 270      49D9780D 
 270      6505
 271 0566 61CC8F35 		.ascii	"a\314\21751?Va:\020&\363\322\355\207z\366\206\002\223"
 271      313F5661 
 271      3A1026F3 
 271      D2ED877A 
 271      F6860293 
 272 057a 74E96E80 		.ascii	"t\351n\200\232\271\254O_\311\\\247\006\245SEyB\254\214"
ARM GAS  C:\Users\akudo\AppData\Local\Temp\ccws8Eg9.s 			page 21


 272      9AB9AC4F 
 272      5FC95CA7 
 272      06A55345 
 272      7942AC8C 
 273 058e 8973B8E3 		.ascii	"\211s\270\343y\316\351r\212\206\351_\314\267F0\243#"
 273      79CEE972 
 273      8A86E95F 
 273      CCB74630 
 273      A323
 274 05a0 268647C4 		.ascii	"&\206G\3048\243\234\221bB\264\323\035\356\240c\2670"
 274      38A39C91 
 274      6242B4D3 
 274      1DEEA063 
 274      B730
 275 05b2 E6C331E1 		.ascii	"\346\3031\341n!<^\014\027\342\035\260\030\307\307Q\313"
 275      6E213C5E 
 275      0C17E21D 
 275      B018C7C7 
 275      51CB
 276 05c4 510EC620 		.ascii	"Q\016\306 8\277\34791\3321\321\206\272\002\332\331D"
 276      38BFE739 
 276      31DA31D1 
 276      86BA02DA 
 276      D944
 277 05d6 B73B56B0 		.ascii	"\267;V\260-r%Xqd\265\307\307Y\371\270(>:\232\217\266"
 277      2D722558 
 277      7164B5C7 
 277      C759F9B8 
 277      283E3A9A 
 278 05ec BD3F6A82 		.ascii	"\275?j\202u\354\3501\037|3\316\026\353\214\262-r8l\260"
 278      75ECE831 
 278      1F7C33CE 
 278      16EB8CB2 
 278      2D72386C 
 279 0601 3FD2E576 		.ascii	"?\322\345v\361#y{\224\223*\214\032gs\272\034\261\011"
 279      F123797B 
 279      94932A8C 
 279      1A6773BA 
 279      1CB109
 280 0614 D1BC4D10 		.ascii	"\321\274M\020\301j\341\250\030&\330\021\023\001^'\307"
 280      C16AE1A8 
 280      1826D811 
 280      13015E27 
 280      C7
 281 0625 C6BA1D66 		.ascii	"\306\272\035f\315x\346 y2\235\027#E\273\230 |\025\230"
 281      CD78E620 
 281      79329D17 
 281      2345BB98 
 281      207C1598 
 282 0639 E07489E3 		.ascii	"\340t\211\3439\321\310q\312h\341\177$\330\233\230J)"
 282      39D1C871 
 282      CA68E17F 
 282      24D89B98 
 282      4A29
 283 064b CE0E582E 		.ascii	"\316\016X.\336\306\0011{B\254\310\211\211Kx\001(.\370"
 283      DEC60131 
 283      7B42ACC8 
ARM GAS  C:\Users\akudo\AppData\Local\Temp\ccws8Eg9.s 			page 22


 283      89894B78 
 283      01282EF8 
 284 065f 5FDD0889 		.ascii	"_\335\010\211\202\215\203\360!\004\300\036\300q1\274"
 284      828D83F0 
 284      2104C01E 
 284      C07131BC 
 285 066f 7D091765 		.ascii	"}\011\027e\027x\216\013t\361KE\250\203YY\345]\321\034"
 285      17788E0B 
 285      74F14B45 
 285      A8835959 
 285      E55DD11C 
 286 0683 67805F58 		.ascii	"g\200_X\013\242A\217\033\313\211&9~:\324;b\354\361F"
 286      0BA2418F 
 286      1BCB8926 
 286      397E3AD4 
 286      3B62ECF1 
 287 0698 474C64A2 		.ascii	"GLd\242\360\271\333\261\270\337B+\034`\003X\200w\343"
 287      F0B9DBB1 
 287      B8DF422B 
 287      1C600358 
 287      8077E3
 288 06ab 1277BCC8 		.ascii	"\022w\274\310A\266\027O\354\317\224j\012\341\223\347"
 288      41B6174F 
 288      ECCF946A 
 288      0AE193E7 
 289 06bb CD8E98BD 		.ascii	"\315\216\230\275\024v\261\307\276\375(N\016A\340En\312"
 289      1476B1C7 
 289      BEFD284E 
 289      0E41E045 
 289      6ECA
 290 06cd E4C8A973 		.ascii	"\344\310\251s\347\315\034`\217\375\316\236(@\377\305"
 290      E7CD1C60 
 290      8FFDCE9E 
 290      2840FFC5 
 291 06dd 42323F79 		.ascii	"B2?y#,\004\033\0361;rf\244\237\030\205u\304MKp9\344"
 291      232C041B 
 291      1E313B72 
 291      66A49F18 
 291      8575C44D 
 292 06f5 DE80C8E6 		.ascii	"\336\200\310\346\273(\301`\244\232\200\343\177\000)"
 292      BB28C160 
 292      A49A80E3 
 292      7F0029
 293 0704 041A63   		.ascii	"\004\032c"
 294              		.text
 295              		.section	.gnu.lto_.symtab.cfc1603c,"",%progbits
 296 0000 5F636F72 		.ascii	"_core_init\000\000\000\000\000\000\000\000\000\000\000"
 296      655F696E 
 296      69740000 
 296      00000000 
 296      00000000 
 297 0015 00AC0000 		.ascii	"\000\254\000\000\000chCoreAlloc\000\000\000\000\000"
 297      00636843 
 297      6F726541 
 297      6C6C6F63 
 297      00000000 
 298 002a 00000000 		.ascii	"\000\000\000\000\000\000\000\265\000\000\000chCoreA"
ARM GAS  C:\Users\akudo\AppData\Local\Temp\ccws8Eg9.s 			page 23


 298      000000B5 
 298      00000063 
 298      68436F72 
 298      6541
 299 003c 6C6C6F63 		.ascii	"llocI\000\000\000\000\000\000\000\000\000\000\000\000"
 299      49000000 
 299      00000000 
 299      00000000 
 299      00
 300 004d B7000000 		.ascii	"\267\000\000\000chCoreGetStatusX\000\000\000\000\000"
 300      6368436F 
 300      72654765 
 300      74537461 
 300      74757358 
 301 0066 00000000 		.ascii	"\000\000\000\000\000\000\000\272\000\000\000__heap_"
 301      000000BA 
 301      0000005F 
 301      5F686561 
 301      705F
 302 0078 62617365 		.ascii	"base__\000\000\002\000\000\000\000\000\000\000\000\000"
 302      5F5F0000 
 302      02000000 
 302      00000000 
 302      0000
 303 008a C5000000 		.ascii	"\305\000\000\000__heap_end__\000\000\002\000\000\000"
 303      5F5F6865 
 303      61705F65 
 303      6E645F5F 
 303      00000200 
 304 00a0 00000000 		.ascii	"\000\000\000\000\000\000\312\000\000\000"
 304      0000CA00 
 304      0000
 305              		.text
 306              		.section	.gnu.lto_.opts,"",%progbits
 307 0000 272D666E 		.ascii	"'-fno-trapv' '-mcpu=cortex-m4' '-mno-thumb-interwor"
 307      6F2D7472 
 307      61707627 
 307      20272D6D 
 307      6370753D 
 308 0033 6B272027 		.ascii	"k' '-mthumb' '-ggdb' '-O2' '-fomit-frame-pointer' '"
 308      2D6D7468 
 308      756D6227 
 308      20272D67 
 308      67646227 
 309 0066 2D66616C 		.ascii	"-falign-functions=16' '-ffunction-sections' '-fdata"
 309      69676E2D 
 309      66756E63 
 309      74696F6E 
 309      733D3136 
 310 0099 2D736563 		.ascii	"-sections' '-fno-common' '-flto'\000"
 310      74696F6E 
 310      73272027 
 310      2D666E6F 
 310      2D636F6D 
 311              		.text
 312              		.comm	__gnu_lto_v1,1,1
 313              		.comm	__gnu_lto_slim,1,1
ARM GAS  C:\Users\akudo\AppData\Local\Temp\ccws8Eg9.s 			page 24


 314              		.ident	"GCC: (GNU Tools for ARM Embedded Processors) 4.9.3 20150529 (release) [ARM/embedded-4_9-br
ARM GAS  C:\Users\akudo\AppData\Local\Temp\ccws8Eg9.s 			page 25


DEFINED SYMBOLS
                            *ABS*:00000000 chmemcore.c
                            *COM*:00000001 __gnu_lto_v1
                            *COM*:00000001 __gnu_lto_slim

NO UNDEFINED SYMBOLS
