ARM GAS  C:\Users\akudo\AppData\Local\Temp\cc2KaqVa.s 			page 1


   1              		.syntax unified
   2              		.cpu cortex-m4
   3              		.fpu softvfp
   4              		.eabi_attribute 20, 1
   5              		.eabi_attribute 21, 1
   6              		.eabi_attribute 23, 3
   7              		.eabi_attribute 24, 1
   8              		.eabi_attribute 25, 1
   9              		.eabi_attribute 26, 1
  10              		.eabi_attribute 30, 2
  11              		.eabi_attribute 34, 1
  12              		.eabi_attribute 18, 4
  13              		.thumb
  14              		.file	"chmsg.c"
  15              		.text
  16              	.Ltext0:
  17              		.section	.gnu.lto_.profile.cfc1741f,"",%progbits
  18 0000 789C6366 		.ascii	"x\234cf```a\200\000F\006\177\015\000\001:\000\200"
  18      60606061 
  18      80004606 
  18      7F0D0001 
  18      3A0080
  19              		.text
  20              		.section	.gnu.lto_.jmpfuncs.cfc1741f,"",%progbits
  21 0000 789C6366 		.ascii	"x\234cf\300\016\002\24043\003\023##s}=#\323G&\306\357"
  21      C00E02A0 
  21      34330313 
  21      2323737D 
  21      3D23D347 
  22 0017 AD1F3AB9 		.ascii	"\255\037:\271^0\375db\340a`\\\316(\305\300\310\\\016"
  22      5E30FD64 
  22      62E06160 
  22      5CCE28C5 
  22      C0C85C0E 
  23 002b 54C3C4C0 		.ascii	"T\303\304\300\000\226\336\270\360\366wf\2604\037\003"
  23      0096DEB8 
  23      F0F67766 
  23      B0341F03 
  24 003b E30AA034 		.ascii	"\343\012\24043H/##\023X\025s9#\220\004\000\015z\020"
  24      33482F23 
  24      23135815 
  24      73392390 
  24      04000D7A 
  25 0050 5B       		.ascii	"["
  26              		.text
  27              		.section	.gnu.lto_.inline.cfc1741f,"",%progbits
  28 0000 789C6366 		.ascii	"x\234cf\300\016b\24143\003\203\250,##\003#\003\003\223"
  28      C00E62A1 
  28      34330383 
  28      A82C2323 
  28      03230303 
  29 0015 E48AC38C 		.ascii	"\344\212\303\214\014\2347\314\230@\022L\334\014@A09"
  29      0C9C37CC 
  29      9840124C 
  29      DC0C4041 
  29      3039
  30 0027 C18F8941 		.ascii	"\301\217\211A\220\037\310\2218\260\233\221\201m\201"
ARM GAS  C:\Users\akudo\AppData\Local\Temp\cc2KaqVa.s 			page 2


  30      901FC891 
  30      38B09B91 
  30      816D81
  31 0036 3C920266 		.ascii	"<\222\002f\006\016\001\240\014\313\002y\270\0043\017"
  31      060E01A0 
  31      0CCB0279 
  31      B804330F 
  32 0046 507282DF 		.ascii	"Pr\202\337\004?\006\000\330\213\0126"
  32      043F0600 
  32      D88B0A36 
  33              		.text
  34              		.section	.gnu.lto_.pureconst.cfc1741f,"",%progbits
  35 0000 789C6366 		.ascii	"x\234cf```g\200\000f\006+&+f+\000\002\342\000\301"
  35      60606067 
  35      80006606 
  35      2B262B66 
  35      2B0002E2 
  36              		.text
  37              		.section	.gnu.lto_chMsgSend.cfc1741f,"",%progbits
  38 0000 789C9555 		.ascii	"x\234\225U}LSW\024\277\347\276\327\017\240P\346\\\262"
  38      7D4C5357 
  38      14BFE7BE 
  38      D70FA050 
  38      E65CB2
  39 0013 B02D9010 		.ascii	"\260-\220\020\342\026\305\252K\334\242\233\333B\262"
  39      E216C5AA 
  39      4BDCA29B 
  39      DB42B2
  40 0022 6CC9F847 		.ascii	"l\311\370G\222\375a\226,Z\233A\"\026\333b\364\017\343"
  40      92FD6196 
  40      2C5A9B41 
  40      2216DB62 
  40      F40FE3
  41 0035 2BD48FC5 		.ascii	"+\324\217\305\260\021u\323\201n\0224~\300@p2>\346\254"
  41      B01175D3 
  41      816E1234 
  41      7EC04070 
  41      323EE6AC 
  42 0049 9B2B8AC3 		.ascii	"\233+\212\303O\024\025\304\242\024\305\217\210\240b"
  42      4F1415C4 
  42      A214C58F 
  42      88A062
  43 0058 43A03BE7 		.ascii	"C\240;\347\2767FK\231\332\244\355{\367\336\337\357\234"
  43      BE37464B 
  43      99DAA4ED 
  43      7BF7DEDF 
  43      EF9C
  44 006a F33BE7DC 		.ascii	"\363;\347\334#\261\211\237\267\361\373Y\014c\363\201"
  44      23B1899F 
  44      B7F1FB59 
  44      0C63F381 
  45 007a 31D031E0 		.ascii	"1\3201\340\305\247\031s\0339\227|f\246\304\312-\013"
  45      C5A71973 
  45      1B39977C 
  45      66A6C4CA 
  45      2D0B
  46 008c 98629240 		.ascii	"\230b\222@V\227e\000z`\300\326rI\206\265\320\307\037"
ARM GAS  C:\Users\akudo\AppData\Local\Temp\cc2KaqVa.s 			page 3


  46      56976500 
  46      7A60C0D6 
  46      724986B5 
  46      D0C71F
  47 009f 7268A87A 		.ascii	"rh\250z\324\032w\233\0079Ka\370\332\270\371\304v=\275"
  47      D41A779B 
  47      07394B61 
  47      F8DAB8F9 
  47      C4763DBD 
  48 00b3 824CAF1D 		.ascii	"\202L\257\035\305\241;\011\323\366(\212\322?p\270\323"
  48      C5A13B09 
  48      D3F6288A 
  48      D23F70B8 
  48      D3
  49 00c4 B4EE9320 		.ascii	"\264\356\223 \347l\2203\330\013I\260\017\222\210n?L"
  49      E76C9033 
  49      D80B49B0 
  49      0F92886E 
  49      3F4C
  50 00d6 C3936E6F 		.ascii	"\303\223noQ[\274d\001B\035\257\276\0244\246\225+J\201"
  50      515BBC64 
  50      01421DAF 
  50      BE1434A6 
  50      952B4A81 
  51 00ea B7A956F9 		.ascii	"\267\251V\371P\016r\011\016\2004\036\207K\014* \015"
  51      500E7209 
  51      0E80341E 
  51      874B0C2A 
  51      200D
  52 00fc 4FEFBD7D 		.ascii	"O\357\275}\277^\222\346\010\344\255\322\236\240\211"
  52      BF5E92E6 
  52      08E4ADD2 
  52      9EA089
  53 010b 908AB755 		.ascii	"\220\212\267UEr\250\214D\342\313\317\220F\307\317\372"
  53      4572A88C 
  53      44E2CBCF 
  53      9046C7CF 
  53      FA
  54 011c 82C309D2 		.ascii	"\202\303\011\322\\\001-\356\333\265'!\265\014\215\372"
  54      5C012DEE 
  54      DBB52721 
  54      B50C8DFA 
  55 012c EBCB9B4D 		.ascii	"\353\313\233M\312\011\305\343\017\205\222\311vU8\203"
  55      CA09C5E3 
  55      0F8592C9 
  55      76553883 
  56 013c FA41C843 		.ascii	"\372A\310C\317H{\234\336\203\326\022\241\032RG8\243"
  56      CF487B9C 
  56      DE83D612 
  56      A11A5247 
  56      38A3
  57 014e D830A483 		.ascii	"\3300\244\203\240'Ii\261z\212W\011\205\006\333\3136"
  57      A0274969 
  57      B17A8A57 
  57      098506DB 
  57      CB36
  58 0160 A5EEE453 		.ascii	"\245\356\344S\321i\\\223\311}\035\220\027\006\240(\214"
ARM GAS  C:\Users\akudo\AppData\Local\Temp\cc2KaqVa.s 			page 4


  58      D1695C93 
  58      C97D1D90 
  58      1706A028 
  58      8C
  59 0171 B820C7E1 		.ascii	"\270 \307\341\217.A\365\215\365 \017\251\035@o\361_"
  59      8F2E41F5 
  59      8DF5200F 
  59      A91D406F 
  59      F15F
  60 0183 BA0A0575 		.ascii	"\272\012\005u5\235\347$\242\036\342\022\032\377\361"
  60      359DE724 
  60      A21EE212 
  60      1AFFF1
  61 0192 C237557C 		.ascii	"\3027U|\315\260\262Q1\006\271~\204\203p\351z\317\231"
  61      CDB0B251 
  61      3106B97E 
  61      848370E9 
  61      7ACF99
  62 01a5 7346D25F 		.ascii	"sF\322_/^\367\271=;`'\224\272\025:e\200\032X\003\265"
  62      2F5EF7B9 
  62      3D3B6027 
  62      94BA153A 
  62      65801A58 
  63 01bb 1402EE8D 		.ascii	"\024\002\356\215V~[\253O\257 \255\246\007\271\021\016"
  63      567E5BAB 
  63      4FAF20AD 
  63      A607B911 
  63      0E
  64 01cc E1C101AE 		.ascii	"\341\301\001\256\205v\344\350\371Q9}:E\377\013\244\017"
  64      8576E4E8 
  64      F951397D 
  64      3A45FF0B 
  64      A40F
  65 01de 103B83C3 		.ascii	"\020;\203\303\220\316.A\2012_\004\210\201\240'\264\220"
  65      90CE2E41 
  65      81325F04 
  65      8881A027 
  65      B490
  66 01f0 4888C10A 		.ascii	"H\210\301\012e\253$\315\023Z\336m+\333\023+\264\354"
  66      65AB24CD 
  66      135ADE6D 
  66      2BDB132B 
  66      B4EC
  67 0202 DF58D86B 		.ascii	"\337X\330k\335\\\250\354\306\307\320\007\250f\014\324"
  67      DD5CA8EC 
  67      C6C7D007 
  67      A8660CD4 
  68 0212 4553137E 		.ascii	"ES\023~\205T\004v\027=>\004\344~L\012\203z\334\355\200"
  68      85540476 
  68      173D3E04 
  68      E47E4C0A 
  68      837ADCED 
  69 0227 821B431B 		.ascii	"\202\033C\033z\267\353\303\344\366{\354B\344A\016\341"
  69      7AB7EBC3 
  69      E4F67BEC 
  69      42E4410E 
  69      E1
ARM GAS  C:\Users\akudo\AppData\Local\Temp\cc2KaqVa.s 			page 5


  70 0238 79F00F6C 		.ascii	"y\360\017l\352\302Bn\240-\036\261U\274\276\315@f\030"
  70      EAC2426E 
  70      A02D1EB1 
  70      55BCBECD 
  70      406618
  71 024b 34D2B614 		.ascii	"4\322\266\024\221A\006M\200\242\301o\224;`w\200\324"
  71      9141064D 
  71      80A2C16F 
  71      943B6077 
  71      80D4
  72 025d BCF7748B 		.ascii	"\274\367t\213\224<\014;\225\355)A\036K\210\357:\206"
  72      943C0C3B 
  72      95ED2941 
  72      1E4B88EF 
  72      3A86
  73 026f DDB132CA 		.ascii	"\335\2612\312\004G YHU\262n\333\017&\\\201\337A\026"
  73      04472059 
  73      4855B26E 
  73      DB0F265C 
  73      81DF4116 
  74 0283 3E33380A 		.ascii	">38\0122n\264l\330\365DN\036\325\320q\242\340\356\371"
  74      326EB46C 
  74      D8F5444E 
  74      1ED5D071 
  74      A2E0EEF9 
  75 0297 1A6304DA 		.ascii	"\032c\004\332Kh8\206m\202\251\375\276\241\257\364=\012"
  75      4B683886 
  75      6D82A9FD 
  75      BEA1AFF4 
  75      3D0A
  76 02a9 687C0625 		.ascii	"h|\006%\301~\370\351O\367\343\325\014z\365AnB\311\341"
  76      C17EF8E9 
  76      4FF7E3D5 
  76      0C7AF541 
  76      6E42C9E1 
  77 02bd 0F2D833B 		.ascii	"\017-\203;\036m\271b\246$q\370S$O\024\337qH\037\342"
  77      1E6DB962 
  77      A62471F8 
  77      53244F14 
  77      DF71481F 
  78 02d2 3AA27DB2 		.ascii	":\242}\262\341I\351\"\265b\214\021T\357\012*\303D\252"
  78      E149E922 
  78      B5628C11 
  78      54EF0A2A 
  78      C344AA
  79 02e5 78F84B50 		.ascii	"x\370KPIj\035\324U\236\274\020\217U\206\220t\254Q\360"
  79      496A1DD4 
  79      559EBC10 
  79      8F558690 
  79      74AC51F0 
  80 02f9 61093068 		.ascii	"a\0110h\2065\304\277\271\373\025\315\351\347\3622\001"
  80      8635C4BF 
  80      B9FB15CD 
  80      E9E7F232 
  80      01
  81 030a 4E086A59 		.ascii	"N\010jY\245\036=v\272\334\254\326\337kAn\206\223Tg:"
  81      A51E3D76 
ARM GAS  C:\Users\akudo\AppData\Local\Temp\cc2KaqVa.s 			page 6


  81      BADCACD6 
  81      DF6B416E 
  81      86935467 
  82 031f 8AA08522 		.ascii	"\212\240\205\"0ReyC>\320L\024\326\273\217\232\324\376"
  82      30526579 
  82      433ED04C 
  82      14D6BB8F 
  82      9AD4FE
  83 0332 ACBE69F3 		.ascii	"\254\276i\363zv)\243\241\020D\271\032\264\202:5V\236"
  83      7A7629A3 
  83      A11044B9 
  83      1AB4823A 
  83      35569E
  84 0345 E3486A9B 		.ascii	"\343Hj\233\256\264\304I\353\325\262yp\263\350\254>\012"
  84      AEB4C449 
  84      EBD5B279 
  84      70B3E8AC 
  84      3E0A
  85 0357 A30C7F47 		.ascii	"\243\014\177Gel%F\243\232\257\326\255\355\353\315\341"
  85      656C2546 
  85      A39AAFD6 
  85      ADEDEBCD 
  85      E1
  86 0368 F51578F0 		.ascii	"\365\025x\360*\035!\303Zq\312\023J\354\264(\2613\221"
  86      2A1D21C3 
  86      5A71CA13 
  86      4AECB428 
  86      B13391
  87 037b 9A19A34A 		.ascii	"\232\031\243JF\322\364\227\354\257\212\327Q\224g\205"
  87      46D2F497 
  87      ECAF8AD7 
  87      51946785 
  88 038b 767A9503 		.ascii	"vz\225\003\316\251\022\211k\341Z\311\347D9\304\251\350"
  88      CEA91289 
  88      6BE15AC9 
  88      E74439C4 
  88      A9E8
  89 039d 8E5CEFE8 		.ascii	"\216\\\357\350\226\250|\3447\211)P]\321\0243f$\236R"
  89      96A87CE4 
  89      37892950 
  89      5DD11433 
  89      66249E52 
  90 03b1 7E5E3372 		.ascii	"~^3r\340\320\301G:\265\305/\010n\203\306\335\2069\246"
  90      E0D0C147 
  90      3AB5C52F 
  90      086E83C6 
  90      DD8639A6 
  91 03c5 EC96995F 		.ascii	"\354\226\231_\304S\257\360\362\242`2jL\227\310K\265"
  91      C453AFF0 
  91      F2A26032 
  91      6A4C97C8 
  91      4BB5
  92 03d7 C21F5E2B 		.ascii	"\302\037^+\371b2:9\032\335\033D\327\036\026\364e\242"
  92      F962323A 
  92      391ADD1B 
  92      44D71E16 
  92      F465A2
ARM GAS  C:\Users\akudo\AppData\Local\Temp\cc2KaqVa.s 			page 7


  93 03ea 93045D4D 		.ascii	"\223\004]MW\311\002\215\356\231!\012:=\321]\011\213"
  93      57C9028D 
  93      EE99210A 
  93      3A3DD15D 
  93      098B
  94 03fc F3EA185D 		.ascii	"\363\352\030]]\303\261\035s\324F\211\033\347 L\326$"
  94      5DC3B11D 
  94      73D44689 
  94      1BE7204C 
  94      D624
  95 040e 89D02198 		.ascii	"\211\320!\230b\250,:Q\256\213\340\271\\\230\364\037"
  95      62A82C3A 
  95      51AE8BE0 
  95      B95C98F4 
  95      1F
  96 041f 434D59C7 		.ascii	"CMY\307\220\310\002]\350\327\264\022\012\2401\237Y\352"
  96      90C8025D 
  96      E8D7B412 
  96      0AA0319F 
  96      59EA
  97 0431 048F774B 		.ascii	"\004\217wK3\247\303,\362\036\177i\220:\000\272\260\277"
  97      33A7C32C 
  97      F21E7F69 
  97      903A00BA 
  97      B0BF
  98 0443 D070904F 		.ascii	"\320p\220O\0210Y\214\000\302mk\206\250\270\227\007\351"
  98      1130598C 
  98      00C26D6B 
  98      86A8B897 
  98      07E9
  99 0455 C287EB88 		.ascii	"\302\207\353\210\303\255\241u\375_\307\012\353&\006"
  99      C3ADA175 
  99      FD5FC70A 
  99      EB2606
 100 0464 7E480AF2 		.ascii	"~H\012\362\251j\245\364\256P]L\210h\331\327'o\331\356"
 100      A96AA5F4 
 100      AE505D4C 
 100      8868D9D7 
 100      276FD9EE 
 101 0478 F12D3B52 		.ascii	"\361-;R\364\240\034T=\337\242[\347\006\265l,\211pS\033"
 101      F4A01C54 
 101      3DDFA25B 
 101      E706B56C 
 101      2C897053 
 102 048d 0D66311A 		.ascii	"\015f1\032p\204\241\221\261\321\0206\016\006\236k\034"
 102      7084A191 
 102      B1D11036 
 102      0E069E6B 
 102      1C
 103 049e F4887130 		.ascii	"\364\210q0v\027\242\320\020\230|\034\354vj\035g\230"
 103      7617A2D0 
 103      10987C1C 
 103      EC766A1D 
 103      6798
 104 04b0 D071BDA0 		.ascii	"\320q\275\240g\2213\342\324c\234\021\267\350\2741rF"
 104      679133E2 
 104      D4639C11 
ARM GAS  C:\Users\akudo\AppData\Local\Temp\cc2KaqVa.s 			page 8


 104      B7E8BC31 
 104      7246
 105 04c2 F80206B2 		.ascii	"\370\002\006\262\315\340v\364\031\321'\032\370\316\270"
 105      CDE076F4 
 105      19D1271A 
 105      F8CEB8
 106 04d1 19B1FBBE 		.ascii	"\031\261\373\276\277Q\377\357\365\037\020\327\377]q"
 106      BF51FFEF 
 106      F51F10D7 
 106      FF5D71
 107 04e0 FD47DEF5 		.ascii	"\375G\336\365\367\360\256\357\002\267\277\307\251%\201"
 107      F7F0AEEF 
 107      02B7BFC7 
 107      A92581
 108 04ef D19807CA 		.ascii	"\321\230\007\312-\036\232\2211\317\222\221\235\263$"
 108      2D1E9A91 
 108      31CF9291 
 108      9DB324
 109 04fe 27CB95BF 		.ascii	"'\313\225\2774\307n\261\322\263\3359{\356l\213\335i"
 109      34C76EB1 
 109      D2B3DD39 
 109      7BEE6C8B 
 109      DD69
 110 0510 71B82C4E 		.ascii	"q\270,N\207\025\027s\235_\315\2642\356\312\223\360I"
 110      87151773 
 110      9D5FCDB4 
 110      32EECA93 
 110      F049
 111 0522 B2BAF274 		.ascii	"\262\272\362t+\027/\313\267\315{\026:\317\356p9-\037"
 111      2B172FCB 
 111      B7CD7B16 
 111      3ACFEE70 
 111      392D1F
 112 0535 2DCCCCC8 		.ascii	"-\314\314\310\\\205\273V\273\303\366\345\312wrgf\263"
 112      5C85BB56 
 112      BBC3F6E5 
 112      CA777267 
 112      66B3
 113 0547 F7FF176A 		.ascii	"\367\377\027j[\345\262ddf}\232e\311Yn]\226\277\324f"
 113      5BE5B264 
 113      64667D9A 
 113      65C9596E 
 113      5D96BFD4 
 114 055c 11506BEE 		.ascii	"\021Pk\356\307\371\313\255\210\236\365,\303c\260l\347"
 114      C7F9CBAD 
 114      889EF52C 
 114      C363B06C 
 114      E7
 115 056d 6A270212 		.ascii	"j'\002\0223\263\026\246,Y\354\264\3459rf\244\244\315"
 115      33B316A6 
 115      2C59ECB4 
 115      E5397266 
 115      A4A4CD
 116 0580 62DCC10C 		.ascii	"b\334\301\014\271\266\\\273c5\223\\+\362f\277\000\241"
 116      B9B65CBB 
 116      6335935C 
 116      2BF266BF 
ARM GAS  C:\Users\akudo\AppData\Local\Temp\cc2KaqVa.s 			page 9


 116      00A1
 117 0592 357B2932 		.ascii	"5{)2\376\003\345-\265p"
 117      FE03E52D 
 117      B570
 118              		.text
 119              		.section	.gnu.lto_chMsgWait.cfc1741f,"",%progbits
 120 0000 789C9556 		.ascii	"x\234\225VkLTW\020>s\316\345.\260\273@\372\2431\376"
 120      6B4C5457 
 120      103E73CE 
 120      E52EB0BB 
 120      40FAA331 
 121 0015 2824A4B1 		.ascii	"($\244\261\011\256\013m\32366\3264$M\373\203?\2224\375"
 121      09AE0B6D 
 121      D33636D6 
 121      34244DFB 
 121      833F9234 
 122 002a D5061722 		.ascii	"\325\006\027\"$\362\350.\030\375a\275\273]\203\215\241"
 122      24F2E82E 
 122      18FD61BD 
 122      BB5D838D 
 122      A1
 123 003b 356A5B7C 		.ascii	"5j[|\203\217\224\012\312\253Z\205Z\266\325\342\253\276"
 123      838F940A 
 123      CAAB5A85 
 123      5AB6D5E2 
 123      ABBE
 124 004d 5041C4CA 		.ascii	"PA\304\312\"\254o#\010(\033\225\355\314\271W\312\356"
 124      22AC6F23 
 124      08281B95 
 124      EDCCB957 
 124      CAEE
 125 005f 62C54DF6 		.ascii	"b\305M\366\262\367\314\231of\276\371\316\031\004\213"
 125      B2F7CC99 
 125      6F66BEF9 
 125      CE19048B 
 126 006f FEBC8D5F 		.ascii	"\376\274\215_\021\307X.0\0061\014\370\232\323\214\271"
 126      11C7582E 
 126      3006310C 
 126      F89AD38C 
 126      B9
 127 0080 633917A3 		.ascii	"c9\027\243&\246\305+\233\332\031\323,\002\024}]\001"
 127      26A6C52B 
 127      9BDA19D3 
 127      2C02147D 
 127      5D01
 128 0092 A01F0CD8 		.ascii	"\240\037\014\330\012.\024X\001\267\370\020\207\203{"
 128      0A2E1458 
 128      01B7F810 
 128      87837B
 129 00a1 474E996F 		.ascii	"GN\231o\362 g)\014_[\326\036\253T\351\025\024z\355\352"
 129      F2206729 
 129      0C5F5BD6 
 129      1EAB54E9 
 129      15147AED 
 130 00b6 ACEC8A9B 		.ascii	"\254\354\212\233\265K\323<\203\236\266\305\033\326W"
 130      B54BD33C 
 130      839EB6C5 
ARM GAS  C:\Users\akudo\AppData\Local\Temp\cc2KaqVa.s 			page 10


 130      1BD657
 131 00c5 A185B361 		.ascii	"\241\205\263a\316\340'\230\01150\223\360~\206Y\264\327"
 131      CEE02798 
 131      09353093 
 131      F07E8659 
 131      B4D7
 132 00d7 EDABB860 		.ascii	"\355\253\270`\025v\240\337_\037p\267YR\253\321\317\037"
 132      1576A0DF 
 132      5F1F70B7 
 132      5952ABD1 
 132      CF1F
 133 00e9 DC71D4A2 		.ascii	"\334q\324\242\035\323\274\376P(\031\235a7\210p\177\372"
 133      1DD3BCFE 
 133      5028199D 
 133      61378870 
 133      7FFA
 134 00fb A0CB90F7 		.ascii	"\240\313\220\367i\227Y\365j\232\226\004\265\220JA\020"
 134      699759F5 
 134      6A9A9604 
 134      B5904A41 
 134      10
 135 010c BB0E54AA 		.ascii	"\273\016T\252\216V\352_\361i\241P\363\223\306\362\267"
 135      8E56EA5F 
 135      F169A150 
 135      F393C6F2 
 135      B7
 136 011d 6A789260 		.ascii	"jx\222`\010\246\320C\245\207\011\037\"\236\036fF\233"
 136      08A6D043 
 136      A587091F 
 136      229E1E66 
 136      469B
 137 012f 2DB4C8D8 		.ascii	"-\264\310\330\000~\251\350\000\276\340_\321\011\236"
 137      007EA9E8 
 137      00BEE05F 
 137      D1099E
 138 013e 240A365C 		.ascii	"$\0126\\\253\255\027\342M\231\353\235\013\325\273\342"
 138      ABAD17E2 
 138      4D99EB9D 
 138      0BD5BBE2 
 139 014e 65AE8363 		.ascii	"e\256\203c\015[_\335\240Uy\326`\240\371\020\344\012"
 139      0D5B5FDD 
 139      A05579D6 
 139      60A0F910 
 139      E40A
 140 0160 EC992A5B 		.ascii	"\354\231*[\330\013\251\350\330W1\332\014\304\225\222"
 140      D80BA9E8 
 140      D85731DA 
 140      0CC49592 
 141 0170 C2A01EAD 		.ascii	"\302\240\036\255=\340\271\326U~\275R\015+\307?\360\225"
 141      3DE0B9D6 
 141      557EBD52 
 141      0D2BC73F 
 141      F095
 142 0182 AC639843 		.ascii	"\254c\230Cx\235\376\216\325W\261m\015d\342\021\246\301"
 142      789DFE8E 
 142      D557B16D 
 142      0D64E211 
ARM GAS  C:\Users\akudo\AppData\Local\Temp\cc2KaqVa.s 			page 11


 142      A6C1
 143 0194 EA791485 		.ascii	"\352y\024\205A#YE\004A\014\232@\305<\232\211\035`\327"
 143      41235945 
 143      04410C9A 
 143      40C53C9A 
 143      891D60D7 
 144 01a8 00CDBD77 		.ascii	"\000\315\275w\307\326\211\344a\330\242U\246\004y\014"
 144      C7D689E4 
 144      61D8A255 
 144      A604790C 
 145 01b8 797CDFF3 		.ascii	"y|\337\363\330\035\257 \005\360\013$K\2227\256\374q"
 145      D81DAF20 
 145      05F00B24 
 145      4B9237AE 
 145      FC71
 146 01ca 83055760 		.ascii	"\203\005W`\037(2e\006\373AA\303\211\362\252\207J\362"
 146      1F283265 
 146      06FB4141 
 146      C389F2AA 
 146      874AF2
 147 01dd 43C35BA5 		.ascii	"C\303[\245\275g\357\266\267\304I\357_\311\033\016\240"
 147      BD67EFB6 
 147      B7C449EF 
 147      5FC91B0E 
 147      A0
 148 01ee 242E8367 		.ascii	"$.\203g\377\301\276m\351T\317#N\216[\317\177\273\227"
 148      FFC1BE6D 
 148      E954CF23 
 148      4E8E5BCF 
 148      7FBB97
 149 0201 2F7FACAD 		.ascii	"/\177\254\255\322b\203\334\364\224\353\315\354\0358"
 149      D26283DC 
 149      F494EBCD 
 149      EC1D38
 150 0210 732E96A8 		.ascii	"s.\226\2501\311\327\032\267w3l\201Mn\215v\305\302AX"
 150      31C9D71A 
 150      B777336C 
 150      814D6E8D 
 150      76C5C241 
 151 0225 0E2D141D 		.ascii	"\016-\024\035m\343u\3375\251\266Z,\313\367^\220\307"
 151      6DE375DF 
 151      35A9B65A 
 151      2CCBF75E 
 151      90C7
 152 0237 412B6E7C 		.ascii	"A+n|\300\015Q\034j\353\030Wt\343\014\022\317o`{\200"
 152      C00D511C 
 152      6AEB1857 
 152      74E30C12 
 152      CF6F607B 
 153 024c 34623687 		.ascii	"4b6\207\300\306:\201S\"\341z\033\353o\177\261\336\340"
 153      C0C63A81 
 153      5322E17A 
 153      1BEB6F7F 
 153      B1DEE0
 154 025f 7748C5FC 		.ascii	"wH\305\374\365zB\315\373\236@8\375+C>\240=F\343\224"
 154      F57A42CD 
 154      FB9E4038 
ARM GAS  C:\Users\akudo\AppData\Local\Temp\cc2KaqVa.s 			page 12


 154      FD2B433E 
 154      A03D46E3 
 155 0274 28FEDB24 		.ascii	"(\376\333$\377>bAL\256\227\313\264\367\215m\273g\235"
 155      FF3E6241 
 155      4CAE97CB 
 155      B4F78D6D 
 155      BB679D
 156 0287 A8371E23 		.ascii	"\2507\036#\301\037F\271\233G\326u'\312\212\006\307o"
 156      C11F46B9 
 156      9B47D675 
 156      27CA8A06 
 156      C76F
 157 0299 DCFE0C5D 		.ascii	"\334\376\014]\314\360\247,\231\353\250\270\347i\305"
 157      CCF0A72C 
 157      99EBA8B8 
 157      E769C5
 158 02a8 FD1DA057 		.ascii	"\375\035\240W=\237J8LU\013\335\014G\260pL\373a\371\210"
 158      3D9F4A38 
 158      4C550BDD 
 158      0C47B070 
 158      4CFB61F9 
 159 02bd AAC78F9F 		.ascii	"\252\307\217\237n@\3372\012\366WD\260\375u\307\317["
 159      6E40DF32 
 159      0AF65744 
 159      B0FD75C7 
 159      CF5B
 160 02cf B181682F 		.ascii	"\261\201h/\302\343\003\355`\323\003\035\205\345\354"
 160      C2E303ED 
 160      60D3031D 
 160      85E5EC
 161 02de 22782F1D 		.ascii	"\"x/\035^=\236\243\367[`0I_\000\263\0315\211+\340\365"
 161      5E3D9EA3 
 161      F75B6030 
 161      495F00B3 
 161      1935892B 
 162 02f4 3D3E2A7B 		.ascii	"=>*{\300\"\245`\031F\01528\206 hj\254\356y$\210\037"
 162      C022A560 
 162      19460D32 
 162      38862068 
 162      6AACEE79 
 163 030b 6B0283E3 		.ascii	"k\002\203\34303\310\023$\214\"O%ua(\324h\322\243\250"
 163      3033C813 
 163      248C224F 
 163      25756128 
 163      D468D2A3 
 164 0320 CF5555A4 		.ascii	"\317UU\244\214ND\311(\215\024t2ZAiD\343\337\023\342"
 164      8C4E44C9 
 164      288D1474 
 164      325A4169 
 164      44E3DF13 
 165 0335 39F58CC3 		.ascii	"9\365\214\303#\240\3074\205s\350\373X\222\250F\220\230"
 165      23A0C734 
 165      8573E8FB 
 165      5892A846 
 165      9098
 166 0347 46FC9D36 		.ascii	"F\374\2356\370c\021\344\315 \362\316 0\203\263X\364"
 166      F86311E4 
ARM GAS  C:\Users\akudo\AppData\Local\Temp\cc2KaqVa.s 			page 13


 166      CD20F2CE 
 166      203083B3 
 166      58F4
 167 0359 7FDA6C6A 		.ascii	"\177\332lj\355>a\026\365\372\351\277\337_qV\235J\250"
 167      ED3E6116 
 167      F5FAE9BF 
 167      DF5F7156 
 167      9D4AA8
 168 036c 02CE4D29 		.ascii	"\002\316M)\324\016\022\252I\01258\352\355nO\010S\273"
 168      D40E12AA 
 168      490A3538 
 168      EAED6E4F 
 168      0853BB
 169 037f 86B7155F 		.ascii	"\206\267\025_\345\303\333jzW\253?\020J'HC\327j\344\305"
 169      E5C3DB6A 
 169      7A57AB3F 
 169      104A2748 
 169      43D76AE4 
 170 0394 7B9E4C17 		.ascii	"{\236L\027\244\266/\022/fb\260\267\247O\366N\274A\333"
 170      A4B62F12 
 170      2F6662B0 
 170      B7A74FF6 
 170      4EBC41DB 
 171 03a8 03F5B5AD 		.ascii	"\003\365\265\255q\023M0\023K\235\006K\273\233\033Fb"
 171      71134D30 
 171      134B9D06 
 171      4BBB9B1B 
 171      4662
 172 03ba 746DDFF9 		.ascii	"tm\337\371\246\311j\243\234\272$]BG\205K\362\324z\264"
 172      A6C96AA3 
 172      9CBA245D 
 172      4247854B 
 172      F2D47AB4 
 173 03ce F7099EA2 		.ascii	"\367\011\236\242a\010Y[c`\343\247zH\313Tr6Gw\202C\267"
 173      6108595B 
 173      6360E3A7 
 173      7A48CB54 
 173      72364777 
 174 03e5 84560CE8 		.ascii	"\204V\014\350\313zO\327\366%\022\316t\023\365\251\204"
 174      CB7A4FD7 
 174      F62512CE 
 174      7413F5A9 
 174      84
 175 03f6 D41396E4 		.ascii	"\324\023\226\344\025\260a\032\004\366\303P`\343\347"
 175      15B0611A 
 175      04F6C350 
 175      60E3E7
 176 0405 065C544E 		.ascii	"\006\\TN\226\251\216\330k\004\367\217\204\2131\340\256"
 176      96A98ED8 
 176      6B04F78F 
 176      848B31E0 
 176      AE
 177 0416 129C89CA 		.ascii	"\022\234\211\312\226\354\323D\243\371F\370\203\015G"
 177      96ECD344 
 177      A3F946F8 
 177      830D47
 178 0425 1E084326 		.ascii	"\036\010C&\223\345\027\363\274\242\023\241Wb\253$\015"
ARM GAS  C:\Users\akudo\AppData\Local\Temp\cc2KaqVa.s 			page 14


 178      93E517F3 
 178      BCA213A1 
 178      5762AB24 
 178      0D
 179 0436 3FD8D076 		.ascii	"?\330\320v\267\251\252]^=V+\203>tx6\343&\317\2655\333"
 179      B7A9AA5D 
 179      5E3D562B 
 179      833E7478 
 179      36E326CF 
 180 044d A635D7AE 		.ascii	"\2465\327\256\311\2716q\231)\270\324\377\374\271\266"
 180      C9B93671 
 180      9929B8D4 
 180      FFFCB9B6 
 181 045d 733B183A 		.ascii	"s;\030:2E\335\217\003\244\241\210iwr\024)\011\320\376"
 181      3245DD8F 
 181      03A4A188 
 181      69777214 
 181      2909D0FE 
 182 0471 D8C869B7 		.ascii	"\330\310i\267\347\003\212\315\340\372\324\323\356\206"
 182      E7038ACD 
 182      E0FAD4D3 
 182      EE86
 183 047f 54E4CD49 		.ascii	"T\344\315I\323n\347=\177\213\372l\220\365\313AvK\016"
 183      D36EE73D 
 183      7F8BFA6C 
 183      90F5CB41 
 183      764B0E
 184 0492 B2C8A975 		.ascii	"\262\310\251u\033\247\326Up\373\007\266\033G\335\314"
 184      1BA7D655 
 184      70FB07B6 
 184      1B47DDCC 
 185 04a2 E8DF02A0 		.ascii	"\350\337\002\240\213\007w\315\316\234k\317\314/XX\220"
 185      8B0777CD 
 185      CE9C6BCF 
 185      CC2F5858 
 185      90
 186 04b3 5D5A965B 		.ascii	"]Z\226[Plw\320\357bW\306;\031\366b\227\335Yjw9\035\270"
 186      506C77D0 
 186      EF6257C6 
 186      3B19F662 
 186      97DD596A 
 187 04cb 58E85A34 		.ascii	"X\350Z4\307\301xiI\314\222\234\305eys_\344UR\354,u\331"
 187      C7C17869 
 187      49CC929C 
 187      C5657973 
 187      5FE45552 
 188 04e3 3F5C9095 		.ascii	"?\\\220\225\231\265\024\255\216bg\336\027K\336-\234"
 188      99B514AD 
 188      8E6267DE 
 188      174BDE2D 
 188      9C
 189 04f4 93CFE6FD 		.ascii	"\223\317\346\375\257k\336\322R{fV\366'\331\366\202\""
 189      AF6BDED2 
 189      527B6656 
 189      F627D9F6 
 189      8222
 190 0506 C7E2B2DC 		.ascii	"\307\342\262\334<\273tu\024~TV\344@\357\364\027\005"
ARM GAS  C:\Users\akudo\AppData\Local\Temp\cc2KaqVa.s 			page 15


 190      3CBB7475 
 190      147E5456 
 190      E440EFF4 
 190      1705
 191 0518 9E70CB77 		.ascii	"\236p\313w-s\241CRV\366\202\224\2059\256\274\022g\301"
 191      2D73A143 
 191      5256F682 
 191      948539AE 
 191      BC1267C1 
 192 052c EC94D7D3 		.ascii	"\354\224\327\323\031w2Sa^a\261s\331\313\200Q\375\371"
 192      19773253 
 192      615E61B1 
 192      73D9CB80 
 192      51FDF9
 193 053f 4C947E59 		.ascii	"L\224~Y\222\361\022\0318\362s\321\353_\006\352\262\242"
 193      92F11219 
 193      38F273D1 
 193      EB5F06EA 
 193      B2A2
 194              		.text
 195              		.section	.gnu.lto_chMsgRelease.cfc1741f,"",%progbits
 196 0000 789C9553 		.ascii	"x\234\225S]H\223a\024>\347\375>\347\374\011\244\213"
 196      5D489361 
 196      143EE7FD 
 196      3EE7FC09 
 196      A48B
 197 0012 106F1C88 		.ascii	"\020o\034\210t#~\351\205\201`?\010A\027\336(]\207\256"
 197      74237EE9 
 197      8581603F 
 197      084117DE 
 197      285D87AE 
 198 0026 9103E764 		.ascii	"\221\003\347d\233R\027\342\273\245(D1*I\213,I\351g\251"
 198      9B5217E2 
 198      BBA52844 
 198      312A498B 
 198      2C49E967 
 199 003b 95FDD8B2 		.ascii	"\225\375\330\262\234\245&E\331\217Zd\350\012\263\"\005"
 199      9CA52645 
 199      D98F5A64 
 199      E80AB322 
 199      05
 200 004c C54CBF4C 		.ascii	"\305L\277L\354\274\237\233\350\264\277\301\330\373\236"
 200      ECBC9F9B 
 200      E8B4BFC1 
 200      D8FB9E
 201 005b 739E739E 		.ascii	"s\236s\236\363\274\317$X\373\211\243\357\036\031 \025"
 201      F3BCCF24 
 201      58FB89A3 
 201      EF1E1920 
 201      15
 202 006c 01500264 		.ascii	"\001P\002d\356g\000N=C\024\007@(cX\206_\330\024C\267"
 202      EE67004E 
 202      3D431407 
 202      40286358 
 202      865FD814 
 203 0082 CF5313B5 		.ascii	"\317S\023\265\271\221s>\351\032\210\255\210U\031\300"
 203      B991733E 
ARM GAS  C:\Users\akudo\AppData\Local\Temp\cc2KaqVa.s 			page 16


 203      E91A88AD 
 203      885519C0 
 204 0092 345B6A83 		.ascii	"4[j\203\027p3\2258}G\3727H\012\002\235\3574\177{\032"
 204      17703395 
 204      387D47FA 
 204      37480A02 
 204      9DEF347F 
 205 00a8 F599A90C 		.ascii	"\365\231\251\014\015\342\352=\326[\243\023W&\213kW\313"
 205      0DE2EA3D 
 205      D65BA313 
 205      57268B6B 
 205      57CB
 206 00ba A0AA4F3C 		.ascii	"\240\252O<\317\271\313w\357:\337!\253L\302\213(Q?\274"
 206      CFB9CB77 
 206      EF3ADF21 
 206      AB4CC28B 
 206      28513FBC 
 207 00ce 84717819 		.ascii	"\204qx\031\343\200B\200\036L\244\352\013\237'\332$)"
 207      E3804280 
 207      1E4CA4EA 
 207      0B9F27DA 
 207      2429
 208 00e0 55EBFBE9 		.ascii	"U\353\373\351\364\250\032-\220\334\327\267\204\224\361"
 208      F4A81A2D 
 208      90DCD7B7 
 208      8494F1
 209 00ef 4A285206 		.ascii	"J(R\006l\302DQ>U\276\360:JWN\3451\013A\302\330\214:"
 209      6CC24451 
 209      3E55BEF0 
 209      3A4A574E 
 209      E5310B41 
 210 0107 DA175A36 		.ascii	"\332\027Z6\372\370\342\342\371\346\361\0019\\B1KF\015"
 210      FAF8E2E2 
 210      F9E6F101 
 210      395C4231 
 210      4B460D
 211 011a 07A35426 		.ascii	"\007\243T&\004\370\310\230\370\225\006\321\025#\272"
 211      04F8C898 
 211      F89506D1 
 211      1523BA
 212 0129 4D7BF809 		.ascii	"M{\370\011IJ\323\210|\355\257o\214L\250\247\025&\177"
 212      494AD388 
 212      7CEDAF6F 
 212      8C4CA8A7 
 212      15267F
 213 013c 5EADDB54 		.ascii	"^\255\333T\313\317\271\334\324n;\252,\014[V3\012\250"
 213      CBCFB9DC 
 213      D46E3BAA 
 213      2C0C5B56 
 213      330AA8
 214 014f 74151308 		.ascii	"t\025\023\010\370\376\310L+\012)\302\014\200\327(;\204"
 214      F8FEC84C 
 214      2B0A29C2 
 214      0C80D728 
 214      3B84
 215 0161 AE0F2395 		.ascii	"\256\017#\225c5\272U|\375]\227Q\243:\315p\365&\376\267"
 215      6335BA55 
ARM GAS  C:\Users\akudo\AppData\Local\Temp\cc2KaqVa.s 			page 17


 215      7CFD5D97 
 215      51A33ACD 
 215      70F526FE 
 216 0176 8787C300 		.ascii	"\207\207\303\000\257\213\024\013I\315\325g\2101\200"
 216      AF8B140B 
 216      49CDD567 
 216      883180
 217 0185 AD222B85 		.ascii	"\255\"+\205H\000x\003uD\344\246\020\000a\014)=2>w\\"
 217      48007803 
 217      7544E4A6 
 217      1000610C 
 217      293D323E 
 218 019b 8A9FC533 		.ascii	"\212\237\3053\274\306\2402\235@T\017\315;#e\322\000"
 218      BCC6A032 
 218      9D40540F 
 218      CD3B2365 
 218      D200
 219 01ad 6F613C88 		.ascii	"oa<\210\310\251\212\223\265\321\024\301\333(k\234\001"
 219      C8A98A93 
 219      B5D114C1 
 219      DB286B9C 
 219      01
 220 01be DB50A6C4 		.ascii	"\333P\246\304\343\312s\337\345\370\037\001t\270\250"
 220      E3CA73DF 
 220      E5F81F01 
 220      74B8A8
 221 01cd 7D3EDEE3 		.ascii	"}>\336\343\215\320\320w\004\032\275(CP\300Cm\316\216"
 221      8DD0D077 
 221      041ABD28 
 221      4350C043 
 221      6DCE8E
 222 01e0 E825D15C 		.ascii	"\350%\321\\\003o\242y//\367/.\306\257\363\374\001\311"
 222      036FA279 
 222      2F2FF72F 
 222      2EC6AFF3 
 222      FC01C9
 223 01f3 EE62C22C 		.ascii	"\356b\302,\255\021\304\267\317x\273\243\004\236s\022"
 223      AD11C4B7 
 223      CF78BBA3 
 223      049E7312 
 224 0203 9C55F948 		.ascii	"\234U\371H\360u\034\020\000\267\013\260\014\357\260"
 224      F0751C10 
 224      00B70BB0 
 224      0CEFB0
 225 0212 C25FFD72 		.ascii	"\302_\375r&e\265R\345\036\024\005bB@fy\215Z\3674\265"
 225      2665B552 
 225      E51E1405 
 225      62424066 
 225      798D5AF7 
 226 0228 EEA3A64A 		.ascii	"\356\243\246J\335\253\243\315\254t\236Wq\275\312\364"
 226      DDABA3CD 
 226      AC749E57 
 226      71BDCAF4 
 227 0238 D3F4CA22 		.ascii	"\323\364\312\"\215\035X\012D\221\006\251,b\231\350J"
 227      8D1D580A 
 227      449106A9 
 227      2C6299E8 
ARM GAS  C:\Users\akudo\AppData\Local\Temp\cc2KaqVa.s 			page 18


 227      4A
 228 0249 77B8CFFE 		.ascii	"w\270\317\376\223;|\232;FF\373^\3505wP\250\363\367\356"
 228      933B7C9A 
 228      3B4646FB 
 228      5EE83577 
 228      50A8F3F7 
 229 025e 68F004DD 		.ascii	"h\360\004\335\241[C\373\201\240\035b\231'3d\231\207"
 229      A15B43FB 
 229      81A01D62 
 229      99273364 
 229      9987
 230 0270 A23E3CD4 		.ascii	"\242><\3242M\333\304l\300\256\365-\323\255\211\320\263"
 230      324DDBC4 
 230      6CC0AEF5 
 230      2DD3AD89 
 230      D0B3
 231 0282 C2320D13 		.ascii	"\3022\015\023~\257.\350\206N\315\015\21747\204>}/=\375"
 231      7EAF2EE8 
 231      864ECD0D 
 231      8F343784 
 231      3E7D2F3D 
 232 0297 303AFDDD 		.ascii	"0:\375\335\236\010\301U\2549Jn\246\277\024\325$e\246"
 232      9E08C155 
 232      AC394A6E 
 232      A6BF14D5 
 232      2465A6
 233 02aa 2B99F9E6 		.ascii	"+\231\371\346<s\216\243x\237\331\252\030\305\331jOI"
 233      3C738EA3 
 233      789FD9AA 
 233      18C5D96A 
 233      4F49
 234 02bc 4B51AC76 		.ascii	"KQ\254v\305\346P\3546#\005-\366\375\311F`\216\"\211"
 234      C5E650EC 
 234      3623052D 
 234      F6FDC946 
 234      608E2289 
 235 02d0 4E6125B9 		.ascii	"Na%\271\005\305\246\364\277!\213\2546\207]\331\231\235"
 235      05C5A6F4 
 235      BF218BAC 
 235      36875DD9 
 235      999D
 236 02e2 95997580 		.ascii	"\225\231u\200\262F\253\315\264\267d\253%9\0372\376\010"
 236      B246ABCD 
 236      B4B764AB 
 236      25391F32 
 236      FE08
 237 02f4 351D7028 		.ascii	"5\035p(\231Y9\273s\024s\241\261\240x\237I\321\240F\313"
 237      995939BB 
 237      731473A1 
 237      B1A0789F 
 237      49D1A046 
 238 0309 AEE24223 		.ascii	"\256\342B#\241\267\374m\3602,\337~\320N\200\230\254"
 238      A1B7FC6D 
 238      F0322CDF 
 238      7ED04E80 
 238      98AC
 239 031b 9C6C435E 		.ascii	"\234lC^\256\335Td3'\031\022\267\000\263A\270\305d\261"
ARM GAS  C:\Users\akudo\AppData\Local\Temp\cc2KaqVa.s 			page 19


 239      AEDD5464 
 239      33271912 
 239      B700B341 
 239      B8C564B1 
 240 032f DA0EFE4F 		.ascii	"\332\016\376O3\241A>\374\002\256\350\347\254"
 240      33A1413E 
 240      FC02AEE8 
 240      E7AC
 241              		.text
 242              		.section	.gnu.lto_.symbol_nodes.cfc1741f,"",%progbits
 243 0000 789C4DC8 		.ascii	"x\234M\310+\016\002A\024\005\321\272\357u\023$;`\251"
 243      2B0E0241 
 243      1405D1BA 
 243      EF751324 
 243      3B60A9
 244 0013 77048A20 		.ascii	"w\004\212 X\001A\314R\010$\010\366\200Aa\370\012\004"
 244      580141CC 
 244      52082408 
 244      F6804161 
 244      F80A04
 245 0026 81644674 		.ascii	"\201dFt\271S\011\254\030\213\233\014\353\023\330l\266"
 245      B95309AC 
 245      188B9B0C 
 245      EB13D86C 
 245      B6
 246 0037 53EA53CC 		.ascii	"S\352S\314L\334e\265?\036r\264Co9\207A\327\375\375\222"
 246      4CDC65B5 
 246      3F1E72B4 
 246      436F3987 
 246      41D7FDFD 
 247 004c 4BEB8F5C 		.ascii	"K\353\217\\\033'\225\376x\310\244\260[^\347\031\205"
 247      1B2795FE 
 247      78C8A4B0 
 247      5B5EE719 
 247      85
 248 005d C5FEA2CC 		.ascii	"\305\376\242\314\011\375\371+~%g'\353"
 248      09FDF92B 
 248      7E256727 
 248      EB
 249              		.text
 250              		.section	.gnu.lto_.refs.cfc1741f,"",%progbits
 251 0000 789C6366 		.ascii	"x\234cf``\340c\200\000F bdbb`df`\344d\000\000\002\013"
 251      6060E063 
 251      80004620 
 251      62646262 
 251      60646660 
 252 001a 0027     		.ascii	"\000'"
 253              		.text
 254              		.section	.gnu.lto_.decls.cfc1741f,"",%progbits
 255 0000 789CB55A 		.ascii	"x\234\265ZkTT\331\225\256sO\025E\025\005\2306mg9\235"
 255      6B5454D9 
 255      95AE734F 
 255      15451505 
 255      98366D67 
 256 0016 6963324C 		.ascii	"ic2L2\253\273\325Nk:\275\222\325I\233N\246\223\351t"
 256      32ABBBD5 
 256      4E6B3ABD 
ARM GAS  C:\Users\akudo\AppData\Local\Temp\cc2KaqVa.s 			page 20


 256      92D5499B 
 256      4EA693E9 
 257 002b A74DAFFC 		.ascii	"\247M\257\374\2103\325\010\2450\315+U\205\266k\315\232"
 257      8833D508 
 257      A530CD2B 
 257      5585B66B 
 257      CD9A
 258 003d 295E0AF8 		.ascii	")^\012\370\340%\010*Z\012*\310S|\000\362\246\005A\020"
 258      E025082A 
 258      5A0A2AC8 
 258      537C00F2 
 258      A6054110 
 259 0051 4150111F 		.ascii	"AP\021\037\224\200\202o\020\024\224\327\354s\316\275"
 259      9480826F 
 259      101494D7 
 259      EC73CEBD 
 260 0061 756F95B7 		.ascii	"uo\225\267\324\316\232a\255M\335}\357>{\177{\237}\366"
 260      D4CE9A61 
 260      AD4DDD7D 
 260      EF3E7B7F 
 260      7B9F7DF6 
 261 0075 79DC8B15 		.ascii	"y\334\213\025\012\305\002N\241\230\205\277\017\336Q"
 261      0AC5024E 
 261      A19885BF 
 261      0FDE51
 262 0084 281EA815 		.ascii	"(\036\250\025\012%\334\373\014\010\001\315S\260?7\240"
 262      0A25DCFB 
 262      0C0801CD 
 262      53B03F37 
 262      A0
 263 0095 B570633D 		.ascii	"\265pc=\320\177\003E\002m\000\212ELn\006)\034\376\210"
 263      D07F0345 
 263      026D008A 
 263      454C6E06 
 263      291CFE88 
 264 00a9 ECABF0EB 		.ascii	"\354\253\360\353\005\244\003:\012\364G\2707\213x\235"
 264      05A4033A 
 264      0AF447B8 
 264      378B789D 
 265 00b9 607312AE 		.ascii	"`s\022\256\255@\365\300*\201\327\000}\000\374\247@\377"
 265      AD40F5C0 
 265      2A81D700 
 265      7D00FCA7 
 265      40FF
 266 00cb 417EE1FE 		.ascii	"A~\341\376,\220\026\356G\003\357\001\277\026\362\013"
 266      2C9016EE 
 266      4703EF01 
 266      BF16F20B 
 267 00db F79EC06F 		.ascii	"\367\236\300o&P\000\220/\320\277\002\371\001}\010\364"
 267      26500090 
 267      2FD0BF02 
 267      F9017D08 
 267      F4
 268 00ec 27A0CF81 		.ascii	"'\240\317\201\276\004z\037H\303\343\361\202\366s\200"
 268      BE047A1F 
 268      48C3E3F1 
 268      82F67380 
ARM GAS  C:\Users\akudo\AppData\Local\Temp\cc2KaqVa.s 			page 21


 269 00fc E601FD03 		.ascii	"\346\001\375\003\307\360\023?\276\017\327op\024\222"
 269      C7F0133F 
 269      BE0FD76F 
 269      701492
 270 010b E2C7DCB3 		.ascii	"\342\307\334\263\276\020\237\347H|\021\374\220\342\226"
 270      BE109FE7 
 270      487C11FC 
 270      90E296
 271 011a FA23F840 		.ascii	"\372#\370@\360\022_\011f\342\207Z\202\233`^\316\343"
 271      F0125F09 
 271      66E2875A 
 271      829B605E 
 271      CEE3
 272 012c 15B06A78 		.ascii	"\025\260jx[R\234K8\206q)'\342\224\2137\351\023-\337"
 272      5B529C4B 
 272      38867129 
 272      27E2948B 
 272      37E9132D 
 273 0141 6F529C24 		.ascii	"oR\234$\356R\234\313\200\376\213o\353\316\267\223\332"
 273      EE529CCB 
 273      80FE8B6F 
 273      EBCEB793 
 273      DA
 274 0152 7B8F637D 		.ascii	"{\217c}*\265\365\001\347hk\204C\345\205cg<\2068\344"
 274      2AB5F501 
 274      E7686B84 
 274      43E58563 
 274      673C8638 
 275 0167 A55D40D8 		.ascii	"\245]@\330\023\311M\351n\300\352\264J\302\036m\354="
 275      13C94DE9 
 275      6EC0EAB4 
 275      4AC21E6D 
 275      EC3D
 276 0179 E3893944 		.ascii	"\343\2119D\256\263\322\257wi\337<d\261Xb-\265\265HT"
 276      AEB3D2AF 
 276      7769DF3C 
 276      64B15862 
 276      2DB5B548 
 277 018e 51311879 		.ascii	"Q1\030yI\215\275\251\320\304\355\301\273\010\277F\257"
 277      498DBDA9 
 277      D0C4EDC1 
 277      BB08BF46 
 277      AF
 278 019f 0BAF7EB3 		.ascii	"\013\257~\263\016T\271i\241\211e\202\344%\372\037\270"
 278      0E54B969 
 278      A1896582 
 278      E425FA1F 
 278      B8
 279 01b0 DDDC79B6 		.ascii	"\335\334y\266]E\357\223[j\220\344\236\234,+rCZ\237X"
 279      5D45EF93 
 279      5B6A90E4 
 279      9E9C2C2B 
 279      72435A9F 
 280 01c5 22991865 		.ascii	"\"\231\030e\3214y)\320A4\037\345\240\371\012T\214|@"
 280      D1347929 
 280      D041341F 
 280      E5A0F90A 
ARM GAS  C:\Users\akudo\AppData\Local\Temp\cc2KaqVa.s 			page 22


 280      548C7C40 
 281 01d9 181D426F 		.ascii	"\030\035Bo*P\001\334,\204\233\331 8\334<s\035Y,JT\204"
 281      2A5001DC 
 281      2C849BD9 
 281      2038DC3C 
 281      731D592C 
 282 01f0 B4281F61 		.ascii	"\264(\037a*\001\216\272i\005h\334\245c{Ox!\037-\025"
 282      2A018EBA 
 282      690568DC 
 282      A5637B4F 
 282      78211F2D 
 283 0205 4FBF71F6 		.ascii	"O\277q\366U\"^\002\342y\2428\264f\362\362\326\017\313"
 283      55225E02 
 283      E279A238 
 283      B466F2F2 
 283      D60FCB
 284 0218 5807CDFB 		.ascii	"X\007\315\373\316\365\307#As\353\301\276\200(\313\257"
 284      CEF5C723 
 284      4173EBC1 
 284      BE8028CB 
 284      AF
 285 0229 D051D09C 		.ascii	"\320Q\320\234+j.y\276\346#\262\232\321\376\332\361M"
 285      2B6A2E79 
 285      BEE623B2 
 285      9AD1FEDA 
 285      F14D
 286 023b 1CED112B 		.ascii	"\034\355\021+\355\203Ce\361\223\356\264K~C\330\334\222"
 286      ED834365 
 286      F193EEB4 
 286      4B7E43D8 
 286      DC92
 287 024d 82FB1C3E 		.ascii	"\202\373\034>\304\372\244\177O\313Mo|\2041\251\203\005"
 287      C4FAA47F 
 287      4FCB4D6F 
 287      7C8431A9 
 287      8305
 288 025f 0F35B88A 		.ascii	"\0175\270\2121\227\266\216&\272\343\223\214\271\220"
 288      3197B68E 
 288      26BAE393 
 288      8CB990
 289 026e 70A74B87 		.ascii	"p\247K\207[\030SS=\321\250\305\235\214\331\034kk\326"
 289      5B185353 
 289      3DD1A8C5 
 289      9D8CD91C 
 289      6B6BD6
 290 0281 E22B8C89 		.ascii	"\342+\214\2118P\261Y\015\226~\240\245\375\332\273\363"
 290      3850B159 
 290      0D967EA0 
 290      A5FDDABB 
 290      F3
 291 0292 49B686B2 		.ascii	"I\266\206\262\244\243\274\211\327M7-YB<\333\233\215"
 291      A4A3BC89 
 291      D74D372D 
 291      59423CDB 
 291      9B8D
 292 02a4 EEA80E3C 		.ascii	"\356\250\016<\256\022=\376\201\350p\344\263\016\327"
 292      AE123DFE 
ARM GAS  C:\Users\akudo\AppData\Local\Temp\cc2KaqVa.s 			page 23


 292      81E870E4 
 292      B30ED7
 293 02b3 82C33FE0 		.ascii	"\202\303?\340\035\256\206\2335,\224\015S\325\321*\326"
 293      1DAE869B 
 293      352C940D 
 293      53D5D12A 
 293      D6
 294 02c4 FB328DBE 		.ascii	"\3732\215\276\221i\304\2723&y\036\351\316z\200P)B\250"
 294      9169C4BA 
 294      3326791E 
 294      E9CE7A80 
 294      502942A8 
 295 02d8 4362F767 		.ascii	"Cb\367g\337\212\314S\331;i#\353\244\006\220\257\020"
 295      DF8ACC53 
 295      D93B6923 
 295      EBA40690 
 295      AF10
 296 02ea E5EBD173 		.ascii	"\345\353\321s1\237\224\305\214\366\234|\264\327\003"
 296      319F94C5 
 296      8CF69C7C 
 296      B4D703
 297 02f9 0FB2B865 		.ascii	"\017\262\270e\247\246\345\253h\017\271\023\266s`\370"
 297      A7A6E5AB 
 297      680FB913 
 297      B67360F8 
 298 0309 AE3BBECF 		.ascii	"\256;\276\317\2365\236\351\030@\25479\302\357\355?\335"
 298      9E359EE9 
 298      1840AC37 
 298      39C2EFED 
 298      3FDD
 299 031b E241657F 		.ascii	"\342Ae\177D\330\304\203\265\215\036\3701\223=\367\260"
 299      44D8C483 
 299      B58D1EF8 
 299      31933DF7 
 299      B0
 300 032c DCA2C691 		.ascii	"\334\242\306\221\2300\334\226\216\336\031%\362\321Q"
 300      9830DC96 
 300      8EDE1925 
 300      F2D151
 301 033b EC3B0B46 		.ascii	"\354;\013F\277\216\000\354mH\207ZE\354\237\352\030\364"
 301      BF8E00EC 
 301      6D48875A 
 301      45EC9FEA 
 301      18F4
 302 034d 78113AFA 		.ascii	"x\021:\372l\236\010\376\014\200\377T\307K\203\201\307"
 302      6C9E08FE 
 302      0C80FF54 
 302      C74B8381 
 302      C7
 303 035e 96C6786F 		.ascii	"\226\306xo\\O\015\240\370\321\350:\035n`\314\203\252"
 303      5C4F0DA0 
 303      F8D1E83A 
 303      1D6E60CC 
 303      83AA
 304 0370 E64C6FDC 		.ascii	"\346Lo\334\304\230\241\221\241\013^\270\2051)\267k\373"
 304      C498A191 
 304      A10B5EB8 
ARM GAS  C:\Users\akudo\AppData\Local\Temp\cc2KaqVa.s 			page 24


 304      853129B7 
 304      6BFB
 305 0382 BC701B63 		.ascii	"\274p\033cZ\372&Fu\024\375\034\302\356\253\351\217\322"
 305      5AFA2646 
 305      7514FD1C 
 305      C2EEABE9 
 305      8FD2
 306 0394 E10EF6EC 		.ascii	"\341\016\366\354r\342\206\034\015\356bL\306xk\2437\025"
 306      72E2861C 
 306      0DEE624C 
 306      C6786BA3 
 306      3715
 307 03a6 FC1E61F3 		.ascii	"\374\036a\363\367f\034\327\340n\366\354~s~\037\207\257"
 307      F7661CD7 
 307      E06EF6EC 
 307      7E737E1F 
 307      87AF
 308 03b8 3046A83F 		.ascii	"0F\250?:Z\177<\306r+\366\352\320B\3667w\241\317B+\270"
 308      3A5A7F3C 
 308      C6722BF6 
 308      EAD042F6 
 308      3777A1CF 
 309 03cf 365C5374 		.ascii	"6\\St\350\367\311Q\226\354\357\321\000\264C\000\372"
 309      E8F7C951 
 309      96ECEFD1 
 309      00B44300 
 309      FA
 310 03e0 D05CD1CD 		.ascii	"\320\\\321\315\037\317W\320\036\003'\211\270\265 \327"
 310      1FCF57D0 
 310      1E032789 
 310      B8B520D7 
 311 03f0 AD693115 		.ascii	"\255i1\025=\357,\332\205\234d\013\355\262\027\234e/"
 311      3DEF2CDA 
 311      859C640B 
 311      EDB2179C 
 311      652F
 312 0402 52D97FB1 		.ascii	"R\331\177\261\213\346\331E\3179\213\236rV{\310.\333"
 312      8BE6D945 
 312      CF398B9E 
 312      72567BC8 
 312      2EDB
 313 0414 212F2BAA 		.ascii	"!/+\252-\263\213^r\026\355q\022\315\261\213\236\225"
 313      2DB38B5E 
 313      7216ED71 
 313      12CDB18B 
 313      9E95
 314 0426 8D01954C 		.ascii	"\215\001\225L\242\305\306b\371\225Y\201\232\341\361"
 314      A2C5C662 
 314      F9955981 
 314      9AE1F1
 315 0435 69F2B885 		.ascii	"i\362\270\205\227\207T@\003\220\025\327\321Bt\031\250"
 315      97875440 
 315      039015D7 
 315      D1427419 
 315      A8
 316 0446 17E81AD0 		.ascii	"\027\350\032\320\015\240+@W\201\372\201lh!\315,j\266"
 316      0DA02B40 
ARM GAS  C:\Users\akudo\AppData\Local\Temp\cc2KaqVa.s 			page 25


 316      5781FA81 
 316      6C6821CD 
 316      2C6AB6
 317 0459 C86EB65B 		.ascii	"\310n\266[>F\314q\222\251\266\351\215n\026Dd\024|\332"
 317      3E46CC71 
 317      92A9B6E9 
 317      8D6E1644 
 317      64147CDA 
 318 046d F17F4491 		.ascii	"\361\177D\221-?\367\264\316\302\253\352\224\357\032"
 318      2D3FF7B4 
 318      CEC2ABEA 
 318      94EF1A
 319 047c EA02E4C5 		.ascii	"\352\002\344\305`Ll\266J'Ml\251\260\002\335D:~\372\271"
 319      604C6CB6 
 319      4A274D6C 
 319      A9B002DD 
 319      443A7EFA 
 320 0491 B531E6F7 		.ascii	"\2651\346\367x\207\222d\023\256\333\224\264\016A\332"
 320      78879264 
 320      13AEDB94 
 320      B40E41DA 
 321 04a1 24F10597 		.ascii	"$\361\005\227\304\300n\240\011,\016\3611\270\0151\270"
 321      C4C06EA0 
 321      092C0EF1 
 321      31B80D31 
 321      B8
 322 04b2 25F17178 		.ascii	"%\361qx\347\231\003\353Y\212\201f4\310\213\312\204\227"
 322      E79903EB 
 322      598A8166 
 322      34C88BCA 
 322      8497
 323 04c4 7A991143 		.ascii	"z\231\021C\274\034z\306K\2003\225\332\277\301\035\357"
 323      BC1C7AC6 
 323      4B803395 
 323      DABFC11D 
 323      EF
 324 04d5 A67850EF 		.ascii	"\246xP\357\361\206Q\015\316f\314\216\342\211q-\316g"
 324      F186510D 
 324      CE66CC8E 
 324      E289712D 
 324      CE67
 325 04e7 4C535EE6 		.ascii	"LS^\346\227\370(\275V\366\357*>\356\215|\346\317\247"
 325      97F828BD 
 325      56F6EF2A 
 325      3EEE8D7C 
 325      E6CFA7
 326 04fa 852A16C6 		.ascii	"\205*\026\306\371C\250Q\367\021\226L\325\351p\177\342"
 326      F943A851 
 326      F711964C 
 326      D5E9707F 
 326      E2
 327 050b 03F2002E 		.ascii	"\003\362\000.\335\351/-X\303\311\026\374=\005zs>\372"
 327      DDE92F2D 
 327      58C3C916 
 327      FC3D057A 
 327      733EFA
 328 051e 09C07C00 		.ascii	"\011\300|\000n\221G\0124\002\310\207Y\255\352K\031\211"
ARM GAS  C:\Users\akudo\AppData\Local\Temp\cc2KaqVa.s 			page 26


 328      6E91470A 
 328      3402C887 
 328      59ADEA4B 
 328      1989
 329 0530 536979E9 		.ascii	"Siy\351\330\027I\247\307\247\307\352\034\002?\012`\304"
 329      D81749A7 
 329      C7A7C7EA 
 329      1C023F0A 
 329      60C4
 330 0542 C08FD903 		.ascii	"\300\217\331\003\177\276?\251\016\341r\346\317\324t"
 330      7FBE3FA9 
 330      0EE172E6 
 330      CFD474
 331 0551 F4766F5C 		.ascii	"\364vo\\\313\230\355\035\335\245J\334\314\230\370\313"
 331      CB98ED1D 
 331      DDA54ADC 
 331      CC98F8CB 
 332 0561 B9AD6ADC 		.ascii	"\271\255j\334\241t\230b\346\261)fk\313\216:L\331YZ\364"
 332      A1749862 
 332      E6B12966 
 332      6BCB8E3A 
 332      4CD9595A 
 333 0576 92FBC7F6 		.ascii	"\222\373\307\366#a*ptm\012\300\316\343\013\361\023@"
 333      23612A70 
 333      746D0AC0 
 333      CEE30BF1 
 333      1340
 334 0588 F3D4BE0A 		.ascii	"\363\324\276\012xj\243\253\200I\2009!\326\306y\3424"
 334      786AA3AB 
 334      80498039 
 334      21D6C679 
 334      E234
 335 059a 60BBB8FF 		.ascii	"`\273\270\377O\362Jg\\)M\217i\241k\205iP:.*\235\224"
 335      4FF24A67 
 335      5C294D8F 
 335      69A16B85 
 335      69503A2E 
 336 05b1 4C2EB6BD 		.ascii	"L.\266\275\343k\344\265Z8\027Z[\017\366\376#\321:\013"
 336      E36BE4B5 
 336      5A38175A 
 336      5B0FF6FE 
 336      23D13A0B 
 337 05c5 5A1F8B5A 		.ascii	"Z\037\213Z\247E\255\250'\377\342I\214/\263h\2359\237"
 337      A745ADA8 
 337      27FFE249 
 337      8C2FB368 
 337      9D399F
 338 05d8 1EE389FB 		.ascii	"\036\343\211\373)\303\235\237\3360W\336^\264\013{\326"
 338      29C39D9F 
 338      DE3057DE 
 338      5EB40B7B 
 338      D6
 339 05e9 298BC55D 		.ascii	")\213\305]\201\2428-\212\344d\255\365?\354\311\321\341"
 339      81A2382D 
 339      8AE464AD 
 339      F53FECC9 
 339      D1E1
ARM GAS  C:\Users\akudo\AppData\Local\Temp\cc2KaqVa.s 			page 27


 340 05fb 3BCC5A4E 		.ascii	";\314ZN_[\262'\235\252~L\330]\033\307\236*\361(3~tK"
 340      5F5BB227 
 340      9DAA7E4C 
 340      D85D1BC7 
 340      9E2AF128 
 341 0613 6F0C96B7 		.ascii	"o\014\226\267\036\347\312\372\014\265\036\013\3267\312"
 341      1EE7CAFA 
 341      0CB51E0B 
 341      D637CA
 342 0622 5BBF7EBB 		.ascii	"[\277~\273\372\200\022O\362Ce\274\267^M\255/\246\023"
 342      FA80124F 
 342      F24365BC 
 342      B75E4DAD 
 342      2FA613
 343 0635 E3C54B33 		.ascii	"\343\305K3\3568RE\237u\345\266[\275q\034c\272/\235\314"
 343      EE385245 
 343      9F75E5B6 
 343      5BBD711C 
 343      63BA2F9D 
 344 064a 54E364C6 		.ascii	"T\343d\306\224o\313i\320\341\014\306|s\244\342#\234"
 344      946FCB69 
 344      D0E10CC6 
 344      7C73A4E2 
 344      239C
 345 065c CFAE8B6B 		.ascii	"\317\256\213k\362\3424T\335\227\204\035\217\031\216"
 345      F2E23454 
 345      DD97841D 
 345      8F198E
 346 066b D3D26946 		.ascii	"\323\322iFG\347\261\346\333\327\324\270\204\211\226"
 346      47E7B1E6 
 346      DBD7D4B8 
 346      848996
 347 067a 64ED3FCE 		.ascii	"d\355?\316D\177E\247\247\215\333\317s\270\206=\333\321"
 347      447F45A7 
 347      A78DDBCF 
 347      73B8863D 
 347      DBD1
 348 068c 7CD91B9F 		.ascii	"|\331\033\237e\327\2476e\235s\3036\306\224\336\333\237"
 348      65D7A736 
 348      659D73C3 
 348      36C694DE 
 348      DB9F
 349 069e A6C24394 		.ascii	"\246\302C\224\341J2\03324\374:\303\272\005#\264\003"
 349      E14A321B 
 349      3234FC3A 
 349      C3BA0523 
 349      B403
 350 06b0 9C4EE75E 		.ascii	"\234N\347^v!\230\301\311.\004cn\226\245a|\237\331\233"
 350      762198C1 
 350      C92E0463 
 350      6E96A561 
 350      7C9FD99B 
 351 06c4 681B38A4 		.ascii	"h\0338\244\306c\214I\255\334\225\314\020[(?|-\361\251"
 351      C6638C49 
 351      ADDC95CC 
 351      105B283F 
 351      7C2DF1A9 
ARM GAS  C:\Users\akudo\AppData\Local\Temp\cc2KaqVa.s 			page 28


 352 06d8 279E640F 		.ascii	"'\236d\017#ogX\021\216v\243\314\215\015%\231J\274\231"
 352      236F6758 
 352      118E76A3 
 352      CC8D0D25 
 352      994ABC99 
 353 06ec 31697999 		.ascii	"1iy\231O\335\3606\306\244l\275vL\207w1\246\360\366\310"
 353      4FDDF036 
 353      C6A46CBD 
 353      764C8777 
 353      31A6F0F6 
 354 0701 3615CE62 		.ascii	"6\025\316b\314\341[=o\341C\364\232\313\030\273q\032"
 354      CCE15B3D 
 354      6FE143F4 
 354      9ACB18BB 
 354      711A
 355 0713 B95C9B1D 		.ascii	"\271\\\233\035\340\344\327f\326M\020\203\375\020\203"
 355      E0E4D766 
 355      D64D1083 
 355      FD1083
 356 0722 6CEED975 		.ascii	"l\356\331u\026X\310\274r`\217\016\037g\346vG\\LQ\341"
 356      1658C8BC 
 356      72608F0E 
 356      1F67E676 
 356      475C4C51 
 357 0737 2AC6CC64 		.ascii	"*\306\314dm\206\265Y\035c\256\027\015\336\342p;c\322"
 357      6D86B559 
 357      1D63AE17 
 357      0DDEE270 
 357      3B63D2
 358 074a DBB674EA 		.ascii	"\333\266t\352\260\2151[\352m\347T\370\266\233C\336\352"
 358      B08D315B 
 358      EA6DE754 
 358      F8B69B43 
 358      DEEA
 359 075c 58DEE65E 		.ascii	"X\336\346^\272pJ\215\037\2719d\225\216eU\246m\354\272"
 359      BA704A8D 
 359      1FB93964 
 359      958E6555 
 359      A66DECBA 
 360 0770 064FB267 		.ascii	"\006O\262g\327NF^P\342\015jV\230j\013:\231\340{t\375"
 360      D74E465E 
 360      50E20D6A 
 360      56986A0B 
 360      3A99E07B 
 361 0786 D2903AE6 		.ascii	"\322\220:\346\201\023\331\263\250\250\352F\025\336\251"
 361      8113D9B3 
 361      A8A8EA46 
 361      15DEA9
 362 0795 76C8161D 		.ascii	"v\310\026\035\315\226_\\\273\236\025-,X|t\013\347\372"
 362      CD965F5C 
 362      BB9E152D 
 362      2C587C74 
 362      0BE7FA
 363 07a8 90DFB974 		.ascii	"\220\337\271t\3612w\256NG\256|\350Z\206\334\324}\227"
 363      F13277AE 
 363      4E47AE7C 
 363      E85A86DC 
ARM GAS  C:\Users\akudo\AppData\Local\Temp\cc2KaqVa.s 			page 29


 363      D47D97
 364 07bb AD6B74E4 		.ascii	"\255kt\344\277\316\207\376\221\025\216e\270\245\312"
 364      BFCE87FE 
 364      91158E65 
 364      B8A5CA
 365 07ca F6A3F212 		.ascii	"\366\243\362\022Km"
 365      4B6D
 366 07d0 34A69B88 		.ascii	"4\246\233\210-\020\267k\334w\345\346\037:#o\315#32\211"
 366      2D10B76B 
 366      DC77E5E6 
 366      1F3A236F 
 366      CD233332 
 367 07e5 703148F6 		.ascii	"p1H\366p\222\231\252\210s\\\212\014\027\324\014\257"
 367      709299AA 
 367      88735C8A 
 367      0C17D40C 
 367      AF
 368 07f6 48618B27 		.ascii	"Ha\213'N\207\254 \337\312\271^\216\024\267T\225\375"
 368      4E87AC20 
 368      DFCAB95E 
 368      8E14B754 
 368      95FD
 369 0808 5386C55A 		.ascii	"S\206\305Z\217P\025\210'>\027\210\305\026\227\333Fg"
 369      8F501588 
 369      273E1788 
 369      C51697DB 
 369      4667
 370 081a 74027AF3 		.ascii	"t\002z\363\013@7\017\252\322\027\323j\024\303\203\346"
 370      0B40370F 
 370      AAD217D3 
 370      6A14C383 
 370      E6
 371 082b 2B085B44 		.ascii	"+\010[Dl\340\204\351uxk\207\325\263\031\252\007:\013"
 371      6CE084E9 
 371      75786B87 
 371      D5B319AA 
 371      073A0B
 372 083e 42A9620E 		.ascii	"B\251b\0165ss\237]\360\236\001\230\342\364\004\240\355"
 372      3573739F 
 372      5DF09E01 
 372      98E2F404 
 372      A0ED
 373 0850 737A4B55 		.ascii	"szKU\245\317\011\026\324\033 \224\345\032\237t\315t"
 373      A5CF0916 
 373      D41B2094 
 373      E51A9F74 
 373      CD74
 374 0862 0C1E1FA7 		.ascii	"\014\036\037\247\333\025\310n\202\222\254\027\206\341"
 374      DB15C86E 
 374      8292AC17 
 374      86E1
 375 0870 BA9E5B88 		.ascii	"\272\236[\210\316\001]\004j\007:\017\324\007\324\005"
 375      CE015D04 
 375      6A073A0F 
 375      D407D405 
 376 0880 6403AA00 		.ascii	"d\003\252\000\272\011\324\004\324\010t\035h\010\250"
 376      BA09D404 
ARM GAS  C:\Users\akudo\AppData\Local\Temp\cc2KaqVa.s 			page 30


 376      D408741D 
 376      6808A8
 377 088f 14E802D0 		.ascii	"\024\350\002\320-\240\313\034[s\0207\213\267vLa2\035"
 377      2DA0CB1C 
 377      5B731037 
 377      8BB7764C 
 377      61321D
 378 08a2 D4809152 		.ascii	"\324\200\221Rq:\350\021\274\344\373#\3735\326\037\244"
 378      713AE811 
 378      BCE4FB23 
 378      FB35D61F 
 378      A4
 379 08b3 FBCA416C 		.ascii	"\373\312Al\200\223]\230\320\030o:H\227j\274d\317s$'"
 379      80935D98 
 379      D0186F3A 
 379      48976ABC 
 379      64CF7324 
 380 08c8 F64B259B 		.ascii	"\366K%\233\345%io\024\324\024\377\201l\234\272Af\257"
 380      E525696F 
 380      14D414FF 
 380      816C9CBA 
 380      4166AF
 381 08db D819AD02 		.ascii	"\330\031\255\002L\331\305V'\004l\200\017\336\035\270"
 381      4CD9C556 
 381      27046C80 
 381      0FDE1DB8 
 382 08eb AEE3EC8B 		.ascii	"\256\343\354\213-\013\311\261\177f>5\200H\236s\012\367"
 382      2D0BC9B1 
 382      7F663E35 
 382      80489E73 
 382      0AF7
 383 08fd 38AEA62D 		.ascii	"8\256\246-\305S\035Gq\004\225'\011\261\035\344[\340"
 383      C5531D47 
 383      71049527 
 383      09B11DE4 
 383      5BE0
 384 090f 771B379F 		.ascii	"w\0337\237f\257SN\222\210\361\332Io\347\310k\227t\273"
 384      66AF534E 
 384      9288F1DA 
 384      496FE7C8 
 384      6B9774BB 
 385 0923 9522B76B 		.ascii	"\225\"\267kK\343X8\010\362\273\200\374\033\350\266\016"
 385      4BE35838 
 385      08F2BB80 
 385      FC1BE8B6 
 385      0E
 386 0934 4EB2542C 		.ascii	"N\262T,\250\231\340\007\324U\210\336>\371\001\305\320"
 386      A899E007 
 386      D45588DE 
 386      3EF901C5 
 386      D0
 387 0945 4BF32A09 		.ascii	"K\363*\011\014$C\216\243\024\036?1p\017\014\234\002"
 387      0C24438E 
 387      A3141E3F 
 387      31700F0C 
 387      9C02
 388 0957 0323BC01 		.ascii	"\003#\274\001i\203Lh@\026\305h7o\2024x\000\015\006\241"
ARM GAS  C:\Users\akudo\AppData\Local\Temp\cc2KaqVa.s 			page 31


 388      69834C68 
 388      4016C568 
 388      376F8234 
 388      78000D06 
 389 096c 4119D069 		.ascii	"A\031\320i\276\221t4\324H\241\\\002a\322\303\254\307"
 389      BE917434 
 389      D448A15C 
 389      0261D2C3 
 389      ACC7
 390 097e 5C892924 		.ascii	"\\\211)$2R\373\366\210T\202\232\347D\204V\257\327\371"
 390      3252FBF6 
 390      8854829A 
 390      E7448456 
 390      AFD7F9
 391 0991 EA4556CD 		.ascii	"\352EV\315w\234S\317y{d{\322\300\312\0061|B6\375${\251"
 391      779C53CF 
 391      797B647B 
 391      D2C0CA06 
 391      317C4236 
 392 09a9 2DF69C3E 		.ascii	"-\366\234>!\233\323\342\356\003\012\307\200\256\211"
 392      219BD3E2 
 392      EE030AC7 
 392      80AE89
 393 09b8 140E9257 		.ascii	"\024\016\222W\271b\256\016H\207\024\300\315\371>_\027"
 393      B962AE0E 
 393      488714C0 
 393      CDF93E5F 
 393      17
 394 09c9 60358B1E 		.ascii	"`5\213\0369ku\336\370\355\260\003\270\353,\332\345$"
 394      396B75DE 
 394      F8EDB003 
 394      B8EB2CDA 
 394      E524
 395 09db 9A490B33 		.ascii	"\232I\0133\2516\207\235\363\256\204s\020\265%\034d1"
 395      A936879D 
 395      F3AE8473 
 395      10B5251C 
 395      6431
 396 09ed 20E7118D 		.ascii	" \347\021\215\362\021{\2466\331S\342$t\303\363R\202"
 396      F2117BA6 
 396      36D953E2 
 396      2474C3F3 
 396      5282
 397 09ff 8F46B12E 		.ascii	"\217F\261.\237D\203\224\310\0041\032m\234N\361L\266"
 397      9F448394 
 397      C804311A 
 397      6D9C4EF1 
 397      4CB6
 398 0a11 D9CB5E19 		.ascii	"\331\313^\031\217\345\377\243\354\361\341\267\275\305"
 398      8FE5FFA3 
 398      ECF1E1B7 
 398      BDC5
 399 0a1f 87FF531D 		.ascii	"\207\377S\035:\352\034\247c\216q\262V\323\335\347mp"
 399      3AEA1CA7 
 399      638E71B2 
 399      56D3DDE7 
 399      6D70
ARM GAS  C:\Users\akudo\AppData\Local\Temp\cc2KaqVa.s 			page 32


 400 0a31 6197EB02 		.ascii	"a\227\353\002.\315\355n\207\334\276\312\234M\226)R\012"
 400      2ECDED6E 
 400      87DCBECA 
 400      9C4D9629 
 400      520A
 401 0a43 AA8DF879 		.ascii	"\252\215\370y\037\374<\0018\217\003\365\003\225\003"
 401      1FFC3C01 
 401      388F03F5 
 401      039503
 402 0a52 5D01AA06 		.ascii	"]\001\252\006\352\225`\267\365\362\363\035\231z\017"
 402      EA9560B7 
 402      F5F2F31D 
 402      997A0F
 403 0a61 BE60BEAB 		.ascii	"\276`\276\253\242\363\035Y\353G\310\315wb}\263N\375"
 403      A2F31D59 
 403      EB47C8CD 
 403      77627DB3 
 403      4EFD
 404 0a73 045492D2 		.ascii	"\004T\222\322\226\317\013\332\207^\201S\322\354<%\016"
 404      96CF0BDA 
 404      875E8153 
 404      D2EC3C25 
 404      0E
 405 0a84 9C7BF2C9 		.ascii	"\234{\362\311(\0319{h\350 \310[_4\3659U\357C\034\226"
 405      2819397B 
 405      68E820C8 
 405      5B5F34F5 
 405      3955EF43 
 406 0a9a ADDED230 		.ascii	"\255\336\3220\267:\204\371\2068\357\332\332\016\266"
 406      B73A84F9 
 406      8638EFDA 
 406      DA0EB6
 407 0aa9 7958C075 		.ascii	"yX\300u\262\364\217\227s}\023g/\326\0055C\222\322\276"
 407      B2F48F97 
 407      737D1367 
 407      2FD60535 
 407      4392D2BE 
 408 0abd 87AF74AE 		.ascii	"\207\257t\256K\273\365MV\332\311\202\243P~\355#\366"
 408      4BBBF54D 
 408      56DAC982 
 408      A3507EED 
 408      23F6
 409 0acf 402E1D8D 		.ascii	"@.\035\215d\200\035\221\037\215,VR\257Z\034\274\272"
 409      64801D91 
 409      1F8D2C56 
 409      52AF5A1C 
 409      BCBA
 410 0ae1 CDBCA27B 		.ascii	"\315\274\242{\376!\272\347'\225\304q\317O\027\274\017"
 410      FE21BAE7 
 410      2795C471 
 410      CF4F17BC 
 410      0F
 411 0af2 5488AE4E 		.ascii	"T\210\256N\236}4<\325Q\274<\022\246\317\026\371\307"
 411      9E7D343C 
 411      D551BC3C 
 411      12A6CF16 
 411      F9C7
ARM GAS  C:\Users\akudo\AppData\Local\Temp\cc2KaqVa.s 			page 33


 412 0b04 2D55436F 		.ascii	"-UCo\220\331\025\272G\356qA\315\300rr\362\327*\333\032"
 412      90D915BA 
 412      47EE7141 
 412      CDC07272 
 412      F2D72ADB 
 413 0b19 0292F33A 		.ascii	"\002\222\363:YB\364<\363\330\312lW\376\201MUdG\262\223"
 413      5942F43C 
 413      F3D8CA6C 
 413      57FE814D 
 413      556447B2 
 414 0b2e 9F78E4AA 		.ascii	"\237x\344\252\014Y\331>\255\230\325\222\327\0134\270"
 414      0C59D93E 
 414      AD98D592 
 414      D70B34B8 
 415 0b3e 7FA587CF 		.ascii	"\177\245\207\317G\242rjt\364\036\311\270\207\034\275"
 415      47A2726A 
 415      74F41EC9 
 415      B8871CBD 
 416 0b4e 9990DC54 		.ascii	"\231\220\334T\213_K\345\023g\216\222\312KN\010\270\327"
 416      8B5F4BE5 
 416      13678E92 
 416      CA4B4E08 
 416      B8D7
 417 0b60 E0FF28A7 		.ascii	"\340\377(\247dj\273/U\214b|\317\235\256\236\257\226"
 417      646ABB2F 
 417      558C627C 
 417      CF9DAE9E 
 417      AF96
 418 0b72 9EA9715B 		.ascii	"\236\251q[\260\333b-\036~\320Y\351\271\035\260Yl\263"
 418      B0DB622D 
 418      1E7ED059 
 418      E9B91DB0 
 418      596CB3
 419 0b85 B36FD056 		.ascii	"\263o\320V\350\221\275F)\3105\365\003=\346\026@\303"
 419      E891BD46 
 419      29C835F5 
 419      033DE616 
 419      40C3
 420 0b97 DA8891C7 		.ascii	"\332\210\221\307\236R\233m\016\313\276qj\363\257\274"
 420      9E529B6D 
 420      0ECBBE71 
 420      6AF3AFBC 
 421 0ba7 C9E48D0F 		.ascii	"\311\344\215\017\233\335q\266\206m\036\037\216&yS\223"
 421      9BDD71B6 
 421      866D1E1F 
 421      8E267953 
 421      93
 422 0bb8 B689FE46 		.ascii	"\266\211\376F\030=\226\332\331\331\017h\0234!18!\030"
 422      183D96DA 
 422      D9D90F68 
 422      13342131 
 422      382118
 423 0bcb 7C420DBE 		.ascii	"|B\015\2768\032OY46\332\372\377,\005&9\200U\240)\212"
 423      381A4F59 
 423      3436DAFA 
 423      FF2C0526 
 423      398055A0 
ARM GAS  C:\Users\akudo\AppData\Local\Temp\cc2KaqVa.s 			page 34


 424 0be1 6B5288C5 		.ascii	"kR\210\305\321\246\307\275^\270\220\001\233,\275\326"
 424      D1A6C7BD 
 424      5EB89001 
 424      9B2CBDD6 
 425 0bf1 A261C072 		.ascii	"\242a\300r\032\014\265\321\226\251\331YL\233\240i\011"
 425      1A0CB5D1 
 425      96A9D959 
 425      4C9BA069 
 425      09
 426 0c02 AE6901D7 		.ascii	"\256i\001\327\014\305ux\242\346\262\212b\230\265\343"
 426      0CC57578 
 426      A2E6B28A 
 426      6298B5E3 
 427 0c12 EA4BBD10 		.ascii	"\352K\275\020\353\355\022\203\005\023\014\263\002\206"
 427      EBED1283 
 427      05130CB3 
 427      0286
 428 0c20 6D7DC597 		.ascii	"m}\305\227U\270\202a8|g\270M\013\030l$\021\213?\212"
 428      55B88261 
 428      387C67B8 
 428      4D0B186C 
 428      24118B3F 
 429 0c35 C8DA60A5 		.ascii	"\310\332`\245\361Ao\220f(\002\2138\340\232\341\210\304"
 429      F1416F90 
 429      6628028B 
 429      38E09AE1 
 429      88C4
 430 0c47 04C786C6 		.ascii	"\004\307\206\306\351\333\336\366X0\034\025\255#\323"
 430      E9DBDEF6 
 430      58301C15 
 430      AD23D3
 431 0c56 C8752745 		.ascii	"\310u'ES Q\230\007\3624e$_\213\233\031\220\204\241]"
 431      53205198 
 431      07F23465 
 431      245F8B9B 
 431      199084A1 
 432 0c6b 513A0AC4 		.ascii	"Q:\012\304\226w\330\234a\331\033i\231\001\030\264\021"
 432      9677D89C 
 432      61D91B69 
 432      990118B4 
 432      11
 433 0c7c 8A91C088 		.ascii	"\212\221\300\210\021`l\24006\307\215\307\253\361y\246"
 433      11606CA0 
 433      3036C78D 
 433      C7ABF179 
 433      A6
 434 0c8d 64634342 		.ascii	"dcCB\245\232))<\374\245D\011\211\351F\211\222\215\202"
 434      A59A2929 
 434      3CFCA544 
 434      0989E946 
 434      89928D82 
 435 0ca1 9258AA24 		.ascii	"\222X\252$\271ro\244;\333O\277J7\236\207bF\330[\260"
 435      B9726FA4 
 435      3BDB4FBF 
 435      4A379E87 
 435      6246D85B 
 436 0cb6 767A68BF 		.ascii	"vzh\277\341R\231\001\3671\033\245uc\337\301\367\331"
ARM GAS  C:\Users\akudo\AppData\Local\Temp\cc2KaqVa.s 			page 35


 436      E1529901 
 436      F7311BA5 
 436      7563DFC1 
 436      F7D9
 437 0cc8 75C5C4F1 		.ascii	"u\305\304\361\203^\264\235\215\355\015+\207\036\261"
 437      835EB49D 
 437      8DED0D2B 
 437      871EB1
 438 0cd7 53EFD7E9 		.ascii	"S\357\327\351N|zr\300\013O0\331\362\375\245\271\236"
 438      4E7C7A72 
 438      C00B4F30 
 438      D9F2FDA5 
 438      B99E
 439 0ce9 38464B99 		.ascii	"8FK\231\344\355\203%^8\2051q\271-\375:\274\2231\345"
 439      E4ED8325 
 439      5E388531 
 439      71B92DFD 
 439      3ABC9331 
 440 0cfe 25C73239 		.ascii	"%\30729\274\2171\203\021{3\275p\016c\032\266\335\372"
 440      BC8F3183 
 440      117B33BD 
 440      700E631A 
 440      B6DDFA
 441 0d11 332E66D7 		.ascii	"3.f\327\235}\347\017x\3422\312\270\357\263n>\250F\013"
 441      9D7DE70F 
 441      78E232CA 
 441      B8EFB36E 
 441      3EA8460B 
 442 0d25 E7B23D28 		.ascii	"\347\262=(\255\300eg\304i\"\025\374N\307.\246\011\351"
 442      ADC06567 
 442      C4692215 
 442      FC4EC72E 
 442      A609E9
 443 0d38 0A600B9E 		.ascii	"\012`\013\236\217\266b\020H\344[\220\352\277\033\373"
 443      8FB66210 
 443      48E45B90 
 443      EABF1BFB 
 444 0d48 A09D7821 		.ascii	"\240\235x!\332\005\264\003(\003h;P&\226\036\020\027"
 444      DA05B403 
 444      2803683B 
 444      5026961E 
 444      1017
 445 0d5a 080BA46D 		.ascii	"\010\013\244m\362\306\304\015c~\001CF\326\211)\316\302"
 445      F2C6C40D 
 445      637E0143 
 445      46D68929 
 445      CEC2
 446 0d6c A79C27C6 		.ascii	"\247\234'\306\334\267\370\2111\211\027\225\237\030\""
 446      DCB7F889 
 446      31891795 
 446      9F1822
 447 0d7b AD870A84 		.ascii	"\255\207\012\204J\237,\257T\234B+$\261Is\026\226,\375"
 447      4A9F2CAF 
 447      549C422B 
 447      24B14973 
 447      16962CFD 
 448 0d8f 68D1CFD9 		.ascii	"h\321\317\331B\212>\210<s\320\313\235\314\231\351R!"
ARM GAS  C:\Users\akudo\AppData\Local\Temp\cc2KaqVa.s 			page 36


 448      428A3E88 
 448      3C73D0CB 
 448      9DCC99E9 
 448      5221
 449 0da1 9FB9FC52 		.ascii	"\237\271\374R\253\322\263\232,\265\254\240-\301\236"
 449      ABD2B39A 
 449      2CB5ACA0 
 449      2DC19E
 450 0db0 69B425FD 		.ascii	"i\264%\375\223\015\364\036\010\356\313\006\032z\375"
 450      930DF41E 
 450      08EECB06 
 450      1A7AFD
 451 0dbf 4AF6C552 		.ascii	"J\366\305R%\256g)\220;v\362.\306M\214)<R\333\354\201"
 451      25AE6729 
 451      903B76F2 
 451      2EC64D8C 
 451      293C52DB 
 452 0dd5 AF31E664 		.ascii	"\2571\346d\307\345<7\366\312\211\235\026\265\224]eg"
 452      C7E53C37 
 452      F6CA899D 
 452      16B5945D 
 452      6567
 453 0de7 5FDF256C 		.ascii	"_\337%lcV\3776\015~\304gXa$\254\015b<\330\371PJj\251"
 453      6356FF36 
 453      0D7EC467 
 453      586124AC 
 453      0D623CD8 
 454 0e00 06A73166 		.ascii	"\006\2471f 7\253\305\023\357fL\333n\353Qo|\2002\334"
 454      2037ABC5 
 454      13EF664C 
 454      DB6EEB51 
 454      6F7C8032 
 455 0e15 BDC2E463 		.ascii	"\275\302\344c\302\253O\333\235?\273\243|\254E\207\360"
 455      C2AB4FDB 
 455      9D3FBBA3 
 455      7CAC4587 
 455      F0
 456 0e26 CBBE51CB 		.ascii	"\313\276Q\313\303\262o\324\262:\253\217!\\\314\354\325"
 456      C3B26FD4 
 456      B23AAB8F 
 456      215CCCEC 
 456      D5
 457 0e37 9F2D4B43 		.ascii	"\237-KC\264\270|*\324\226\361\232\206\0217\2275\256"
 457      B4B87C2A 
 457      D496F19A 
 457      86113797 
 457      35AE
 458 0e49 88969642 		.ascii	"\210\226\226B\241\264T\\\033m\321\340r\246,?\245\264"
 458      A1B4545C 
 458      1B6DD1E0 
 458      72A62C3F 
 458      A5B4
 459 0e5b D6C3E144 		.ascii	"\326\303\341D\033\244%m\017c\361\025\031\227\337\231"
 459      1BA4256D 
 459      0F63F115 
 459      1997DF99 
 460 0e6b 93EA8174 		.ascii	"\223\352\201t>\256\304\321\021\200/\266\2401\250\214"
ARM GAS  C:\Users\akudo\AppData\Local\Temp\cc2KaqVa.s 			page 37


 460      3EAEC4D1 
 460      11802FB6 
 460      A031A88C 
 461 0e7b D2429294 		.ascii	"\322B\222\224\300\315b1\012 #\244\012\3327\226R\356"
 461      C0CD6231 
 461      0A2023A4 
 461      0ADA3796 
 461      52EE
 462 0e8d 81EB199C 		.ascii	"\201\353\031\234C\266=O\274\360i\312h\253\357G,\201"
 462      43B63D4F 
 462      BCF069CA 
 462      68ABEF47 
 462      2C81
 463 0e9f 1CA28357 		.ascii	"\034\242\203W\267\320\207\252k\316z\005\324\225B^\034"
 463      B7D087AA 
 463      6BCE7A05 
 463      D495425E 
 463      1C
 464 0eb0 10D595CB 		.ascii	"\020\325\225\313%R6$\322~\222H\307\001T9\237H5p]\006"
 464      25523624 
 464      D27E9248 
 464      C7015439 
 464      9F483570 
 465 0ec6 89530D74 		.ascii	"\211S\015t\002\250\002\250\022;\254\277\207\337\346"
 465      02A802A8 
 465      123BACBF 
 465      87DFE6
 466 0ed5 D7DF5580 		.ascii	"\327\337U\2009\007\214\224c\331\355\277\254\255\203"
 466      39078C94 
 466      63D9EDBF 
 466      ACAD83
 467 0ee4 BCFCCBD8 		.ascii	"\274\374\313\330\262]\313c\203\215\244H\201\263!\347"
 467      B25DCB63 
 467      838DA448 
 467      81B321E7 
 468 0ef4 3761BD74 		.ascii	"7a\275t\271F\342xT^T\262\203\274\325\302\024C~\034s"
 468      B946E278 
 468      545E54B2 
 468      83BCD5C2 
 468      14437E1C 
 469 0f09 1696D41C 		.ascii	"\026\226\324\034i7\226b\351\322\256\012\333\027\254"
 469      69379662 
 469      E9D2AE0A 
 469      DB17AC
 470 0f18 D6ABD430 		.ascii	"\326\253\3240\011F\256l0$\357\267.o\"\005\241\\\246"
 470      0946AE6C 
 470      3024EFB7 
 470      2E6F2205 
 470      A15CA6
 471 0f2b 20A0E4FA 		.ascii	" \240\344\372\346R\016w\320\216u\033\2378\221\341\315"
 471      E6520E77 
 471      D08E751B 
 471      9F3891E1 
 471      CD
 472 0f3c 8A322BC9 		.ascii	"\2122+\311\351\005b$j\301J\275+\367d\367{Y|\013\022"
 472      E9056224 
 472      6AC14ABD 
ARM GAS  C:\Users\akudo\AppData\Local\Temp\cc2KaqVa.s 			page 38


 472      2BF764F7 
 472      7B597C0B 
 473 0f51 F446087A 		.ascii	"\364F\010z\003\004\372\033\240\223@u\322\200\317\360"
 473      0304FA1B 
 473      A0934075 
 473      D280CFF0 
 474 0f61 71119CA9 		.ascii	"q\021\234\251w\341\014\025\216-p\354\035\031Lb\335\234"
 474      77E10C15 
 474      8E2D70EC 
 474      1D194C62 
 474      DD9C
 475 0f73 9268CE91 		.ascii	"\222h\316\221\325,\226\315I\032\245z\271\2629~\247\260"
 475      D52C96CD 
 475      491AA57A 
 475      B9B2397E 
 475      A7B0
 476 0f85 402996CD 		.ascii	"@)\226\3152\257nR6\233@\331>I\011\221\313v{0NA\000^"
 476      32AF6E52 
 476      369B40D9 
 476      3E490991 
 476      CB767B30 
 477 0f9d 140C72   		.ascii	"\024\014r"
 478 0fa0 D8DB7B6B 		.ascii	"\330\333{kT\211\257\262Q\2275\263\247\310\035\0170\246"
 478      5489AFB2 
 478      519735B3 
 478      A7C81D0F 
 478      30A6
 479 0fb2 F6464C97 		.ascii	"\366FL\227'\036\345kM_\353&\015)\017Q/z\341\225V\226"
 479      271EE56B 
 479      4D5FEB26 
 479      0D290F51 
 479      2F7AE195 
 480 0fc8 FF4883A3 		.ascii	"\377H\203\243t\364UcG{v\267;t0\364nt\024Y\305/kec\252"
 480      74F45563 
 480      477B76B7 
 480      3B7430F4 
 480      6E741459 
 481 0fe2 15E27306 		.ascii	"\025\342s\006\\9\373\2741\345\264\337j\341\345\211G"
 481      5C39FBBC 
 481      31E5B4DF 
 481      6AE1E589 
 481      47
 482 0ff3 EDE0511B 		.ascii	"\355\340Q\033\026\267\361\266\323t\016:+"
 482      16B7F1B6 
 482      D3740E3A 
 482      2B
 483 1000 17CCEE81 		.ascii	"\027\314\356\201\262|\016\315\225\177\337y\016\024\271"
 483      B27C0ECD 
 483      957FDF79 
 483      0E14B9
 484 100f 520A91BF 		.ascii	"R\012\221\277\353EOJ:@\342\264\030\371\263B\344\301"
 484      EB454F4A 
 484      3A40E2B4 
 484      18F9B342 
 484      E4C1
 485 1021 DFD9E8D6 		.ascii	"\337\331\350\326v\204\267\350\330,\322\236\177A\215"
 485      7684B7E8 
ARM GAS  C:\Users\akudo\AppData\Local\Temp\cc2KaqVa.s 			page 39


 485      D82CD29E 
 485      7F418D
 486 1030 9318D37E 		.ascii	"\223\030\323~\261=\025\341]\214\351=peV\211\013(\303"
 486      B13D15E1 
 486      5D8CE93D 
 486      70655689 
 486      0B28C3
 487 1043 5D1F6FBA 		.ascii	"]\037o\272+\371.\346\032}\337\325\015\371u\341\245'"
 487      2BF92EE6 
 487      1A7DDFD5 
 487      0DF975E1 
 487      A527
 488 1055 888BF213 		.ascii	"\210\213\362\023D\376\340\221\036\214\217\261\350\027"
 488      44FEE091 
 488      1E8C8FB1 
 488      E817
 489 1063 155DFA77 		.ascii	"\025]\372wW/z\025\250\207\367\372\012h\272,-}S#\303"
 489      572F7A15 
 489      A887F7FA 
 489      0A68BA2C 
 489      2D7D5323 
 490 1078 FC7E8840 		.ascii	"\374~\210@\272\004\220z\236\223\305\023\357\270\223"
 490      BA04907A 
 490      9E93C513 
 490      EFB893
 491 1087 E7CF86BD 		.ascii	"\347\317\206\275\256\3352)L\375\266i7\204\256\201\226"
 491      AEDD3229 
 491      4CFDB669 
 491      3784AE81 
 491      96
 492 1098 F3A2833D 		.ascii	"\363\242\203=\370yG\243W\001\225\034B\360\361A\333\246"
 492      F87947A3 
 492      5701951C 
 492      42F0F141 
 492      DBA6
 493 10aa 3884EFB2 		.ascii	"8\204\357\262\270\356\331Z\362\204\255B\303\010[u+\261"
 493      B8EED95A 
 493      F284AD42 
 493      C3085B75 
 493      2BB1
 494 10bc 428B1FB0 		.ascii	"B\213\037\260g\333\206\313\2725\370)cF\316d\236\364"
 494      67DB86CB 
 494      BA35F829 
 494      6346CE64 
 494      9EF4
 495 10ce C2519E0E 		.ascii	"\302Q\236\016oX\027\2627\254O6\306Ek);+\374\321~:\035"
 495      6F5817B2 
 495      37AC4F36 
 495      C6456B29 
 495      3B2BFCD1 
 496 10e5 93B45F27 		.ascii	"\223\264_'\274\330\261FY\276\023q\370u\311\221\337 "
 496      BCD8B146 
 496      59BE1371 
 496      F875C991 
 496      DF20
 497 10f7 E05AC8F7 		.ascii	"\340Z\310\367\301\000T\376\033Xx\333\372\270\221n8o"
 497      C10054FE 
ARM GAS  C:\Users\akudo\AppData\Local\Temp\cc2KaqVa.s 			page 40


 497      1B5878DB 
 497      FAB8916E 
 497      386F
 498 1109 42FCFA45 		.ascii	"B\374\372E\217\027\212\357E\257\036k\236V\271\326|\313"
 498      8F178AEF 
 498      45AF1E6B 
 498      9E56B9D6 
 498      7CCB
 499 111b 95E6F486 		.ascii	"\225\346\364\206\024\372=\317\020h\356\0235\203!\273"
 499      14FA3DCF 
 499      1068EE13 
 499      358321BB 
 500 112b EA8CD19E 		.ascii	"\352\214\321\236\246\347\200\276\343J\365\316\202\361"
 500      A6E780BE 
 500      E34AF5CE 
 500      82F1
 501 1139 CFC816FC 		.ascii	"\317\310\026\3746\250\276.\252\036\022U#\313\243\363"
 501      36A8BE2E 
 501      AA1E1255 
 501      23CBA3F3 
 502 1149 09DE74D1 		.ascii	"\011\336t\321T\353I\370\313qIQ^4\370\335\354\305\324"
 502      54EB49F8 
 502      CB714951 
 502      5E34F8DD 
 502      ECC5D4
 503 115c E19A71F6 		.ascii	"\341\232q\366\345\013M\306\236\351\256^o\255\344u\036"
 503      E50B4DC6 
 503      9EE9AE5E 
 503      6FADE475 
 503      1E
 504 116d 3C9024E0 		.ascii	"<\220$\340\003\242\031\322\011\335\307T\274j\266h\324"
 504      03A219D2 
 504      09DDC754 
 504      BC6AB668 
 504      D4
 505 117e F39544BE 		.ascii	"\363\225D\276\230-H\367\242P\356\002\306{\230\310\017"
 505      982D48F7 
 505      A250EE02 
 505      C67B98C8 
 505      0F
 506 118f E3578456 		.ascii	"\343W\204V\364\315_\374\243N\035\336\312:\364\360\371"
 506      F4CD5FFC 
 506      A34E1DDE 
 506      CA3AF4F0 
 506      F9
 507 11a0 A18B6CF9 		.ascii	"\241\213l\371\3665Y\355\177ST\333\211\245\253}\262s"
 507      F63559ED 
 507      7F5354DB 
 507      89A5AB7D 
 507      B273
 508 11b2 CBF96579 		.ascii	"\313\371ey$->\344\\\267\013<\034\203\374\262\237\350"
 508      242D3EE4 
 508      5CB70B3C 
 508      1C83FCB2 
 508      9FE8
 509 11c4 498E45EC 		.ascii	"I\216E\354\3654\035F\\\034\330\217'S\372f\276\005\311"
 509      F5341D46 
ARM GAS  C:\Users\akudo\AppData\Local\Temp\cc2KaqVa.s 			page 41


 509      5C1CD88F 
 509      2753FA66 
 509      BE05C9
 510 11d7 C8A710C4 		.ascii	"\310\247\020\304'PH\037\003M\000\215\002\215\003=\022"
 510      2750481F 
 510      034D008D 
 510      028D033D 
 510      12
 511 11e8 C791C5D6 		.ascii	"\307\221\305\326\362@Y\233\276\230\300F#|[\301\031\364"
 511      F240599B 
 511      BE98C046 
 511      237C5BC1 
 511      19F4
 512 11fa 103BAEF8 		.ascii	"\020;\256\370w\024\375\221L\033\244\3027\363\262\366"
 512      7714FD91 
 512      4C1BA4C2 
 512      37F3B2F6 
 513 120a 4AFECC49 		.ascii	"J\376\314IXQ\021\231\211\311p\352\345e\355\303\306\206"
 513      58511199 
 513      89C970EA 
 513      E565EDC3 
 513      C686
 514 121c 9D647753 		.ascii	"\235dwSYR\277:\235e\0138'\331\255\213@\224\254\315\367"
 514      5952BF3A 
 514      9D650B38 
 514      27D9AD8B 
 514      4094ACCD 
 515 1231 F2A2F635 		.ascii	"\362\242\3665\270\323\230\217O \305vLn\324\037\030("
 515      B8D3988F 
 515      4F20C576 
 515      4C6ED41F 
 515      1828
 516 1243 9A158BAD 		.ascii	"\232\025\213\255s\014\247 n/\033C\341%\227\367\011R"
 516      730CA720 
 516      6E2F1B43 
 516      E12597F7 
 516      0952
 517 1255 8127A1D5 		.ascii	"\201'\241\325&1+\307$\025xt\347u+\306\231,\021\246\237"
 517      26312BC7 
 517      24157874 
 517      E7752BC6 
 517      992C11A6 
 518 126a 5A3BF10F 		.ascii	"Z;\361\017\367\262\275\372\300o\352\366[\254\261Q\026"
 518      F7B2BDFA 
 518      C06FEAF6 
 518      5BACB151 
 518      16
 519 127b CB2F6667 		.ascii	"\313/fg\325T\3074\323a\207\244 w\210\"4\203\177H\312"
 519      D554C734 
 519      D36187A4 
 519      20778822 
 519      34837F48 
 520 1290 79C5D552 		.ascii	"y\305\325R\307Oj\316:\034v\315\262\025\021\371\005\351"
 520      C74F6ACE 
 520      3A1C76CD 
 520      B21511F9 
 520      05E9
ARM GAS  C:\Users\akudo\AppData\Local\Temp\cc2KaqVa.s 			page 42


 521 12a2 A4B28449 		.ascii	"\244\262\204IO\007\351I\207\365\223E\311\244\341wD\374"
 521      4F07E949 
 521      87F59345 
 521      C9A4E177 
 521      44FC
 522 12b4 30CC8B7D 		.ascii	"0\314\213}\030\266\343\342\2151Ls\226\356\237\3437\035"
 522      18B6E3E2 
 522      8D314C73 
 522      96EE9FE3 
 522      371D
 523 12c6 9E55BB1E 		.ascii	"\236U\273\036-QJ~\264\374\204\016\226\335Ci;4\374`\261"
 523      2D514A7E 
 523      B4FC840E 
 523      96DD4369 
 523      3B34FC60 
 524 12db 5A1620FA 		.ascii	"Z\026 \3725L\204r>\212T\322S\004\345+B\033\312H^\336"
 524      354C8472 
 524      3E8A54D2 
 524      5304E52B 
 524      421BCA48 
 525 12f1 7AB197B7 		.ascii	"z\261\227\267\343Y\266;\210ZW\323uYLY\031\033\312n\204"
 525      E359B63B 
 525      885A57D3 
 525      75594C59 
 525      191BCA6E 
 526 1306 CDCE1E4E 		.ascii	"\315\316\036N\363t\015&V\000\263QI\321\334\213\272S"
 526      F3740D26 
 526      5600B351 
 526      49D1DC8B 
 526      BA53
 527 1318 E0260E5D 		.ascii	"\340&\016]\206&\006\320l\240h\342(\232X\206&\216\242"
 527      862606D0 
 527      6CA068E2 
 527      289A5886 
 527      268EA2
 528 132b D934FCF8 		.ascii	"\3314\374\370&r\210\\\264\303~#\236\217\\<\215\\]Fq"
 528      2672885C 
 528      B4C37E23 
 528      9E8F5C3C 
 528      8D5C5D46 
 529 1340 A1E3F736 		.ascii	"\241\343\3676\026\007\351M\274\364&*]1\331\327\245t"
 529      1607E94D 
 529      BCF4262A 
 529      5D31D9D7 
 529      A574
 530 1352 B90BDAAC 		.ascii	"\271\013\332\254\224\236\202\325\3558\270]\203\255,"
 530      949E82D5 
 530      ED38B85D 
 530      83AD2C
 531 1361 7972AECC 		.ascii	"yr\256\314^\305\013v[j\213\213{\036\015\275\225a\261"
 531      5EC50B76 
 531      5B6A8B8B 
 531      7B1E0DBD 
 531      9561B1
 532 1374 B2B3910F 		.ascii	"\262\263\221\017I#\264E)\236\215\3005M?\264UI\316F\006"
 532      4923B445 
 532      299E8DC0 
ARM GAS  C:\Users\akudo\AppData\Local\Temp\cc2KaqVa.s 			page 43


 532      354D3FB4 
 532      5549CE46 
 533 1389 BA462C5A 		.ascii	"\272F,Z|\231i9p\257rH\303\264\324$\334\304NZ\022$Z\022"
 533      7C996939 
 533      70AF7248 
 533      C3B4D424 
 533      DCC44E5A 
 534 13a1 042D8954 		.ascii	"\004-\211TKlAq\245\206n\350\352\355\247V\227\217\314"
 534      4B6C4171 
 534      A5866EE8 
 534      EAEDA756 
 534      978FCC
 535 13b4 DC777D6A 		.ascii	"\334w}j\225L}IR\362\316\314\330\022,\032|\203\301\330"
 535      954C7D49 
 535      52F2CECC 
 535      D8122C1A 
 535      7C83C1D8 
 536 13c8 7BEB5282 		.ascii	"{\353R\202\026\2172\346\336\251\231#\344@\014m\243&"
 536      168F32E6 
 536      DEA99923 
 536      E4400C6D 
 536      A326
 537 13da C9FBFA94 		.ascii	"\311\373\372\224\3321DQ\016\307=\311\371mR\321\006v"
 537      DA314451 
 537      0EC73DC9 
 537      F96D52D1 
 537      0676
 538 13ec E887F6D4 		.ascii	"\350\207\366\324&*\211b\224\" E\251`\200\260\014l\032"
 538      262A8962 
 538      94222045 
 538      A96080B0 
 538      0C6C1A
 539 13ff 05BBF562 		.ascii	"\005\273\365b\364\011/v\304\206\205\355\347\236\236"
 539      F4092F76 
 539      C48685ED 
 539      E79E9E
 540 140e 07656EF6 		.ascii	"\007en\366\343\256\355Jz3\277h\317)\327{\322\014\352"
 540      E3AEED4A 
 540      7A33BF68 
 540      CF29D77B 
 540      D20CEA
 541 1421 41BAE041 		.ascii	"A\272\340AUJ}\012\3025^\024t\363\225\2626\025\203\330"
 541      554A7D0A 
 541      C2355E14 
 541      74F395B2 
 541      361583D8 
 542 1435 5255F945 		.ascii	"RU\371E\335~\021\342\034\322\020\355\220\304r\207\000"
 542      DD7E11E2 
 542      1CD210ED 
 542      90C47287 
 542      00
 543 1446 6F278577 		.ascii	"o'\205w\274')C\207[\231\242\231\343iO9\241_\313\336"
 543      BC272943 
 543      875B99A2 
 543      99E3694F 
 543      39A15FCB 
 544 145b 76EA915D 		.ascii	"v\352\221]\022-\273\004-\231T\313\356\366\253\267\224"
ARM GAS  C:\Users\akudo\AppData\Local\Temp\cc2KaqVa.s 			page 44


 544      122DBB04 
 544      2D9954CB 
 544      EEF6ABB7 
 544      94
 545 146c B89BD712 		.ascii	"\270\233\327\022\325\336\253\022\372\365\241s\277\356"
 545      D5DEAB12 
 545      FAF5A173 
 545      BFEE
 546 147a 9668D92D 		.ascii	"\226h\331-h\331C\265\014V\337\265\260\217\225?#z\266"
 546      68D943B5 
 546      0C56DFB5 
 546      B08F953F 
 546      237AB6
 547 148d 3C1D39C3 		.ascii	"<\0359\303\206\232\226\036\3756m_J9\015\341N<\332P\201"
 547      869A961E 
 547      FD366D5F 
 547      4A390DE1 
 547      4E3CDA50 
 548 14a2 5D0FBC2C 		.ascii	"]\017\274,a\340\355c\003\357V|n\006\347<\360\2540\360"
 548      61E0ED63 
 548      03EF567C 
 548      6E06E73C 
 548      F0AC30F0 
 549 14b6 F6D28197 		.ascii	"\366\322\201\227M\007\036mDM\035=t\\-\225\036}\236\364"
 549      4D071E6D 
 549      444D1D3D 
 549      745C2D95 
 549      1E7D9EF4 
 550 14ca 8DE4D461 		.ascii	"\215\344\324a\214\007\274\370OP\037t\"|\2171U\231\311"
 550      8C07BCF8 
 550      4F501F74 
 550      227C8F31 
 550      5599C9
 551 14dd DF871ADB 		.ascii	"\337\207\032\333n\035~\3209\344\231b\211\334\014\313"
 551      6E1D7ED0 
 551      39E49962 
 551      89DC0CCB 
 552 14ed C6D90FDE 		.ascii	"\306\331\017\336@\373\225\257\240\003\020\210\307\334"
 552      40FB95AF 
 552      A0031088 
 552      C7DC
 553 14fb 0289DE83 		.ascii	"\002\211\336\203$\034\350\000\202\364\313Q\222\"\273"
 553      241CE800 
 553      82F4CB51 
 553      9222BB
 554 150a 3DAD6597 		.ascii	"=\255e\227\032ORe\312\201'\327\306\325h\276\306g>\371"
 554      1A4F5265 
 554      CA8127D7 
 554      C6D568BE 
 554      C6673EF9 
 555 151e 662F4FA9 		.ascii	"f/O\251Ql\244\337OE&\316\371\233\375\373\251|\245\017"
 555      516CA4DF 
 555      4F4526CE 
 555      F99BFDFB 
 555      A97CA50F 
 556 1532 7D04130E 		.ascii	"}\004\023\016\250-P\2625\013\371\012\020\356\242\\\245"
 556      A82D50B2 
ARM GAS  C:\Users\akudo\AppData\Local\Temp\cc2KaqVa.s 			page 45


 556      350BF90A 
 556      10EEA25C 
 556      A5
 557 1543 F357804C 		.ascii	"\363W\200L\221\213\023\330\216\334\224\034/iF\022\035"
 557      918B13D8 
 557      8EDC941C 
 557      2F694612 
 557      1D
 558 1554 9263129A 		.ascii	"\222c\022\232\222\205BJ\016\026VT\353p\004\373t\177"
 558      9285424A 
 558      0E165654 
 558      EB7004FB 
 558      747F
 559 1566 7A5FF131 		.ascii	"z_\3611\035K\311\334\351)]>\331\315\220#i\024\021\375"
 559      1D4BC9DC 
 559      E9295D3E 
 559      D9CD9023 
 559      691411FD 
 560 157a 6BD21015 		.ascii	"k\322\020\025K\322\240XH\203\303.GLs\302\3464o\327\207"
 560      4BD2A058 
 560      4883C32E 
 560      474C73C2 
 560      E6346FD7 
 561 158f C1472894 		.ascii	"\301G(\224\022\001Je\253\265\330\033\3273(\221g\256"
 561      12014A65 
 561      ABB5D81B 
 561      D7332891 
 561      67AE
 562 15a1 677B0BA3 		.ascii	"g{\013\243c\352\213\244\203\322\321\001\015\321Q\011"
 562      63EA8BA4 
 562      83D2D101 
 562      0DD15109 
 563 15b1 94A30294 		.ascii	"\224\243\002\224c\024J_\366p\204\322\241\236\222\303"
 563      63144A5F 
 563      F67084D2 
 563      A19E92C3 
 564 15c1 5FD1EE71 		.ascii	"_\321\356q\276\236\036\247\365\264)\346\356\025\214"
 564      BE9E1EA7 
 564      F5B429E6 
 564      EE158C
 565 15d0 BB98D9CD 		.ascii	"\273\230\331\315\333\362\256\253\354\021\360\222F\000"
 565      DBF2AEAB 
 565      EC11F092 
 565      4600
 566 15de 512DA512 		.ascii	"Q-\245\022\263\245\202\3312jvg\342\271\0146\001\006"
 566      B3A582D9 
 566      326A7667 
 566      E2B90C36 
 566      0106
 567 15f0 1055774B 		.ascii	"\020UwK\254\215\354\243}\272\232\034\177\2307\251t\235"
 567      AC8DECA3 
 567      7DBA9A1C 
 567      7F9837A9 
 567      749D
 568 1602 FA1542EA 		.ascii	"\372\025B\352\223\357\003@\2745\241\241[\347\234\372"
 568      93EF0340 
 568      BC35A1A1 
ARM GAS  C:\Users\akudo\AppData\Local\Temp\cc2KaqVa.s 			page 46


 568      5BE79CFA 
 569 1612 E5901D27 		.ascii	"\345\220\035'h\322U\322d\256\020\2229o\350X\021\347"
 569      68D255D2 
 569      64AE1092 
 569      396FE858 
 569      11E7
 570 1624 9CFA2EA5 		.ascii	"\234\372.\245G,)\3734\270\217y\374\364\342\2562,\244"
 570      472C29FB 
 570      34B88F79 
 570      FCF4E2AE 
 570      322CA4
 571 1637 7BFEAB92 		.ascii	"{\376\253\222t\257\342\323}\006\322]\324U-\246{\215"
 571      74AFE2D3 
 571      7D06D25D 
 571      D4552DA6 
 571      7B8D
 572 1649 F2870A55 		.ascii	"\362\207\012U\260i\215\336\354\366\273?~\261`\271B\035"
 572      B0698DDE 
 572      ECF6BB3F 
 572      7EB160B9 
 572      421D
 573 165b 1862FEE9 		.ascii	"\030b\376\351;z\263F\257\347\257V\373\275\277\322/ "
 573      3B7AB346 
 573      AFE7AF56 
 573      FBBDBFD2 
 573      2F20
 574 166d 7055A0C9 		.ascii	"pU\240\311\034\356\037\030\272\322\034\032\032dZ\271"
 574      1CEE1F18 
 574      BAD21C1A 
 574      1A645AB9 
 575 167d 26247C01 		.ascii	"&$|\001\275Z\340k\014^`\010^e\360\3677\370\257|\367"
 575      BD5AE06B 
 575      0C5E6008 
 575      5E65F0F7 
 575      37F8AF7C 
 576 1692 ED9F2F78 		.ascii	"\355\237/xg\361\222\245\177\373\351J\270\377VHh\210"
 576      67F192A5 
 576      7FFBE94A 
 576      B8FF5648 
 576      6888
 577 16a4 E12D83EF 		.ascii	"\341-\203\357\252\300\225\201!~A\341\376\206\225\301"
 577      AAC09581 
 577      217E41E1 
 577      FE8695C1 
 578 16b4 BEA02BC4 		.ascii	"\276\240+\304\260R\357oX\355\033\036d\326\233\327\207"
 578      B052EF6F 
 578      58ED1B1E 
 578      64D69BD7 
 578      87
 579 16c5 194C6F07 		.ascii	"\031Lo\007(\376\372\177j\306\264\336\264Ro2\373\203"
 579      28FEFA7F 
 579      6AC6B4DE 
 579      B4526F32 
 579      FB83
 580 16d7 0FA0FBA3 		.ascii	"\017\240\373\243\345\357/ZNt\257\240\272\027Q;\241\246"
 580      E5EF2F5A 
 580      4E74AFA0 
ARM GAS  C:\Users\akudo\AppData\Local\Temp\cc2KaqVa.s 			page 47


 580      BA17513B 
 580      A1A6
 581 16e9 25CB962C 		.ascii	"%\313\226,\0125-2\232\027\205\205\032\315\246E\277\376"
 581      0A352D32 
 581      9A178585 
 581      1ACDA645 
 581      BFFE
 582 16fb FC93E59F 		.ascii	"\374\223\345\237|\275\310/48,0\310`4-\372\335\362\345"
 582      7CBDC82F 
 582      34382C30 
 582      C860342D 
 582      FADDF2E5 
 583 170f 202B2074 		.ascii	" + t7\007\030\015\276\376\020\033\277\000=\273v\013"
 583      3707180D 
 583      BEFE101B 
 583      BF003DBB 
 583      760B
 584 1721 D38718BE 		.ascii	"\323\207\030\2766\303O\230\321\260Vm\0163\006\206\352"
 584      36C34F98 
 584      D1B0566D 
 584      0E330686 
 584      EA
 585 1732 CDEEE17C 		.ascii	"\315\356\341|\350\264z\275pIE\002C\325~\241!fh\341A"
 585      E8B47ABD 
 585      70494502 
 585      43D57EA1 
 585      216668E1 
 586 1747 2C9208FB 		.ascii	",\222\010\373\231\277v7\032\326\200\027z\363\262o\007"
 586      99BF7637 
 586      1AD68017 
 586      7AF3B26F 
 586      07
 587 1758 33C02FD4 		.ascii	"3\300/\324h\000\\\234\361]\316\270\2243.\343\214?\343"
 587      68005C9C 
 587      F15DCEB8 
 587      94332EE3 
 587      8C3FE3
 588 176b 8CEF71C6 		.ascii	"\214\357q\306\237c\343\222\305@K\270 \343\373\177\207"
 588      9F63E392 
 588      C5404BB8 
 588      20E3FB7F 
 588      87
 589 177c 4EFDDA9F 		.ascii	"N\375\332\237\005\203^\320\360SU\230\036\020\252\211"
 589      05835ED0 
 589      F0535598 
 589      1E10AA89 
 590 178c 9BEB0C46 		.ascii	"\233\353\014F\370\015\015\3627\030\225~\001\276F\342"
 590      F80D0DF2 
 590      3718957E 
 590      01BE46E2 
 591 179c BB6FB0C1 		.ascii	"\273o\260\301\335l2\373\232\015z\263\232\270\372\036"
 591      DD6C32FB 
 591      9A0D7AB3 
 591      9AB8FA1E 
 592 17ac CD1CFE0A 		.ascii	"\315\034\376\012\304\3513\26598\324\337@\371\325A\276"
 592      C4E933B5 
 592      3938D4DF 
ARM GAS  C:\Users\akudo\AppData\Local\Temp\cc2KaqVa.s 			page 48


 592      40F9D541 
 592      BE
 593 17bd 6B4C6AB3 		.ascii	"kLj\263\321\260\332DcB.\334\214\376\353!\005\335\015"
 593      D1B0DA44 
 593      63422EDC 
 593      8CFEEB21 
 593      05DD0D
 594 17d0 5F079AFD 		.ascii	"_\007\232\375@\320m\2359t\325\177\206\275\302\207\033"
 594      40D06D9D 
 594      3974D57F 
 594      86BDC287 
 594      1B
 595 17e1 440C4643 		.ascii	"D\014FC\210\037(P\2553\233\215a:\010\277\311\020\354"
 595      881F2850 
 595      AD339B8D 
 595      613A08BF 
 595      C910EC
 596 17f4 1B160058 		.ascii	"\033\026\000X\275\231\224I\377\267pC8\210\314\261\367"
 596      BD999449 
 596      FFB77043 
 596      3888CCB1 
 596      F7
 597 1805 0D7F4BCD 		.ascii	"\015\177K\315\377\252\374B \331T&=\374\202\005P\020"
 597      FFAAFC42 
 597      20D95426 
 597      3DFC8205 
 597      5010
 598 1817 E60EB2C1 		.ascii	"\346\016\262\301\341\320\035\352`^6X\037\272.\004\374"
 598      E1D01DEA 
 598      605E3658 
 598      1FBA2E04 
 598      FC
 599 1828 A4770160 		.ascii	"\244w\001`0\353\336u\346`\363\327a\036\206\265\206\020"
 599      30EBDE75 
 599      E660F3D7 
 599      611E86B5 
 599      8610
 600 183a 73B0AFE9 		.ascii	"s\260\257\351+xbXG.p\230>\334K0\027\004\251\2537{K\000"
 600      2B786258 
 600      472E7098 
 600      3EDC4B30 
 600      1704A9AB 
 601 1852 903B9A30 		.ascii	"\220;\2320\375:\337@s`\310\032m\230\036\334d`\350%\334"
 601      FD3ADF40 
 601      7360C81A 
 601      6D981EDC 
 601      6460E825 
 602 1867 30841942 		.ascii	"0\204\031B I\327\200\024\230 \362Z\022\024\337 \232"
 602      2049D780 
 602      149820F2 
 602      5A1214DF 
 602      209A
 603 1879 2C70330C 		.ascii	",p3\014\222\177\311\213\372\220\317zx`\362\013\360\207"
 603      927FC98B 
 603      FA90CF7A 
 603      7860F20B 
 603      F087
ARM GAS  C:\Users\akudo\AppData\Local\Temp\cc2KaqVa.s 			page 49


 604 188b AE5BFCF2 		.ascii	"\256[\374\362-\300,4X\372-L\2547\011#\342[\230\201x"
 604      2DC02C34 
 604      58FA2D4C 
 604      AC370923 
 604      E25B9881 
 605 18a0 43031839 		.ascii	"C\003\0309\237\230\326\254\000\237\337|QS\223\321\217"
 605      9F98D6AC 
 605      009FDF7C 
 605      515393D1 
 605      8F
 606 18b1 A033AD79 		.ascii	"\2403\255y\333\217o\366\027\010\243\216^}n\0102\370"
 606      DB8F6FF6 
 606      1708A38E 
 606      5E7D6E08 
 606      32F8
 607 18c3 9A0C9E7E 		.ascii	"\232\014\236~\001+\374\002~\027\272\"\310`\010[\341"
 607      012BFC02 
 607      7E17BA22 
 607      C860085B 
 607      E1
 608 18d4 41B9CF21 		.ascii	"A\271\317!\360\353?\326\321\353\277\370~e\010\247\017"
 608      F0EB3FD6 
 608      D1EBBFF8 
 608      7E6508A7 
 608      0F
 609 18e5 F404B421 		.ascii	"\364\004\264!\230\015]v\255#]\264\236\3574\320\244\027"
 609      980D5D76 
 609      AD235DB4 
 609      9EEF34D0 
 609      A417
 610 18f7 79B591A5 		.ascii	"y\265\221\245\203\233\221\216Y\225\221\216\001#?\006"
 610      839B918E 
 610      5995918E 
 610      01233F06 
 611 1907 8C6C0C68 		.ascii	"\214l\014h\340n\270\021\022\323\2542\222F\257\256\015"
 611      E06EB811 
 611      12D3AC32 
 611      9246AFAE 
 611      0D
 612 1918 349AC37D 		.ascii	"4\232\303}\203\364\346\300`\250\035\274\342y\240X\346"
 612      83F4E6C0 
 612      60A81DBC 
 612      E279A058 
 612      E6
 613 1929 81B7C33D 		.ascii	"\201\267\303=\226\265\016\267\324k\3154\365\310/)-\032"
 613      96B50EB7 
 613      D46BCD34 
 613      F5C82F29 
 613      2D1A
 614 193b 021A1E40 		.ascii	"\002\032\036@q\201;\376\206 \263/\\\254\016\017\361"
 614      71813BFE 
 614      8620B32F 
 614      5CAC0E0F 
 614      F1
 615 194c D3531972 		.ascii	"\323S\031r\345Fd}\215\036\360\023\344k2\023q\270E\314"
 615      E546647D 
 615      8D1EF013 
ARM GAS  C:\Users\akudo\AppData\Local\Temp\cc2KaqVa.s 			page 50


 615      E46B3213 
 615      71B845CC 
 616 1960 79F1EEFB 		.ascii	"y\361\356\373\033V\205\257a)*\275\243\011\363\015\011"
 616      1B5685AF 
 616      61292ABD 
 616      A309F30D 
 616      09
 617 1971 F4231989 		.ascii	"\364#\031\211\375W\255\321\006\373\302\360\245\031<"
 617      FD57ADD1 
 617      06FBC2F0 
 617      A5193C
 618 1980 C71CACF7 		.ascii	"\307\034\254\367\363\015\012\\e\3645\007\206\206\200"
 618      F30D0A5C 
 618      65F43507 
 618      868680
 619 198f 29A3990E 		.ascii	")\243\231\016#\267\320\325\253M\006\363\242\227\357"
 619      23B7D0D5 
 619      AB4D06F3 
 619      A297EF
 620 199e 7F33E97E 		.ascii	"\1773\351~\316\034\2545\231\277\002\215kB\3702\271\354"
 620      CE1CAC35 
 620      99BF028D 
 620      6B42F832 
 620      B9EC
 621 19b0 5D7B9924 		.ascii	"]{\231$\227^\201\376A\006~\374\300\270\341\374\002\240"
 621      975E81FE 
 621      41067EFC 
 621      C0B8E1FC 
 621      02A0
 622 19c2 C756AC37 		.ascii	"\307V\2547\375[\250\337W\337&\333\326\223\364\324\320"
 622      FD5BA8DF 
 622      57DF26DB 
 622      D693F4D4 
 622      D0
 623 19d3 221B044D 		.ascii	"\"\033\004M=\365P1\314\372\017\177\275\342\243\317>"
 623      3DF55031 
 623      CCFA0F7F 
 623      BDE2A3CF 
 623      3E
 624 19e4 FFD8D337 		.ascii	"\377\330\3237h\235\357z\023\224\337 \230\212~\371\\"
 624      689DEF7A 
 624      1394DF20 
 624      988A7EF9 
 624      5C
 625 19f5 B5D0078B 		.ascii	"\265\320\007\213\226\177\262\342\343\025\242vR!\375"
 625      967FB2E2 
 625      E315A276 
 625      5221FD
 626 1a04 827F0B11 		.ascii	"\202\177\013\021\007\033:Vw\002CL\006\243\331\203b\375"
 626      071B3A56 
 626      7702434C 
 626      06A3D983 
 626      62FD
 627 1a16 22849864 		.ascii	"\"\204\230d\025>\234^\273\353i\007\351\365\236\302\305"
 627      153E9C5E 
 627      BBEB6907 
 627      E9F59EC2 
ARM GAS  C:\Users\akudo\AppData\Local\Temp\cc2KaqVa.s 			page 51


 627      C5
 628 1a27 DBCB962E 		.ascii	"\333\313\226.[\252\322\177\010\243\333\233\246\364\307"
 628      5BAAD27F 
 628      08A3DB9B 
 628      A6F4C7
 629 1a36 A6CF5825 		.ascii	"\246\317X%\370\370\333\214]\030\035\001\212\3570\010"
 629      F8F8DB8C 
 629      5D181D01 
 629      8AEF3008 
 630 1a46 AB035787 		.ascii	"\253\003W\207B\022\007\207\256%\003C\034%+\244F\177"
 630      42120787 
 630      AE250343 
 630      1C252BA4 
 630      467F
 631 1a58 F6EEFF02 		.ascii	"\366\356\377\002\344\270ga"
 631      E4B86761 
 632              		.text
 633              		.section	.gnu.lto_.symtab.cfc1741f,"",%progbits
 634 0000 63684D73 		.ascii	"chMsgSend\000\000\000\000\000\000\000\000\000\000\000"
 634      6753656E 
 634      64000000 
 634      00000000 
 634      00000000 
 635 0014 00760100 		.ascii	"\000v\001\000\000chMsgWait\000\000\000\000\000\000\000"
 635      0063684D 
 635      73675761 
 635      69740000 
 635      00000000 
 636 0029 00000000 		.ascii	"\000\000\000\000\000y\001\000\000chMsgRelease\000\000"
 636      00790100 
 636      0063684D 
 636      73675265 
 636      6C656173 
 637 0040 00000000 		.ascii	"\000\000\000\000\000\000\000\000\000\000~\001\000\000"
 637      00000000 
 637      00007E01 
 637      0000
 638 004e 63680000 		.ascii	"ch\000\000\002\000\000\000\000\000\000\000\000\000\376"
 638      02000000 
 638      00000000 
 638      0000FE
 639 005d 01000063 		.ascii	"\001\000\000chSchGoSleepS\000\000\002\000\000\000\000"
 639      68536368 
 639      476F536C 
 639      65657053 
 639      00000200 
 640 0074 00000000 		.ascii	"\000\000\000\000\000\202\001\000\000chSchReadyI\000"
 640      00820100 
 640      00636853 
 640      63685265 
 640      61647949 
 641 0089 00020000 		.ascii	"\000\002\000\000\000\000\000\000\000\000\000\206\001"
 641      00000000 
 641      00000086 
 641      01
 642 0096 00006368 		.ascii	"\000\000chSchWakeupS\000\000\002\000\000\000\000\000"
 642      53636857 
ARM GAS  C:\Users\akudo\AppData\Local\Temp\cc2KaqVa.s 			page 52


 642      616B6575 
 642      70530000 
 642      02000000 
 643 00ac 00000000 		.ascii	"\000\000\000\000\210\001\000\000"
 643      88010000 
 644              		.text
 645              		.section	.gnu.lto_.opts,"",%progbits
 646 0000 272D666E 		.ascii	"'-fno-trapv' '-mcpu=cortex-m4' '-mno-thumb-interwor"
 646      6F2D7472 
 646      61707627 
 646      20272D6D 
 646      6370753D 
 647 0033 6B272027 		.ascii	"k' '-mthumb' '-ggdb' '-O2' '-fomit-frame-pointer' '"
 647      2D6D7468 
 647      756D6227 
 647      20272D67 
 647      67646227 
 648 0066 2D66616C 		.ascii	"-falign-functions=16' '-ffunction-sections' '-fdata"
 648      69676E2D 
 648      66756E63 
 648      74696F6E 
 648      733D3136 
 649 0099 2D736563 		.ascii	"-sections' '-fno-common' '-flto'\000"
 649      74696F6E 
 649      73272027 
 649      2D666E6F 
 649      2D636F6D 
 650              		.text
 651              		.comm	__gnu_lto_v1,1,1
 652              		.comm	__gnu_lto_slim,1,1
 653              		.ident	"GCC: (GNU Tools for ARM Embedded Processors) 4.9.3 20150529 (release) [ARM/embedded-4_9-br
ARM GAS  C:\Users\akudo\AppData\Local\Temp\cc2KaqVa.s 			page 53


DEFINED SYMBOLS
                            *ABS*:00000000 chmsg.c
                            *COM*:00000001 __gnu_lto_v1
                            *COM*:00000001 __gnu_lto_slim

NO UNDEFINED SYMBOLS
