ARM GAS  C:\Users\akudo\AppData\Local\Temp\ccoaJxsm.s 			page 1


   1              		.syntax unified
   2              		.cpu cortex-m4
   3              		.fpu softvfp
   4              		.eabi_attribute 20, 1
   5              		.eabi_attribute 21, 1
   6              		.eabi_attribute 23, 3
   7              		.eabi_attribute 24, 1
   8              		.eabi_attribute 25, 1
   9              		.eabi_attribute 26, 1
  10              		.eabi_attribute 30, 2
  11              		.eabi_attribute 34, 1
  12              		.eabi_attribute 18, 4
  13              		.thumb
  14              		.file	"chregistry.c"
  15              		.text
  16              	.Ltext0:
  17              		.section	.gnu.lto_.profile.cfc14d89,"",%progbits
  18 0000 789C6366 		.ascii	"x\234cf```a\200\000F\006Y!\000\000\300\0008"
  18      60606061 
  18      80004606 
  18      59210000 
  18      C00038
  19              		.text
  20              		.section	.gnu.lto_.jmpfuncs.cfc14d89,"",%progbits
  21 0000 789C6366 		.ascii	"x\234cf\300\016\004\2404\023\010322\32632\227\203\370"
  21      C00E04A0 
  21      34130833 
  21      3232D633 
  21      329783F8 
  22 0014 0008FA01 		.ascii	"\000\010\372\001\025"
  22      15
  23              		.text
  24              		.section	.gnu.lto_.inline.cfc14d89,"",%progbits
  25 0000 789C6366 		.ascii	"x\234cf\300\016\364\2414\023\003\003'\007#\003\023\317"
  25      C00EF4A1 
  25      34130303 
  25      27072303 
  25      13CF
  26 0012 835806B6 		.ascii	"\203X\006\266\005\362L\0201^Q\240\020\377\202\022\006"
  26      05F24C10 
  26      315E51A0 
  26      10FF8212 
  26      06
  27 0023 F60E7588 		.ascii	"\366\016u\210\0207\003\003\343\004?\006\000\200 \005"
  27      10370303 
  27      E3043F06 
  27      00802005 
  28 0033 47       		.ascii	"G"
  29              		.text
  30              		.section	.gnu.lto_.pureconst.cfc14d89,"",%progbits
  31 0000 789C6366 		.ascii	"x\234cf```e\200\000&\006+&+\000\001{\000\201"
  31      60606065 
  31      80002606 
  31      2B262B00 
  31      017B0081 
  32              		.text
  33              		.section	.gnu.lto_chRegFirstThread.cfc14d89,"",%progbits
ARM GAS  C:\Users\akudo\AppData\Local\Temp\ccoaJxsm.s 			page 2


  34 0000 789C8D53 		.ascii	"x\234\215S[OSY\024\336\337>\247\245\334\"\361\301\007"
  34      5B4F5359 
  34      14DEDF3E 
  34      A7A5DC22 
  34      F1C107
  35 0013 5E68428C 		.ascii	"^hB\214&c=\222\030M4\216\231\220\230\370\300\013\374"
  35      26633D92 
  35      184D348E 
  35      999098F8 
  35      C00BFC
  36 0026 00A3B519 		.ascii	"\000\243\265\031\232\200%\247\305\310\003\361\264\240"
  36      9A8025A7 
  36      C5C803F1 
  36      B4A0
  37 0034 CEC47124 		.ascii	"\316\304q$\250\021\274\302(\202\242\250x\005/\324\013"
  37      A811BCC2 
  37      2882A2A8 
  37      78052FD4 
  37      0B
  38 0045 82775123 		.ascii	"\202wQ#\361\022\355\030\234K\006\023\021/T\202\270\326"
  38      F112ED18 
  38      9C4B0613 
  38      112F5482 
  38      B8D6
  39 0057 2E28D4DB 		.ascii	".(\324\333\234\244=g\357\265\276\365}k\355ok\342\363"
  39      9CA43D67 
  39      EFB5BEF5 
  39      7D6BED6F 
  39      6BE2F3
  40 006a 279D7EF5 		.ascii	"'\235~\365\272\020\022B@\023\220\0257\204\010:$\300"
  40      BA101242 
  40      40139015 
  40      3784083A 
  40      24C0
  41 007c 1F0262A5 		.ascii	"\037\002b\245\304J\374+\373$Z\232^]O\376GF\245p\012"
  41      C44AFC2B 
  41      FB245A9A 
  41      5E5D4FFE 
  41      4746A570 
  42 0091 5AB65676 		.ascii	"Z\266VvV\331y\011\235\227\335\367\252\272\023\247\324"
  42      56D97909 
  42      9D97DDF7 
  42      AABA13A7 
  42      D4
  43 00a2 5956E845 		.ascii	"YV\350EsWA\365\306\032\212H\321/\005\352\221\216\006"
  43      735741F5 
  43      C61A8A48 
  43      D12F05EA 
  43      918E06
  44 00b5 3011F662 		.ascii	"0\021\366b\012\347\006\303\353\356\246j3\301\337e'\203"
  44      0AE706C3 
  44      EBEEA66A 
  44      33C1DF65 
  44      2783
  45 00c7 6D2999B5 		.ascii	"m)\231\265\204\213\374V\327\221buZ\345\221\341\341\014"
  45      848BFC56 
  45      D7916275 
ARM GAS  C:\Users\akudo\AppData\Local\Temp\ccoaJxsm.s 			page 3


  45      5AE591E1 
  45      E10C
  46 00d9 02631FB4 		.ascii	"\002c\037\264\361x~\010\322W>\324\235l/\267,+\015\215"
  46      F1787E08 
  46      D2573ED4 
  46      9D6C2FB7 
  46      2C2B0D8D 
  47 00ed C86412AA 		.ascii	"\310d\022\252\275\037v\356\201w\016N\014[\303\303\375"
  47      BD1F76EE 
  47      81770E4E 
  47      0C5BC3C3 
  47      FD
  48 00fe ED7FFC3A 		.ascii	"\355\177\374:w\257tPW\264\247\213\250\324l\374'D\017"
  48      77AF7450 
  48      57B4A78B 
  48      A8D46CFC 
  48      27440F
  49 0111 01B8BD67 		.ascii	"\001\270\275g\244\220\336\332=\204\322\270p\177\243"
  49      A490DEDA 
  49      3D84D2B8 
  49      707FA3
  50 0120 B551D366 		.ascii	"\265Q\323f+]\377\335\255\255KR\272^\014\035\3321\251"
  50      2B5DFFDD 
  50      ADAD4B52 
  50      BA5E0C1D 
  50      DA31A9
  51 0133 DAAA0955 		.ascii	"\332\252\011UP\321\371\210J\035\007\276\244\014M\310"
  51      50D1F988 
  51      4A1D07BE 
  51      A40C4DC8 
  52 0143 24E09FEB 		.ascii	"$\340\237\353^\037\001\317Ew\012\034\244\350C\204\236"
  52      5E1F01CF 
  52      45770A1C 
  52      A4E84384 
  52      9E
  53 0154 F6ADF9AB 		.ascii	"\366\255\371\253\312>Nz\344\342.(\321\375\022\343\233"
  53      CA3E4E7A 
  53      E4E22E28 
  53      D1FD12E3 
  53      9B
  54 0165 8A3C5AFB 		.ascii	"\212<Z\373\330&p\210C2.\364\256v\036\323\010\034\346"
  54      D8267088 
  54      43322EF4 
  54      AE761ED3 
  54      081CE6
  55 0178 A816370D 		.ascii	"\250\0267\015\201f\330I\310\021\036\005\304\337\240"
  55      8166D849 
  55      C8111E05 
  55      C4DFA0
  56 0187 F093DE81 		.ascii	"\360\223\336\201\015Z\306\000\266[U\316\250\2641b\323"
  56      0D5AC600 
  56      B65B55CE 
  56      A8B43162 
  56      D3
  57 0198 C3C16092 		.ascii	"\303\301`\222N3\300Qd\250\211nY\265\271:\205vp\014\272"
  57      4E33C051 
  57      64A8896E 
ARM GAS  C:\Users\akudo\AppData\Local\Temp\ccoaJxsm.s 			page 4


  57      59B5B93A 
  57      8576700C 
  58 01ad D22C701C 		.ascii	"\322,p\034:\005\256\254\251y\243g\014\216\240\355\234"
  58      3A05AEAC 
  58      A979A367 
  58      0C8EA0ED 
  58      9C
  59 01be 7BABF752 		.ascii	"{\253\367Rk\242B\237`4N\322\371?@\350xK\264!\205\373"
  59      6BA2429F 
  59      60344ED2 
  59      F93F40E8 
  59      784BB421 
  60 01d4 792B35CA 		.ascii	"y+5\312\332q\347\367&Y:h\375b9\2422aH\306N\356I\317"
  60      DA71E7F7 
  60      26593A68 
  60      FD6239A2 
  60      326148C6 
  61 01ec CD2E07CF 		.ascii	"\315.\007\317&A-\033\202\345\333\260\035[\203\026g9"
  61      26412D1B 
  61      82E5DBB0 
  61      1D5B8316 
  61      6739
  62 01fe D08252B4 		.ascii	"\320\202R\2642;\305\336\357_\337lw5R[\341\364\250L\304"
  62      323BC5DE 
  62      EF5FDF6C 
  62      7735525B 
  62      E1F4A84C 
  63 0213 294A7C29 		.ascii	")J|)G\034p\246\355\366{=\026\234\312N9\015\327Kv\260"
  63      471C70A6 
  63      EDF67B3D 
  63      169CCA4E 
  63      390DD74B 
  64 0229 C019B804 		.ascii	"\300\031\270\004\035\247\225\252\374@\347Nr\224\274"
  64      1DA795AA 
  64      FC40E74E 
  64      7294BC
  65 0238 BE6BB931 		.ascii	"\276k\2711u\372X\035R\225;6\260\363y*\351\240\263M\242"
  65      75FA581D 
  65      52953B36 
  65      B0F3792A 
  65      E9A0B34D 
  66 024d 7C9C1DD1 		.ascii	"|\234\035\321\260\355\325\206\373\023\\?De2\332\024"
  66      B0EDD586 
  66      FB135C3F 
  66      446532DA 
  66      14
  67 025e BD325A98 		.ascii	"\2752Z\230(\036\240\254ru/b\025m\261\242][\366\224M"
  67      281EA0AC 
  67      72752F62 
  67      156DB1A2 
  67      5D5BF694 
  68 0273 E0A2C934 		.ascii	"\340\242\3114\374sT\202h+U\312\030\012j5l\373:\315\371"
  68      FC735482 
  68      682B55CA 
  68      180A6A35 
  68      6CFB3ACD 
  69 0288 4F3417E0 		.ascii	"O4\027\340\242\322b\324\233c\375X\261\363\177\371\361"
ARM GAS  C:\Users\akudo\AppData\Local\Temp\ccoaJxsm.s 			page 5


  69      A2D262D4 
  69      9B63FD58 
  69      B1F37FF9 
  69      F1
  70 0299 A2F2E3C7 		.ascii	"\242\362\343\307^\351\226\243\375\353~\354\3313\352"
  70      5EE996A3 
  70      FDEB7EEC 
  70      D933EA
  71 02a8 47FD335B 		.ascii	"G\3753[]b[\305\231\364\352k2i\007\347\333\342Mz\340"
  71      5D625BC5 
  71      99F4EA6B 
  71      326907E7 
  71      DBE24D7A 
  72 02bd 47E616E8 		.ascii	"G\346\026\350\374\262I/+\223^\031c\322\335\317#\255"
  72      FCB2492F 
  72      2B935E19 
  72      63D2DDCF 
  72      23AD
  73 02cf F651FFB5 		.ascii	"\366Q\377\265+\377]U\376\2137\33352\333c\004#\273\353"
  73      2BFF5D55 
  73      FE8B37DB 
  73      3532DB63 
  73      0423BBEB 
  74 02e3 47664FB7 		.ascii	"GfO\267\231\2563\370\032SVV\366\034#;\337\273\304\233"
  74      99AE33F8 
  74      1A535656 
  74      F61C233B 
  74      DFBBC49B 
  75 02f7 17285EEA 		.ascii	"\027(^\352\365\031n\376\366\371\263fe\031>\277a\006"
  75      F5196EFE 
  75      F6F9B366 
  75      65193EBF 
  75      6106
  76 0309 0CBFE9A6 		.ascii	"\014\277\351\246M\323\363\263\327\0370K\246\273\205"
  76      4DD3F3B3 
  76      D71F304B 
  76      A6BB85
  77 0318 0C14D996 		.ascii	"\014\024\331\226/.(\366\314\371\036\264\310g\006\374"
  77      2F2E28F6 
  77      CCF91EB4 
  77      C86706FC 
  78 0328 C64FB939 		.ascii	"\306O\2719\3319+(\352\366\231\236E\313g\027N\317\027"
  78      D9392B28 
  78      EAF6999E 
  78      45CB6717 
  78      4ECF17
  79 033b F3BE09F5 		.ascii	"\363\276\011\365\254\010\030\3319y\013\363\014\3572"
  79      AC0818D9 
  79      39790BF3 
  79      0CEF32
  80 034a 7741F152 		.ascii	"wA\361R\217\241\240\356\302\005\305\313\334\204\236"
  80      8FA1A0EE 
  80      C205C5CB 
  80      DC849E
  81 0359 F13DE28F 		.ascii	"\361=\342\217\260|\177\211\237\000i9y\271\316%\213\375"
  81      B07C7F89 
  81      9F006939 
ARM GAS  C:\Users\akudo\AppData\Local\Temp\ccoaJxsm.s 			page 6


  81      79B9CE25 
  81      8BFD
  82 036b 9E22D33B 		.ascii	"\236\"\323;\3159y\206\220\246H(\364\024\372\314\022"
  82      CD397986 
  82      90A64828 
  82      F414FACC 
  82      12
  83 037c F101FCA7 		.ascii	"\361\001\374\247\366\364"
  83      F6F4
  84              		.text
  85              		.section	.gnu.lto_chRegNextThread.cfc14d89,"",%progbits
  86 0000 789C8D54 		.ascii	"x\234\215T\355OSg\024?\347\271\267\267\005\212\220}"
  86      ED4F5367 
  86      143FE7B9 
  86      B7B7058A 
  86      907D
  87 0012 326E094D 		.ascii	"2n\011M\010\341\303\206\225\304\314\004c\266\205d\311"
  87      08E1C386 
  87      95C4CC04 
  87      63B68564 
  87      C9
  88 0023 3EF045FE 		.ascii	">\360E\376\200EK3\232\000%m1\362\201x\373\242n1lKa\033"
  88      80454B33 
  88      9A00256D 
  88      31F28178 
  88      FBA26E31 
  89 003b 38D93403 		.ascii	"8\3314\003u\303\301\204\211\003\331\3546\206\370\202"
  89      75C3C184 
  89      8903D9EC 
  89      3686F882 
  90 004b 42C6A82F 		.ascii	"B\306\250/\233v\013\02060Q\213\303\033d\3359OE\240\350"
  90      9B760B10 
  90      3630518B 
  90      C31B64DD 
  90      394F45A0 
  91 0060 DC4DDAFB 		.ascii	"\334M\332\373<\317y~\347\345w~\347*\260\366\331L\277"
  91      3CCF797E 
  91      E7E5777E 
  91      E72AB0F6 
  91      D94CBF
  92 0073 66138086 		.ascii	"f\023\200\206\000h\002\024\357_\006\360[\204P#\010z"
  92      00680214 
  92      EF5F06F0 
  92      5B845023 
  92      087A
  93 0085 BA327209 		.ascii	"\2722r\011@\267*\250&\317UD^\000\302\036\241\250\270"
  93      40B72AA8 
  93      26CF5544 
  93      5E00C21E 
  93      A1A8B8
  94 0098 07FF1477 		.ascii	"\007\377\024w\005\366v\314\015gL\013C\200\015h\333\027"
  94      05F676CC 
  94      0D674C0B 
  94      43800D68 
  94      DB17
  95 00aa 1E6AD278 		.ascii	"\036j\322x\213*o\243\343M\321\264\3746]\017\334\351"
  95      8B2A6FA3 
ARM GAS  C:\Users\akudo\AppData\Local\Temp\ccoaJxsm.s 			page 7


  95      E34DD1B4 
  95      FC365D0F 
  95      DCE9
  96 00bc 8A563437 		.ascii	"\212V47\036&\213\200\270\000<\206\033\3608n`\177\237"
  96      1E268B80 
  96      B8003C86 
  96      1BF0386E 
  96      607F9F
  97 00cf 633E5DF5 		.ascii	"c>]\365G\352\3072\225\315\310\260\201\316q\303\222\367"
  97      47EAC732 
  97      95CDC8B0 
  97      81CE71C3 
  97      92F7
  98 00e1 19C122C3 		.ascii	"\031\301\"\303]\372\253*\201\360\013TV\342\330\017\266"
  98      5DFAAB2A 
  98      81F00B54 
  98      56E2D80F 
  98      B6
  99 00f2 631E5FEF 		.ascii	"c\036_\357\216,\314\250\312\026\011=;\375W\2435\367"
  99      8E2CCCA8 
  99      CA16093D 
  99      3BFD57A3 
  99      35F7
 100 0104 084163FD 		.ascii	"\010Ac\375m\347\254\372\220\036\212%\0229\354\341\304"
 100      6DE7ACFA 
 100      901E8A25 
 100      1239ECE1 
 100      C4
 101 0115 6A0FC987 		.ascii	"j\017\311\207 wC\213\321\014-\244\353z6~\211\271\213"
 101      2077438B 
 101      D10C2DA4 
 101      EB7A367E 
 101      89B98B
 102 0128 0238434A 		.ascii	"\0028CJ\254\003%5|\330\371\\DO$\342\277\205\017\344"
 102      AC032535 
 102      7CD8F95C 
 102      444F24E2 
 102      BF850FE4 
 103 013c 77082B02 		.ascii	"w\010+\002\237\231\220\023\320\344\332L\011)\026\376"
 103      9F999013 
 103      D0E4DA4C 
 103      092916FE 
 104 014c 03982030 		.ascii	"\003\230 035I)\322[\031\307@6\307\211\267\353\215\212"
 104      33354929 
 104      D25B19C7 
 104      4036C789 
 104      B7EB8D8A 
 105 0160 B255A639 		.ascii	"\262U\24693v\244-]\246y\347\235\340\224#\034\324[i\231"
 105      3376A42D 
 105      5DA679E7 
 105      9DE09423 
 105      1CD45B69 
 106 0175 78851255 		.ascii	"x\205\022U\261\363I\211\342W\230K\300\337\353\357w#"
 106      B1F34989 
 106      E257984B 
 106      C0DFEBEF 
 106      7723
ARM GAS  C:\Users\akudo\AppData\Local\Temp\ccoaJxsm.s 			page 8


 107 0187 13ACDA00 		.ascii	"\023\254\332\000O\222\365\006\006\3760\366O5i\253*\211"
 107      4F92F506 
 107      06FE30F6 
 107      4F3569AB 
 107      2A89
 108 0199 0D74A22C 		.ascii	"\015t\242, .pu\215\261\271\0037\251\331]l\022)\246\360"
 108      202E7075 
 108      8DB1B903 
 108      37A9D95D 
 108      6C1229A6 
 109 01ae BE3133C7 		.ascii	"\27613\307\001\354f\263\222\302\016\340\327\250Q&\247"
 109      01EC66B3 
 109      92C20EE0 
 109      D7A85126 
 109      A7
 110 01bf 98178419 		.ascii	"\230\027\204\031$\363\255\331\007\015J\316Cl\321\233"
 110      24F3ADD9 
 110      070D4ACE 
 110      436CD19B 
 111 01cf 6C863031 		.ascii	"l\20601\342\203\033\013\376t\225H\300\036\314\221\014"
 111      E2831B0B 
 111      FE749548 
 111      C01ECC91 
 111      0C
 112 01e0 1FDCFB51 		.ascii	"\037\334\373Q\263\225N\3604\2522i\300oP%\303\205\375"
 112      B3954EF0 
 112      34AA3269 
 112      C06F5025 
 112      C385FD
 113 01f3 87FF5673 		.ascii	"\207\377Vs\022\217\320\032\337\035\231\035\354K\223"
 113      128FD01A 
 113      DF1D991D 
 113      EC4B93
 114 0202 E85E4663 		.ascii	"\350^Fc\037)\351:\006zz\215\366u\\\320\274\340JoM\\"
 114      1F29E93A 
 114      067A7A8D 
 114      F6755CD0 
 114      BCE04A6F 
 115 0218 19B54C4B 		.ascii	"\031\265LK51\350\324\203Oog\266\340\307~]\217<o\010"
 115      3531E8D4 
 115      834F6F67 
 115      B6E0C77E 
 115      5D8F3C6F 
 116 022d F3BC30E1 		.ascii	"\363\2740\341\031\216C\266Cs\015\327\262\012^d\005\364"
 116      198E43B6 
 116      43730DD7 
 116      B20A5E64 
 116      05F4
 117 023f 630BDE13 		.ascii	"c\013\336\023\222\315o\261\000\2501z\226\3542u\220\374"
 117      92CD6FB1 
 117      00A8317A 
 117      96EC3275 
 117      90FC
 118 0251 C22F18BA 		.ascii	"\302/\030\272\032<\366\241\266\034\347\223\237\337\355"
 118      1A3CF6A1 
 118      B61CE793 
 118      9FDFED
ARM GAS  C:\Users\akudo\AppData\Local\Temp\ccoaJxsm.s 			page 9


 119 0260 10750BFA 		.ascii	"\020u\013\372\333\272\305\020\226E\"\023VF\267\310\355"
 119      DBBAC510 
 119      96452213 
 119      5646B7C8 
 119      ED
 120 0271 717FE810 		.ascii	"q\177\350\020&\243\323\2554\374\016\353\360\354\243"
 120      26A3D3AD 
 120      34FC0EEB 
 120      F0ECA3
 121 0280 E8FF9C78 		.ascii	"\350\377\234x\257K+h'\372\"\333\014\221\216\021\231"
 121      AF4B2B68 
 121      27FA22DB 
 121      0C918E11 
 121      99
 122 0291 02269557 		.ascii	"\002&\225W\277p\264A\223\336#E\206\310\300\357))\300"
 122      BF70B441 
 122      93DE2345 
 122      86C8C0EF 
 122      2929C0
 123 02a4 1FB04E76 		.ascii	"\037\260Nv|\222\032@3\250p\365'g\003J2+\363\212rQ\226"
 123      7C921A40 
 123      33A870F5 
 123      2767034A 
 123      322BF38A 
 124 02bb AAAD2DD5 		.ascii	"\252\255-\325\212?\3128R\306\003\344\365:\006\303\373"
 124      8A3FCA38 
 124      52C603E4 
 124      F53A06C3 
 124      FB
 125 02cc 0644D285 		.ascii	"\006D\322\205%\351e\364\340\321`\026W\301z\376\211\\"
 125      25E965F4 
 125      E0D16016 
 125      57C17AFE 
 125      895C
 126 02de 50A030F2 		.ascii	"P\2400\362\225\024F\327?=\314\340r\230sX0\317\204P\336"
 126      951446D7 
 126      3F3DCCE0 
 126      72987358 
 126      30CF8450 
 127 02f3 EAB2EE93 		.ascii	"\352\262\356\223\324\",\015\301*\341\337\373_\302\037"
 127      D4222C0D 
 127      C12AE1DF 
 127      FB5FC21F 
 128 0303 92C27FCC 		.ascii	"\222\302\177\314\271JG\347\237.\374\211\236%\341\253"
 128      B94A47E7 
 128      9F2EFC89 
 128      9E25E1AB 
 129 0313 6BE47B81 		.ascii	"k\344{\201\345\2332\015\027\357\3234\\\344\373\246\324"
 129      E59B320D 
 129      17EFD334 
 129      5CE4FBA6 
 129      D4
 130 0324 69189C34 		.ascii	"i\030\2344sp\300KO\236\206a9\015\227WLC\353\355X\237"
 130      7370C04B 
 130      4F9E8661 
 130      390D9757 
 130      4C43EBED 
ARM GAS  C:\Users\akudo\AppData\Local\Temp\ccoaJxsm.s 			page 10


 131 033a B624F4F3 		.ascii	"\266$\364\363R\350W\244\320SU=B\252\376\025C\261\326"
 131      52E857A4 
 131      D053553D 
 131      42AAFE15 
 131      43B1D6
 132 034d D3927048 		.ascii	"\323\222pH\225Zf\\\260\357Q\222\002i\331\020\353\340"
 132      955A665C 
 132      B0EF5192 
 132      0269D910 
 132      EBE0
 133 035f 267D2147 		.ascii	"&}!G2\222\015$\371L!r?D\377\2652j\215\3620\372\002}"
 133      32920D24 
 133      F94C2172 
 133      3F44FFB5 
 133      326A8DF2 
 134 0377 779079A7 		.ascii	"w\220y\247 \205\305E\366\342r\327NW\251\257\246\314"
 134      2085C545 
 134      F6E272D7 
 134      4E57A9AF 
 134      A6CC
 135 0389 E5B63B78 		.ascii	"\345\266;x\355\366\026\276\\hw{\355\036\237\335\353"
 135      EDF616BE 
 135      5C68777B 
 135      ED1E9FDD 
 135      EB
 136 039a 71D0A1C7 		.ascii	"q\320\241\307\371\226\313\353\363\324nt\200\360U+U\276"
 136      F996CBEB 
 136      F3D46E74 
 136      80F0552B 
 136      55BE
 137 03ac 6AD3AE1D 		.ascii	"j\323\256\035\0255\316\242g\301\253\335\036\237\327"
 137      1535CEA2 
 137      67C1ABDD 
 137      1E9FD7
 138 03bb FEDAF692 		.ascii	"\376\332\366\222\342\222\335du\270=\3167wm\251\334X"
 138      E292DD64 
 138      75B83DCE 
 138      37776DA9 
 138      DC58
 139 03cd 0EDBFE13 		.ascii	"\016\333\376\023\352\334\355\263\027\227\224\276Qjw"
 139      EADCEDB3 
 139      179794BE 
 139      516A77
 140 03dc 55392A6A 		.ascii	"U9*j\312\234v\011uT\276^S\345 \364\246g\005~\014+\367"
 140      CA9C7609 
 140      7554BE5E 
 140      53E520F4 
 140      A667057E 
 141 03f3 D67A0990 		.ascii	"\326z\011\220]R\272\335\266s\207\327Y\355q\275d\313"
 141      5D52BADD 
 141      B67387D7 
 141      59ED71BD 
 141      64CB
 142 0405 DB04C203 		.ascii	"\333\004\302\003\346Jg\245\333S\013\377\002\010\376"
 142      E64A67A5 
 142      DB530BFF 
 142      0208FE
ARM GAS  C:\Users\akudo\AppData\Local\Temp\ccoaJxsm.s 			page 11


 143 0414 4E43     		.ascii	"NC"
 144              		.text
 145              		.section	.gnu.lto_.symbol_nodes.cfc14d89,"",%progbits
 146 0000 789C55C9 		.ascii	"x\234U\311\253\015\200@\024\005\321\271o!YI\007\024"
 146      AB0D8040 
 146      1405D1B9 
 146      6F215949 
 146      0714
 147 0012 4451771D 		.ascii	"DQw\035\226\012\010$\324C%\030>A#\3000\362L\002:\276"
 147      960A0824 
 147      D4432518 
 147      3E4123C0 
 147      30F24C02 
 148 0028 E2906158 		.ascii	"\342\220aX\301f\2342\365%\032\023\247\254\237\357\322"
 148      C1669C32 
 148      F5251A13 
 148      A7AC9FEF 
 148      D2
 149 0039 1C46B71C 		.ascii	"\034F\267\034\357\240\224L\212\212\245\337Z\036-\267"
 149      EFA0944C 
 149      8A8AA5DF 
 149      5A1E2DB7 
 150 0049 14BD     		.ascii	"\024\275"
 151              		.text
 152              		.section	.gnu.lto_.refs.cfc14d89,"",%progbits
 153 0000 789C6366 		.ascii	"x\234cf``\340f\200\000F bfdbbde\000\000\001z\000\037"
 153      6060E066 
 153      80004620 
 153      62666462 
 153      62646500 
 154              		.text
 155              		.section	.gnu.lto_.decls.cfc14d89,"",%progbits
 156 0000 789CB53B 		.ascii	"x\234\265;\013TT\311\225]\257\272i\272i\232\3118!s<"
 156      0B5454C9 
 156      955DAFBA 
 156      69BA699A 
 156      C9382173 
 157 0015 930CCB64 		.ascii	"\223\014\313d\331$;\243\343d\306d\262\311\231\331\230"
 157      D9243BA3 
 157      E364C664 
 157      B2C999D9 
 157      98
 158 0026 4C36C966 		.ascii	"L6\311ffvf\262g\317\216{:\014\264\312\016\2774\355\250"
 158      667666B2 
 158      67CF8E7B 
 158      3A0CB4CA 
 158      0EBF34ED 
 159 003b 397BCE3E 		.ascii	"9{\316>\371(\037\005\344\243|D\032\001\005\371\212\212"
 159      F9281F05 
 159      E4A37C44 
 159      1A0105F9 
 159      8A8A
 160 004d 2020E007 		.ascii	"  \340\007E\024Q\344/\322\202\312\307\037(\016(\002"
 160      451451E4 
 160      2FD282CA 
 160      C71F280E 
 160      2802
ARM GAS  C:\Users\akudo\AppData\Local\Temp\ccoaJxsm.s 			page 12


 161 005f 7BABEA75 		.ascii	"{\253\352u\277\327\355C\235=I\237syu_\335\272\367\326"
 161      BFD7ED43 
 161      9D3D499F 
 161      7379755F 
 161      DDBAF7D6 
 162 0073 AD5BB76E 		.ascii	"\255[\267nU=\260B\241\3709R(\346\341\027\270\\\241\350"
 162      553DB042 
 162      A1F83952 
 162      28E6E117 
 162      B85CA1E8 
 163 0087 72552830 		.ascii	"rU(0\274\373X!\376\010n\006\232\365\000\377\003\300"
 163      BCFB5821 
 163      FE086E06 
 163      9AF500FF 
 163      03C0
 164 0099 017E0F9E 		.ascii	"\001~\017\236\277\342\024\016?B\243\203\247^\301\236"
 164      BFE2140E 
 164      3F42A383 
 164      A75EC19E 
 165 00a9 1F02EE09 		.ascii	"\037\002\356\011\317\303\000\037\000\355\357\000~\017"
 165      CFC3001F 
 165      00EDEF00 
 165      7E0F
 166 00b7 7017DEA7 		.ascii	"p\027\336\247\000\274\0070+\360\277\015\345\255\000"
 166      00BC0730 
 166      2BF0BF0D 
 166      E5AD00
 167 00c6 AB005C04 		.ascii	"\253\000\\\004^\037\002\355\307\000\377\016\360\037"
 167      5E1F02ED 
 167      C700FF0E 
 167      F01F
 168 00d4 00FF0980 		.ascii	"\000\377\011\200\004\331\322\037\321\313\343\031r\211"
 168      04D9D21F 
 168      D1CBE319 
 168      7289
 169 00e2 2CA9ECCF 		.ascii	",\251\354\3179&{%<\377\202\230\016\177DL\017\242\203"
 169      39267B25 
 169      3CFF8298 
 169      0E7F444C 
 169      0FA283
 170 00f5 5AE02BA7 		.ascii	"Z\340+\247\203\315\006~\334\223\272Lp(\277a*\216\033"
 170      83CD067E 
 170      DC93BA4C 
 170      7028BF61 
 170      2A8E1B
 171 0108 E1905E6B 		.ascii	"\341\220^kQ\022|_U\354\214+\340:\355\257\010ZXQr\207"
 171      51127C5F 
 171      55EC8C2B 
 171      E03AEDAF 
 171      085A5851 
 172 011e C31C22E5 		.ascii	"\303\034\"\345\334\264\253\227\264\257\357\343y>\232"
 172      DCB4AB97 
 172      B4AFEFE3 
 172      793E9A
 173 012d 6FE84622 		.ascii	"o\350F\"\217\241\354\226\033\036\370EJ\224:\\rO\203"
 173      8FA1EC96 
 173      1B1EF845 
ARM GAS  C:\Users\akudo\AppData\Local\Temp\ccoaJxsm.s 			page 13


 173      4A943A5C 
 173      724F83
 174 0140 5FA1E5EA 		.ascii	"_\241\345\352\322\311sn\224\267\027A\217$\235Ns\241"
 174      D2C9736E 
 174      94B71741 
 174      8F249D4E 
 174      73A1
 175 0152 ACA9A49E 		.ascii	"\254\251\244\236\370\373\211\256\3705J\331\231p\363"
 175      F8FB89AE 
 175      F8354AD9 
 175      9970F3
 176 0161 920EFF88 		.ascii	"\222\016\377\210\226\353\217N7i\361[\264\274%\332\332"
 176      96EB8F4E 
 176      3769F15B 
 176      B4BC25DA 
 176      DA
 177 0172 ACC5FF44 		.ascii	"\254\305\377D\313\033\367\324lQC\363\277\323R\241\003"
 177      CB1BF7D4 
 177      6C5143F3 
 177      BFD352A1 
 177      03
 178 0183 990FF334 		.ascii	"\231\017\3634\024%\336\340\001\257\270\3237\370\\=\362"
 178      1425DEE0 
 178      01AFB8D3 
 178      37F85C3D 
 178      F2
 179 0194 D1E6818A 		.ascii	"\321\346\201\212\343\361\271\203\377\022\301\277\217"
 179      E3F1B983 
 179      FF12C1BF 
 179      8F
 180 01a1 2A911655 		.ascii	"*\221\026U \214\366\241\327A[\332\232\374\242y>\234"
 180      208CF6A1 
 180      D7415BDA 
 180      9AFCA279 
 180      3E9C
 181 01b3 4F8CE035 		.ascii	"O\214\3405\247\365\012T\202\026\243R\264X\201\016!\037"
 181      A7F50A54 
 181      8216A352 
 181      B458810E 
 181      211F
 182 01c5 A0A0B4E8 		.ascii	"\240\240\264\350\000\274<\010/\201\361\311\307G#UH\353"
 182      00BC3C08 
 182      2F81F1C9 
 182      C7472355 
 182      48EB
 183 01d7 23DFA84A 		.ascii	"#\337\250J\246\021U\241?*\311\223\347\225\3500\250\260"
 183      A61155A1 
 183      3F2AC993 
 183      E795E830 
 183      A8B0
 184 01e9 5F540134 		.ascii	"_T\0014\262\231\216\313\033\015/R\331TN\217\031\\CT"
 184      B2998ECB 
 184      1B0D2F52 
 184      D9544E8F 
 184      195C4354 
 185 01fd 3E02F4E5 		.ascii	">\002\364\345\"\375a\364T\235\253euF\331'\036\344\270"
 185      22FD61F4 
ARM GAS  C:\Users\akudo\AppData\Local\Temp\ccoaJxsm.s 			page 14


 185      549DAB65 
 185      7546D927 
 185      1EE4B8
 186 0210 E1F36CE8 		.ascii	"\341\363l\350\362R\267\027\253\250\351]\011\332~m\374"
 186      F252B717 
 186      ABA8E95D 
 186      09DA7E6D 
 186      FC
 187 0221 962BEE64 		.ascii	"\226+\356duM\347.\\C\314\0038\202\347\014\235iq\243"
 187      754DE72E 
 187      5C43CC03 
 187      3882E70C 
 187      9D6971A3 
 188 0235 B4DF2768 		.ascii	"\264\337'h\342\336\206&7|\205\321^\274W\315\253\361"
 188      E2DE8626 
 188      377C85D1 
 188      5EBC57CD 
 188      ABF1
 189 0247 1845B8AD 		.ascii	"\030E\270\255\027\006\346\224\310GGu\277Yt\177\375F"
 189      1706E694 
 189      C8474775 
 189      BF59747F 
 189      FD46
 190 0259 D0FD38D2 		.ascii	"\320\3758\322\241FQ\367\217tL\365XQu\364\261\247\250"
 190      A14651F7 
 190      8F744CF5 
 190      585175F4 
 190      B1A7A8
 191 026c FC3150FE 		.ascii	"\3741P\376#\235@\015\002\276\346\233b=\360>L\245\305"
 191      239D400D 
 191      02BEE69B 
 191      623DF03E 
 191      4CA5C5
 192 027f DE8F6CD4 		.ascii	"\336\217l\324\341\022\206\334\255k\316\362\300\345\014"
 192      E11286DC 
 192      AD6BCEF2 
 192      C0E50C
 193 028e 199918E9 		.ascii	"\031\231\030\351\324\343\003\014I\036k\030\324\343J"
 193      D4E3030C 
 193      491E6B18 
 193      D4E34A
 194 029d 86B40C4E 		.ascii	"\206\264\014N\337\327Q\355_ \350\356\372\241\010\035"
 194      DFD751ED 
 194      5F20E8EE 
 194      FAA1081D 
 195 02ad AE66757D 		.ascii	"\256fu}\211\233\0124\270\226!\351Sg\233<(\341\313\004"
 195      899B0A34 
 195      B89621E9 
 195      53679B3C 
 195      28E1CB04 
 196 02c1 2DCE49AF 		.ascii	"-\316I\257\324\340\006Vw\247\271x\220\303'\260\203\027"
 196      D4E00656 
 196      77A7B978 
 196      90C327B0 
 196      8317
 197 02d3 EBA817BB 		.ascii	"\353\250\027\273M\026\326\344\350\2207\373-\362\366"
 197      4D16D6E4 
ARM GAS  C:\Users\akudo\AppData\Local\Temp\ccoaJxsm.s 			page 15


 197      E89037FB 
 197      2DF2F6
 198 02e2 F1B640D7 		.ascii	"\361\266@\327\306\023\312\366\375.)\202\317{\231\032"
 198      C613CAF6 
 198      FD2E2982 
 198      CF7B991A 
 199 02f2 E02418A0 		.ascii	"\340$\030\240\013-\022\273\371\203\305\012:b\320IBn"
 199      0B2D12BB 
 199      F983C50A 
 199      3A62D049 
 199      426E
 200 0304 29297439 		.ascii	"))t9\375&%=\343L\332\214\234hK\355\264-\316\264g)\355"
 200      FD26253D 
 200      E34CDA8C 
 200      9C684BED 
 200      B42DCEB4 
 201 031b 8FECA445 		.ascii	"\217\354\244Ev\322S\316\244\265\316l\367\331i\233\344"
 201      76D253CE 
 201      A4B5CE6C 
 201      F7D9699B 
 201      E4
 202 032c 6945B655 		.ascii	"iE\266Uv\322Vg\322\363N\244\005v\322\023\2626\240\224"
 202      76D25667 
 202      D2F34EA4 
 202      0576D213 
 202      B236A094 
 203 0340 DBC061F8 		.ascii	"\333\300a\370D\236\177\337\254@G\241\272\236T7\010\364"
 203      449E7FDF 
 203      AC4047A1 
 203      BA9E5437 
 203      08F4
 204 0352 E00AA807 		.ascii	"\340\012\250\007\274\242\023y\2436\200K\000\355\000"
 204      BCA21379 
 204      A336804B 
 204      00ED00
 205 0361 BD001700 		.ascii	"\275\000\027\000.\002t\003t o\352YTl\231]\3549y\033"
 205      2E027403 
 205      74206FEA 
 205      59546C99 
 205      5DEC3979 
 206 0376 B18E134F 		.ascii	"\261\216\023O\265\316nv\341\021\241Q\010n'\374\010#"
 206      B5CE6E76 
 206      E111A151 
 206      086E27FC 
 206      0823
 207 0388 6B71E119 		.ascii	"kq\341\031\035/\260:-?4\264\013\340\027\303Q\321y*\235"
 207      1D2FB03A 
 207      2D3F34B4 
 207      0BE017C3 
 207      51D1792A 
 208 039d D4B1A5C4 		.ascii	"\324\261\245\304\012\324\207tB|\034\335\034\365;\034"
 208      0AD48774 
 208      427C1CDD 
 208      1CF53B1C 
 209 03ad AE24DE84 		.ascii	"\256$\336\204\033\343\266\255C\3406\314\006\021\324"
 209      1BE3B6AD 
 209      43E036CC 
ARM GAS  C:\Users\akudo\AppData\Local\Temp\ccoaJxsm.s 			page 16


 209      0611D4
 210 03bc 06760175 		.ascii	"\006v\001u \261_\260\301\000\330\340\212\244\217\343"
 210      20B15FB0 
 210      C100D8E0 
 210      8AA48FE3 
 211 03cc 375BF66C 		.ascii	"7[\366l`.\006\234\321e\201T\306\274\264\227\351Q\244"
 211      602E069C 
 211      D1658154 
 211      C6BCB497 
 211      E951A4
 212 03df 97FD4FF4 		.ascii	"\227\375O\364\022\324y\234:\264\311\025o\242\372\240"
 212      12D4799C 
 212      3AB4C915 
 212      6FA2FAA0 
 213 03ef 81CA93F7 		.ascii	"\201\312\223\3675x\013C2\312\247\247\2648\205!\247\213"
 213      35780B43 
 213      32CAA7A7 
 213      B4388521 
 213      A78B
 214 0401 B2FE8477 		.ascii	"\262\376\204w\322\262rhgy\245\007\362Y\274\230\006\252"
 214      D2B27268 
 214      6779A507 
 214      F259BC98 
 214      06AA
 215 0413 6898E7C3 		.ascii	"h\230\347\303\020\243\206\020\226,&i\360~\372=R\001"
 215      10A38610 
 215      962C2669 
 215      F07EFA3D 
 215      5201
 216 0425 4557FAA4 		.ascii	"EW\372\244\001k<\211\307/+\320\353\213\321\017A\315"
 216      016B3C89 
 216      C72F2BD0 
 216      EB8BD10F 
 216      41CD
 217 0437 6BD02D52 		.ascii	"k\320-R\245@7@\363\353,V\015&O\304\250\264\002u\364"
 217      A5403740 
 217      F3EB2C56 
 217      0D264FC4 
 217      A8B40275 
 218 044c B3A8D362 		.ascii	"\263\250\323b\323\242u\016\206\037\001eD\303\217\332"
 218      D3A2750E 
 218      861F0165 
 218      44C38FDA 
 219 045c 0DDF31B4 		.ascii	"\015\3371\264\015bQ\016\353\317\343\331\310\035\036"
 219      0D62510E 
 219      EBCFE3D9 
 219      C81D1E
 220 046b B880213B 		.ascii	"\270\200!;.t\037V\342\375\014\211\355+<\253\306\325"
 220      2E741F56 
 220      E2FD0C89 
 220      ED2B3CAB 
 220      C6D5
 221 047d 4A8765C6 		.ascii	"J\207e\306\223-3\361-\031\215\230\242\3634\350%\015"
 221      932D33F1 
 221      2D198D98 
 221      A2F334E8 
 221      250D
ARM GAS  C:\Users\akudo\AppData\Local\Temp\ccoaJxsm.s 			page 17


 222 048f 4DE623DB 		.ascii	"M\346#\333R\340\330\265\011P\326S\010\304w@\233\273"
 222      52E0D8B5 
 222      0950D653 
 222      08C47740 
 222      9BBB
 223 04a1 B675203E 		.ascii	"\266u >7\341\025\262\016\214\203\232\267\305\330\350"
 223      37E115B2 
 223      0E8C839A 
 223      B7C5D8E8 
 224 04b1 292E03D6 		.ascii	").\003\326\256\374\177\223gz\177!\246\375Q-\337&L\357"
 224      AEFC7F93 
 224      677A7F21 
 224      A6FD512D 
 224      DF264CEF 
 225 04c5 01D35B22 		.ascii	"\001\323[\"\323q\311\342b\315\231Z-\317\365\301B\\\323"
 225      D371C9E2 
 225      62CD995A 
 225      2DCFF5C1 
 225      425CD3
 226 04d8 0B07BE47 		.ascii	"\013\007\276G\270N\002\327\233\"\327{\"W\324[\334u\002"
 226      B84E02D7 
 226      9B22D77B 
 226      2257D45B 
 226      DC7502
 227 04eb E3E3CC5A 		.ascii	"\343\343\314Z\347:\322\242\334q\013E\270\216\331M\213"
 227      E73AD2A2 
 227      DC710B45 
 227      B88ED94D 
 227      8B
 228 04fc E4E53D5C 		.ascii	"\344\345=\\@\236\3451\317\273*\3204H\233\222\2276t\257"
 228      409EE531 
 228      CFBB2AD0 
 228      34489B92 
 228      973674AF 
 229 0510 B74087DB 		.ascii	"\267@\207\333\231\264\202\301\326$w\272T\375\200\240"
 229      99B482C1 
 229      D62477BA 
 229      54FD80A0 
 230 0520 3B374F3E 		.ascii	";7O>R\342>&\374\340\326\201(,/}n!\351sT\372,H\177,/"
 230      52E23E26 
 230      FCE0D681 
 230      282C2F7D 
 230      6E21E973 
 231 053b FDEAD8D1 		.ascii	"\375\352\330\321=J<$L\225\251\201cj*\375M\202\036l\032"
 231      3D4A3C24 
 231      4C95A981 
 231      636A2AFD 
 231      4D821E6C 
 232 0550 38E78EC7 		.ascii	"8\347\216\307X]\315px\217\032\2173dzl\030Fd\232!\245"
 232      585DCD70 
 232      788F1A8F 
 232      33647A6C 
 232      1846649A 
 233 0566 FDC7D741 		.ascii	"\375\307\327A#\027-\231\360\323$WA\377\013\257\233\333"
 233      23172D99 
 233      F0D32457 
 233      41FF0BAF 
ARM GAS  C:\Users\akudo\AppData\Local\Temp\ccoaJxsm.s 			page 18


 233      9BDB
 234 0578 CFB7A9E8 		.ascii	"\317\267\251\350{\362JMz\360\360DU\231\013\353\001\377"
 234      7BF24A4D 
 234      7AF0F044 
 234      55990BEB 
 234      01FF
 235 058a E432BF99 		.ascii	"\3442\277\231\363\001b\326\211Hn1\212\342l\3365\224"
 235      F30162D6 
 235      89486E31 
 235      8AE26CDE 
 235      3594
 236 059c 4DBD6B13 		.ascii	"M\275k\023\247E\021\234\275\033.\242\037\364\034\312"
 236      A745119C 
 236      BD1B2EA2 
 236      1FF41CCA 
 237 05ac 3962CF8B 		.ascii	"9b\317\213\372\257\237\247~\023\003\344\341\"9\264\266"
 237      FAAF9FA7 
 237      7E1303E4 
 237      E12239B4 
 237      B6
 238 05bd 271932D2 		.ascii	"'\0312\322\243e\244\003\347\335\027\207b\221=})d\351"
 238      A365A403 
 238      E7DD1787 
 238      62913D7D 
 238      2964E9
 239 05d0 4B1C70DE 		.ascii	"K\034p\336(r\216y:\347XY\316(\261\253g\316\025\207\253"
 239      28728E79 
 239      3AE75859 
 239      CE28B1AB 
 239      67CE1587 
 240 05e5 A80D2F15 		.ascii	"\250\015/\025\266Y<p\014C\272{Nd\251q\022C\252S\012"
 240      B6593C70 
 240      0C43BA7B 
 240      4E64A971 
 240      1243AA53 
 241 05fa 4EEA703A 		.ascii	"N\352p:C\216\037\250\3715.f\345\362\372\242\030\015"
 241      438E1FA8 
 241      F9352E66 
 241      E5F2FAA2 
 241      180D
 242 060c 1DAC3F11 		.ascii	"\035\254?\021t*j<FK\027q\035\315\022\232\307\256\250"
 242      742A6A3C 
 242      464B1771 
 242      1DCD129A 
 242      C7AEA8
 243 061f 710523AD 		.ascii	"q\005#\255\310\315\257d\244\357\323\305\177\363\216"
 243      C8CDAF64 
 243      A4EFD3C5 
 243      7FF38E
 244 062e 0E0ED7B3 		.ascii	"\016\016\327\263\272\214\346>\017|\236\225O\305\345"
 244      BA8CE63E 
 244      0F7C9E95 
 244      4FC5E5
 245 063d 5E74C156 		.ascii	"^t\301V\206\034\276\235\277]\205G(\302Ud\235L\327\010"
 245      861CBE9D 
 245      BF5D8547 
 245      28C25564 
ARM GAS  C:\Users\akudo\AppData\Local\Temp\ccoaJxsm.s 			page 19


 245      9D4CD708 
 246 0651 66B06CC5 		.ascii	"f\260l\305\010e\200\011\322\236\333\004\351\362&\210"
 246      08658009 
 246      D29EDB04 
 246      E9F22688 
 247 0661 BA51B51D 		.ascii	"\272Q\265\035\343;L\336t\353\265}j<\311\220\324\332"
 247      E33B4CDE 
 247      74EBB57D 
 247      6A3CC990 
 247      D4DA
 248 0673 9D494C63 		.ascii	"\235ILc\236\342\343W\022\037\271\343\031V\031>\226n"
 248      9EE2E357 
 248      121FB9E3 
 248      1956193E 
 248      966E
 249 0685 4138D285 		.ascii	"A8\322\205\"\3277Ud)\361\026\206l/\312z\344\202S\030"
 249      22D73755 
 249      6429F116 
 249      866C2FCA 
 249      7AE48253 
 250 069a 921C7FE5 		.ascii	"\222\034\177\345\220\016\357dH\351\330D\212\012\347"
 250      900EEF64 
 250      48E9D844 
 250      8A0AE7
 251 06a9 3264FF68 		.ascii	"2d\377h\357\033x\037-s\351\223\327\317\240\0053\337"
 251      EF1B781F 
 251      2D73E993 
 251      D7CFA005 
 251      33DF
 252 06bb 3D9C7CE6 		.ascii	"=\234|\346k\211\003\033\344\203\015\362\270'\263X\220"
 252      6B89031B 
 252      E4830DF2 
 252      B827B358 
 252      90
 253 06cc 9075794F 		.ascii	"\220uyO\266\016W2q\2736v%\253p\035C\346r\267\324 \334"
 253      B60E5732 
 253      71BB3676 
 253      25AB701D 
 253      43E672B7 
 254 06e3 C890AB65 		.ascii	"\310\220\253e\303\243\034ncHZ\353\326v\035\2662d\353"
 254      C3A31C6E 
 254      63485AEB 
 254      D6761DB6 
 254      3264EB
 255 06f6 31EB4515 		.ascii	"1\353E\025\036sq\210\012:\026\025\012{:O\251\361\003"
 255      1E737188 
 255      0A3A1615 
 255      0A7B3A4F 
 255      A9F103
 256 0709 178739AB 		.ascii	"\027\2079\253cs6\313:yU\203gX\335\225\023\341\235J\274"
 256      637336CB 
 256      3A795583 
 256      6758DD95 
 256      13E19D4A 
 257 071e 49CDC27E 		.ascii	"I\315\302~CI;#\374)\315\016O\246N\272\341DV\027\021"
 257      43493B23 
 257      FC29CD0E 
ARM GAS  C:\Users\akudo\AppData\Local\Temp\ccoaJxsm.s 			page 20


 257      4FA64EBA 
 257      E1445617 
 258 0733 71B44985 		.ascii	"q\264I\2053\325\016\336\242\243\336\362\363+Ws#m\351"
 258      33D50EDE 
 258      A2A3DEF2 
 258      F32B5773 
 258      236DE9
 259 0746 A08FCE7B 		.ascii	"\240\217\316{\221\017y.\242\251\341\242E:\035)\371\320"
 259      910F792E 
 259      A2A9E1A2 
 259      453A1D29 
 259      F9D0
 260 0758 4C91BCD4 		.ascii	"L\221\274\324\275\304\262F\035\371\253\363\241?\222"
 260      BDC4B246 
 260      1DF9ABF3 
 260      A13F92
 261 0767 3FF2E32D 		.ascii	"?\362\343-u\326\357WW\360\015\221\230N\237\255`\267"
 261      75D6EF57 
 261      57F00D91 
 261      984E9FAD 
 261      60B7
 262 0779 2BDC4B72 		.ascii	"+\334Kr\253;\315w\342\213H\276C,\\\016\224\275\234$"
 262      AB3BCD77 
 262      E28B48BE 
 262      432C5C0E 
 262      94BD9C24 
 263 078d 0F28E31C 		.ascii	"\017(\343\034\023\275\361\222\372\361O\223i\336\320"
 263      13BDF192 
 263      FAF14F93 
 263      69DED0
 264 079c CAE99005 		.ascii	"\312\351\220\005\350\317r\013'{\345-uU\177\237\316["
 264      E8CF720B 
 264      277BE52D 
 264      75557F9F 
 264      CE5B
 265 07ae 8E215407 		.ascii	"\216!T\007\344\211OU\204\267\306\024\266\322|\211(\275"
 265      E4894F55 
 265      84B7C614 
 265      B6D27C89 
 265      28BD
 266 07c0 E5194A37 		.ascii	"\345\031J7\017\253\322\336\244\261\376\021bJ\013\361"
 266      0FABD2DE 
 266      A4B1FE11 
 266      624A0BF1 
 267 07d0 99A56833 		.ascii	"\231\245h3\366\024m<\376\202\305\275\031b3:\017D\251"
 267      F6146D3C 
 267      FE82C5BD 
 267      1962333A 
 267      0F44A9
 268 07e3 A20F3573 		.ascii	"\242\0175s\213\236\334N\234\0035\305\305\037\224\266"
 268      8B9EDC4E 
 268      9C0335C5 
 268      C51F94B6 
 269 07f3 674C2D75 		.ascii	"gL-u\265>G\230Q\257\003Q\356\302\372I3\322\275P]@3R"
 269      B53E4798 
 269      51AF0351 
 269      EEC2FA49 
ARM GAS  C:\Users\akudo\AppData\Local\Temp\ccoaJxsm.s 			page 21


 269      33D2BD50 
 270 080b F06EA225 		.ascii	"\360n\242%\311\306\306\241|\214\203\354\023\240\013"
 270      C9C6C6A1 
 270      7C8C83EC 
 270      13A00B
 271 081a A00DA003 		.ascii	"\240\015\240\003`\020\340\022\200\025\240\006\340\006"
 271      6010E012 
 271      8015A006 
 271      E006
 272 0828 C0698026 		.ascii	"\300i\200&\200\253\000#\000\207\001:\001F\001\3728\226"
 272      80AB0023 
 272      0087013A 
 272      014601FA 
 272      3896
 273 083a D1916E96 		.ascii	"\321\221n\226\307_x\214I(\256\007!\205\342\002\324k"
 273      C75F788C 
 273      4928AE07 
 273      2185E202 
 273      D46B
 274 084c EBA5301E 		.ascii	"\353\2450\036y\337a\343A\206\257\030\310\256q\262i\037"
 274      79DF61E3 
 274      4186AF18 
 274      C8AE71B2 
 274      691F
 275 085e B571DC5E 		.ascii	"\265q\334^\342\0306\312\336\247PN\347K)\233\345)\351"
 275      E21836CA 
 275      DEA7504E 
 275      E74B299B 
 275      E529E9
 276 0871 6894D497 		.ascii	"h\224\324\227\377\236\304\365n\240\311\021\007\343\254"
 276      FF9EC4F5 
 276      6EA0C911 
 276      07E3AC
 277 0880 4D4DD954 		.ascii	"MM\331T\266\035\014vM0\336M(7r\366T\226'>\366\017\254"
 277      B61D0C76 
 277      4D30DE4D 
 277      283772F6 
 277      5496273E 
 278 0897 4F2781A4 		.ascii	"O'\201\244\310\331\205\317;\356U\370\362\307\027\016"
 278      C8D985CF 
 278      3BEE55F8 
 278      F2C7170E 
 279 08a7 E28D949E 		.ascii	"\342\215\224\2368\304\016\240o\201g\012\204\312\332"
 279      38C40EA0 
 279      6F81670A 
 279      84CADA
 280 08b6 277D9258 		.ascii	"'}\222XL\340NF\273@\236\273d\330-Ts;\267\355\0343\007"
 280      4CE04E46 
 280      BB409EBB 
 280      64D82D54 
 280      733BB7ED 
 281 08cd D1FC1668 		.ascii	"\321\374\026h~\034\206\355\002'I\304K\352\247\205\011"
 281      7E1C86ED 
 281      022749C4 
 281      4BEAA785 
 281      09
 282 08de D50FD6DB 		.ascii	"\325\017\326\333-?\241\230\366R\277\332\006\002\222"
ARM GAS  C:\Users\akudo\AppData\Local\Temp\ccoaJxsm.s 			page 22


 282      2D3FA198 
 282      F652BFDA 
 282      060292
 283 08ed 6072A264 		.ascii	"`r\242dA\177\"\3406\0108\005\002&\004\001\322\006Y\320"
 283      417F22E0 
 283      36083805 
 283      02260401 
 283      D20659D0 
 284 0901 806C39D0 		.ascii	"\200l9\320.A\004ip\027\032\014C\203*\2003B#\351l\250"
 284      2E410469 
 284      70171A0C 
 284      43832A80 
 284      334223E9 
 285 0917 97AAD203 		.ascii	"\227\252\322\003\304d\204\331\210-D\246\220\320H\345"
 285      C46484D9 
 285      882D44A6 
 285      90D048E5 
 286 0927 DB2D520B 		.ascii	"\333-R\013l\236b\021\032\275^\021\242\027\331\223X\235"
 286      6C9E6211 
 286      1ABD5E11 
 286      A217D993 
 286      589D
 287 0939 5DCF79F3 		.ascii	"]\317y\363i}x\222\205\015\"\270L\326\375$;\325\255v"
 287      697D7892 
 287      850D22B8 
 287      4CD6FD24 
 287      3BD5AD76 
 288 094d 9F2E93F5 		.ascii	"\237.\223\365\351\022i\340\270\246;M\002\007\361\253"
 288      E91269E0 
 288      B8A63B4D 
 288      0207F1AB 
 289 095d 42D157AF 		.ascii	"B\321W\257I\247\024\250[\360]!.\300^\001\2159su\336"
 289      49A714A8 
 289      5BF05D21 
 289      2EC05E01 
 289      8D397375 
 290 0972 5667D815 		.ascii	"Vg\330\025\270\352L\332\354D\232E\0033\2116\373\235"
 290      B8EA4CDA 
 290      EC449A45 
 290      03338936 
 290      FB9D
 291 0984 FDAE8273 		.ascii	"\375\256\202s \265&\354e6 \247=5\362\026{\"6\331]\342"
 291      20B526EC 
 291      653620A7 
 291      3D35F216 
 291      7B2236D9 
 292 099a 040CC3D3 		.ascii	"\004\014\303\323\\B\260F\271\256\230X\203\204\310\004"
 292      5C42B046 
 292      B9AE9858 
 292      8384C804 
 293 09aa D11AAD9C 		.ascii	"\321\032\255\234N\361\204\267\331\303^\221\240\313\337"
 293      4EF184B7 
 293      D9C35E91 
 293      A0CBDF
 294 09b9 22EC09E6 		.ascii	"\"\354\011\346\267\276!\230\377#\035:\350l\247C\216"
 294      B7BE2198 
 294      FF231D3A 
ARM GAS  C:\Users\akudo\AppData\Local\Temp\ccoaJxsm.s 			page 23


 294      E86CA743 
 294      8E
 295 09ca 76B21CA5 		.ascii	"v\262\034\245{\3731\350\302\316\205\003\270\324\267"
 295      7BFB31E8 
 295      C2CE8503 
 295      B8D4B7
 296 09d9 BB1D7CBB 		.ascii	"\273\035|\273\237u6I&H)(7\322\317;\320\317#\240g%\300"
 296      9F753649 
 296      26482928 
 296      37D2CF3B 
 296      D0CF23A0 
 297 09f0 104035C0 		.ascii	"\020@5\300e\200\243\000\003\022\335\255\003\302zG\226"
 297      6580A300 
 297      0312DDAD 
 297      03C27A47 
 297      96
 298 0a01 DEBDCF58 		.ascii	"\336\275\317X\357\352\350zGvR_\313\255wb|\263<\376!"
 298      EFEAE87A 
 298      4776525F 
 298      CBAD7762 
 298      7CB33CFE 
 299 0a16 B024A1AD 		.ascii	"\260$\241\255X0\206}\352\22589M\346)q\342\014\312;\243"
 299      5830867D 
 299      EA953839 
 299      4DE62971 
 299      E20CCA3B 
 300 0a2b 64E66453 		.ascii	"d\346dS\323\201\221\343\237\265\3649E\357}\034\226\215"
 300      D38191E3 
 300      9FB5F439 
 300      45EF7D1C 
 300      968D
 301 0a3d DE52339F 		.ascii	"\336R3\237u0\363uq\335\265\266\356mu\343\241\353dc5"
 301      7530F375 
 301      71DDB5B6 
 301      EE6D75E3 
 301      A1EB6463 
 302 0a52 2FD7759E 		.ascii	"/\327u\236\263\007\353\222\372\021Ih\317\026\"\335\302"
 302      B307EB92 
 302      FA114968 
 302      CF1622DD 
 302      C2
 303 0a63 A1DDF23A 		.ascii	"\241\335\362:\013\355$\341(\225\317}\304\021(\244\263"
 303      0BED24E1 
 303      2895CF7D 
 303      C41128A4 
 303      B3
 304 0a74 914CB003 		.ascii	"\221L\260\003\362\263\221\331J\332\253\026\207^\215"
 304      F2B391D9 
 304      4ADAAB16 
 304      875E8D
 305 0a83 B15ED113 		.ascii	"\261^\321\023\225\021z\242B\"\211\343\211\012Mx\357"
 305      95117AA2 
 305      422289E3 
 305      890A4D78 
 305      EF
 306 0a94 AA10CD4E 		.ascii	"\252\020\315N\236\254\032\177|\241|E8,\237-\362\325"
 306      9EAC1A7F 
ARM GAS  C:\Users\akudo\AppData\Local\Temp\ccoaJxsm.s 			page 24


 306      7CA17C45 
 306      382C9F2D 
 306      F2D5
 307 0aa6 2D7523AF 		.ascii	"-u#\257\222\325\025\206G\256\272\244\376\332\012r\256"
 307      92D51586 
 307      47AEBAA4 
 307      FEDA0A72 
 307      AE
 308 0ab7 7A56B635 		.ascii	"zV\2665\030\244\200n\376z\237\250\2660\331\265\277g"
 308      18A4806E 
 308      FE7A9FA8 
 308      B630D9B5 
 308      BF67
 309 0ac9 4B15D991 		.ascii	"K\025\331\221d\012\013\217\\\224\201\314\266a\343\304"
 309      640A0B8F 
 309      5C9481CC 
 309      B661E3C4 
 310 0ad9 D7EEDF49 		.ascii	"\327\356\337I\025\374\341\005%u2\321\026\367\270\357"
 310      15FCE105 
 310      257532D1 
 310      16F7B8EF 
 311 0ae9 C0DFCF95 		.ascii	"\300\337\317\225\214x\250v\266M\205o\273\262\263\331"
 311      8C78A876 
 311      B64D856F 
 311      BBB2B3D9 
 312 0af9 B9E69D2E 		.ascii	"\271\346\235.^\273xK\371\370\\{\361K\231dr\363\217a"
 312      5EBB784B 
 312      F9F85C7B 
 312      F14B9964 
 312      72F38F61 
 313 0b0d A78B482B 		.ascii	"\247\213H+t\337\036z\024\244L\325C\223\234\027\264\334"
 313      74DF1E7A 
 313      14A44CD5 
 313      43939C17 
 313      B4DC
 314 0b1f D4343BE6 		.ascii	"\3244;\346\241\344\2045\350sz1Psvb\026-\254\307\327"
 314      A1E48435 
 314      E8737A31 
 314      50737662 
 314      162DACC7 
 315 0b34 548F079C 		.ascii	"T\217\007\234\240HEnx\027\302\345\032v\034qg\370\206"
 315      A048456E 
 315      7817C2E5 
 315      1A761C71 
 315      67F886
 316 0b47 2B55C452 		.ascii	"+U\304R\003\371\015\3370?\377\036i\200\246$*L\331T\230"
 316      03F90DDF 
 316      303FFF1E 
 316      6980A624 
 316      2A4CD954 
 317 0b5c 5E50056B 		.ascii	"^P\005k\354\340\035N\252\202\344\314Z\201\036Q\015\036"
 317      ECE01D4E 
 317      AA82E4CC 
 317      5A811E51 
 317      0D1E
 318 0b6e DA34385C 		.ascii	"\33248\\\3365\250\302\015L\203\226\216\226M\304\024"
 318      DE35A8C2 
ARM GAS  C:\Users\akudo\AppData\Local\Temp\ccoaJxsm.s 			page 25


 318      0D4C8396 
 318      8E964DC4 
 318      14
 319 0b7f 567E3CAB 		.ascii	"V~<\253\353\226.\255\202?f3\0054C3\022=flz<\246z$\325"
 319      EB962EAD 
 319      823F6633 
 319      05344333 
 319      123D666C 
 320 0b99 E684BBB2 		.ascii	"\346\204\273\262M\335\267\351\356g_\324\004\273.i\243"
 320      4DDDB7E9 
 320      EE675FD4 
 320      04BB2E69 
 320      A3
 321 0baa E7F29B7A 		.ascii	"\347\362\233z\252\2148\\\313v\237\215\223\337\302\361"
 321      AA8C385C 
 321      CB769F8D 
 321      93DFC2F1 
 322 0bba AC5C335D 		.ascii	"\254\\3]\271WO\333Y\331\006\245v\344\001;\330~\205n"
 322      B9574FDB 
 322      59D906A5 
 322      76E4013B 
 322      D87E856E 
 323 0bce 076767AE 		.ascii	"\007gg\256\351q\032\243\255\316?\\\350\216\363\031\222"
 323      E9711AA3 
 323      ADCE3F5C 
 323      E88EF319 
 323      92
 324 0bdf B463B842 		.ascii	"\264c\270B\217\0170$\246\260eH\207k\004\262\212CY\034"
 324      8F0F3024 
 324      A6B06548 
 324      876B04B2 
 324      8A43591C 
 325 0bf3 3EC690E1 		.ascii	">\306\220\341\2159Yz|\232!'SF?\303m\254\334>\330\261"
 325      8D39597A 
 325      7C9A2127 
 325      53463FC3 
 325      6DACDC3E 
 326 0c09 C71D7753 		.ascii	"\307\035wS\304u\267e\313^5\362^\3046B\2668\377\216\020"
 326      C475B765 
 326      CB5E35F2 
 326      5EC43642 
 326      B638FF8E 
 327 0c1e E7896563 		.ascii	"\347\211ec0F[\360\002\341J\272\022m\304\213Q8\006\202"
 327      30465BF0 
 327      02E14ABA 
 327      126DC48B 
 327      51380682 
 328 0c32 48A10589 		.ascii	"H\241\005\211BI\330\007%`o\224\010\020\017\260\025 "
 328      4249D807 
 328      25606F94 
 328      08100FB0 
 328      1520
 329 0c44 0E601B96 		.ascii	"\016`\033\226\036\003\227\330\026\352hya\342\306\245"
 329      1E0397D8 
 329      16EA6879 
 329      61E2C6A5 
 330 0c54 B8840552 		.ascii	"\270\204\005R\222\257lv&\256u\016\320\205o\010\001:"
ARM GAS  C:\Users\akudo\AppData\Local\Temp\ccoaJxsm.s 			page 26


 330      92AF6C76 
 330      26AE750E 
 330      D0856F08 
 330      013A
 331 0c66 4A20950F 		.ascii	"J \225\017P\341\226}%\266\210\263I\236\251\030\312k"
 331      50E1967D 
 331      25B688B3 
 331      499EA918 
 331      CA6B
 332 0c78 CE89A13C 		.ascii	"\316\211\241<\326\231X\222\202\320\340S\260\225\004"
 332      D6995892 
 332      82D0E053 
 332      B09504
 333 0c87 1F2079E2 		.ascii	"\037 y\3428\227;Q0wI\205|\026\011K~\255\373Q\262\344"
 333      38973B51 
 333      30774985 
 333      7C16094B 
 333      7EADFB51 
 334 0c9d A700B708 		.ascii	"\247\000\267\010l_\362I\313'\226|\273\241\223\301\270"
 334      6C5FF249 
 334      CB27967C 
 334      BBA193C1 
 334      B8
 335 0cae CF6B6818 		.ascii	"\317kh\030\370\313y]\207\225x\220yA\341\344\211[\030"
 335      F8CB795D 
 335      87957890 
 335      7941E1E4 
 335      895B18
 336 0cc1 8F30A4F4 		.ascii	"\2170\244\364@C\263\033\236c\310\211\013}E.\354b\211"
 336      4043B31B 
 336      9E63C889 
 336      0B7D452E 
 336      EC6289
 337 0cd4 9D5AB454 		.ascii	"\235Z\264T\365\2633\230\227\350\275S\356P\212\006\247"
 337      F5B33398 
 337      97E8BD53 
 337      EE508A06 
 337      A7
 338 0ce5 BA31272B 		.ascii	"\2721'+\015\2075*\237!\333\223S\017kp%C\256\025\346"
 338      0D87352A 
 338      9F21DB93 
 338      530F6B70 
 338      2543AE15 
 339 0cfa B6B8E3A3 		.ascii	"\266\270\343\243\014i\335e9\350\201\233(\302\335.M:"
 339      0C69DD65 
 339      39E8819B 
 339      28C2DD2E 
 339      4D3A
 340 0d0c 643B7CB2 		.ascii	"d;|\262\336\374\314\025Y\260\026\355\302\317{o\226\215"
 340      DEFCCC15 
 340      59B016ED 
 340      C2CF7B6F 
 340      968D
 341 0d1e 65EFCD72 		.ascii	"e\357\315r\333\217\036B\270\215\311;v\276j;\242\261"
 341      DB8F1E42 
 341      B88DC93B 
 341      76BE6A3B 
ARM GAS  C:\Users\akudo\AppData\Local\Temp\ccoaJxsm.s 			page 27


 341      A2B1
 342 0d30 E1235B68 		.ascii	"\341#[h\230\252?9\341\262`h\310\305$4\354\306Bh\250"
 342      98AA3F39 
 342      E1B26068 
 342      C8C52434 
 342      ECC64268 
 343 0d45 B972BF45 		.ascii	"\271r\277E\203{\030\263\342\344\303\015n\016\347\326"
 343      837B18B3 
 343      E2E4C30D 
 343      6E0EE7D6 
 344 0d55 402D699B 		.ascii	"@-i\233\217\305\2130\256\270\275\000L\243\363Y\210\034"
 344      8FC58B30 
 344      AEB8BD00 
 344      4CA3F359 
 344      881C
 345 0d67 ED05F5C5 		.ascii	"\355\005\365\305\026\324\006\265\021Zp\222=\3602O\264"
 345      16D406B5 
 345      115A7092 
 345      3DF0324F 
 345      B4
 346 0d78 02D0D85C 		.ascii	"\002\320\330\\\005\355\236L\256v\303\203L\235}\326\354"
 346      05ED9E4C 
 346      AE76C383 
 346      4C9D7DD6 
 346      EC
 347 0d89 877A3C46 		.ascii	"\207z<F\021\355\321;\033\227\201\017\321\371\253\363"
 347      11EDD13B 
 347      1B97810F 
 347      D1F9ABF3 
 348 0d99 F6A1EC9A 		.ascii	"\366\241\354\232s_\004vE\340\027\031\"\273\0229GJ\003"
 348      735F0476 
 348      45E01719 
 348      22BB1239 
 348      474A03
 349 0dac 474A278E 		.ascii	"GJ'\216\264\017\224*\021\034\351\000\224\213\301q*\000"
 349      B40F942A 
 349      111CE900 
 349      948BC171 
 349      2A00
 350 0dbe 4A01CA00 		.ascii	"J\001\312\000\312\261C\0368\276D\210\017\373A\347\235"
 350      CAB1431E 
 350      38BE4488 
 350      0FFB41E7 
 350      9D
 351 0dcf 20A404CB 		.ascii	" \244\004\313nCeee\012\364\317#\313z\245\210M6\342\""
 351      6E436565 
 351      650AF4CF 
 351      23CB7AA5 
 351      884D36E2 
 352 0de4 39CE829C 		.ascii	"9\316\202\234\357\273\006h\332@\354X O*\331\311\214"
 352      EFBB0668 
 352      DA40EC58 
 352      204F2AD9 
 352      C98C
 353 0df6 B630C6E0 		.ascii	"\2660\306\340\037\205\316\304\222\230#\035\306\",M1"
 353      1F85CEC4 
 353      9298231D 
ARM GAS  C:\Users\akudo\AppData\Local\Temp\ccoaJxsm.s 			page 28


 353      C6222C4D 
 353      31
 354 0e07 F6637BE2 		.ascii	"\366c{\342d\351\247\202\2111\262d\215!\271\305\352\213"
 354      64E9A782 
 354      8931B264 
 354      8D21B9C5 
 354      EA8B
 355 0e19 2301A144 		.ascii	"#\001\241D& \240\244c\315\2079<A\007\326ej\372H\272"
 355      2620A0A4 
 355      63CD8739 
 355      3C4107D6 
 355      656AFA48 
 356 0e2e 078BCB34 		.ascii	"\007\213\3134*[\323JDK\034\004)\225\013uOv\337\261C"
 356      2A5BD34A 
 356      444B1C04 
 356      29950B75 
 356      4F76DFB1 
 357 0e43 68418C7E 		.ascii	"hA\214~\004\214^\015\206>\014P\005pHj\3609\301.\266"
 357      048C5E0D 
 357      863E0C50 
 357      0570486A 
 357      F039C12E 
 358 0e58 CE542ED0 		.ascii	"\316T.\320\031J\034]\3428:2:\211q\363\261\204\363NY"
 358      194A1C5D 
 358      E2383A32 
 358      3A8971F3 
 358      B184F34E 
 359 0e6d CE62D89C 		.ascii	"\316b\330\234\241V\252\224\013\233S7KK\224b\330\254"
 359      A156AA94 
 359      0B9B5337 
 359      4B4B9462 
 359      D8AC
 360 0e7f D27793B0 		.ascii	"\322w\223\260Y\013\314\266\213\336^)\347\355vc\324\200"
 360      590BCCB6 
 360      8BDE5E29 
 360      E7ED7663 
 360      D480
 361 0e91 019E650C 		.ascii	"\001\236e\014r\35080z_\211g\331\254\313\235\313.s\305"
 361      72E83830 
 361      7A5F8967 
 361      D9ACCB9D 
 361      CB2E73C5 
 362 0ea5 913A8A34 		.ascii	"\221:\2124\\\217\272\344\216\223\031rl\360l\234\206"
 362      5C8FBAE4 
 362      8E931972 
 362      6CF06C9C 
 362      86
 363 0eb6 84878867 		.ascii	"\204\207\210g]km\257*~\240\301\271\264\031\276\320\226"
 363      5D6B6DAF 
 363      2A7EA0C1 
 363      B9B419BE 
 363      D096
 364 0ec8 D7ED0A03 		.ascii	"\327\355\012\003\014\243\033\031A\262\311\345g\331\234"
 364      0CA31B19 
 364      41B2C9E5 
 364      67D99C
 365 0ed7 6A00FB34 		.ascii	"j\000\3734BW\216?mN9\345\375\365\002=\351\321\011\350"
ARM GAS  C:\Users\akudo\AppData\Local\Temp\ccoaJxsm.s 			page 29


 365      42578E3F 
 365      6D4E39E5 
 365      FDF5023D 
 365      E9D109E8 
 366 0eeb D1312C6E 		.ascii	"\3211,n'\255g\350\032t\\\316\230\335\327\252\2129\264"
 366      27AD67E8 
 366      1A745CCE 
 366      98DDD7AA 
 366      8A39B4
 367 0efe 48FE56B3 		.ascii	"H\376V\263\011\030-\304\024,\177K\317v\354@qT\264\374"
 367      09182DC4 
 367      142C7F4B 
 367      CF76EC40 
 367      7154B4FC 
 368 0f12 719BE5A1 		.ascii	"q\233\345\241\277\363\221g\333\020.afJm+\356T\343\375"
 368      BFF39167 
 368      DB102E61 
 368      664A6D2B 
 368      EE54E3FD 
 369 0f26 0C69EB6A 		.ascii	"\014i\353jKE\270\226!\003{.\317+\3619\212pW\247N\337"
 369      4B45B896 
 369      21037B2E 
 369      CF2BF139 
 369      8A7057A7 
 370 0f3c 92DC4C5C 		.ascii	"\222\334L\\\241\267Zg\301\277\316<\367\002\321\"\277"
 370      A1B75A67 
 370      C1BFCE3C 
 370      F702D122 
 370      BF
 371 0f4d 40140F1F 		.ascii	"@\024\017\037\350\305\270\203Y\277\254\254\347\277\026"
 371      E8C5B883 
 371      59BFACAC 
 371      E7BF16
 372 0f5c BACE8584 		.ascii	"\272\316\205\204R\350u\033p:/\015}\265\367\307\205\274"
 372      52E8751B 
 372      703A2F0D 
 372      7DB5F7C7 
 372      85BC
 373 0f6e 9CA8740E 		.ascii	"\234\250t\016Tj}\212\027O\277\345J\352\2374{c\033?c"
 373      546A7D8A 
 373      174FBFE5 
 373      4AEA9F34 
 373      7B631B3F 
 374 0f83 5BFAADB3 		.ascii	"[\372\255\263.\010]\004.\315b\007[\361\323\216\350."
 374      2E085D04 
 374      2ECD6207 
 374      5BF1D38E 
 374      E82E
 375 0f95 8056721A 		.ascii	"\200Vr\032\222\204\2765.\006\341"
 375      9284BE35 
 375      2E06E1
 376 0fa0 2DEED4AE 		.ascii	"-\356\324\256\331\361\025\017Y\"\032J\320\272\321\304"
 376      D9F1150F 
 376      59221A4A 
 376      D0BAD1C4 
 377 0fb0 1A2D4E60 		.ascii	"\032-N`u)\343U\335\032\234\301\220\211sY'\3648\327\335"
 377      7529E355 
ARM GAS  C:\Users\akudo\AppData\Local\Temp\ccoaJxsm.s 			page 30


 377      DD1A9CC1 
 377      90897359 
 377      27F438D7 
 378 0fc5 E11ED59B 		.ascii	"\341\036\325\233\335\243>\334\034\023\251\245\350\274"
 378      DDA33EDC 
 378      1C13A9A5 
 378      E8BC
 379 0fd3 ED47C7E9 		.ascii	"\355G\307\351L\324\266|\235\355\202\301\022\301\177"
 379      4CD4B67C 
 379      9DED82C1 
 379      12C17F
 380 0fe2 6BE3FE57 		.ascii	"k\343\376W$GO}\240\227\2670\006\335\020\371{\260\375"
 380      24474F7D 
 380      A097B730 
 380      06DD10F9 
 380      7BB0FD
 381 0ff5 D6EB0EFD 		.ascii	"\326\353\016\375\274\247\027\354\327%\366"
 381      BCA717EC 
 381      D725F6
 382 1000 D85BBCF5 		.ascii	"\330[\274\365\352?\324<\253Z\230s\377B\234\373O&\323"
 382      EA3FD43C 
 382      AB5A9873 
 382      FF429CFB 
 382      4F26D3
 383 1013 AF762E03 		.ascii	"\257v.\003\347N\2213\010\262\263N\277\337{\372)J\017"
 383      E74E9133 
 383      08B2B34E 
 383      BFDF7BFA 
 383      294A0F
 384 1026 2CC4FA66 		.ascii	",\304\372f\321\324\307d+x\005Xw\210\254/\213\254\021"
 384      D1D4C764 
 384      2B780558 
 384      7788AC2F 
 384      8BAC11
 385 1039 FFA023C1 		.ascii	"\377\240#\301\203&M\015\356\004\357\213\331\026\241"
 385      83264D0D 
 385      EE04EF8B 
 385      D916A1
 386 1048 A7C6EF66 		.ascii	"\247\306\357f\027$\373\353\247\330\367-\324\031{g/\015"
 386      1724FBEB 
 386      A7D8F72D 
 386      D4197B67 
 386      2F0D
 387 105a 786825D7 		.ascii	"xh%\327JP!q\300!\302\031\334\011\015bJ^7_v\337\375\305"
 387      4A502171 
 387      C021C219 
 387      DC090D62 
 387      4A5E375F 
 388 1072 44219879 		.ascii	"D!\230y\245\351\251*V\320\361*&\364\327\360\213\266"
 388      A5E9A92A 
 388      56D0F12A 
 388      26F4D7F0 
 388      8BB6
 389 1084 56F4062A 		.ascii	"V\364\006*\366A\273\016\227\262\001\335\3371\322\305"
 389      F641BB0E 
 389      97B201DD 
 389      DF31D2C5 
ARM GAS  C:\Users\akudo\AppData\Local\Temp\ccoaJxsm.s 			page 31


 390 1094 D2B7F524 		.ascii	"\322\267\365$\341?^\326\320\216\245\011?\331\312\026"
 390      E13F5ED6 
 390      D08EA509 
 390      3FD9CA16 
 391 10a4 FCA23A9C 		.ascii	"\374\242:\234\006\037r\276x\032z8\002\376e?Y\222l\317"
 391      061F72BE 
 391      781A7A38 
 391      02FE653F 
 391      59926CCF 
 392 10b8 EDF1340D 		.ascii	"\355\3614\015f\334,\030n\216\234\214\362B\013z$\003"
 392      66DC2C18 
 392      6E8E9C8C 
 392      F2420B7A 
 392      2403
 393 10ca 46BC0D81 		.ascii	"F\274\015\201t\014\340\026\3000\300M\200Qq\036\361\326"
 393      740CE016 
 393      C030C04D 
 393      8051711E 
 393      F1D6
 394 10dc 96BBCA86 		.ascii	"\226\273\312\206\2647\211\332\350\272\320\326\326\031"
 394      B43789DA 
 394      E8BAD0D6 
 394      D619
 395 10ea 74033B66 		.ascii	"t\003;f\374\031e\037\222e\203D\370:\201\326\036\311"
 395      FC19651F 
 395      92658344 
 395      F83A81D6 
 395      1EC9
 396 10fc 9F389129 		.ascii	"\2378\221)+#+1\231N\355\002\255}\332\\\302N\264\273"
 396      2B232B31 
 396      994EED02 
 396      AD7DDA5C 
 396      C24EB4BB 
 397 1110 282D895F 		.ascii	"(-\211_\247\234iK8'\332\370\245@Jr\363T\201\324\236"
 397      A79C694B 
 397      3827DAF8 
 397      A5404A72 
 397      F35481D4 
 398 1125 833BCDF9 		.ascii	"\203;\315\371\330\004\022lG\344f\375\236ke\363b\260"
 398      D804126C 
 398      47E466FD 
 398      9E6B65F3 
 398      62B0
 399 1137 75B6E138 		.ascii	"u\266\3418\330\355ymh\273l\3618B\"\360]h5/\236\022\216"
 399      D8ED796D 
 399      68BB6CF1 
 399      384222F0 
 399      5D68352F 
 400 114e 4822F0FD 		.ascii	"H\"\360\375\314\253\026\214\353\230#\314>\262\264\343"
 400      CCAB168C 
 400      EB9823CC 
 400      3EB2B4E3 
 401 115e D772C816 		.ascii	"\327r\310\026\267\245\356\332\257\032\363yKt\004\317"
 401      B7A5EEDA 
 401      AF1AF379 
 401      4B7404CF 
 402 116e FF7C7E5E 		.ascii	"\377|~^MyL0\317\266\253\244 o\010#t\017\277\006\355"
ARM GAS  C:\Users\akudo\AppData\Local\Temp\ccoaJxsm.s 			page 32


 402      4D794C30 
 402      CFB6ABA4 
 402      206F0823 
 402      740FBF06 
 403 1183 EF552564 		.ascii	"\357U%d\262\015k9\345\327\337x\274\227]\275y\0224\276"
 403      B20D6B39 
 403      E5D7DF78 
 403      BC975DBD 
 403      791234BE 
 404 1197 34EF3EDB 		.ascii	"4\357>\333\277bz\273\227s\031b\344\202\036\376\265\315"
 404      BF627ABB 
 404      97731962 
 404      E4821EFE 
 404      B5CD
 405 11a9 C31F300F 		.ascii	"\303\0370\017o\037\317\351\323\013\036n\341\275\020"
 405      6F1FCFE9 
 405      D30B1E6E 
 405      E1BD10
 406 11b8 FD504524 		.ascii	"\375PE$\237\242\016\376\265\315\301c\363w\355\205\255"
 406      9FA20EFE 
 406      B5CDC163 
 406      F377ED85 
 406      AD
 407 11c9 3BEB576C 		.ascii	";\353Wlm\304\240;neH\306\326\274}\036\270\323\335\341"
 407      6DC4A03B 
 407      6E6548C6 
 407      D6BC7D1E 
 407      B8D3DDE1 
 408 11dd A3323DFB 		.ascii	"\2432=\373\250,\243\353\372$\246\032\322\215y\352\231"
 408      A82CA3EB 
 408      FA24A61A 
 408      D28D79EA 
 408      99
 409 11ee CC0415BE 		.ascii	"\314\004\025\276\302H\023\257&\265+\361\260c\014\364"
 409      C24813AF 
 409      26B52BF1 
 409      B0630CF4 
 410 11fe 623170C7 		.ascii	"b1p\307\315\351\203\256\024\235\237'}\343v\367\267]"
 410      CDE983AE 
 410      149D9F27 
 410      7DE376F7 
 410      B75D
 411 1210 D5D83F58 		.ascii	"\325\330?X\034\352\244G9\341J-\232\023\203\203\227t"
 411      1CEAA447 
 411      39E14A2D 
 411      9A138383 
 411      9774
 412 1222 8D82DC40 		.ascii	"\215\202\334@U\000\243=\003^\363\230x\315F\245\017P"
 412      5500A33D 
 412      035EF398 
 412      78CD46A5 
 412      0F50
 413 1234 B050330F 		.ascii	"\260P3\017/y%\275\227?0x'Nk\277\361?\031O\003Z$0\236"
 413      2F7925BD 
 413      973F3078 
 413      274E6BBF 
 413      F13F194F 
ARM GAS  C:\Users\akudo\AppData\Local\Temp\ccoaJxsm.s 			page 33


 414 124d 1519839C 		.ascii	"\025\031\203\234\247q\216\220\345\214\322\206S\032\364"
 414      A7718E90 
 414      E58CD286 
 414      531AF4
 415 125c F81EEBDF 		.ascii	"\370\036\353\337\326\334\216\2575x\226!\351\335\211"
 415      D6DC8EAF 
 415      35789621 
 415      E9DD89
 416 126b B02046EB 		.ascii	"\260 F\353)\262\331\3222\351\216S\030\322\230\276{^"
 416      29B2D9D2 
 416      32E98E53 
 416      18D298BE 
 416      7B5E
 417 127d 8F77EB1D 		.ascii	"\217w\353\035\276\273\323\263\357\356\222\222\333\253"
 417      BEBBD3B3 
 417      EFEE9292 
 417      DBAB
 418 128b 55B894D5 		.ascii	"U\270\224\325\015\247\326\274\203\253\365\302\351BC"
 418      0DA7D6BC 
 418      83ABF5C2 
 418      E94243
 419 129a 39C64D0C 		.ascii	"9\306M\014\331\263+3\014\267\353\035nj\365\354\246\266"
 419      D9B32B33 
 419      0CB7EB1D 
 419      6E6AF5EC 
 419      A6B6
 420 12ac E142F33D 		.ascii	"\341B\363=5\036`u5Me\005\032|\227!\251\233vW\252\360"
 420      351E6075 
 420      354D6505 
 420      1A7C9721 
 420      A99B7657 
 421 12c2 6386ECCF 		.ascii	"c\206\354\317+\274\255\3071\036\024\251\274]\273\235"
 421      2BBCADC7 
 421      311E14A9 
 421      BC5DBB9D 
 422 12d2 C3A90C49 		.ascii	"\303\251\014IoL\201\214/\217\"/u\315\036\334\251B\213"
 422      6F4C818C 
 422      2F8F222F 
 422      75CD1EDC 
 422      A9428B
 423 12e5 BC9D7E3E 		.ascii	"\274\235~>\336\336\366\331fR\240\373`\217I\032\006\266"
 423      DEDEF6D9 
 423      6652A0FB 
 423      608F491A 
 423      06B6
 424 12f7 2BD94CDB 		.ascii	"+\331L\333\013\326*Tz\243\035\000\005\000\271\000\331"
 424      0BD62A54 
 424      7AA31D00 
 424      0500B900 
 424      D9
 425 1308 00190069 		.ascii	"\000\031\000i\000\351\000Y\000{\000v\003X\0002\001\362"
 425      00E90059 
 425      007B0076 
 425      03580032 
 425      01F2
 426 131a 007601EC 		.ascii	"\000v\001\354\004\310\007\310QJ\262\204\221\331\252"
 426      04C807C8 
ARM GAS  C:\Users\akudo\AppData\Local\Temp\ccoaJxsm.s 			page 34


 426      514AB284 
 426      91D9AA
 427 1329 2F27C2F9 		.ascii	"/'\302\371-/\323\217|\036\302\320\021q\302I\252\363"
 427      2D2FD38F 
 427      7C1EC2D0 
 427      1171C249 
 427      AAF3
 428 133b 2DC94C29 		.ascii	"-\311L)\377\376FL)\243\225\016\224,\201\236\301v\322"
 428      FFFE464C 
 428      29A3950E 
 428      942C819E 
 428      C176D2
 429 134e C722698C 		.ascii	"\307\"i\214\034i\254\322N\372H$\335,G\372\272\2352f"
 429      1C69ACD2 
 429      4EFA4824 
 429      DD2C47FA 
 429      BA9D3266 
 430 1362 889C7613 		.ascii	"\210\234v\023\302DGB\347+\222\255v\302d9B\211\360YQ"
 430      C2444742 
 430      E72B92AD 
 430      76C26439 
 430      4289F059 
 431 1377 789C9C70 		.ascii	"x\234\234pI\357\267\330\231&\3111\225t\376\241\310t"
 431      49EFB7D8 
 431      9926C931 
 431      9574FEA1 
 431      C874
 432 1389 931C5351 		.ascii	"\223\034SQ\321h;\317x9\302\004Q\3214;e\252\254tQ\317"
 432      D1683BCF 
 432      7839C204 
 432      51D1343B 
 432      65AAAC74 
 433 139f 7951FA56 		.ascii	"yQ\372V9\246\366\223\361p\313t9\377~8\246\2636J \265"
 433      39A6F693 
 433      F170CB74 
 433      39FF7E38 
 433      A6B3364A 
 434 13b5 4FCE1F38 		.ascii	"O\316\0378\321\306\331\025\330&\247\2008J\361v\302\024"
 434      D1C6D915 
 434      D826A780 
 434      384AF176 
 434      C214
 435 13c7 39428945 		.ascii	"9B\211E\347DM\267\310\372\223\270\027\275\005\371)\324"
 435      E7444DB7 
 435      C8FA93B8 
 435      17BD05F9 
 435      29D4
 436 13d9 CB7D4F79 		.ascii	"\313}Oy\367\310\312\006\201\313#\031\377\235\021W\306"
 436      F7C8CA06 
 436      81CB2319 
 436      FF9D1157 
 436      C6
 437 13ea DBE1541E 		.ascii	"\333\341T\036\004h4-P\312\344\3030_\267e\027\247\352"
 437      0468342D 
 437      50CAE4C3 
 437      305FB765 
 437      17A7EA
ARM GAS  C:\Users\akudo\AppData\Local\Temp\ccoaJxsm.s 			page 35


 438 13fd F00D3A5F 		.ascii	"\360\015:_\271C\367\366\246j\245k\241dv\242b\230\224"
 438      B943F7F6 
 438      A66AA56B 
 438      A16476A2 
 438      629894
 439 1410 7FAB09CA 		.ascii	"\177\253\011\312>\262\364sEED\200\322\036U\211\035l"
 439      3EB2F473 
 439      45454480 
 439      D21E5589 
 439      1D6C
 440 1422 ABE6A933 		.ascii	"\253\346\2513\2455\272E\202j\226\205TS\374U\365\"\037"
 440      A535BA45 
 440      826A9685 
 440      5453FC55 
 440      F5221F
 441 1435 D4ECCE18 		.ascii	"\324\354\316\030U\343q\026\335.Ev\376\371\325\207\036"
 441      55E37116 
 441      DD2E4576 
 441      FEF9D587 
 441      1E
 442 1446 59BC2BAD 		.ascii	"Y\274+\255\333\031\236x\205\254d\260*\006\021<!;k^\300"
 442      DB199E78 
 442      85AC64B0 
 442      2A06113C 
 442      213B6B5E 
 443 145b 7DA54B9B 		.ascii	"}\245K\233\236-m\365e\027\357\352Yu\200tm\326\263\265"
 443      9E2D6DF5 
 443      6517EFEA 
 443      59758074 
 443      6DD6B3B5 
 444 146f 797CF7C4 		.ascii	"y|\367\304\273\2546\230\256}\265\015\231.\313\017\362"
 444      BBAC3698 
 444      AE7DB50D 
 444      992ECB0F 
 444      F2
 445 1480 D1162F3A 		.ascii	"\321\026/:\216?Z\214\312\225\213\321?.F\373\341Q\001"
 445      8E3F5A8C 
 445      CA958BD1 
 445      3F2E46FB 
 445      E15101
 446 1493 7000E020 		.ascii	"p\000\340 \300!\266\230\330V~O\266\362\037\311\252\354"
 446      C021B698 
 446      D8567E4F 
 446      B6F21FC9 
 446      AAEC
 447 14a5 D6D0F5F1 		.ascii	"\326\320\365\3618\375Z\307\366\017\003\236Z\207\177"
 447      38FD5AC7 
 447      F60F039E 
 447      5A877F
 448 14b4 4DF064FF 		.ascii	"M\360d\377\232`\373\246\335\223}\323n\373\302\313S\370"
 448      9A60FBA6 
 448      DD937DD3 
 448      6EFBC2CB 
 448      53F8
 449 14c6 C24B58B2 		.ascii	"\302KX\262=\331\222m;{\364dg\217\266E\310\223-B\266"
 449      3DD9926D 
 449      3B7BF464 
ARM GAS  C:\Users\akudo\AppData\Local\Temp\ccoaJxsm.s 			page 36


 449      678FB645 
 449      C8932D42 
 450 14db 23734F76 		.ascii	"#sOvd\236\231\335u\307\235\242\337\2456J\236=\300Q\364"
 450      649E99DD 
 450      75C79DA2 
 450      DFA5364A 
 450      9E3DC051 
 451 14f0 7B04BD6D 		.ascii	"{\004\275m=\333\351F{\331\306\241\022\030C2|\225\312"
 451      3DDBE946 
 451      7BD9C6A1 
 451      12184332 
 451      7C95CA
 452 1503 E57408C9 		.ascii	"\345t\010\311\347\205d\030\017C'\311PV\301\223\014g"
 452      E7856418 
 452      0F4327C9 
 452      5056C193 
 452      0C67
 453 1515 353C3384 		.ascii	"5<3\204'\031\326#\360$C[\003O2\274\265\360$C\\\007O"
 453      2719D623 
 453      F024435B 
 453      034F32BC 
 453      B5F02443 
 454 152c 32CC47E1 		.ascii	"2\314G\341I\206\272\036\236\231\002_2\344\015\200\223"
 454      4986BA1E 
 454      9E99025F 
 454      32E40D80 
 454      93
 455 153d 616F8427 		.ascii	"ao\204'\031\372c\360\314\027\352s\330\223\350\330\225"
 455      19FA63F0 
 455      CC17EA73 
 455      D893E8D8 
 455      95
 456 154e 9C3AE606 		.ascii	"\234:\346\006)Z\271e|\256\335\342^L\222r\236\237{o\036"
 456      295AB965 
 456      7CAEDDE2 
 456      5E4C9272 
 456      9E9F7B6F 
 457 1563 538D4B99 		.ascii	"S\215K\231\277J\3261\362\246L\371*\354\273\225\313\025"
 457      BF4AD631 
 457      F2A64CF9 
 457      2AECBB95 
 457      CB15
 458 1575 E88492E4 		.ascii	"\350\204\222\344i\261q\373\347\325\013g^'\225B\346\365"
 458      69B171FB 
 458      E7D50B67 
 458      5E279542 
 458      E6F5
 459 1587 432A72D7 		.ascii	"C*r\327\310\366\014\215s\342e\013X\012\324\244|\321"
 459      C8F60C8D 
 459      73E2650B 
 459      580AD4A4 
 459      7CD1
 460 1599 D6862264 		.ascii	"\326\206\"d\304r\2557\021M\243\3244\023\210\252\252"
 460      C472AD37 
 460      114DA3D4 
 460      341388AA 
 460      AA
ARM GAS  C:\Users\akudo\AppData\Local\Temp\ccoaJxsm.s 			page 37


 461 15aa 623B1D17 		.ascii	"b;\035\027:\274y\343\333\335\027\226\336l\223~\232\271"
 461      3ABC79E3 
 461      DBDD1796 
 461      DE6C937E 
 461      9AB9
 462 15bc D2ED889B 		.ascii	"\322\355\210\233%.\342\316\206\211\207\020\215N\221"
 462      252EE2CE 
 462      86898710 
 462      8D4E91
 463 15cb 308DCE50 		.ascii	"0\215\316P\361\315L\374\031*~[U\302\214\273\303q\354"
 463      F1CD4CFC 
 463      192A7E5B 
 463      55C28CBB 
 463      C371EC
 464 15de 5D8783B9 		.ascii	"]\207\203\271\026%=o!O\222Y\314\014^R.x\354{V)\275\033"
 464      16253D6F 
 464      214F9259 
 464      CC0C5E52 
 464      2E78EC7B 
 465 15f6 6BCCD8BB 		.ascii	"k\314\330\273C\203c_`_\247]\236\357\307^\273\370\206"
 465      4383635F 
 465      605FA75D 
 465      9EEFC75E 
 465      BBF886
 466 1609 F2F2E26D 		.ascii	"\362\362\342m\243o\244\363\226p~\0166\277\277$\215\320"
 466      A36FA4F3 
 466      96707E0E 
 466      36BFBF24 
 466      8DD0
 467 161b 39A5781F 		.ascii	"9\245x\037\004e:\205Q\253\322\213\034|_\232\340\265"
 467      04653A85 
 467      51ABD28B 
 467      1C7C5F9A 
 467      E0B5
 468 162d F824E3B2 		.ascii	"\370$\343\262\347v\355\210\206qIH\270\201\235\270\234"
 468      E776ED88 
 468      86714948 
 468      B8819DB8 
 468      9C
 469 163e 9770396F 		.ascii	"\227p9o\343\322F\271D\227\224\327j\350\0116\371/\024"
 469      E3D246B9 
 469      449794D7 
 469      6AE80936 
 469      F92F14
 470 1651 7684DD77 		.ascii	"v\204\335w`\356\216\307\202}\271H\373rA)tf\316\232\300"
 470      60EE8EC7 
 470      827DB948 
 470      FB724129 
 470      7466CE9A 
 471 1666 6BF079A6 		.ascii	"k\360y\246F\316hO\202\026\3673\344\366\251\271\003*"
 471      46CE684F 
 471      8216F733 
 471      E4F6A9B9 
 471      032A
 472 1678 608D2E51 		.ascii	"`\215.Q\221\360&\"\271a\022Q-\307\373\222\013?\330V"
 472      91F02622 
 472      B9611251 
ARM GAS  C:\Users\akudo\AppData\Local\Temp\ccoaJxsm.s 			page 38


 472      2DC7FB92 
 472      0B3FD856 
 473 168c B689A777 		.ascii	"\266\211\247wp(\273!QI\030\243v\233\246\250\003\004"
 473      7028BB21 
 473      514918A3 
 473      769BA6A8 
 473      0304
 474 169e 109429DB 		.ascii	"\020\224)\333I\225\255\354\335\226\256\303\205\337b"
 474      4995ADEC 
 474      DD96AEC3 
 474      85DF62
 475 16ad 3BDDCAED 		.ascii	";\335\312\355\2178\306\254x[\365\222b\373\245\342\306"
 475      8F38C6AC 
 475      785BF592 
 475      62FBA5E2 
 475      C6
 476 16be 48447BDD 		.ascii	"HD{\335%\351u\227\215Q7e\264\253\255\177T\211\017\011"
 476      25E97597 
 476      8D513765 
 476      B4ABAD7F 
 476      54890F09 
 477 16d2 8C22DA06 		.ascii	"\214\"\332\006T6\333\335s\266]\217\204K\217\215K/\345"
 477      5436DBDD 
 477      73B65D8F 
 477      844B8F8D 
 477      4B2FE5
 478 16e5 92515672 		.ascii	"\222QVr\0049xH\212\203\207\364\011\036\322G=d~\370\301"
 478      04397848 
 478      8A8387F4 
 478      091ED247 
 478      3D647EF8 
 479 16fa 9F1C88C9 		.ascii	"\237\034\210\311}\237H|Y \276L\211\273\255\341g\330"
 479      7D9F487C 
 479      5920BE4C 
 479      89BBADE1 
 479      67D8
 480 170c 3F9578D0 		.ascii	"?\225x\320@\330\035\236\355\262\260\263_\2619{?s\366"
 480      40D81D9E 
 480      EDB2B0B3 
 480      5FB1397B 
 480      3F73F6
 481 171f E3072EDE 		.ascii	"\343\007.\336quvv\333fV\201\006\250\263\323F\204zK\327"
 481      71757676 
 481      DB665681 
 481      06A8B3D3 
 481      46847A4B 
 482 1734 9108A594 		.ascii	"\221\010\245\224z\344i\324\327\223R\3071nd\246k\353"
 482      7AE469D4 
 482      D79352C7 
 482      316E64A6 
 482      6BEB
 483 1746 8C8CD3E0 		.ascii	"\214\214\323\3403\014\351\310\314\235 A\245\215\004"
 483      330CE9C8 
 483      CC9D2041 
 483      A58D04
 484 1755 955ACF54 		.ascii	"\225Z\317T>|\013$\251\363\357\275\212\254\312\027\321"
 484      3E7C0B24 
ARM GAS  C:\Users\akudo\AppData\Local\Temp\ccoaJxsm.s 			page 39


 484      A9F3EFBD 
 484      8AACCA17 
 484      D1
 485 1766 55B0E334 		.ascii	"U\260\3434\347%a<H\254\211\366 \360\220!\345k\012W\363"
 485      E725613C 
 485      48AC89F6 
 485      20F09021 
 485      E56B0A57 
 486 177b 1A93D1D7 		.ascii	"\032\223\321\327\337`v\371\315\207\177\364Z\241\320"
 486      DF6076F9 
 486      CD877FF4 
 486      5AA1D0
 487 178a F8AD31B0 		.ascii	"\370\2551\260W.\241\206`\343z3<BM\306\257\324\346PS"
 487      572EA186 
 487      60E37A33 
 487      3C424DC6 
 487      AFD4E650 
 488 179f 4088C1EC 		.ascii	"@\210\301\354\2726 \330\374\343\267\014f\255\301`+\256"
 488      BA3620D8 
 488      FCE3B70C 
 488      66ADC160 
 488      2BAE
 489 17b1 F2FBD94A 		.ascii	"\362\373\331J\2775\001_\004\204\231\327\372\007\204"
 489      BF35015F 
 489      048499D7 
 489      FA0784
 490 17c0 AC348784 		.ascii	"\2544\207\204\004\206\255\\\035\274\326\213\226\274"
 490      0486AD5C 
 490      1DBCD68B 
 490      96BC
 491 17ce 7C4D     		.ascii	"|M"
 492 17d0 415EC6A0 		.ascii	"A^\306\240/\214\376\376F\377\225o/y\327\353\2557\227"
 492      2F8CFEFE 
 492      46FF956F 
 492      2F79D7EB 
 492      AD3797
 493 17e3 BDF3E71F 		.ascii	"\275\363\347\037\257\204\367o\004\207\004\033\3370\372"
 493      AF84F76F 
 493      0487041B 
 493      DF30FA
 494 17f2 7E11B032 		.ascii	"~\021\2602 \330/p\255\277qe\220/\360\0126\2564\370\033"
 494      20D82F70 
 494      ADBF7165 
 494      902FF00A 
 494      36AE34F8 
 495 1807 57F9AE0D 		.ascii	"W\371\256\0154\033\314\033B\215aK\326(>\377\253\212"
 495      341BCC1B 
 495      428D614B 
 495      D6283EFF 
 495      AB8A
 496 1819 09DB10B6 		.ascii	"\011\333\020\266\322\020f\366\207>\000\357_\257\370"
 496      D21066F6 
 496      873E00EF 
 496      5FAFF8
 497 1828 D9D21584 		.ascii	"\331\322\025\204\367\247\224\367R*'$l\331\362eKC\302"
 497      F7A794F7 
 497      522A2724 
ARM GAS  C:\Users\akudo\AppData\Local\Temp\ccoaJxsm.s 			page 40


 497      6CD9F265 
 497      4B43C2
 498 183b 969ACC4B 		.ascii	"\226\232\314KCCL\346\260\245\377\374\311\037V\374a\375"
 498      43434CE6 
 498      B0A5FFFC 
 498      C91F56FC 
 498      61FD
 499 184d 52BF90A0 		.ascii	"R\277\220\240\320\200@\243)l\351oV\254\000Z\233\206"
 499      D08040A3 
 499      296CE96F 
 499      56AC005A 
 499      9B86
 500 185f D4560121 		.ascii	"\324V\001!j\277\220`3\230\316\21542\200\000?\363zW\223"
 500      6ABF9060 
 500      3398CE8D 
 500      34328000 
 500      3FF37A57 
 501 1874 71352862 		.ascii	"q5(b0/\377f\222\326\370\205\230\214\300\2323\275\315"
 501      302FFF66 
 501      92D6F885 
 501      988CC09A 
 501      33BDCD
 502 1887 99DEE14C 		.ascii	"\231\336\341L\3139\323O8\323O9\323\273\330\264\354M"
 502      CB39D34F 
 502      38D34F39 
 502      D3BBD8B4 
 502      EC4D
 503 1899 80655CA0 		.ascii	"\200e\\\240\351g\377\017\236\206\257~\022\004|\201\303"
 503      E967FF0F 
 503      9E86AF7E 
 503      12047C81 
 503      C3
 504 18aa 8F55A106 		.ascii	"\217U\241\006\320PM\306{\235\321\004\317\220@\177\243"
 504      D0504DC6 
 504      7B9DD104 
 504      CF90407F 
 504      A3
 505 18bb 49E9B7C6 		.ascii	"I\351\267\306\327D\234\3007\310\350j\0163\373\232\215"
 505      D7449CC0 
 505      37C8E86A 
 505      0E33FB9A 
 505      8D
 506 18cc 06B39A8C 		.ascii	"\006\263\232\214\371O\015f\015\033}(\0019\255S\233\203"
 506      F94F0D66 
 506      0D1B7D28 
 506      0139AD53 
 506      9B83
 507 18de 42FC8D14 		.ascii	"B\374\215\024_\025\350\273:Lm6\031W\205\031\210\377"
 507      5F15E8BB 
 507      3A4C6D36 
 507      19578519 
 507      88FF
 508 18f0 90822A28 		.ascii	"\220\202*(l5T\012\036\003\315\205\222\213\311\177\003"
 508      6C35540A 
 508      1E03CD85 
 508      928BC97F 
 508      03
ARM GAS  C:\Users\akudo\AppData\Local\Temp\ccoaJxsm.s 			page 41


 509 1901 54B91AD7 		.ascii	"T\271\032\327\007\230\375\200\201\313:s\310\027\377"
 509      0798FD80 
 509      81CB3A73 
 509      C817FF
 510 1910 1DFAA2E0 		.ascii	"\035\372\242\340\226\320\324h2\006\373\001c\325:\263"
 510      96D0D468 
 510      3206FB01 
 510      63D53AB3 
 511 1920 D914AA03 		.ascii	"\331\024\252\003\377\0143\006\371\206\256\201>x0\252"
 511      FF0C3306 
 511      F986AE81 
 511      3E7830AA 
 512 1930 30C39FD7 		.ascii	"0\303\237\327\032\327\002\311\013v\347\025^\251\205"
 512      1AD702C9 
 512      0B76E715 
 512      5EA985
 513 193f A7CA2F18 		.ascii	"\247\312/\030\374H\025f\200'H\000\006\241\256@\033\264"
 513      FC481566 
 513      80274800 
 513      06A1AE40 
 513      1BB4
 514 1951 1686491D 		.ascii	"\026\206I\035$\320\006\031B\326\005C\377\351[\320,\210"
 514      24D00619 
 514      42D60543 
 514      FFE95BD0 
 514      2C88
 515 1963 F9FF3A73 		.ascii	"\371\377:s\220y}\250\233\361+c\2609\3107\354K\2501\256"
 515      90797DA8 
 515      9BF12B63 
 515      B039C837 
 515      EC4BA831 
 516 1978 23051C6A 		.ascii	"#\005\034jX\253\267\211\013\004\2574\230=$\012\2207"
 516      58ABB789 
 516      0B04AF34 
 516      983D240A 
 516      9037
 517 198a 9A50C33A 		.ascii	"\232P\303:\337\000s@\360jm\250\001\272\311\224\241E"
 517      DF007340 
 517      F06A6DA8 
 517      01BAC994 
 517      A145
 518 199c 78610C35 		.ascii	"xa\0145\006\203\377\255\006*\020A\350\265\304X\276\201"
 518      0683FFAD 
 518      062A1041 
 518      E8B5C458 
 518      BE81
 519 19ae D489E065 		.ascii	"\324\211\340e(\370\365\262g\215\255\340\320P\021\346"
 519      28F8F5B2 
 519      678DADE0 
 519      D05011E6 
 520 19be B7C61F86 		.ascii	"\267\306\037\206\364\315\347o\001b\241\301;\337@\304"
 520      F4CDE76F 
 520      0162A1C1 
 520      3BDF40C4 
 521 19ce 86309BB3 		.ascii	"\2060\233\263\177\0031`oh\000\243\363\211q\365\007\001"
 521      7F033160 
 521      6F6800A3 
ARM GAS  C:\Users\akudo\AppData\Local\Temp\ccoaJxsm.s 			page 42


 521      F38971F5 
 521      0701
 522 19e0 A630F367 		.ascii	"\2460\363g\324F\317\354Z\230\311\017^\302\314\001\323"
 522      D446CFEC 
 522      5A98C90F 
 522      5EC2CC01 
 522      D3
 523 19f1 98362CF1 		.ascii	"\2306,\361SxP\026\037\302\2600\016\340\015\237\255\361"
 523      53785016 
 523      1FC2B030 
 523      0EE00D9F 
 523      ADF1
 524 1a03 FFC41868 		.ascii	"\377\304\030h\364\0153\276\375\374\012\371o\000\257"
 524      F40D33BE 
 524      FDFC0AF9 
 524      6F00AF
 525 1a12 0EF003A5 		.ascii	"\016\360\003\245\334\210?A\247\214055\366\262\2160\337"
 525      DC883F41 
 525      A78C3035 
 525      35F6B28E 
 525      30DF
 526 1a24 200CAA3B 		.ascii	" \014\252;\274\026q\265\211\271\213\213\211\316u\225"
 526      BC1671B5 
 526      89B98B8B 
 526      89CE7595 
 527 1a34 89CE1D93 		.ascii	"\211\316\035\2230wLl\356h\340\355Z\0238\256Ye\"\215"
 527      30774C6C 
 527      EE68E0ED 
 527      5A1338AE 
 527      5965228D 
 528 1a48 BEFD5580 		.ascii	"\276\375U\200\311\274\3267\320`\016\010\202\260!0\366"
 528      C9BCD637 
 528      D0600E08 
 528      82B02130 
 528      F6
 529 1a59 04C63215 		.ascii	"\004\3062\025\036\016\357\230W;\274R\177e\246\256I\236"
 529      1E0EEF98 
 529      573BBC52 
 529      7F65A6AE 
 529      499E
 530 1a6b 24366B88 		.ascii	"$6k\210\322P\001\321\031\336\370\033\003\315\276PX\265"
 530      D25001D1 
 530      19DEF81B 
 530      03CDBE50 
 530      58B5
 531 1a7d 36D8CF40 		.ascii	"6\330\317@iH\311\205\320\372\232\334\340\021\350\033"
 531      6948C985 
 531      D0FA9ADC 
 531      E011E81B 
 532 1a8d 6626E4F0 		.ascii	"f&\344\360\212\210\323\013\335\3677~\261v5sa\351\033"
 532      8A88D30B 
 532      DDF7377E 
 532      B1763573 
 532      61E91B
 533 1aa0 4DA86F70 		.ascii	"M\250op\200\037\361X\354\377\305jm\220/L\\j\373\027"
 533      801FF158 
 533      ECFFC56A 
ARM GAS  C:\Users\akudo\AppData\Local\Temp\ccoaJxsm.s 			page 43


 533      6D902F4C 
 533      5C6AFB17 
 534 1ab4 CC41063F 		.ascii	"\314A\006?\337\300\200/L\276\346\200\220`\020e2\323"
 534      DFC0802F 
 534      4CBEE680 
 534      90601065 
 534      32D3
 535 1ac6 69E612B2 		.ascii	"i\346\022\262jU\230\321\274\364\371\207\303L\334\203"
 535      6A5598D1 
 535      BCF4F987 
 535      C34CDC83 
 536 1ad6 330769C3 		.ascii	"3\007i\303\314_\002\307\325\301\302:\263\374m\373:C"
 536      CC5F02C7 
 536      D5C1C23A 
 536      B3FC6DFB 
 536      3A43
 537 1ae8 8AFA00FF 		.ascii	"\212\372\000\377@\2430\277`^q~k\310\320\004\370\203"
 537      40A330BF 
 537      605E717E 
 537      6BC8D004 
 537      F883
 538 1afa 99035605 		.ascii	"\231\003V\005\200]\000\373\213\321\024B\236a\001\177"
 538      805D00FB 
 538      8BD11442 
 538      9E61017F 
 539 1b0a 31521ECB 		.ascii	"1R\036\313\226\333y\320\"1&X\0324&\305P\263\211P\022"
 539      96DB79D0 
 539      22312658 
 539      1A3426C5 
 539      50B38950 
 540 1b1f 2F202621 		.ascii	"/ &!ewq\016\323\232U\006\350\017\035k\255P\206\001\327"
 540      6577710E 
 540      D39A5506 
 540      E80F1D6B 
 540      AD508601 
 541 1b34 09453AEA 		.ascii	"\011E:\3526\204\016\275\255\001\011\233\036B\031\272"
 541      36840EBD 
 541      AD01099B 
 541      1E4219BA 
 542 1b44 15181014 		.ascii	"\025\030\020\024`\326\331q\010\2306\204FK[+\022*\365"
 542      60D6D971 
 542      08983684 
 542      464B5B2B 
 542      122AF5
 543 1b57 76914688 		.ascii	"v\221F\210Sf[\025\321\357\033\314T\373\254YC\326tap"
 543      53665B15 
 543      D1EF1BCC 
 543      54FBAC59 
 543      43D67461 
 544 1b6c 49D0A3C5 		.ascii	"I\320\243\305\027\226\230B\374}\315\276Kl/\200\346\323"
 544      17969842 
 544      FC7DCDBE 
 544      4B6C2F80 
 544      E6D3
 545 1b7e 0D61FF1A 		.ascii	"\015a\377\032\342\367\3457\231\327\033H \320\320e.\020"
 545      E2F7E537 
 545      99D71B48 
ARM GAS  C:\Users\akudo\AppData\Local\Temp\ccoaJxsm.s 			page 44


 545      20D0D065 
 545      2E10
 546 1b90 9ABA1B20 		.ascii	"\232\272\033 6\233\015\277\374\347O\177\375\361'\277"
 546      369B0DBF 
 546      FCE74F7F 
 546      FDF127BF 
 547 1ba0 75F70D5C 		.ascii	"u\367\015\\\347\273!\014\"} \254\347\277x*[\360\346"
 547      E7BB210C 
 547      227D20AC 
 547      E7BF782A 
 547      5BF0E6
 548 1bb3 A52BFEF0 		.ascii	"\245+\376\360\351o?\025\271\2235\312/\350\003\360]6"
 548      E96F3F15 
 548      B99335CA 
 548      2FE803F0 
 548      5D36
 549 1bc5 4D41BD3F 		.ascii	"MA\275?\006\023)lY]K\313\256\006\352\335\006\203\273"
 549      0613296C 
 549      595D4BCB 
 549      AE06EADD 
 549      0683BB
 550 1bd8 ADB064F9 		.ascii	"\255\260d\371;\313\337\375?O\375\261a"
 550      3BCBDFFD 
 550      3F4FFDB1 
 550      61
 551              		.text
 552              		.section	.gnu.lto_.symtab.cfc14d89,"",%progbits
 553 0000 63685265 		.ascii	"chRegFirstThread\000\000\000\000\000\000\000\000\000"
 553      67466972 
 553      73745468 
 553      72656164 
 553      00000000 
 554 0019 00000074 		.ascii	"\000\000\000t\001\000\000chRegNextThread\000\000\000"
 554      01000063 
 554      68526567 
 554      4E657874 
 554      54687265 
 555 0032 00000000 		.ascii	"\000\000\000\000\000\000\000\000\000x\001\000\000ch"
 555      00000000 
 555      00780100 
 555      006368
 556 0041 5F646562 		.ascii	"_debug\000\000\000\000\000\000\000\000\000\000\000\000"
 556      75670000 
 556      00000000 
 556      00000000 
 556      0000
 557 0053 44020000 		.ascii	"D\002\000\000ch\000\000\002\000\000\000\000\000\000"
 557      63680000 
 557      02000000 
 557      000000
 558 0062 000000F2 		.ascii	"\000\000\000\362\001\000\000chThdRelease\000\000\002"
 558      01000063 
 558      68546864 
 558      52656C65 
 558      61736500 
 559 0078 00000000 		.ascii	"\000\000\000\000\000\000\000\000\000|\001\000\000"
 559      00000000 
ARM GAS  C:\Users\akudo\AppData\Local\Temp\ccoaJxsm.s 			page 45


 559      007C0100 
 559      00
 560              		.text
 561              		.section	.gnu.lto_.opts,"",%progbits
 562 0000 272D666E 		.ascii	"'-fno-trapv' '-mcpu=cortex-m4' '-mno-thumb-interwor"
 562      6F2D7472 
 562      61707627 
 562      20272D6D 
 562      6370753D 
 563 0033 6B272027 		.ascii	"k' '-mthumb' '-ggdb' '-O2' '-fomit-frame-pointer' '"
 563      2D6D7468 
 563      756D6227 
 563      20272D67 
 563      67646227 
 564 0066 2D66616C 		.ascii	"-falign-functions=16' '-ffunction-sections' '-fdata"
 564      69676E2D 
 564      66756E63 
 564      74696F6E 
 564      733D3136 
 565 0099 2D736563 		.ascii	"-sections' '-fno-common' '-flto'\000"
 565      74696F6E 
 565      73272027 
 565      2D666E6F 
 565      2D636F6D 
 566              		.text
 567              		.comm	__gnu_lto_v1,1,1
 568              		.comm	__gnu_lto_slim,1,1
 569              		.ident	"GCC: (GNU Tools for ARM Embedded Processors) 4.9.3 20150529 (release) [ARM/embedded-4_9-br
ARM GAS  C:\Users\akudo\AppData\Local\Temp\ccoaJxsm.s 			page 46


DEFINED SYMBOLS
                            *ABS*:00000000 chregistry.c
                            *COM*:00000001 __gnu_lto_v1
                            *COM*:00000001 __gnu_lto_slim

NO UNDEFINED SYMBOLS
