ARM GAS  C:\Users\akudo\AppData\Local\Temp\cc5IdV3d.s 			page 1


   1              		.syntax unified
   2              		.cpu cortex-m4
   3              		.fpu softvfp
   4              		.eabi_attribute 20, 1
   5              		.eabi_attribute 21, 1
   6              		.eabi_attribute 23, 3
   7              		.eabi_attribute 24, 1
   8              		.eabi_attribute 25, 1
   9              		.eabi_attribute 26, 1
  10              		.eabi_attribute 30, 2
  11              		.eabi_attribute 34, 1
  12              		.eabi_attribute 18, 4
  13              		.thumb
  14              		.file	"crt1.c"
  15              		.text
  16              	.Ltext0:
  17              		.section	.gnu.lto_.profile.cfc1671c,"",%progbits
  18 0000 789C6366 		.ascii	"x\234cf```a\200\000F\006IQ\000\000\273\0007"
  18      60606061 
  18      80004606 
  18      49510000 
  18      BB0037
  19              		.text
  20              		.section	.gnu.lto_.jmpfuncs.cfc1671c,"",%progbits
  21 0000 789C6366 		.ascii	"x\234cf\300\016\004\2414+\020320010030\260\0009\000"
  21      C00E04A1 
  21      342B1033 
  21      32303031 
  21      30303330 
  22 0018 03080024 		.ascii	"\003\010\000$"
  23              		.text
  24              		.section	.gnu.lto_.inline.cfc1671c,"",%progbits
  25 0000 789C6366 		.ascii	"x\234cf\300\016\342\2414+\003\0033\023#\003\023\220"
  25      C00EE2A1 
  25      342B0303 
  25      33132303 
  25      1390
  26 0012 C9B6401E 		.ascii	"\311\266@\036D10b\2100a\2100\003y\020\021\0260\011\244"
  26      44313062 
  26      88306188 
  26      30037910 
  26      11163009 
  27 0027 445E7102 		.ascii	"D^q\002E\224\332\026\315d\204+c\000\000\376\271\006"
  27      4594DA16 
  27      CD64842B 
  27      630000FE 
  27      B906
  28 0039 9F       		.ascii	"\237"
  29              		.text
  30              		.section	.gnu.lto_.pureconst.cfc1671c,"",%progbits
  31 0000 789C6366 		.ascii	"x\234cf``\340f\200\000V\006\011F\011&\011f\023\026)"
  31      6060E066 
  31      80005606 
  31      09460926 
  31      09661316 
  32 0015 00043A00 		.ascii	"\000\004:\000\264"
  32      B4
ARM GAS  C:\Users\akudo\AppData\Local\Temp\cc5IdV3d.s 			page 2


  33              		.text
  34              		.section	.gnu.lto___core_init.cfc1671c,"",%progbits
  35 0000 789C6366 		.ascii	"x\234cf\300\004R@\\\002\304\036@\314\310\314\300\310"
  35      C0045240 
  35      5C02C41E 
  35      40CCC8CC 
  35      C0C8
  36 0012 34E11C03 		.ascii	"4\341\034\003C#\007\023##\210\301\300\310P\317\304X"
  36      43230713 
  36      232388C1 
  36      C0C850CF 
  36      C458
  37 0024 CFF892E9 		.ascii	"\317\370\222\351#\023\343\204\003\253gp\253/mhh\370"
  37      2313E384 
  37      03AB6770 
  37      AB2F6D68 
  37      68F8
  38 0036 D07459A2 		.ascii	"\320tY\242U\342'\023\003\303g&\2101\214\313\031\325"
  38      55E22713 
  38      03C36726 
  38      88318CCB 
  38      19D5
  39 0048 19806A3E 		.ascii	"\031\200j>\266\374\275\316\315\326\002T#\000\221c\\"
  39      B6FCBDCE 
  39      CDD60254 
  39      23009163 
  39      5C
  40 0059 C1C8C608 		.ascii	"\301\310\306\010\244\327\013\035h\370\377\177\361\234"
  40      A4D70B1D 
  40      68F8FF7F 
  40      F19C
  41 0067 37975980 		.ascii	"7\227Y\200\302O\200\030d\376S&&\020\315|\217\221\021"
  41      C24F8018 
  41      64FE5326 
  41      2610CD7C 
  41      8F9111
  42 007a A41064D2 		.ascii	"\244\020d\322\023&F\220\020P\201\233\263\225\276sFf"
  42      13264690 
  42      1050819B 
  42      B395BE73 
  42      4666
  43 008c 52667049 		.ascii	"RfpIiJf\276~2\210\235_lhf\250\237_\254\237\234\237\233"
  43      694A66BE 
  43      7E32889D 
  43      5F6C6866 
  43      A89F5FAC 
  44 00a4 9B9FA75F 		.ascii	"\233\237\247_\220_TR\254\357\030\344\353\354[\001\022"
  44      905F5452 
  44      ACEF18E4 
  44      EBEC5B01 
  44      12
  45 00b5 2BC8CC49 		.ascii	"+\310\314I-*\326wwv\326O.*1\324Kf\000\000\333\377A\213"
  45      2D2AD677 
  45      7776D64F 
  45      2E2A31D4 
  45      4B660000 
  46              		.text
ARM GAS  C:\Users\akudo\AppData\Local\Temp\cc5IdV3d.s 			page 3


  47              		.section	.gnu.lto___early_init.cfc1671c,"",%progbits
  48 0000 789C6366 		.ascii	"x\234cf\300\004R@\\\004\304\036@\314\310\314\300\310"
  48      C0045240 
  48      5C04C41E 
  48      40CCC8CC 
  48      C0C8
  49 0012 34E11C03 		.ascii	"4\341\034\003C#\007\023##\210\301\300\310P\317\304X"
  49      43230713 
  49      232388C1 
  49      C0C850CF 
  49      C458
  50 0024 CFF892E9 		.ascii	"\317\370\222\351#\023\343\204\003\253gp\253/mhh\370"
  50      2313E384 
  50      03AB6770 
  50      AB2F6D68 
  50      68F8
  51 0036 B0E9BA44 		.ascii	"\260\351\272D\253\304O&\006\206\317L\020c\030\2273\252"
  51      ABC44F26 
  51      0686CF4C 
  51      10631897 
  51      33AA
  52 0048 3300D57C 		.ascii	"3\000\325|l\371{\235\233\255\005\250F\000\"\307\270"
  52      6CF97B9D 
  52      9BAD05A8 
  52      460022C7 
  52      B8
  53 0059 82918D11 		.ascii	"\202\221\215\021H\257\027:\320\360\377\377\3439\022"
  53      48AF173A 
  53      D0F0FFFF 
  53      E33912
  54 0068 40C12740 		.ascii	"@\301'@\0142\375)\023\023\210f\276\307\310\010R\006"
  54      0C32FD29 
  54      13138866 
  54      BEC7C808 
  54      5206
  55 007a 32E70913 		.ascii	"2\347\011\023#H\010\250\300\315\331J\3379#3)3\270\244"
  55      234808A8 
  55      C0CDD94A 
  55      DF392333 
  55      2933B8A4 
  56 008e 3425335F 		.ascii	"4%3_?\031\304\316/643\324\317/\326O\316\317\315\315"
  56      3F19C4CE 
  56      2F363433 
  56      D4CF2FD6 
  56      4FCECFCD 
  57 00a3 CFD32FC8 		.ascii	"\317\323/\310/*)\326w\014\362u\366\255\000\211\025d"
  57      2F2A29D6 
  57      770CF275 
  57      F6AD0089 
  57      1564
  58 00b5 E6A41615 		.ascii	"\346\244\026\025\353\273;;\353'\027\225\030\352%3\000"
  58      EBBB3B3B 
  58      EB271795 
  58      18EA2533 
  58      00
  59 00c6 001DE440 		.ascii	"\000\035\344@R"
  59      52
ARM GAS  C:\Users\akudo\AppData\Local\Temp\cc5IdV3d.s 			page 4


  60              		.text
  61              		.section	.gnu.lto___late_init.cfc1671c,"",%progbits
  62 0000 789C6366 		.ascii	"x\234cf\300\004R@\\\004\304\036@\314\310\314\300\310"
  62      C0045240 
  62      5C04C41E 
  62      40CCC8CC 
  62      C0C8
  63 0012 34E11C03 		.ascii	"4\341\034\003C#\007\023##\210\301\300\310P\317\304X"
  63      43230713 
  63      232388C1 
  63      C0C850CF 
  63      C458
  64 0024 CFF892E9 		.ascii	"\317\370\222\351#\023\343\204\003\253gp\253/mhh\370"
  64      2313E384 
  64      03AB6770 
  64      AB2F6D68 
  64      68F8
  65 0036 30E9B644 		.ascii	"0\351\266D\253\304O&\006\206\317L\020c\030\2273\252"
  65      ABC44F26 
  65      0686CF4C 
  65      10631897 
  65      33AA
  66 0048 3300D57C 		.ascii	"3\000\325|l\371{\235\233\255\005\250F\000\"\307\270"
  66      6CF97B9D 
  66      9BAD05A8 
  66      460022C7 
  66      B8
  67 0059 82918D11 		.ascii	"\202\221\215\021H\257\027:\320\360\377\377\3429\022"
  67      48AF173A 
  67      D0F0FFFF 
  67      E23912
  68 0068 40C12740 		.ascii	"@\301'@\0142\375)\023\023\210f\276\307\310\010R\006"
  68      0C32FD29 
  68      13138866 
  68      BEC7C808 
  68      5206
  69 007a 32E70913 		.ascii	"2\347\011\023#H\010\250\300\315\331J\3379#3)3\270\244"
  69      234808A8 
  69      C0CDD94A 
  69      DF392333 
  69      2933B8A4 
  70 008e 3425335F 		.ascii	"4%3_?\031\304\316/643\324\317/\326O\316\317\315\315"
  70      3F19C4CE 
  70      2F363433 
  70      D4CF2FD6 
  70      4FCECFCD 
  71 00a3 CFD32FC8 		.ascii	"\317\323/\310/*)\326w\014\362u\366\255\000\211\025d"
  71      2F2A29D6 
  71      770CF275 
  71      F6AD0089 
  71      1564
  72 00b5 E6A41615 		.ascii	"\346\244\026\025\353\273;;\353'\027\225\030\352%3\000"
  72      EBBB3B3B 
  72      EB271795 
  72      18EA2533 
  72      00
  73 00c6 00EEB93F 		.ascii	"\000\356\271?\366"
ARM GAS  C:\Users\akudo\AppData\Local\Temp\cc5IdV3d.s 			page 5


  73      F6
  74              		.text
  75              		.section	.gnu.lto___default_exit.cfc1671c,"",%progbits
  76 0000 789C6366 		.ascii	"x\234cf\300\004&@\\\014\304\036@\314\310\312\300\310"
  76      C0042640 
  76      5C0CC41E 
  76      40CCC8CA 
  76      C0C8
  77 0012 34E11C03 		.ascii	"4\341\034\003C#\007\023#3\210\301\310\314\310\002\021"
  77      43230713 
  77      233388C1 
  77      C8CCC802 
  77      11
  78 0023 60810838 		.ascii	"`\201\010822\32431\2630\002\011\210\376\227L\037\231"
  78      3232D433 
  78      31B33002 
  78      0988FE97 
  78      4C1F99
  79 0036 18271C58 		.ascii	"\030'\034X=\203[}iCC\303\207Gw%Z%~210|f\202(`\\\316"
  79      3D835B7D 
  79      694343C3 
  79      87477725 
  79      5A257E32 
  80 0053 A8CE0054 		.ascii	"\250\316\000T\363\261\345\357un\266\026\240\032\001"
  80      F3B1E5EF 
  80      756EB616 
  80      A01A01
  81 0062 881CE30A 		.ascii	"\210\034\343\012F6F \275^\350@\303\377\377\217\347\356"
  81      46364620 
  81      BD5EE840 
  81      C3FFFF8F 
  81      E7EE
  82 0074 B9CF02E4 		.ascii	"\271\317\002\344>\001J1\002I&\240\335O\200\226\000-"
  82      3E014A31 
  82      024926A0 
  82      DD4F8096 
  82      002D
  83 0086 657CC2C4 		.ascii	"e|\302\304\002\245\031\301F\2729[\351;gd&e\006\227\224"
  83      02A519C1 
  83      46BA395B 
  83      E93B6764 
  83      26650697 
  84 009b A664E6EB 		.ascii	"\246d\346\353'\203\330\371\305\206f\206\372\371\305"
  84      2783D8F9 
  84      C5866686 
  84      FAF9C5
  85 00aa FAC9F9B9 		.ascii	"\372\311\371\271\271\371y\372\005\371E%\305\372\216"
  85      B9F979FA 
  85      05F94525 
  85      C5FA8E
  86 00b9 41BECEBE 		.ascii	"A\276\316\276\025 \261\202\314\234\324\242b}wgg\375"
  86      1520B182 
  86      CC9CD4A2 
  86      627D7767 
  86      67FD
  87 00cb E4A21243 		.ascii	"\344\242\022C\275d\006\000+5D\266"
  87      BD640600 
ARM GAS  C:\Users\akudo\AppData\Local\Temp\cc5IdV3d.s 			page 6


  87      2B3544B6 
  88              		.text
  89              		.section	.gnu.lto___init_ram_areas.cfc1671c,"",%progbits
  90 0000 789C8D54 		.ascii	"x\234\215T\377k[U\024\277\347\336\227\227\227\274\304"
  90      FF6B5B55 
  90      14BFE7DE 
  90      979797BC 
  90      C4
  91 0011 A46B8531 		.ascii	"\244k\2051\020\205\3760\177\331\236\365\007\221\376"
  91      1085FE30 
  91      7FD99EF5 
  91      0791FE
  92 0020 2223E097 		.ascii	"\"#\340\227\037*~\371\007\324N\260\340\226\320V\030"
  92      1F2A7EF9 
  92      07D44EB0 
  92      E096D056 
  92      18
  93 0031 68E96B1B 		.ascii	"h\351k\033\035+\256\253\303\215\200ls\370e\255m\327"
  93      1D2BAEAB 
  93      C38D806C 
  93      73F865AD 
  93      6DD7
  94 0043 CDBA2D69 		.ascii	"\315\272-i7\227\256s\351f\255\014\263\012*\263\214\256"
  94      3797AE73 
  94      E966AD0C 
  94      B30A2AB3 
  94      8CAE
  95 0055 2AA83446 		.ascii	"*\2504F\227F-\361\234sSL\263U\014\344\335{\316=\367"
  95      97462DF1 
  95      9C73534C 
  95      B3550CE4 
  95      DD7BCE3D 
  96 006a 733EE773 		.ascii	"s>\347s\336;J\334\376;\214\377WM!\236\306\025\002\002"
  96      DE3B4ADC 
  96      FE3B8CFF 
  96      574D219E 
  96      C6150202 
  97 007e 64FFAC10 		.ascii	"d\377\254\020]\226\004\2457\012<zc\350\315\244\345\221"
  97      5D9604A5 
  97      370A3C7A 
  97      63E8CDA4 
  97      E591
  98 0090 C69B1921 		.ascii	"\306\233\031!\\\277\031\367\0127`\202E~\360\352u\322"
  98      5CBF19F7 
  98      0A376082 
  98      457EF0EA 
  98      75D2
  99 00a2 B2A4579F 		.ascii	"\262\244W\237\373\370\334'mm\372\331\2645\3606?\000"
  99      FBF8DC27 
  99      6D6DFAD9 
  99      B435F036 
  99      3F00
 100 00b4 AD0244A7 		.ascii	"\255\002D\247T\206\307\364Z>\333\017\235\206\022P*\225"
 100      5486C7F4 
 100      5A3EDB0F 
 100      9D861250 
 100      2A95
ARM GAS  C:\Users\akudo\AppData\Local\Temp\cc5IdV3d.s 			page 7


 101 00c6 3A999B47 		.ascii	":\231\233GS\264\364\362\223\314I\350O\017%\354\315\037"
 101      53B4F4F2 
 101      93CC49E8 
 101      4F0F25EC 
 101      CD1F
 102 00d8 B8AEBBD4 		.ascii	"\270\256\273\324\235\333\370\372\306\242\024\"/u\000"
 102      9DDBF8FA 
 102      C6A21422 
 102      2F7500
 103 00e7 1C83CD02 		.ascii	"\034\203\315\002cF\207\262\207A=\001\264O\035\377\375"
 103      634687B2 
 103      87413D01 
 103      B44F1DFF 
 103      FD
 104 00f8 0BFB4759 		.ascii	"\013\373GY\224p\037\231\343\373\247\023&\231\322 \363"
 104      94701F99 
 104      E3FBA713 
 104      2699D220 
 104      F3
 105 0109 DB0F57F6 		.ascii	"\333\017W\366\310\372\243\256\333=\337\233\231\015\270"
 105      C8FAA3AE 
 105      DB3DDF9B 
 105      990DB8
 106 0118 D36E7CBE 		.ascii	"\323n|\276T\272\267(\025\014\200B\\\030\204M\360\021"
 106      54BAB728 
 106      150C8042 
 106      5C18844D 
 106      F011
 107 012a 6C2A8B85 		.ascii	"l*\213\205Wr\361\225\257m3\216\004\3020\004\365:9\014"
 107      5772F195 
 107      AF6D338E 
 107      04C23004 
 107      F53A390C 
 108 013e 83094228 		.ascii	"\203\011B(\362`LWzo6\250\232\230@O\262\353|@\247\330"
 108      F2604C57 
 108      7A6F36A8 
 108      9A98404F 
 108      B2EB7C40 
 109 0154 FB43A622 		.ascii	"\373C\246\"\205\001#wJ\001\307\031by`\3179\251\236b"
 109      85012377 
 109      4A01C719 
 109      627960CF 
 109      39A99E62 
 110 0168 88CCDFB7 		.ascii	"\210\314\337\267\256\335\305\020\357\366\0353+\000F"
 110      AEDDC510 
 110      EFF61D33 
 110      2B0046
 111 0177 EF087002 		.ascii	"\357\010p\002\352G7\244\335Ri\354\342W\273\353'\344"
 111      EA4737A4 
 111      DD5269EC 
 111      E257BBEB 
 111      27E4
 112 0189 DD208897 		.ascii	"\335 \210\227dh\305\347\006?-~\372\331o\363> \0206\210"
 112      6468C5E7 
 112      063F2D7E 
 112      FAD96FF3 
 112      3E201036 
ARM GAS  C:\Users\akudo\AppData\Local\Temp\cc5IdV3d.s 			page 8


 113 019e 0F4F88ED 		.ascii	"\017O\210\3550\237\325\220\267\226\035u\014%\304\002"
 113      309FD590 
 113      B7961D75 
 113      0C25C402 
 114 01ae 567D5588 		.ascii	"V}U\210\233R\342\242\346\240;}\240\357\036VA+pp_6\251"
 114      9B52E2A2 
 114      E6A03B7D 
 114      A0EF1E56 
 114      412B7070 
 115 01c5 3AFE7213 		.ascii	":\376r\023\256U\224\346\212\324\332}\277\360\345U\213"
 115      AE5594E6 
 115      8AD4DA7D 
 115      BFF0E555 
 115      8B
 116 01d6 D437D91C 		.ascii	"\3247\331\034\334\367v\022\016\301;]\375\024\345\205"
 116      DCF77612 
 116      0EC13B5D 
 116      FD14E585 
 117 01e6 93D0011F 		.ascii	"\223\320\001\037S\035xvda a3@\372q\214\2071\014\304"
 117      531D7876 
 117      64612061 
 117      3340FA71 
 117      8C87310C 
 118 01fb DA3E810E 		.ascii	"\332>\201\016Ai\225\210{)m\230\371\024$\210o\240\373"
 118      41699588 
 118      7B296D98 
 118      F9142488 
 118      6FA0FB
 119 020e 74EE525E 		.ascii	"t\356R^U\265\010\351\023o\356\020\336?\005fA\372+\251"
 119      55B508E9 
 119      136FEE10 
 119      DE3F0566 
 119      41FA2BA9 
 120 0222 284E776A 		.ascii	"(Nwj\371\310/A\242\342\272i\247(-D\204\323e*\277^\350"
 120      F9C82F41 
 120      A2E2BA69 
 120      A7282D44 
 120      84D3652A 
 121 0239 FB33B465 		.ascii	"\3733\264e\310\015\027\245\017\316 \217\337\370}\203"
 121      C80D17A5 
 121      0FCE208F 
 121      DFF87D83 
 122 0249 246C1148 		.ascii	"$l\021H\301}\204P)\021\"3\215\2672J'\262\253\220\267"
 122      C17D8450 
 122      29112233 
 122      8DB7324A 
 122      27B2AB90 
 123 025e FE17728A 		.ascii	"\376\027r\212\221\201\220\307\327 \237 d[\210E\2005"
 123      918190C7 
 123      D7209F20 
 123      645B8845 
 123      8035
 124 0270 CACEF7EE 		.ascii	"\312\316\367\356\336\260*.L@\207\034\360\026d\235=\363"
 124      DEB02A2E 
 124      4C40871C 
 124      F016649D 
 124      3DF3
ARM GAS  C:\Users\akudo\AppData\Local\Temp\cc5IdV3d.s 			page 9


 125 0282 C7732890 		.ascii	"\307s(\220!\360\243S\310\346V\357\\\352aM'XY\267\261"
 125      21F0A353 
 125      C8E656EF 
 125      5CEA614D 
 125      275859B7 
 126 0297 A66E284A 		.ascii	"\246n(J\177AJ8K\314\340\034\211\215w\367\037\015\322"
 126      7F414A38 
 126      4BCCE01C 
 126      898D77F7 
 126      1F0DD2
 127 02aa CDAA2ABC 		.ascii	"\315\252*\274\034\253\312\261\237b,BcxO\342\215\353"
 127      1CABCAB1 
 127      9F622C42 
 127      63784FE2 
 127      8DEB
 128 02bc A90774AA 		.ascii	"\251\007t\252\020\005\320;9\007\362\337\"B:j1\365\240"
 128      1005D03B 
 128      3907F2DF 
 128      22423A6A 
 128      31F5A0
 129 02cf 8E0A53CA 		.ascii	"\216\012S\312\312(\0261\314\035\366\010\034\017\345"
 129      CA281631 
 129      CC1DF608 
 129      1C0FE5
 130 02de 16F36525 		.ascii	"\026\363e%\264\3011R\367{f\314\243\221\002kkY_\345\363"
 130      B4C13152 
 130      F77B66CC 
 130      A391026B 
 130      6B595FE5 
 131 02f3 AC324B96 		.ascii	"\2542K\226F\225\257A|\266gg\031\203r\010\322Yb'\325"
 131      4695AF41 
 131      7CB66767 
 131      19837208 
 131      D2596227 
 132 0308 77B9D790 		.ascii	"w\271\327\220\2131\223\337\276\010\012\033\240~&G\310"
 132      8B3193DF 
 132      BE080A1B 
 132      A07E2647 
 132      C8
 133 0319 389B277D 		.ascii	"8\233'}Mz\0011\0243)\017\240\303\273*\370\322R\366="
 133      4D7A0131 
 133      1433290F 
 133      A0C3BB2A 
 133      F8D252F6 
 134 032e B5AE6C46 		.ascii	"\265\256lFY\266I\344Q\331\016?\372.\340\011\01347^\226"
 134      59B649E4 
 134      51D90E3F 
 134      FA2EE009 
 134      0B34375E 
 135 0343 B1962EDC 		.ascii	"\261\226.\334&c-\013d\221@P!\220\301\232\234\314\256"
 135      26632D0B 
 135      64914050 
 135      2190C19A 
 135      9CCCAE
 136 0356 6A52F37F 		.ascii	"jR\363\1775\231bM\250v\270X\245I\015\301\262&FAZ&v\272"
 136      3599624D 
 136      A876B858 
ARM GAS  C:\Users\akudo\AppData\Local\Temp\cc5IdV3d.s 			page 10


 136      A5490DC1 
 136      B2264641 
 137 036e D63BCC2F 		.ascii	"\326;\314/\230\217\004`\2667\032ul\035&@\350\317o,\347"
 137      988F0460 
 137      B6371A75 
 137      6C1D2640 
 137      E8CF6F2C 
 138 0383 033C6291 		.ascii	"\003<b\221\330g\025\334\371C\255#\370\231\236\211C\212"
 138      D86715DC 
 138      F943AD23 
 138      F8999E89 
 138      438A
 139 0395 BE48B4D7 		.ascii	"\276H\264\327\035\026\325\323\341R\305tx\377\300\301"
 139      1D16D5D3 
 139      E152C574 
 139      78FFC0C1 
 140 03a5 610FE5B0 		.ascii	"a\017\345\260-2/O\015\236\0119#n\277\233n\304B!\203"
 140      2D322F4F 
 140      0D9E0939 
 140      236EBF9B 
 140      6EC44221 
 141 03ba F7605A4F 		.ascii	"\367`ZOD\232\362S\311\021\237\236%\367\323h\277\014"
 141      449AF253 
 141      C9119F9E 
 141      25F7D368 
 141      BF0C
 142 03cc 0E967A85 		.ascii	"\016\226z\205G\011\2152[\214\231p\023[\200\243\354:"
 142      47098D32 
 142      5B8C9970 
 142      135B80A3 
 142      EC3A
 143 03de 0EEFDC93 		.ascii	"\016\357\334\223zZ\320\031\240\023\011=\032it\"/\265"
 143      7A5AD019 
 143      A013093D 
 143      1A697422 
 143      2FB5
 144 03f0 BCD0F26C 		.ascii	"\274\320\362l\373+\333[\242N3\355\243m\015\01758\321"
 144      FB2BDB5B 
 144      A24E33ED 
 144      A36D0D0F 
 144      3538D1
 145 0403 36A739BA 		.ascii	"6\2479\272cGt\247\023\213\266\266\2679\333\236i\212"
 145      634774A7 
 145      138BB6B6 
 145      B739DB9E 
 145      698A
 146 0415 34ED225F 		.ascii	"4\355\"_\254\345\345\027[\333\234\307\"\021\247\271"
 146      ACE5E517 
 146      5BDB9CC7 
 146      2211A7B9 
 147 0425 B5BD616B 		.ascii	"\265\275ak\263P\255\317\307d{\014b\377\000\271=Y\316"
 147      B350ADCF 
 147      C7647B0C 
 147      62FF00B9 
 147      3D59CE
 148              		.text
 149              		.section	.gnu.lto_.symbol_nodes.cfc1671c,"",%progbits
ARM GAS  C:\Users\akudo\AppData\Local\Temp\cc5IdV3d.s 			page 11


 150 0000 789C55CA 		.ascii	"x\234U\312WR\002a\024D\341>\377\314(\212\001\025\023"
 150      57520261 
 150      1444E13E 
 150      FFCC288A 
 150      011513
 151 0013 2AB81397 		.ascii	"*\270\023\227v\315\230E0\007\230\025\261!s\227\017B"
 151      76CD9845 
 151      30079815 
 151      B1217397 
 151      0F42
 152 0025 BF7C55A7 		.ascii	"\277|U\247:\223\264\203\376\226>\024Rg(E\250_V\224>"
 152      3A93B483 
 152      FE963E14 
 152      52672845 
 152      A85F5694 
 153 003a 158C852F 		.ascii	"\025\214\205/E\032\013\337\212\354?\344J\273D>\372("
 153      451A0BDF 
 153      8AEC3FE4 
 153      4ABB443E 
 153      FA28
 154 004c DEA53245 		.ascii	"\336\2452EV\354A-T\354\223\314\001\2319$7G\024\346\230"
 154      56EC412D 
 154      54EC93CC 
 154      01993924 
 154      374714E6 
 155 0061 09D366D2 		.ascii	"\011\323f\322\234P1\247L\2313\246\3159Us\301\214\271"
 155      9C5031A7 
 155      4C9933A6 
 155      CD395573 
 155      C18CB9
 156 0074 64D65C31 		.ascii	"d\326\\1g\256\2317\035j\346\206\005\323e\321\364X2\267"
 156      67AE9937 
 156      1D6AE686 
 156      05D365D1 
 156      F45832B7 
 157 0088 D4CD1DCB 		.ascii	"\324\315\035\313\346\236\025\363\300\252yd\315<\261"
 157      E69E15F3 
 157      C0AA7964 
 157      CD3CB1
 158 0097 6E9E6998 		.ascii	"n\236i\230\0276\314+\233\346\215-\323\247i\006\264L"
 158      1736CC2B 
 158      9BE68D2D 
 158      D3A76906 
 158      B44C
 159 00a9 C9F62FFA 		.ascii	"\311\366/\372\001\034\217BT"
 159      011C8F42 
 159      54
 160              		.text
 161              		.section	.gnu.lto_.refs.cfc1671c,"",%progbits
 162 0000 789C25C1 		.ascii	"x\234%\301[\032\201P\030\000\300\377\233:\024\241(\227"
 162      5B1A8150 
 162      1800C0FF 
 162      9B3A14A1 
 162      2897
 163 0012 90E3B61A 		.ascii	"\220\343\266\032\373\337\217\207f\212\210\370\305L)"
 163      FBDF8F87 
 163      668A88F8 
ARM GAS  C:\Users\akudo\AppData\Local\Temp\cc5IdV3d.s 			page 12


 163      C54C29
 164 0021 91A69C2C 		.ascii	"\221\246\234,,Uj+k\215\215\255\235Vg\357\24078:9\273"
 164      2C556A2B 
 164      6B8D8DAD 
 164      9D5667EF 
 164      A037383A 
 165 0037 185DDDDC 		.ascii	"\030]\335\334M\036\262\247\227\267\217o\374\001}Z\003"
 165      4D1EB2A7 
 165      97B78F6F 
 165      FC017D5A 
 165      03
 166 0048 98       		.ascii	"\230"
 167              		.text
 168              		.section	.gnu.lto_.decls.cfc1671c,"",%progbits
 169 0000 789CAD98 		.ascii	"x\234\255\230iPTW\026\307\373\276\333\335@\3334\226"
 169      69505457 
 169      16C7FBBE 
 169      DBDD40DB 
 169      3496
 170 0012 569672AA 		.ascii	"V\226r\2522D\253\254Y\222\020\\\260&\037\222\314X3I"
 170      3244ABAC 
 170      5992105C 
 170      B0261F92 
 170      CC583349 
 171 0026 CD649B99 		.ascii	"\315d\233\231\232O\241\252\213@gB\215B\006\332\232d"
 171      9A4FA1AA 
 171      8B406742 
 171      8D4206DA 
 171      9A64
 172 0038 AA52D58A 		.ascii	"\252R\325\212\020@ED\304\006\024\232M\211\254\"\240"
 172      10404544 
 172      C406149A 
 172      4D89AC22 
 172      A0
 173 0049 ECFBA280 		.ascii	"\354\373\242\200\033\250\020\220\305(HXe\011\340\306"
 173      1BA81090 
 173      C5284858 
 173      6509E0C6 
 174 0059 9C77EF79 		.ascii	"\234w\357y\017\373=\234\3712]u\270\357\276>\347w\376"
 174      0FFB3D9C 
 174      F9325D75 
 174      B8EFBE3E 
 174      E777FE
 175 006c EFFEEF7B 		.ascii	"\357\376\357{\335\015\325h4\215D\243Y\206\327\333/\300"
 175      DD0DD568 
 175      348D44A3 
 175      5986D7DB 
 175      2FC0
 176 007e 31D568F4 		.ascii	"1\325h\364p\356\023\315\312K\007\221\017q\026\242\030"
 176      70EE13CD 
 176      CA4B0791 
 176      0F7116A2 
 176      18
 177 008f A20CA202 		.ascii	"\242\014\242\002\342U\210\017\240\266\037\306!\210\273"
 177      E255880F 
 177      A0B61FC6 
 177      2188BB
ARM GAS  C:\Users\akudo\AppData\Local\Temp\cc5IdV3d.s 			page 13


 178 009e 10231063 		.ascii	"\020#\020c\020\223\020\017 \346 \226 \036C,C\010\220"
 178      1093100F 
 178      20E62096 
 178      201E432C 
 178      430890
 179 00b1 EF026180 		.ascii	"\357\002a\200p\207X\013\361\002\304\313\020?\203x\005"
 179      7087580B 
 179      F102C4CB 
 179      103F8378 
 179      05
 180 00c2 6213C466 		.ascii	"b\023\304f\210_B\274\006\341\015\261\015b\007\304[\020"
 180      885F42BC 
 180      06E10DB1 
 180      0D6207C4 
 180      5B10
 181 00d4 EF40FC0E 		.ascii	"\357@\374\016\342\367\020\357\023\215\323K\324I\236"
 181      E2F710EF 
 181      138DD34B 
 181      D4499E
 182 00e3 D14FF09C 		.ascii	"\321O\360\234\362uv\225\274\263\253\344\025\257\222"
 182      F2757695 
 182      BCB3ABE4 
 182      15AF92
 183 00f2 57BC4A5E 		.ascii	"W\274J^\331*ye\253\344\211\353f\304<\023\036\177\010"
 183      D92A7965 
 183      ABE489EB 
 183      66C43C13 
 183      1E7F08
 184 0105 C9CD1ABE 		.ascii	"\311\315\032\276\236\037\301q/\2147 >\206\343F\030\377"
 184      9E1FC171 
 184      2F8C3720 
 184      3E86E346 
 184      18FF
 185 0117 08A185B8 		.ascii	"\010\241\205\270\014\321\016q\025\242\003{T\340\370"
 185      0CD10E71 
 185      15A2037B 
 185      54E0F8
 186 0126 81621D1E 		.ascii	"\201b\035\036\010\244,\177\256c\315}\201\230\014\236"
 186      08A42C7F 
 186      AE63CD7D 
 186      81980C9E 
 187 0136 E2B43CAE 		.ascii	"\342\264<\256\325\256\207\251\321\240\025\247\025\217"
 187      D5AE87A9 
 187      D1A015A7 
 187      158F
 188 0144 EE74695F 		.ascii	"\356ti_:f\203Wl\230m\255\226|\362\"9M6\220l\262\001"
 188      3A668357 
 188      6C986DAD 
 188      967CF222 
 188      394D3690 
 189 015b 88DF9197 		.ascii	"\210\337\221\227\340\357\247ZN\372>\245\263\331\225"
 189      E0EFA75A 
 189      4EFA3EA5 
 189      B3D995
 190 016a 8275709C 		.ascii	"\202up\234a\037\3522\274v\006\312\"m\265\323d\245\335"
 190      611FEA32 
 190      BC7606CA 
ARM GAS  C:\Users\akudo\AppData\Local\Temp\cc5IdV3d.s 			page 14


 190      226DB5D3 
 190      64A5DD
 191 017d F7619133 		.ascii	"\367a\2213\036\364\005\226\024~yl\206j\005\015\311%"
 191      1EF40596 
 191      147E796C 
 191      866A050D 
 191      C925
 192 018f 94BF7B38 		.ascii	"\224\277{8\272\272\312\3033\305\346pL\227\027F\323D"
 192      BABACAC3 
 192      33C5E670 
 192      4C971746 
 192      D344
 193 01a1 9BA3DEF6 		.ascii	"\233\243\336\366ty\231\260V\344\014\241$\207\274\006"
 193      747999B0 
 193      56E40CA1 
 193      2487BC06 
 194 01b1 2DF38856 		.ascii	"-\363\210V#N\371\"\346\023O\250\255?23A\250\337s\310"
 194      234EF922 
 194      E6134FA8 
 194      AD3F3233 
 194      41A8DF73 
 195 01c6 7BFB5B52 		.ascii	"{\373[RL\214\354\250\310\322\267\306\326./\277\303\240"
 195      4C8CECA8 
 195      C8D2B7C6 
 195      D62E2FBF 
 195      C3A0
 196 01d8 0532B450 		.ascii	"\0052\264P\204\026H\320\263\014\232p\363\344\210\033"
 196      841648D0 
 196      B30C9A70 
 196      F3E4881B 
 197 01e8 0D7A0EB4 		.ascii	"\015z\016\264\254\357\276\203ph\217\023\264H\206\236"
 197      ACEFBE83 
 197      70688F13 
 197      B448869E 
 198 01f8 13A14512 		.ascii	"\023\241E\022\264\230A\013\373cf\\\350\277\031\264g"
 198      B498410B 
 198      FB63665C 
 198      E8BF19B4 
 198      67
 199 0209 68B4CB85 		.ascii	"h\264\313\205F\0216I\265\247\3342\212\035J\245\016\375"
 199      46113649 
 199      B5A7DC32 
 199      8A1D4AA5 
 199      0EFD
 200 021b 3DF1E56E 		.ascii	"=\361\345nROr\2360S\032\216\304\015\011b\3334\307\244"
 200      524F729E 
 200      30531A8E 
 200      C40D0962 
 200      DB34C7A4 
 201 022f 53DB12B9 		.ascii	"S\333\022\271\355\005\261m\211\324\266\214\265-N\037"
 201      ED05B16D 
 201      89D4B68C 
 201      B52D4E1F 
 202 023f BEED42E3 		.ascii	"\276\355B\343x\253\221\210\306?\213\210BG\344i}\253"
 202      78AB9188 
 202      C63F8B88 
 202      4247E469 
ARM GAS  C:\Users\akudo\AppData\Local\Temp\cc5IdV3d.s 			page 15


 202      7DAB
 203 0251 4D46944B 		.ascii	"MF\224K\010(+\227\352+X\375\261\312\023qnl\247\330\030"
 203      08282B97 
 203      EA2B58FD 
 203      B1CA1371 
 203      6E6CA7D8 
 204 0266 A2EDCEE2 		.ascii	"\242\355\316\342\254\221m\225\265\342\264\246z\261\331"
 204      AC916D95 
 204      B5E2B4A6 
 204      7AB1D9
 205 0275 403338FE 		.ascii	"@38\376`\344\340E\003\315\345\223\275\247*\016\272@"
 205      60E4E045 
 205      03CDE593 
 205      BDA72A0E 
 205      BA40
 206 0287 E2AB0676 		.ascii	"\342\253\006vM\003\311K\231nl*>N<\340\224\320:l\313"
 206      4D03C94B 
 206      996E6C2A 
 206      3E4E3CE0 
 206      94D03A6C 
 207 029c 3091CD86 		.ascii	"0\221\315\206L\3300\323SYw\336\017\263\275K\032\210"
 207      4CD830D3 
 207      535977DE 
 207      0FB3BD4B 
 207      1A88
 208 02ae 81D4C872 		.ascii	"\201\324\310rX\265\370\212\264\331\366\211\233\321\255"
 208      58B5F88A 
 208      B4D9F689 
 208      9BD1AD
 209 02bd D5A491F7 		.ascii	"\325\244\221\367\"\251'\233!\203\345\222Z8Y\007'\001"
 209      22A9279B 
 209      2183E592 
 209      5A385907 
 209      2701
 210 02cf DCF4B87A 		.ascii	"\334\364\270z\277\216\0306\257^\324\264J\021\223P\035"
 210      BF8E1836 
 210      AF5ED4B4 
 210      4A119350 
 210      1D
 211 02e0 15F7A2CD 		.ascii	"\025\367\242\315\246%\215 \241zE\002(\2227\362\324@"
 211      A6258D20 
 211      A17A4502 
 211      289237F2 
 211      D440
 212 02f2 448ECE18 		.ascii	"D\216\316\030\275\302e\311+\367F31bfT\323\203\002-}"
 212      BDC265C9 
 212      2BF74633 
 212      31626654 
 212      D383022D 
 213 0307 C86F8C83 		.ascii	"\310o\214\203%u\303&\032E\331\244\364^\242]G\217\362"
 213      2575C326 
 213      1A45D9A4 
 213      F45EA25D 
 213      478FF2
 214 031a 49E6B184 		.ascii	"I\346\261\204\\\035[NWq\352\310\312\233\322\323\024"
 214      5C1D5B4E 
 214      5771EAC8 
ARM GAS  C:\Users\akudo\AppData\Local\Temp\cc5IdV3d.s 			page 16


 214      CA9BD2D3 
 214      14
 215 032b F69EBE34 		.ascii	"\366\236\2764\346i\222\007\331\270q\343\372\215\233"
 215      E6699207 
 215      D9B871E3 
 215      FA8D9B
 216 033a 1DD072BA 		.ascii	"\035\320r\272\274o\224\210w\007\021\373\220V\220x\205"
 216      BC6F9488 
 216      770711FB 
 216      90569078 
 216      85
 217 034b AC5FB9B0 		.ascii	"\254_\271\260_\210\012N\213:4b\272c\261\310\366\356"
 217      5F880A4E 
 217      8B3A3462 
 217      BA63B1C8 
 217      F6EE
 218 035d 7ECA72DB 		.ascii	"~\312r\333\224\271\227\210\"yb%\271eU\360\257\304\324"
 218      94B99788 
 218      22796225 
 218      B96555F0 
 218      AFC4D4
 219 0370 23EC9960 		.ascii	"#\354\231`\263\275k\325\220Jx\273\212a\304dX,r\015V"
 219      B3BD6BD5 
 219      904A78BB 
 219      8A61C464 
 219      582C720D 
 220 0385 F632D948 		.ascii	"\3662\331H\332!\256Bt\220\215l\341X\203\251\225\006"
 220      DA21AE42 
 220      74908D6C 
 220      E15883A9 
 220      9506
 221 0397 175757C3 		.ascii	"\027WW\303:\210N\014\216oq\025\0234\322\246\224\327"
 221      3A884E0C 
 221      8E6F7115 
 221      1334D2A6 
 221      94D7
 222 03a9 7F7AB678 		.ascii	"\177z\266x\310\225\346\260\365\021:bG\217\272\220\365"
 222      C895E6B0 
 222      F5113A62 
 222      478FBA90 
 222      F5
 223 03ba 9B571345 		.ascii	"\233W\023E\272@\313\377\322\305z-\351\011\351\204\304"
 223      BA40CBFF 
 223      D2C57A2D 
 223      E909E984 
 223      C4
 224 03cb EB2B8E8B 		.ascii	"\353+\216\213\255\245\216\011%\227\322\326\254\307\026"
 224      ADA58E09 
 224      2597D2D6 
 224      ACC716
 225 03da 8EE7B5D0 		.ascii	"\216\347\265\320\254\312\027o\227\266\334\227\371\335"
 225      ACCA176F 
 225      97B6DC97 
 225      F9DD
 226 03e8 C3FC95EE 		.ascii	"\303\374\225\356&#\336M\013\031\203c\204\315]\304\351"
 226      2623DE4D 
 226      0B198363 
ARM GAS  C:\Users\akudo\AppData\Local\Temp\cc5IdV3d.s 			page 17


 226      84CD5DC4 
 226      E9
 227 03f9 E0D3589B 		.ascii	"\340\323X\233\207!\022\037\274\342\3662>\273\273z\304"
 227      8721121F 
 227      BCE2F632 
 227      3EBBBB7A 
 227      C4
 228 040a 9D086E90 		.ascii	"\235\010n\220n\266\317Ij\\\346\003\267u\261x\371\236"
 228      6EB6CF49 
 228      6A5CE603 
 228      B775B178 
 228      F99E
 229 041c 56761D37 		.ascii	"Vv\0357!\375\026K\377\236\254\223\212\304\354k\0157"
 229      21FD164B 
 229      FF9EAC93 
 229      8AC4EC6B 
 229      0D37
 230 042e F274CF66 		.ascii	"\362t\317f\337\370o\331a\205]Y\356\264\202\357\322\204"
 230      DFF86FD9 
 230      61855D59 
 230      EEB482EF 
 230      D284
 231 0440 B1F83003 		.ascii	"\261\3700\003m\342\223\222\202\274D\262)\3156\270o0"
 231      6DE29392 
 231      82BC44B2 
 231      29CD36B8 
 231      6F30
 232 0452 32E392D1 		.ascii	"2\343\222\321\321\012\213\270\274\374sv'\334\346\213"
 232      D10A8BB8 
 232      BCFC7376 
 232      27DCE68B 
 233 0462 F88CE6DB 		.ascii	"\370\214\346\333\374q\002ug\355\011=\036\337<\202\317"
 233      FC710275 
 233      67ED093D 
 233      1EDF3C82 
 233      CF
 234 0473 86C1AA30 		.ascii	"\206\301\2520\276\205\373\311&\366Vt\377\355pw\332\315"
 234      BE85FBC9 
 234      26F65674 
 234      FFED7077 
 234      DACD
 235 0485 F955495D 		.ascii	"\371UI]oK\370Ng\374\240\012?(\343\027\232\036\036'\210"
 235      6F4BF84E 
 235      67FCA00A 
 235      3F28E317 
 235      9A1E1E27 
 236 049a 87C78A88 		.ascii	"\207\307\212\210\037B|\331\371\223s.t\230\343oN\346"
 236      1F427CD9 
 236      F993732E 
 236      7498E36F 
 236      4EE6
 237 04ac DE93E487 		.ascii	"\336\223\344\207\365:\363\177P\361\177\220\371\361\275"
 237      F53AF37F 
 237      50F17F90 
 237      F9F1BD
 238 04bb D1E32E12 		.ascii	"\321\343.\022\377E\306\277\213\374\210\302\214\005\003"
 238      FF45C6BF 
ARM GAS  C:\Users\akudo\AppData\Local\Temp\cc5IdV3d.s 			page 18


 238      8BFC88C2 
 238      8C0503
 239 04ca 9DE77CFB 		.ascii	"\235\347|\373\303\321\001*\361\375\023mi\373l6\3619"
 239      C3D1012A 
 239      F1FD136D 
 239      69FB6C36 
 239      F139
 240 04dc CB1A0CAB 		.ascii	"\313\032\014\253\032\014\313\015nLg\217Pl\320\360\012"
 240      1A0CCB0D 
 240      6E4C678F 
 240      506CD0F0 
 240      0A
 241 04ed 6B30820D 		.ascii	"k0\202\015r\026\302\242\334|\212m\221\016O\346\232\270"
 241      7216C2A2 
 241      DC7C8A6D 
 241      910E4FE6 
 241      9AB8
 242 04ff D906C837 		.ascii	"\331\006\3107l\303\335\201Q\334t\367`\204\215G\356\223"
 242      6CC3DD81 
 242      51DC74F7 
 242      60848D47 
 242      EE93
 243 0511 6FC492D6 		.ascii	"o\304\222\326\226\214y\017\032\256e\232&\366\217g\033"
 243      968C790F 
 243      1AAE659A 
 243      26F68F67 
 243      1B
 244 0522 B9A6034A 		.ascii	"\271\246\003J\313~TI\372Q\226tm\342^\000WT\203\216\215"
 244      CB7E5449 
 244      FA519674 
 244      6DE25E00 
 244      5754838E 
 245 0537 A1A2E6CE 		.ascii	"\241\242\346\316\356\021Wj\347\370\201\201\372\006*"
 245      EE11576A 
 245      E7F88181 
 245      FA062A
 246 0546 E115964D 		.ascii	"\341\025\226M\250\360\0232\276\272\377n\027^q\015Z6"
 246      A8F01332 
 246      BEBAFF6E 
 246      175E710D 
 246      5A36
 247 0558 89FCDED6 		.ascii	"\211\374\336\326\260y7z\212\363\273z\303\262t\310WZ"
 247      B079377A 
 247      8AF3BB7A 
 247      C3B274C8 
 247      575A
 248 056a 36ADE24F 		.ascii	"6\255\342O\313\374\271o\227\373\210\304\347\226=@~z"
 248      CBFCB96F 
 248      97FB88C4 
 248      E7963D40 
 248      7E7A
 249 057c FF728607 		.ascii	"\377r\206\007-\341\374\370C3g\364\022_i\331\254\252"
 249      2DE1FCF8 
 249      433367F4 
 249      125F69D9 
 249      ACAA
 250 058e C1ACDCA0 		.ascii	"\301\254\334\240\2740\361\274\011\033\240es\330`n\250"
ARM GAS  C:\Users\akudo\AppData\Local\Temp\cc5IdV3d.s 			page 19


 250      BC30F1BC 
 250      091BA065 
 250      73D8606E 
 250      A8
 251 059f 65C25561 		.ascii	"e\302Ua\3318Z6\205\226\315\240e\363\334\262\244[\367"
 251      D9385A36 
 251      8596CDA0 
 251      65F3DCB2 
 251      A45BF7
 252 05b2 E6287B58 		.ascii	"\346({X\010\354>\353H_\322\322&.\361\320\343\372\"\003"
 252      08EC3EEB 
 252      485FD2D2 
 252      262EF1D0 
 252      E3FA2203 
 253 05c6 9718A374 		.ascii	"\227\030\243tpQ\245pQV\030[\035Sd\344\012/\241\205K"
 253      7051A570 
 253      5156185B 
 253      1D5364E4 
 253      0A2FA185 
 254 05db A8B03C6B 		.ascii	"\250\260<k\242GG\2739\277\344\310b\211N\342+,|\244\342"
 254      A24747BB 
 254      39BFE4C8 
 254      62894EE2 
 254      2B2C7CA4 
 255 05f0 3F92F9B3 		.ascii	"?\222\371\263w\355\267\004\344\243\205\217\221\177\250"
 255      77EDB704 
 255      E4A3858F 
 255      917FA8
 256 05ff BEF29C1B 		.ascii	"\276\362\234\033\035\346\374\246\234\366\373\270\304"
 256      1DE6FCA6 
 256      9CF6FBB8 
 256      C4
 257 060c 314A0B9F 		.ascii	"1J\013\237\252\370Oe~_\\\364\262\244\037-\\F~nnm\206"
 257      AAF84F65 
 257      7E5F5CF4 
 257      B2A41F2D 
 257      5C467E6E 
 258 0623 40E7397F 		.ascii	"@\3479\177\322^VA%\276\322\302\275\202\262\001\234\301"
 258      D25E5641 
 258      25BED2C2 
 258      BD82B201 
 258      9CC1
 259 0635 06FD27B2 		.ascii	"\006\375'\262\017\243\205\227\320\302}\002ope\361\341"
 259      0FA38597 
 259      D0C27D02 
 259      6F7065F1 
 259      E1
 260 0646 B45661E1 		.ascii	"\264Va\341C\264\360\011Zh\023\270\205a\002\2630&?s\326"
 260      43B4F009 
 260      5A6813B8 
 260      856102B3 
 260      30263F73 
 261 065b 835948C5 		.ascii	"\203YH\305\351\355[\243\327\\h\270\216I\274;?\217+\220"
 261      E9ED5BA3 
 261      D75C68B8 
 261      8E49BC3B 
 261      3F8F2B90 
ARM GAS  C:\Users\akudo\AppData\Local\Temp\cc5IdV3d.s 			page 20


 262 066f A8743042 		.ascii	"\250t0B%0B\026\030q=\245\0027q\007:\370-\012\274\235"
 262      25304216 
 262      18713DA5 
 262      02377107 
 262      3AF82D0A 
 263 0685 1B532250 		.ascii	"\033S\"P;\307\347\227\015\\\320I|\205\203Q*~\224\314"
 263      3BC7E797 
 263      0D5CD049 
 263      7C858351 
 263      2A7E94CC 
 264 0699 BF722022 		.ascii	"\277r \"\031\237k\035\350`4\362\013\006s\223\335\351"
 264      199F6B1D 
 264      E86034F2 
 264      0B067393 
 264      DDE9
 265 06ab 29CE8FAB 		.ascii	")\316\217\253\330\277\011\361J\003\017\252\360\007e"
 265      D8BF09F1 
 265      4A030FAA 
 265      F00765
 266 06ba 7C73C6E1 		.ascii	"|s\306\341N\031\317\015<\204\370\375\217\007oSZ\302"
 266      4E19CF0D 
 266      3C84F8FD 
 266      8F076F53 
 266      5AC2
 267 06cc F1A3E5D7 		.ascii	"\361\243\345\327\356\010\022_i\340aU\203\303r\203\205"
 267      EE08125F 
 267      69E06155 
 267      83C37283 
 267      85
 268 06dd D127DFB9 		.ascii	"\321'\337\271b\00340\026\033\244u54*\015\214\024\270"
 268      62033430 
 268      161BA475 
 268      35342A0D 
 268      8C14B8
 269 06f0 8107046E 		.ascii	"\201\007\004n`\014\032x\204\033(\375\0222\361_B\315"
 269      600C1A78 
 269      841B28FD 
 269      1232F15F 
 269      42CD
 270 0702 55F3CD02 		.ascii	"U\363\315\002m\342\022/\266\366\244\254\341\022O(\035"
 270      6DE2122F 
 270      B6F6A4AC 
 270      E1124F28 
 270      1D
 271 0713 8C57298C 		.ascii	"\214W)\214\227\025\0264\215\017\352\270\302nt\360\030"
 271      97151634 
 271      8D0FEAB8 
 271      C26E74F0 
 271      18
 272 0724 2ACC2A6C 		.ascii	"*\314*l\256\025h7\347\327$<\271\350.\361\025\016\036"
 272      AE156837 
 272      E7D7243C 
 272      B9E82EF1 
 272      150E1E
 273 0737 57F18FCB 		.ascii	"W\361\217\313\374\266\312\256\004=\362\321A;\362\263"
 273      FCB6CAAE 
 273      043DF2D1 
ARM GAS  C:\Users\akudo\AppData\Local\Temp\cc5IdV3d.s 			page 21


 273      413BF2B3 
 274 0747 87A22BB5 		.ascii	"\207\242+\265t\230\363\247\366\316\234\307g\310\011"
 274      7498F3A7 
 274      F6CE9CC7 
 274      67C809
 275 0756 A585492A 		.ascii	"\245\205I*~\222\314\257N\351\224V\270\033-LF\376\351"
 275      7E92CCAF 
 275      4EE99456 
 275      B81B2D4C 
 275      46FEE9
 276 0769 B8D4BC35 		.ascii	"\270\324\2745t\236\363\323s\312\217\022\211\257\264"
 276      749EF3D3 
 276      73CA8F12 
 276      89AFB4
 277 0778 F0A4AAC1 		.ascii	"\360\244\252\301I\271\301\235\245\322\253\356\330\000"
 277      49B9C19D 
 277      A5D2ABEE 
 277      D800
 278 0786 2D4CC106 		.ascii	"-L\301\006\031\207\006\223\004\205\205\011ha\"Zx\002"
 278      19870693 
 278      04858509 
 278      6861225A 
 278      7802
 279 0798 2D4CE516 		.ascii	"-L\345\026\216w&\227\033\231\205:qz\300>\326\275\206"
 279      8E772697 
 279      1B99853A 
 279      717AC03E 
 279      D6BD86
 280 07ab 86EB99C4 		.ascii	"\206\353\231\304\361\274\206\036\027.1Uia\272Ja\272"
 280      F1BC861E 
 280      172E3155 
 280      6961BA4A 
 280      61BA
 281 07bd ACB02E2E 		.ascii	"\254\260..\277\025\277\273\364\242\205\031\250p\266"
 281      BF15BFBB 
 281      F4A28519 
 281      A870B6
 282 07cc AF684C47 		.ascii	"\257hLG"
 283 07d0 ED9C5F94 		.ascii	"\355\234_\224\2368E%\276\302\302,\025?ke\023_:\232\205"
 283      9E384525 
 283      BEC2C22C 
 283      153F6B65 
 283      135F3A9A 
 284 07e5 16F6A285 		.ascii	"\026\366\242\205\247\220\377\323\343\376(\370$D\375"
 284      A790FFD3 
 284      E3FE28F8 
 284      2444FD
 285 07f4 67DAA6D1 		.ascii	"g\332\246\321\302T\245\205\331*~\266\314/\272\223\274"
 285      C254A585 
 285      D92A7EB6 
 285      CC2FBA93 
 285      BC
 286 0805 6492F8DC 		.ascii	"d\222\370\334\302\357\220?\336\366\303\0217Z\302\371"
 286      C2EF903F 
 286      DEF6C311 
 286      375AC2F9 
 287 0815 8E8594A3 		.ascii	"\216\205\224\243\202\304WZ\230\243j\220#7\2708\020u"
ARM GAS  C:\Users\akudo\AppData\Local\Temp\cc5IdV3d.s 			page 22


 287      82C4575A 
 287      98A36A90 
 287      2337B838 
 287      1075
 288 0827 133FCA7B 		.ascii	"\023?\312{\321\302\\lPQ\325\262\240SX\230\211\026\236"
 288      D1C25C6C 
 288      5051D5B2 
 288      A0535898 
 288      89169E
 289 083a 460BCFA0 		.ascii	"F\013\317\240\205y\334\302\270\360\013\027L\314B\275"
 289      8579DCC2 
 289      B8F00B17 
 289      4CCC42BD 
 290 084a 386D4FEA 		.ascii	"8mO\352\234u\247M\\\342\341c\221q\256\\\342\031\245"
 290      9C75A74D 
 290      5CE2E163 
 290      9171AE5C 
 290      E219A5
 291 085d 85852A85 		.ascii	"\205\205*\205\205\262\302\232\366\3262T\330\217\026"
 291      85B2C29A 
 291      F6D63254 
 291      D88F16
 292 086c 9E4585FB 		.ascii	"\236E\205\373\272k\302\340\223\220\363\323\362\253\302"
 292      BA6BC2E0 
 292      9390F3D3 
 292      F2ABC2
 293 087b DD25BEC2 		.ascii	"\335%\276\302\302s*\3769\231?\235\332\036\217\317\351"
 293      C2732AFE 
 293      39993F9D 
 293      DA1E8FCF 
 293      E9
 294 088c 7EB4B018 		.ascii	"~\264\260\030\371\231\347\222/\352\3510\347\217\224"
 294      F999E792 
 294      2FEAE930 
 294      E78F94
 295 089b E5FC09F1 		.ascii	"\345\374\011\361J\007KU\370R\031\177\241\275\256Y\306"
 295      4A074B55 
 295      F852197F 
 295      A1BDAE59 
 295      C6
 296 08ac 7307CF23 		.ascii	"s\007\317#~\252\343\352\023\027:\317\361w#J\332\004"
 296      7EAAE3EA 
 296      13173ACF 
 296      F177234A 
 296      DA04
 297 08be 89AF74B0 		.ascii	"\211\257t\260L\325\240Ln\3201\3718\026\267x?:X\216\015"
 297      4CD5A04C 
 297      6ED031F9 
 297      3816B778 
 297      3F3A588E 
 298 08d3 ECB3D79F 		.ascii	"\354\263\327\237\232\024\016\026\241\203%\350\340\005"
 298      9A140E16 
 298      A18325E8 
 298      E005
 299 08e1 74B0823B 		.ascii	"t\260\202;(\375\2601\361\0376\331\366[\371\002\015w"
 299      28FDB031 
 299      F11F36D9 
ARM GAS  C:\Users\akudo\AppData\Local\Temp\cc5IdV3d.s 			page 23


 299      F65BF902 
 299      0D77
 300 08f3 611273AE 		.ascii	"a\022s\256_+\307o\243yJ\007\253U\012\253e\205\343\225"
 300      5F2BC76F 
 300      A3794A07 
 300      AB550AAB 
 300      6585E395 
 301 0907 59E3A870 		.ascii	"Y\343\250p\024\035\254A\205\321W\332*\340\353(\347w"
 301      141DAC41 
 301      85D157DA 
 301      2AE0EB28 
 301      E777
 302 0919 C7CE9E37 		.ascii	"\307\316\2367I|\205\203u*~\235\314\237\233\314)\305"
 302      497C8583 
 302      752A7E9D 
 302      CC9F9BCC 
 302      29C5
 303 092b 1D328A0E 		.ascii	"\0352\212\016\326K7y\356\370\267\224\236\342\374\342"
 303      D64B3779 
 303      EEF8B794 
 303      9EE2FCE2 
 304 093b AABA5A2D 		.ascii	"\252\272Z-\362\225\0266\252\370\2152\377\346\225\242"
 304      F2951636 
 304      AAF88D32 
 304      FFE695A2 
 305 094b 9B7A89CF 		.ascii	"\233z\211\317-lB\276\243\246\252\301HK8\177\254a,V/"
 305      2D6C42BE 
 305      A3A6AAC1 
 305      484B387F 
 305      AC612C56 
 306 0960 F19516B6 		.ascii	"\361\225\026\266\250\032\264\310\015\236,\366\325H\027"
 306      A81AB4C8 
 306      0D9E2CF6 
 306      D54817
 307 096f 8016B662 		.ascii	"\200\026\266b\203\007\366\343\243.\012\013k\321\302"
 307      8307F6E3 
 307      A32E0A0B 
 307      6BD1C2
 308 097e 06B4B019 		.ascii	"\006\264\260\031-\274\310-l-8\333\314]\257%\244\227"
 308      2DBCC82D 
 308      6C2D38DB 
 308      CC5DAF25 
 308      A497
 309 0990 AC83DFE7 		.ascii	"\254\203\337\347d\224\370\220_o ?\301\260\000\002\366"
 309      6494F890 
 309      5F6F203F 
 309      C1B00002 
 309      F6
 310 09a1 0B3E245C 		.ascii	"\013>$\\\330@\342`<\012\243\003\3064\030\363a,\200\261"
 310      D840E260 
 310      3C0AA303 
 310      C63418F3 
 310      612C80B1 
 311 09b5 12C62A18 		.ascii	"\022\306*\030/\011>\"1212B\334\233W\035\203\225\015"
 311      2F093E22 
 311      31323132 
 311      42DC9B57 
ARM GAS  C:\Users\akudo\AppData\Local\Temp\cc5IdV3d.s 			page 24


 311      1D83950D 
 312 09c9 1FDBA475 		.ascii	"\037\333\244u\023\331}\370\035p\345\367h\237\370\035"
 312      13D97DF8 
 312      1D70E5F7 
 312      689FF81D 
 313 09d9 90B44125 		.ascii	"\220\264A%i\0276A\365\271\266\272\006\275\323\377^n"
 313      69173641 
 313      F5B9B6BA 
 313      06BDD3FF 
 313      5E6E
 314 09eb 3CF33F04 		.ascii	"<\363?\004\015\351\020\330\377^\304Q\3740\232\270_\247"
 314      0DE910D8 
 314      FF5EC451 
 314      FC309AB8 
 314      5FA7
 315 09fd 75CA16DB 		.ascii	"u\312\026\333\254d_\306\354\313,{\250\177_\262 eG>\367"
 315      AC645FC6 
 315      ECCB2C7B 
 315      A87F5FB2 
 315      2065473E 
 316 0a12 FF3AE40A 		.ascii	"\377:\344\012T\2551\233\375\203C,\346\300\240@\253\376"
 316      54AD319B 
 316      FD83432C 
 316      E6C0A040 
 316      ABFE
 317 0a24 BD8FFEE6 		.ascii	"\275\217\376\346\271S\243\375\227\305\357\037\177\330"
 317      B953A3FD 
 317      97C5EF1F 
 317      7FD8
 318 0a32 F996D7CE 		.ascii	"\371\226\327\316/\002?\013\374\253uO@`\260\227\277x"
 318      2F023F0B 
 318      FCAB754F 
 318      4060B097 
 318      BF78
 319 0a44 1C1CEAED 		.ascii	"\034\034\352\355\343\355\025\034\352\345\037\274{wp"
 319      E3ED151C 
 319      EAE51FBC 
 319      7B7770
 320 0a53 90D797C1 		.ascii	"\220\327\227\301!\326P\257\337\376\345\303\235\037~"
 320      21D650AF 
 320      DFFEE5C3 
 320      9D1F7E
 321 0a62 259EFB32 		.ascii	"%\236\3732p\227%$\324\353\275\235;\275\374C\254\336"
 321      70972524 
 321      D4EBBD9D 
 321      3BBDFC43 
 321      ACDE
 322 0a74 6FF86B8C 		.ascii	"o\370k\214f\263\305/d\327\327\214\017\275v\371Yy/\223"
 322      66B3C52F 
 322      64D7D78C 
 322      0FBD76F9 
 322      59792F93 
 323 0a88 D91C60F9 		.ascii	"\331\034`\371\334o\317.\253\331\362U\240\3255\010DX"
 323      DC6FCF2E 
 323      ABD9F255 
 323      A0D53508 
 323      4458
ARM GAS  C:\Users\akudo\AppData\Local\Temp\cc5IdV3d.s 			page 25


 324 0a9a F78404AD 		.ascii	"\367\204\004\2555\263\267\315!~\273\315~!\026\277P\327"
 324      35B3B7CD 
 324      217EBBCD 
 324      7E2116BF 
 324      50D7
 325 0aac 3D8141D6 		.ascii	"=\201A\326\255[\314V\203\331,\035~\356\377\226/\023"
 325      AD5BCC56 
 325      83D92C1D 
 325      7EEEFF96 
 325      2F13
 326 0abe 14CAC4F9 		.ascii	"\024\312\304\371Z\203\203w\205\372\376=h\217';\362\364"
 326      5A838377 
 326      85FAFE3D 
 326      688F273B 
 326      F2F4
 327 0ad0 0BD9ED69 		.ascii	"\013\331\355i\331\375\231% \300\022\340\273\355\215"
 327      D9FD9925 
 327      20C012E0 
 327      BBED8D
 328 0adf DF786E79 		.ascii	"\337xny\323{\373?\267\372\302\371\327\203\202\203,\257"
 328      D37BFB3F 
 328      B7FAC2F9 
 328      D7838283 
 328      2CAF
 329 0af1 5BFC3E0B 		.ascii	"[\374>\013\364\015\014\362\337\265'\300\342\273\333"
 329      F40D0CF2 
 329      DFB527C0 
 329      E2BBDB
 330 0b00 0F584116 		.ascii	"\017XA\026_Y\220\365\353/-\241o|\241\371\364\377\332"
 330      5F5990F5 
 330      EB2F2DA1 
 330      6F7CA1F9 
 330      F4FFDA
 331 0b13 26F4EB50 		.ascii	"&\364\353P_s\2505\000\256\001\330&v\225V\313WVv\231"
 331      5F73A835 
 331      00AE01D8 
 331      26769556 
 331      CB575676 
 332 0b28 6E6C2A1E 		.ascii	"nl*\036\031\374w\301\212\261CcP\260Y>\357!\256\210<"
 332      19FC77C1 
 332      8AB14363 
 332      50B0593E 
 332      EF21AE88 
 333 0b3d 335BDDE4 		.ascii	"3[\335\344\025Zg\026W\353M\363\012\321\354\376\354)"
 333      155A6716 
 333      57EB4DF3 
 333      0AD1ECFE 
 333      EC29
 334 0b4f B309679C 		.ascii	"\263\011g\234l\366\300iP0\177\233\327{\253\353\275\235"
 334      6CF6C069 
 334      50307F9B 
 334      D77BABEB 
 334      BD9D
 335 0b61 EABD9DEB 		.ascii	"\352\275\235\353\275\025\365[\324\365[\234\352\2678"
 335      BD15F55B 
 335      D4F55B9C 
 335      EAB738
ARM GAS  C:\Users\akudo\AppData\Local\Temp\cc5IdV3d.s 			page 26


 336 0b70 D76F51D4 		.ascii	"\327oQ\324oU\327ou\252\337\352\\\277UQ\277M]\277\315"
 336      6F55D76F 
 336      75AADFEA 
 336      5CBF5551 
 336      BF4D5DBF 
 337 0b85 A97E9B73 		.ascii	"\251~\233s\3756E\375vu\375v\247\372\355\316\365\333"
 337      FD3645FD 
 337      7675FD76 
 337      A7FAEDCE 
 337      F5DB
 338 0b97 15F53EEA 		.ascii	"\025\365>\352z\037\247z\037\347z\037E\375\016u\375\016"
 338      7A1FA77A 
 338      1FE77A1F 
 338      45FD0E75 
 338      FD0E
 339 0ba9 A7FA1DCE 		.ascii	"\247\372\035\316\365;\344\372\377\000\366Q\272\327"
 339      F53BE4FA 
 339      FF00F651 
 339      BAD7
 340              		.text
 341              		.section	.gnu.lto_.symtab.cfc1671c,"",%progbits
 342 0000 5F5F636F 		.ascii	"__core_init\000\000\001\000\000\000\000\000\000\000"
 342      72655F69 
 342      6E697400 
 342      00010000 
 342      00000000 
 343 0015 0000AE00 		.ascii	"\000\000\256\000\000\000__early_init\000\000\001\000"
 343      00005F5F 
 343      6561726C 
 343      795F696E 
 343      69740000 
 344 002b 00000000 		.ascii	"\000\000\000\000\000\000\000\000\261\000\000\000__l"
 344      00000000 
 344      B1000000 
 344      5F5F6C
 345 003a 6174655F 		.ascii	"ate_init\000\000\001\000\000\000\000\000\000\000\000"
 345      696E6974 
 345      00000100 
 345      00000000 
 345      000000
 346 004d 00B40000 		.ascii	"\000\264\000\000\000__default_exit\000\000\001\000\000"
 346      005F5F64 
 346      65666175 
 346      6C745F65 
 346      78697400 
 347 0065 00000000 		.ascii	"\000\000\000\000\000\000\000\271\000\000\000__init_"
 347      000000B9 
 347      0000005F 
 347      5F696E69 
 347      745F
 348 0077 72616D5F 		.ascii	"ram_areas\000\000\000\000\000\000\000\000\000\000\000"
 348      61726561 
 348      73000000 
 348      00000000 
 348      00000000 
 349 008b 00BB0000 		.ascii	"\000\273\000\000\000__ram0_init_text__\000\000\002\000"
 349      005F5F72 
ARM GAS  C:\Users\akudo\AppData\Local\Temp\cc5IdV3d.s 			page 27


 349      616D305F 
 349      696E6974 
 349      5F746578 
 350 00a6 00000000 		.ascii	"\000\000\000\000\000\000\000\000\336\000\000\000__r"
 350      00000000 
 350      DE000000 
 350      5F5F72
 351 00b5 616D305F 		.ascii	"am0_init__\000\000\002\000\000\000\000\000\000\000\000"
 351      696E6974 
 351      5F5F0000 
 351      02000000 
 351      00000000 
 352 00ca 00E10000 		.ascii	"\000\341\000\000\000__ram0_clear__\000\000\002\000\000"
 352      005F5F72 
 352      616D305F 
 352      636C6561 
 352      725F5F00 
 353 00e2 00000000 		.ascii	"\000\000\000\000\000\000\000\344\000\000\000__ram0_"
 353      000000E4 
 353      0000005F 
 353      5F72616D 
 353      305F
 354 00f4 6E6F696E 		.ascii	"noinit__\000\000\002\000\000\000\000\000\000\000\000"
 354      69745F5F 
 354      00000200 
 354      00000000 
 354      000000
 355 0107 00E70000 		.ascii	"\000\347\000\000\000__ram1_init_text__\000\000\002\000"
 355      005F5F72 
 355      616D315F 
 355      696E6974 
 355      5F746578 
 356 0122 00000000 		.ascii	"\000\000\000\000\000\000\000\000\353\000\000\000__r"
 356      00000000 
 356      EB000000 
 356      5F5F72
 357 0131 616D315F 		.ascii	"am1_init__\000\000\002\000\000\000\000\000\000\000\000"
 357      696E6974 
 357      5F5F0000 
 357      02000000 
 357      00000000 
 358 0146 00EE0000 		.ascii	"\000\356\000\000\000__ram1_clear__\000\000\002\000\000"
 358      005F5F72 
 358      616D315F 
 358      636C6561 
 358      725F5F00 
 359 015e 00000000 		.ascii	"\000\000\000\000\000\000\000\361\000\000\000__ram1_"
 359      000000F1 
 359      0000005F 
 359      5F72616D 
 359      315F
 360 0170 6E6F696E 		.ascii	"noinit__\000\000\002\000\000\000\000\000\000\000\000"
 360      69745F5F 
 360      00000200 
 360      00000000 
 360      000000
 361 0183 00F40000 		.ascii	"\000\364\000\000\000__ram2_init_text__\000\000\002\000"
ARM GAS  C:\Users\akudo\AppData\Local\Temp\cc5IdV3d.s 			page 28


 361      005F5F72 
 361      616D325F 
 361      696E6974 
 361      5F746578 
 362 019e 00000000 		.ascii	"\000\000\000\000\000\000\000\000\371\000\000\000__r"
 362      00000000 
 362      F9000000 
 362      5F5F72
 363 01ad 616D325F 		.ascii	"am2_init__\000\000\002\000\000\000\000\000\000\000\000"
 363      696E6974 
 363      5F5F0000 
 363      02000000 
 363      00000000 
 364 01c2 00FC0000 		.ascii	"\000\374\000\000\000__ram2_clear__\000\000\002\000\000"
 364      005F5F72 
 364      616D325F 
 364      636C6561 
 364      725F5F00 
 365 01da 00000000 		.ascii	"\000\000\000\000\000\000\000\377\000\000\000__ram2_"
 365      000000FF 
 365      0000005F 
 365      5F72616D 
 365      325F
 366 01ec 6E6F696E 		.ascii	"noinit__\000\000\002\000\000\000\000\000\000\000\000"
 366      69745F5F 
 366      00000200 
 366      00000000 
 366      000000
 367 01ff 00020100 		.ascii	"\000\002\001\000\000__ram3_init_text__\000\000\002\000"
 367      005F5F72 
 367      616D335F 
 367      696E6974 
 367      5F746578 
 368 021a 00000000 		.ascii	"\000\000\000\000\000\000\000\000\007\001\000\000__r"
 368      00000000 
 368      07010000 
 368      5F5F72
 369 0229 616D335F 		.ascii	"am3_init__\000\000\002\000\000\000\000\000\000\000\000"
 369      696E6974 
 369      5F5F0000 
 369      02000000 
 369      00000000 
 370 023e 000A0100 		.ascii	"\000\012\001\000\000__ram3_clear__\000\000\002\000\000"
 370      005F5F72 
 370      616D335F 
 370      636C6561 
 370      725F5F00 
 371 0256 00000000 		.ascii	"\000\000\000\000\000\000\000\015\001\000\000__ram3_"
 371      0000000D 
 371      0100005F 
 371      5F72616D 
 371      335F
 372 0268 6E6F696E 		.ascii	"noinit__\000\000\002\000\000\000\000\000\000\000\000"
 372      69745F5F 
 372      00000200 
 372      00000000 
 372      000000
ARM GAS  C:\Users\akudo\AppData\Local\Temp\cc5IdV3d.s 			page 29


 373 027b 00100100 		.ascii	"\000\020\001\000\000__ram4_init_text__\000\000\002\000"
 373      005F5F72 
 373      616D345F 
 373      696E6974 
 373      5F746578 
 374 0296 00000000 		.ascii	"\000\000\000\000\000\000\000\000\025\001\000\000__r"
 374      00000000 
 374      15010000 
 374      5F5F72
 375 02a5 616D345F 		.ascii	"am4_init__\000\000\002\000\000\000\000\000\000\000\000"
 375      696E6974 
 375      5F5F0000 
 375      02000000 
 375      00000000 
 376 02ba 00180100 		.ascii	"\000\030\001\000\000__ram4_clear__\000\000\002\000\000"
 376      005F5F72 
 376      616D345F 
 376      636C6561 
 376      725F5F00 
 377 02d2 00000000 		.ascii	"\000\000\000\000\000\000\000\033\001\000\000__ram4_"
 377      0000001B 
 377      0100005F 
 377      5F72616D 
 377      345F
 378 02e4 6E6F696E 		.ascii	"noinit__\000\000\002\000\000\000\000\000\000\000\000"
 378      69745F5F 
 378      00000200 
 378      00000000 
 378      000000
 379 02f7 001E0100 		.ascii	"\000\036\001\000\000__ram5_init_text__\000\000\002\000"
 379      005F5F72 
 379      616D355F 
 379      696E6974 
 379      5F746578 
 380 0312 00000000 		.ascii	"\000\000\000\000\000\000\000\000#\001\000\000__ram5"
 380      00000000 
 380      23010000 
 380      5F5F7261 
 380      6D35
 381 0324 5F696E69 		.ascii	"_init__\000\000\002\000\000\000\000\000\000\000\000"
 381      745F5F00 
 381      00020000 
 381      00000000 
 381      0000
 382 0336 00260100 		.ascii	"\000&\001\000\000__ram5_clear__\000\000\002\000\000"
 382      005F5F72 
 382      616D355F 
 382      636C6561 
 382      725F5F00 
 383 034e 00000000 		.ascii	"\000\000\000\000\000\000\000)\001\000\000__ram5_noi"
 383      00000029 
 383      0100005F 
 383      5F72616D 
 383      355F6E6F 
 384 0363 6E69745F 		.ascii	"nit__\000\000\002\000\000\000\000\000\000\000\000\000"
 384      5F000002 
 384      00000000 
ARM GAS  C:\Users\akudo\AppData\Local\Temp\cc5IdV3d.s 			page 30


 384      00000000 
 384      00
 385 0374 2C010000 		.ascii	",\001\000\000__ram6_init_text__\000\000\002\000\000"
 385      5F5F7261 
 385      6D365F69 
 385      6E69745F 
 385      74657874 
 386 038f 00000000 		.ascii	"\000\000\000\000\000\000\0001\001\000\000__ram6_ini"
 386      00000031 
 386      0100005F 
 386      5F72616D 
 386      365F696E 
 387 03a4 745F5F00 		.ascii	"t__\000\000\002\000\000\000\000\000\000\000\000\000"
 387      00020000 
 387      00000000 
 387      000000
 388 03b3 34010000 		.ascii	"4\001\000\000__ram6_clear__\000\000\002\000\000\000"
 388      5F5F7261 
 388      6D365F63 
 388      6C656172 
 388      5F5F0000 
 389 03cb 00000000 		.ascii	"\000\000\000\000\000\0007\001\000\000__ram6_noinit_"
 389      00003701 
 389      00005F5F 
 389      72616D36 
 389      5F6E6F69 
 390 03e3 5F000002 		.ascii	"_\000\000\002\000\000\000\000\000\000\000\000\000:\001"
 390      00000000 
 390      00000000 
 390      003A01
 391 03f2 00005F5F 		.ascii	"\000\000__ram7_i"
 391      72616D37 
 391      5F69
 392 03fc 6E69745F 		.ascii	"nit_text__\000\000\002\000\000\000\000\000\000\000\000"
 392      74657874 
 392      5F5F0000 
 392      02000000 
 392      00000000 
 393 0411 003F0100 		.ascii	"\000?\001\000\000__ram7_init__\000\000\002\000\000\000"
 393      005F5F72 
 393      616D375F 
 393      696E6974 
 393      5F5F0000 
 394 0429 00000000 		.ascii	"\000\000\000\000\000\000B\001\000\000__ram7_clear__"
 394      00004201 
 394      00005F5F 
 394      72616D37 
 394      5F636C65 
 395 0441 00000200 		.ascii	"\000\000\002\000\000\000\000\000\000\000\000\000E\001"
 395      00000000 
 395      00000000 
 395      4501
 396 044f 00005F5F 		.ascii	"\000\000__ram7_noinit__\000\000\002\000\000\000\000"
 396      72616D37 
 396      5F6E6F69 
 396      6E69745F 
 396      5F000002 
ARM GAS  C:\Users\akudo\AppData\Local\Temp\cc5IdV3d.s 			page 31


 397 0467 00000000 		.ascii	"\000\000\000\000\000H\001\000\000"
 397      00480100 
 397      00
 398              		.text
 399              		.section	.gnu.lto_.opts,"",%progbits
 400 0000 272D666E 		.ascii	"'-fno-trapv' '-mcpu=cortex-m4' '-mno-thumb-interwor"
 400      6F2D7472 
 400      61707627 
 400      20272D6D 
 400      6370753D 
 401 0033 6B272027 		.ascii	"k' '-mthumb' '-ggdb' '-O2' '-fomit-frame-pointer' '"
 401      2D6D7468 
 401      756D6227 
 401      20272D67 
 401      67646227 
 402 0066 2D66616C 		.ascii	"-falign-functions=16' '-ffunction-sections' '-fdata"
 402      69676E2D 
 402      66756E63 
 402      74696F6E 
 402      733D3136 
 403 0099 2D736563 		.ascii	"-sections' '-fno-common' '-flto'\000"
 403      74696F6E 
 403      73272027 
 403      2D666E6F 
 403      2D636F6D 
 404              		.text
 405              		.comm	__gnu_lto_v1,1,1
 406              		.comm	__gnu_lto_slim,1,1
 407              		.ident	"GCC: (GNU Tools for ARM Embedded Processors) 4.9.3 20150529 (release) [ARM/embedded-4_9-br
ARM GAS  C:\Users\akudo\AppData\Local\Temp\cc5IdV3d.s 			page 32


DEFINED SYMBOLS
                            *ABS*:00000000 crt1.c
                            *COM*:00000001 __gnu_lto_v1
                            *COM*:00000001 __gnu_lto_slim

NO UNDEFINED SYMBOLS
