ARM GAS  C:\Users\akudo\AppData\Local\Temp\ccpWV4RH.s 			page 1


   1              		.syntax unified
   2              		.cpu cortex-m4
   3              		.fpu softvfp
   4              		.eabi_attribute 20, 1
   5              		.eabi_attribute 21, 1
   6              		.eabi_attribute 23, 3
   7              		.eabi_attribute 24, 1
   8              		.eabi_attribute 25, 1
   9              		.eabi_attribute 26, 1
  10              		.eabi_attribute 30, 2
  11              		.eabi_attribute 34, 1
  12              		.eabi_attribute 18, 4
  13              		.thumb
  14              		.file	"hal.c"
  15              		.text
  16              	.Ltext0:
  17              		.section	.gnu.lto_.profile.cfc154c6,"",%progbits
  18 0000 789C6366 		.ascii	"x\234cf```a\200\000F\006Sv\000\000\345\000E"
  18      60606061 
  18      80004606 
  18      53760000 
  18      E50045
  19              		.text
  20              		.section	.gnu.lto_.jmpfuncs.cfc154c6,"",%progbits
  21 0000 789C6366 		.ascii	"x\234cf\300\016\324\2404#\224b\372\310\3048\255\377"
  21      C00ED4A0 
  21      34239462 
  21      FAC8C438 
  21      ADFF
  22 0012 CA0EE6DA 		.ascii	"\312\016\346\332\337\0153\0328~21\374e\002\211/g\254"
  22      DF0D331A 
  22      387E3231 
  22      FC650289 
  22      2F67AC
  23 0025 055200C1 		.ascii	"\005R\000\301\206\012\016"
  23      860A0E
  24              		.text
  25              		.section	.gnu.lto_.inline.cfc154c6,"",%progbits
  26 0000 789C6366 		.ascii	"x\234cf\300\016\364\2404#\003\003\247)#\003\023\220"
  26      C00EF4A0 
  26      34230303 
  26      A7292303 
  26      1390
  27 0012 C9B6409E 		.ascii	"\311\266@\236\011,\304\205B0q\203T\201\231\014\0003"
  27      092CC485 
  27      42307183 
  27      5481990C 
  27      0033
  28 0024 A00175   		.ascii	"\240\001u"
  29              		.text
  30              		.section	.gnu.lto_.pureconst.cfc154c6,"",%progbits
  31 0000 789C6366 		.ascii	"x\234cf```f\200\000F\006\011\000\000x\000 "
  31      60606066 
  31      80004606 
  31      09000078 
  31      0020
  32              		.text
ARM GAS  C:\Users\akudo\AppData\Local\Temp\ccpWV4RH.s 			page 2


  33              		.section	.gnu.lto_halInit.cfc154c6,"",%progbits
  34 0000 789C7590 		.ascii	"x\234u\2201KBQ\024\307\317\377<}J\022DS\370\005\034"
  34      314B4251 
  34      14C7CFFF 
  34      3C7D4A12 
  34      4453F805 
  35 0015 A21E2E0D 		.ascii	"\242\036.\015\255nMA\237\240lP\010\204\254\361\341{"
  35      AD6E4D41 
  35      9FA06C50 
  35      0884ACF1 
  35      E17B
  36 0027 E9D09412 		.ascii	"\351\320\224\022\"RTCD\232\245\265\271\004\357\023$"
  36      22525443 
  36      449AA5B5 
  36      B904EF13 
  36      24
  37 0038 61D022B5 		.ascii	"a\320\"\265\030\0244$N\217\020;\367\031\021\224\027"
  37      18143424 
  37      4E8F103B 
  37      F7191194 
  37      17
  38 0049 2EE7DCF3 		.ascii	".\347\334\363\377\335s\376\367j\364w\205eW@4'\021\032"
  38      FFDD73FE 
  38      F76AF477 
  38      85655740 
  38      3427111A 
  39 005d 810B7744 		.ascii	"\201\013wDv\220\001\225\020(\303\310\340\215{\214\202"
  39      76900195 
  39      1028C3C8 
  39      E08D7B8C 
  39      82
  40 006e 532B8722 		.ascii	"S+\207\"g\226e}\354\264\354e\007.\023\365y\324\007\347"
  40      6796657D 
  40      ECB4EC65 
  40      072E13F5 
  40      79D407E7 
  41 0082 889040BD 		.ascii	"\210\220@\275\334\3401\244\347\004\232\032i\250@\227"
  41      DCE031A4 
  41      E7049A1A 
  41      69A84097 
  42 0092 FED49876 		.ascii	"\376\324\230v\254\341\360\264\364\336\366\005\210\272"
  42      ACE1F0B4 
  42      F4DEF605 
  42      88BA
  43 00a0 22A9012F 		.ascii	"\"\251\001/\314*j\035d\235\301\244bU\223\343\366^\235"
  43      CC2A6A1D 
  43      649DC1A4 
  43      625593E3 
  43      F65E9D
  44 00b3 CD4F6BD7 		.ascii	"\315Ok\327\012\272\214>\313}Ta\222+t\0079g_\377\227"
  44      0ABA8C3E 
  44      CB7D5461 
  44      922B7407 
  44      39675FFF 
  45 00c8 D4FAA213 		.ascii	"\324\372\242\023.\204\024\251\224\177hj\"\225\225\344"
  45      2E8414A9 
  45      947F686A 
ARM GAS  C:\Users\akudo\AppData\Local\Temp\ccpWV4RH.s 			page 3


  45      229595E4 
  46 00d8 1B282F52 		.ascii	"\033(/R}\356\266\356\203\257,\025\357X\315\027\2338"
  46      7DEEB6EE 
  46      83AF2C15 
  46      EF58CD17 
  46      9B38
  47 00ea C2A15D50 		.ascii	"\302\241]P\224\0375\230\270D\330\323N\272\225rH\032"
  47      941F3598 
  47      B844D8D3 
  47      4EBA9572 
  47      481A
  48 00fc CC088C2B 		.ascii	"\314\010\214+\241\274\241\250\303tY'\345\270\030\030"
  48      A1BCA1A8 
  48      C3745927 
  48      E5B81818 
  49 010c E758131F 		.ascii	"\347X\023\037\215\037\307Y\347`b\034)>p\375\213l\216"
  49      8D1FC759 
  49      E760621C 
  49      293E70FD 
  49      8B6C8E
  50 011f 25FD42DE 		.ascii	"%\375B\336|\223O\260\235\333%\217$\365\233P\277(O\234"
  50      7C934FB0 
  50      9DDB258F 
  50      24F59B50 
  50      BF284F9C 
  51 0133 8D2D1AB1 		.ascii	"\215-\032\261Dr-\271\262\265\275\236L\031q\225\247\322"
  51      44722DB9 
  51      B2B5BD9E 
  51      4C197195 
  51      A7D2
  52 0145 D185A891 		.ascii	"\321\205\250\221J\033\211\325\015#\275\031Wq>N_^\177"
  52      4A1B89D5 
  52      0D23BD19 
  52      57713E4E 
  52      5F5E7F
  53 0158 A4F2     		.ascii	"\244\362"
  54              		.text
  55              		.section	.gnu.lto_.symbol_nodes.cfc154c6,"",%progbits
  56 0000 789C4DC8 		.ascii	"x\234M\310\273\015\302@\024D\321\273\363v-\207t<\016"
  56      BB0DC240 
  56      1444D1BB 
  56      F3762D87 
  56      743C0E
  57 0013 28C01F20 		.ascii	"(\300\037 D\004.\205\230\032@\242\016\204\275\020\354"
  57      44042E85 
  57      981A40A2 
  57      0E84BD10 
  57      EC
  58 0024 24477702 		.ascii	"$Gw\002\230\371O\243\014\343\003l\256\267\236\262\210"
  58      98F94FA3 
  58      0CE3036C 
  58      AEB79EB2 
  58      88
  59 0035 83491739 		.ascii	"\203I\0279\375~\206\241'\235e\265}\222\243\355Y\316"
  59      FD7E86A1 
  59      279D65B5 
  59      7D92A3ED 
ARM GAS  C:\Users\akudo\AppData\Local\Temp\ccpWV4RH.s 			page 4


  59      59CE
  60 0047 6D4F7269 		.ascii	"mOri:\350X\237\237\024\024\356\325\314\273\032\034_"
  60      3AE8589F 
  60      9F1414EE 
  60      D5CCBB1A 
  60      1C5F
  61 0059 BB62DDE4 		.ascii	"\273b\335\344\013\322\365'\\"
  61      0BD2F527 
  61      5C
  62              		.text
  63              		.section	.gnu.lto_.refs.cfc154c6,"",%progbits
  64 0000 789C6366 		.ascii	"x\234cf```c\200\000F\006&F&\006\000\000\261\000\020"
  64      60606063 
  64      80004606 
  64      26462606 
  64      0000B100 
  65              		.text
  66              		.section	.gnu.lto_.decls.cfc154c6,"",%progbits
  67 0000 789CAD55 		.ascii	"x\234\255U{L\223W\024\377no\037P*\030I\324\030\2631"
  67      7B4C9357 
  67      14FF6E6F 
  67      1F502A18 
  67      49D418B3 
  68 0015 DD88DBD4 		.ascii	"\335\210\333\324*\272e\363\237\251\370\030\211S2\367"
  68      2ABA65F3 
  68      9FA9F818 
  68      895332F7 
  69 0025 C86293AE 		.ascii	"\310b\223\256\322*M\200vmY\364\277\253b\202\212Zq>p"
  69      D22A4D80 
  69      766D59F4 
  69      BFAB6282 
  69      8A5A713E 
  70 003a 4EAAE278 		.ascii	"N\252\342x\210\012\276\225\212\350D\361\355|\342\206"
  70      880ABE95 
  70      8AE844F1 
  70      ED7CE286 
  71 004a 5A99023E 		.ascii	"Z\231\002>\220\012\250 \257\235{o\277>\276`\324e79\275"
  71      900AA820 
  71      AF9D7B6F 
  71      BF3EBE60 
  71      D4653739 
  72 005f DFF9EEEF 		.ascii	"\337\371\356\357\374\316\271\277{\356W,\010\302F\260"
  72      FCCEB9BF 
  72      7BEE572C 
  72      08C246B0 
  73 006f 1E185BD4 		.ascii	"\036\030[\324\202\020\201\005A\006~\"\030\002{$\360"
  73      82108105 
  73      41067E22 
  73      18027B24 
  73      F0
  74 0080 A1047B02 		.ascii	"\241\004{\002\346\005k\006k\005k\003{\351\303u\012\241"
  74      E6056B06 
  74      6B056B03 
  74      7BE9C375 
  74      0AA1
  75 0092 8362553E 		.ascii	"\203bU>\236.\260\307`\335>\276\207`\317%\274/}|\255"
  75      9E2EB0C7 
ARM GAS  C:\Users\akudo\AppData\Local\Temp\ccpWV4RH.s 			page 5


  75      60DD3EBE 
  75      8760CF25 
  75      BC2F7D7C 
  76 00a7 3E7EEF2B 		.ascii	">~\357+x\237\312\220\373r\351CE\203\014E\252=Q\324o"
  76      789FCA90 
  76      FB72E943 
  76      45830C45 
  76      AA3D51D4 
  77 00bc ABDCB442 		.ascii	"\253\334\264B\011\276F\335\211\250\277u\375\335\253"
  77      09BE46DD 
  77      89A8BF75 
  77      FDDDAB
  78 00cb EAE14584 		.ascii	"\352\341E\204\220LR\3217\020W\326\266??\222\3071\334"
  78      904C52D1 
  78      371057D6 
  78      B63F3F92 
  78      C731DC
  79 00de 6E77C3B3 		.ascii	"nw\303\263(\0267\230\272w\312\313\352\2248\234-\035"
  79      28163798 
  79      BA77CACB 
  79      EA94389C 
  79      2D1D
  80 00f0 DAD97A3E 		.ascii	"\332\331z>\202Ac\250{8\273j=\317 \247\356\321\362\266"
  80      824163A8 
  80      7B38BB6A 
  80      3DCF20A7 
  80      EED1F2B6 
  81 0104 936A3C98 		.ascii	"\223j<\230!\2632=\247\325\370\003\366\274\340\367\262"
  81      21B3323D 
  81      A7D5F803 
  81      F6BCE0F7 
  81      B2
  82 0115 2C15C0DE 		.ascii	",\025\300\336S\263|w~m\317\013g.\025\227\226*\253\252"
  82      53B37C77 
  82      7E6DCF0B 
  82      672E1597 
  82      962AABAA 
  83 0129 235B2351 		.ascii	"#[#Q\254:\017\212\3636d\237\034L\210\034\355EjT\202"
  83      AC3A0F8A 
  83      F336649F 
  83      1C4C881C 
  83      ED456A54 
  84 013e 302A44C3 		.ascii	"0*D\303\351\246i4\035\231\204,$\316E$\274*R@;\320 \264"
  84      E9A66934 
  84      1D99842C 
  84      24CE4524 
  84      BC2A5240 
  85 0156 130D12D0 		.ascii	"\023\015\022\320\036\024\013\010\206E\245\360r7\274"
  85      1E140B08 
  85      8645A5F0 
  85      7237BC
  86 0165 04E2CACE 		.ascii	"\004\342\312\316\362\014\005R\307\366\036\264\277\227"
  86      F20C0552 
  86      C7F61EB4 
  86      BF97
  87 0173 2056C2AE 		.ascii	" V\302\256\305\331\375i\011\373\240\204]\201\022\240"
  87      C5D9FD69 
ARM GAS  C:\Users\akudo\AppData\Local\Temp\ccpWV4RH.s 			page 6


  87      09FBA084 
  87      5D8112A0 
  88 0183 22BF6A9D 		.ascii	"\"\277j\235g6\034\322\340\026\304v\230\353\334\370L"
  88      67361CD2 
  88      E016C476 
  88      98EBDCF8 
  88      4C
  89 0194 81DBB9B3 		.ascii	"\201\333\271\263\265\365\322\3230Ld\314\311[\263\266"
  89      B5F5D2D3 
  89      304C64CC 
  89      C95BB3B6 
  90 01a4 58C1240A 		.ascii	"X\301$\012\243\356\226]\207\276\307\231|i\257\253\370"
  90      A3EE965D 
  90      87BEC799 
  90      7C69AFAB 
  90      F8
  91 01b5 14C62BB8 		.ascii	"\024\306+\270s\266\266\255E\303p}\251{\274q\373\262"
  91      73B6B6AD 
  91      45C3707D 
  91      A97BBC71 
  91      FBB2
  92 01c7 489CCDD7 		.ascii	"H\234\315\327\012\266-\257\307x\035wr^\234;\311Og \270"
  92      0AB62DAF 
  92      C7781D77 
  92      725E9C3B 
  92      C94F6720 
  93 01dc E14B8E65 		.ascii	"\341K\216e\324i\320\020>\242c]\260O\257\273\260;a\365"
  93      D469D010 
  93      3EA2635D 
  93      B04FAFBB 
  93      B03B61F5 
  94 01f0 22923790 		.ascii	"\"\2227\220\325\177\020\352\257B\321\201]\017\033$0"
  94      D57F10EA 
  94      AF42D181 
  94      5D0F1B24 
  94      30
  95 0201 0D601F14 		.ascii	"\015`\037\024\356\352\311WV\215bP\267\024z\204\242\320"
  95      EEEAC957 
  95      568D6250 
  95      B7147A84 
  95      A2D0
  96 0213 477E6893 		.ascii	"G~h\223\037z\240W\326\000\262\313\217,\223\"\017#I\001"
  96      1F7AA057 
  96      D600B2CB 
  96      8F2C9322 
  96      0F234901 
  97 0227 4B0A456C 		.ascii	"K\012Ely\357\005\004a;\374\274\207z\347\015\224\260"
  97      79EF0504 
  97      613BFCBC 
  97      877AE70D 
  97      94B0
  98 0239 CC4F7B54 		.ascii	"\314O{T\012\255\010@W\301y\023'!\343\035\002*\202\365"
  98      0AAD0840 
  98      57C17913 
  98      2721E31D 
  98      022A82F5 
  99 024d ED6C89A2 		.ascii	"\355l\211\242\341\320\321i\350\220?\320\020t\014\354"
ARM GAS  C:\Users\akudo\AppData\Local\Temp\ccpWV4RH.s 			page 7


  99      E1D0D169 
  99      E8903FD0 
  99      10740CEC 
 100 025d 24D809B0 		.ascii	"$\330\011\260\343`\225`\247\320\020\326\014\264c<\215"
 100      E3609560 
 100      A7D010D6 
 100      0CB4633C 
 100      8D
 101 026e F94A8268 		.ascii	"\371J\202h\230\340k\026\377\375\222e\235_\233\325\007"
 101      98E06B16 
 101      FFFD9265 
 101      9D5F9BD5 
 101      07
 102 027f 45C7F696 		.ascii	"E\307\366\226\011\235\205\004o\235,\313\034\206\316"
 102      099D8504 
 102      6F9D2CCB 
 102      1C86CE
 103 028e 405071A0 		.ascii	"@Pq\2405if\2615\257u\235\177\007\337\341\355\342\351"
 103      356966B1 
 103      35AF759D 
 103      7F07DFE1 
 103      EDE2E9
 104 02a1 72EE55E0 		.ascii	"r\356U\340:\356\374rf\325\217\270\221?/\250\330qE\305"
 104      3AEEFC72 
 104      66D58FB8 
 104      913F2FA8 
 104      D87145C5 
 105 02b5 FAE833EA 		.ascii	"\372\3503\352\026\027;\327\252p+_\253/\177Ldl-\221\272"
 105      16173BD7 
 105      AA702B5F 
 105      AB2F7F4C 
 105      646C2D91 
 106 02ca 0F8E3E70 		.ascii	"\017\216>pG\340\016\276\226\273bw;\277\363V\3526\036"
 106      47E00EBE 
 106      96BB6277 
 106      3BBFF356 
 106      EA361E
 107 02dd 7F9EA9C2 		.ascii	"\177\236\251\302\0131\357\350\243{\232y\023g2\277\222"
 107      0B31EFE8 
 107      A37B9A79 
 107      136732BF 
 107      92
 108 02ee 902A195E 		.ascii	"\220*\031^\302\027\363\316:s\020[,`\376\206\352\314"
 108      C217F3CE 
 108      3A73105B 
 108      2C60FE86 
 108      EACC
 109 0300 48ECE46B 		.ascii	"H\354\344k\347\226\345\346\360\204\025\314/=ql#\302"
 109      E796E5E6 
 109      F08415CC 
 109      2F3D716C 
 109      23C2
 110 0312 EBF8A2F8 		.ascii	"\353\370\242\370}\322\360\357S\304\322g\277.V\240\350"
 110      7DD2F0EF 
 110      53C4D267 
 110      BF2E56A0 
 110      E8
ARM GAS  C:\Users\akudo\AppData\Local\Temp\ccpWV4RH.s 			page 8


 111 0323 21E20811 		.ascii	"!\342\010\0216\037\204-`GX\343S\265\016T\275\003\012"
 111      361F842D 
 111      604758E3 
 111      53B50E54 
 111      BD030A
 112 0336 D68279C0 		.ascii	"\326\202y\300\356\203\335\005\373\007\354\026\330=\260"
 112      EE83DD05 
 112      FB07EC16 
 112      D83DB0
 113 0345 DB3E755D 		.ascii	"\333>u]T\335\352\302\351\004\032\207\012|\035\004\246"
 113      54DDEAC2 
 113      E9041A87 
 113      0A7C1D04 
 113      A6
 114 0356 3CFEE3BA 		.ascii	"<\376\343\272\021\322c\304\325\360\241\017\371\227\024"
 114      11D263C4 
 114      D5F0A10F 
 114      F99714
 115 0365 F9B70459 		.ascii	"\371\267\004Y \"\317I\221\303B\201\007E\340\005)\360"
 115      2022CF49 
 115      91C34281 
 115      0745E005 
 115      29F0
 116 0377 A284B24A 		.ascii	"\242\204\262JD^\226\"\257H\220\305\"\362\274\024Y\021"
 116      445E9622 
 116      AF4890C5 
 116      22F2BC14 
 116      5911
 117 0389 7AC188EB 		.ascii	"z\301\210\353\234\010\275*\205^\223BkDh\265\024zS\012"
 117      9C08BD2A 
 117      855E9342 
 117      6B4468B5 
 117      147A530A 
 118 039d 758BD04B 		.ascii	"u\213\320KR\350\237AP\326\334\277\025\322\233T\323\313"
 118      52E89F41 
 118      50D6DCBF 
 118      15D29B54 
 118      D3CB
 119 03af 4D429B5B 		.ascii	"MB\233[\213\017\250\360&\326\026\262\003+=\3160\311"
 119      8B0FA8F0 
 119      26D616B2 
 119      032B3DCE 
 119      30C9
 120 03c1 B5124F1F 		.ascii	"\265\022O\037=\200C\377/\015\300*x\011\327\253\001\202"
 120      3D8043FF 
 120      2F0DC02A 
 120      7809D7AB 
 120      0182
 121 03d3 EB03D7AB 		.ascii	"\353\003\327\253&\350z5\267\367,\015\217\366\245u\275"
 121      26E87A35 
 121      B7F72C0D 
 121      8FF6A575 
 121      BD
 122 03e4 2AADF0C6 		.ascii	"*\255\360\3069\201\362\302\342\312uH\2634\360'\205\036"
 122      3981F2C2 
 122      E2CA7548 
 122      B334F027 
ARM GAS  C:\Users\akudo\AppData\Local\Temp\ccpWV4RH.s 			page 9


 122      851E
 123 03f6 067DAE04 		.ascii	"\006}\256\004\364\010i(\222\316\364Bt\324^\225\017X"
 123      F4086928 
 123      92CEF442 
 123      74D45E95 
 123      0F58
 124 0408 C30A5844 		.ascii	"\303\012XD\372\312Qb\377 \354c4\000~g\3119smE~}\024"
 124      FACA5162 
 124      FF20EC63 
 124      34007E67 
 124      C939736D 
 125 0420 2EE03769 		.ascii	".\3407i\347\252\234|U\314&\342*\3616,\337\204s\210k"
 125      E7AA9C7C 
 125      55CC26E2 
 125      2AF1362C 
 125      DF847388 
 126 0435 21E9EEE9 		.ascii	"!\351\356\351A,\0105\372\267+\320gV\033z\202b \320u"
 126      412C0835 
 126      FAB72BD0 
 126      67561B7A 
 126      826220D0 
 127 044a 20A3598E 		.ascii	" \243Y\216k8\213\247\316\335\206\201\305C\274g/>\032"
 127      6B388BA7 
 127      CEDD8681 
 127      C543BC67 
 127      2F3E1A
 128 045d BF6A9133 		.ascii	"\277j\2213\217xzz\336\345,MA,M\"\213\227\261\024\345"
 128      8F787A7A 
 128      DEE52C4D 
 128      412C4D22 
 128      8B97B114 
 129 0472 AEBCA6C2 		.ascii	"\256\274\246\302\331r\306R\264\372~K\004c)q\227\226"
 129      D972C652 
 129      B4FA7E4B 
 129      04632971 
 129      9796
 130 0484 CCCD0E65 		.ascii	"\314\315\016ey\032\304\362Tdif,\356\353\231\036\025"
 130      791AC4F2 
 130      54646966 
 130      2CEEEB99 
 130      1E15
 131 0496 AEE52C2D 		.ascii	"\256\345,-kn\266\207s\226\233{\332\336\317!\233\203"
 131      6B6EB687 
 131      73969B7B 
 131      DADECF21 
 131      9B83
 132 04a8 77D412C4 		.ascii	"w\324\022\304\322\"\262\2642\226\246\345\335\015\032"
 132      D222B2B4 
 132      3296A6E5 
 132      DD0D1A
 133 04b7 B98C6B4A 		.ascii	"\271\214kJ\325\202wk\266U\027\310^\251\353s\246\353"
 133      D582776B 
 133      B65517C8 
 133      5EA9EB73 
 133      A6EB
 134 04c9 33240A5B 		.ascii	"3$\012[p\243L\2057*X\031\373\012oT+}\233y\260[\023T"
 134      70A34C85 
ARM GAS  C:\Users\akudo\AppData\Local\Temp\ccpWV4RH.s 			page 10


 134      372A5819 
 134      FB0A6F54 
 134      2B7D9B79 
 135 04e1 0644A117 		.ascii	"\006D\241\027Ae\274\020\313hce\254t6\302?i\021g\251"
 135      4165BC10 
 135      CB686365 
 135      AC7436C2 
 135      3F691167 
 136 04f6 3972B739 		.ascii	"9r\2679\212\2634\355sMY\035*I{\020K\273\310\362\222"
 136      8AB334ED 
 136      734D591D 
 136      2A497B10 
 136      4BBBC8F2 
 137 050b B1DCA8BF 		.ascii	"\261\334\250\277\227\213q;g\271\3459\274M>t3\361\022"
 137      978B713B 
 137      67B9E539 
 137      BC4D3E74 
 137      33F112
 138 051e AFFBF42E 		.ascii	"\257\373\364.\315\301\205\344x\006!\335_\364`\326T\035"
 138      CDC185E4 
 138      780621DD 
 138      5FF460D6 
 138      541D
 139 0530 9C26E843 		.ascii	"\234&\350C\331\301\311P'\032\012\341\267\327W,\225\207"
 139      D9C1C950 
 139      271A0AE1 
 139      B7D7572C 
 139      9587
 140 0542 B4224D1E 		.ascii	"\264\"M\036\220\241\313\327\212]\254\025\237\344m\311"
 140      90A1CBD7 
 140      8A5DAC15 
 140      9FE46DC9 
 141 0552 5085A09F 		.ascii	"P\205\240\237\207\240\273}h:+\247N\3776&^\350gw\244"
 141      87A0BB7D 
 141      683A2BA7 
 141      4EFF3626 
 141      5EE86777 
 142 0567 8E89D3CF 		.ascii	"\216\211\323\317\265\232-z\273\311\221n\325;\302\322"
 142      B59A2D7A 
 142      BBC9916E 
 142      D53BC2D2 
 143 0577 CD690E78 		.ascii	"\315i\016x\347P\353\365\342\343\234\244q\272\244d\363"
 143      E750EBF5 
 143      E2E39CA4 
 143      71BAA464 
 143      F3
 144 0588 6CB3DD91 		.ascii	"l\263\335\221n4[t\016\213%\305\256\233\233\226\036\303"
 144      6E345B74 
 144      0E8B25C5 
 144      AE9B9B96 
 144      1EC3
 145 059a 9E620CB6 		.ascii	"\236b\014\266\324\030S\352l\223\321h2\352\306\216\374"
 145      D41853EA 
 145      6C93D168 
 145      32EAC68E 
 145      FC
 146 05ab 3C266ED4 		.ascii	"<&n\324\350O~\032\243\203\367#\322,i\246\021&\303l\263"
ARM GAS  C:\Users\akudo\AppData\Local\Temp\ccpWV4RH.s 			page 11


 146      E84F7E1A 
 146      A383F723 
 146      D22C69A6 
 146      1126C36C 
 147 05c0 CE9C9694 		.ascii	"\316\234\226\224\222n4\351R\015\300\225f\322\351\215"
 147      926E34E9 
 147      520DC095 
 147      66D2E98D 
 148 05d0 A63986F4 		.ascii	"\2469\206\364\024\207\3361\337j\262\217L\026f\375\257"
 148      1487DE31 
 148      DF6AB28F 
 148      4C1666FD 
 148      AF
 149 05e1 69ECF3ED 		.ascii	"i\354\363\355:\275\335a\204=\000\267\"\325b4\331\224"
 149      3ABDDD61 
 149      843D00B7 
 149      22D56234 
 149      D994
 150 05f3 169ACBA6 		.ascii	"\026\232\313\246\262\330\255&\223\321\246\260\246[\215"
 150      B2D8AD26 
 150      93D1A6B0 
 150      A65B8D
 151 0602 366C31DA 		.ascii	"6l1\332\344\2069\266\024\372\223<1~\2346\236\0261\223"
 151      E48639B6 
 151      14FA933C 
 151      317E9C36 
 151      9E163193 
 152 0616 15A16505 		.ascii	"\025\241e\005Y\354\243?\035\255\265\330\265\311\206"
 152      59ECA33F 
 152      1DADB5D8 
 152      B5C986
 153 0625 14ADD562 		.ascii	"\024\255\325bs\330\2653\277\371jL\234v\332\264I\332"
 153      73D8B533 
 153      BFF96A4C 
 153      9C76DAB4 
 153      49DA
 154 0637 A9890933 		.ascii	"\251\211\0113~\216\323Z\015)\372\224\024#\344R&N\230"
 154      7E8ED35A 
 154      0D29FA94 
 154      1423E452 
 154      264E98
 155 064a 64701894 		.ascii	"dp\030\224\211\023\371\024\317\247I|\232\314\247)|\232"
 155      8913F914 
 155      CFA7497C 
 155      9ACCA729 
 155      7C9A
 156 065c CAA72FF9 		.ascii	"\312\247/\371\224@\247\360\304\011\323\342-is\314sU"
 156      9440A7F0 
 156      C409D3E2 
 156      2D6973CC 
 156      7355
 157 066e 902E21CD 		.ascii	"\220.!\315\354\370\370\2655\331mIt\036\231$(\355\016"
 157      ECF8F8B5 
 157      35D96D49 
 157      741E9924 
 157      28ED0E
 158 0681 1A32F2B5 		.ascii	"\0322\362\265!>\235\264v*O\370l\213\301f\244\201\223"
ARM GAS  C:\Users\akudo\AppData\Local\Temp\ccpWV4RH.s 			page 12


 158      213E9DB4 
 158      762A4FF8 
 158      6C8BC166 
 158      A48193
 159 0694 5F1BC8A0 		.ascii	"_\033\310\240T\000=\323`\312X\375\244\204\231\3613\276"
 159      54003DD3 
 159      60CA58FD 
 159      A48499F1 
 159      33BE
 160 06a6 9BFCF50F 		.ascii	"\233\374\365\017|\215J`gdqo^\205\311f\206\372\223\205"
 160      7C8D4A60 
 160      6764716F 
 160      5E85C966 
 160      86FA9385 
 161 06ba 3E7A9F90 		.ascii	">z\237\220z3\020h\222\203\234\011ou4\276\342\346\315"
 161      7A331068 
 161      92839C09 
 161      6F7534BE 
 161      E2E6CD
 162 06cd D326FB4F 		.ascii	"\323&\373O\246\037\345\026\333.\211i\374/\223\032G\272"
 162      A61FE516 
 162      DB2E8969 
 162      FC2F931A 
 162      47BA
 163              		.text
 164              		.section	.gnu.lto_.symtab.cfc154c6,"",%progbits
 165 0000 68616C49 		.ascii	"halInit\000\000\000\000\000\000\000\000\000\000\000"
 165      6E697400 
 165      00000000 
 165      00000000 
 165      0000
 166 0012 00EE0000 		.ascii	"\000\356\000\000\000pal_default_config\000\000\002\000"
 166      0070616C 
 166      5F646566 
 166      61756C74 
 166      5F636F6E 
 167 002d 00000000 		.ascii	"\000\000\000\000\000\000\000\000\374\000\000\000stI"
 167      00000000 
 167      FC000000 
 167      737449
 168 003c 6E697400 		.ascii	"nit\000\000\002\000\000\000\000\000\000\000\000\000"
 168      00020000 
 168      00000000 
 168      000000
 169 004b F0000000 		.ascii	"\360\000\000\000boardInit\000\000\002\000\000\000\000"
 169      626F6172 
 169      64496E69 
 169      74000002 
 169      00000000 
 170 005f 00000000 		.ascii	"\000\000\000\000\000\362\000\000\000sdInit\000\000\002"
 170      00F20000 
 170      00736449 
 170      6E697400 
 170      0002
 171 0071 00000000 		.ascii	"\000\000\000\000\000\000\000\000\000\364\000\000\000"
 171      00000000 
 171      00F40000 
ARM GAS  C:\Users\akudo\AppData\Local\Temp\ccpWV4RH.s 			page 13


 171      00
 172 007e 5F70616C 		.ascii	"_pal_lld_init\000\000\002\000\000\000\000\000\000\000"
 172      5F6C6C64 
 172      5F696E69 
 172      74000002 
 172      00000000 
 173 0095 0000F800 		.ascii	"\000\000\370\000\000\000hal_lld_init\000\000\002\000"
 173      00006861 
 173      6C5F6C6C 
 173      645F696E 
 173      69740000 
 174 00ab 00000000 		.ascii	"\000\000\000\000\000\000\000\000\372\000\000\000"
 174      00000000 
 174      FA000000 
 175              		.text
 176              		.section	.gnu.lto_.opts,"",%progbits
 177 0000 272D666E 		.ascii	"'-fno-trapv' '-mcpu=cortex-m4' '-mno-thumb-interwor"
 177      6F2D7472 
 177      61707627 
 177      20272D6D 
 177      6370753D 
 178 0033 6B272027 		.ascii	"k' '-mthumb' '-ggdb' '-O2' '-fomit-frame-pointer' '"
 178      2D6D7468 
 178      756D6227 
 178      20272D67 
 178      67646227 
 179 0066 2D66616C 		.ascii	"-falign-functions=16' '-ffunction-sections' '-fdata"
 179      69676E2D 
 179      66756E63 
 179      74696F6E 
 179      733D3136 
 180 0099 2D736563 		.ascii	"-sections' '-fno-common' '-flto'\000"
 180      74696F6E 
 180      73272027 
 180      2D666E6F 
 180      2D636F6D 
 181              		.text
 182              		.comm	__gnu_lto_v1,1,1
 183              		.comm	__gnu_lto_slim,1,1
 184              		.ident	"GCC: (GNU Tools for ARM Embedded Processors) 4.9.3 20150529 (release) [ARM/embedded-4_9-br
ARM GAS  C:\Users\akudo\AppData\Local\Temp\ccpWV4RH.s 			page 14


DEFINED SYMBOLS
                            *ABS*:00000000 hal.c
                            *COM*:00000001 __gnu_lto_v1
                            *COM*:00000001 __gnu_lto_slim

NO UNDEFINED SYMBOLS
