ARM GAS  C:\Users\akudo\AppData\Local\Temp\ccnjuwFg.s 			page 1


   1              		.syntax unified
   2              		.cpu cortex-m4
   3              		.fpu softvfp
   4              		.eabi_attribute 20, 1
   5              		.eabi_attribute 21, 1
   6              		.eabi_attribute 23, 3
   7              		.eabi_attribute 24, 1
   8              		.eabi_attribute 25, 1
   9              		.eabi_attribute 26, 1
  10              		.eabi_attribute 30, 2
  11              		.eabi_attribute 34, 1
  12              		.eabi_attribute 18, 4
  13              		.thumb
  14              		.file	"hal_lld.c"
  15              		.text
  16              	.Ltext0:
  17              		.section	.gnu.lto_.profile.cfc16982,"",%progbits
  18 0000 789C6366 		.ascii	"x\234cf```a\200\000F\206\370X\000\001\217\000\305"
  18      60606061 
  18      80004686 
  18      F8580001 
  18      8F00C5
  19              		.text
  20              		.section	.gnu.lto_.jmpfuncs.cfc16982,"",%progbits
  21 0000 789C6366 		.ascii	"x\234cf\300\0168\2404\023\0203\0021\000\0014\000\017"
  21      C00E38A0 
  21      34131033 
  21      02310001 
  21      34000F
  22              		.text
  23              		.section	.gnu.lto_.inline.cfc16982,"",%progbits
  24 0000 789C6366 		.ascii	"x\234cf\300\016t\2404\023\003\203\274\034#\003\223\305"
  24      C00E74A0 
  24      34130383 
  24      BC1C2303 
  24      93C5
  25 0012 82F5CC0C 		.ascii	"\202\365\314\014l\013\344\231@\202\214\014\207\030\356"
  25      6C0BE499 
  25      40828C0C 
  25      8718EE
  26 0021 300145EB 		.ascii	"0\001E\353~\314\327\202\2132\000\000\244\247\007m"
  26      7ECCD782 
  26      8B320000 
  26      A4A7076D 
  27              		.text
  28              		.section	.gnu.lto_.pureconst.cfc16982,"",%progbits
  29 0000 789C6366 		.ascii	"x\234cf```e\200\000&\006)F)\000\000\371\000@"
  29      60606065 
  29      80002606 
  29      29462900 
  29      00F90040 
  30              		.text
  31              		.section	.gnu.lto_hal_lld_init.cfc16982,"",%progbits
  32 0000 789C9D95 		.ascii	"x\234\235\225KL\023Q\024\206\357\2713\035\312#\320\310"
  32      4B4C1351 
  32      1486EFB9 
  32      331DCA23 
ARM GAS  C:\Users\akudo\AppData\Local\Temp\ccnjuwFg.s 			page 2


  32      D0C8
  33 0012 C306635C 		.ascii	"\303\006c\\\262\252\015b\\\270 1\030\027&.\014\356\215"
  33      B2AA0D62 
  33      5CB82031 
  33      1817262E 
  33      0CEE8D
  34 0025 C2021292 		.ascii	"\302\002\022\222\022\301\204\035SA\342\002\221G\242"
  34      12C1841D 
  34      5341E202 
  34      9147A2
  35 0034 26C0C668 		.ascii	"&\300\306h\000\021\001Q@y\025T\020A\260<\005\345a\200"
  35      00110151 
  35      40791554 
  35      1041B03C 
  35      05E56180 
  36 0048 448C8B56 		.ascii	"D\214\213V@hP\360\236{\207\016\305\215\323&=\323\316"
  36      406850F0 
  36      9E7B870E 
  36      C58DD326 
  36      3DD3CE
  37 005b DCF9FEFF 		.ascii	"\334\371\376\377\234s\347\214D\376\375$\261\357E3!)"
  37      9C73E78C 
  37      44FEFD24 
  37      B1EF4533 
  37      2129
  38 006d EC082602 		.ascii	"\354\010&\002\264t\204\020\247\231Ri0\231\250a\362@"
  38      B4748410 
  38      A7995269 
  38      3099A861 
  38      F240
  39 007f 14512324 		.ascii	"\024Q#$\220\305i\031\000\177\020 \371T\222!\037V\251"
  39      90C56919 
  39      007F1020 
  39      F9549221 
  39      1F56A9
  40 0092 9742A9AB 		.ascii	"\227B\251\253\376~x\302#UU=\017\272\2547\255>J\310\032"
  40      FE7E78C2 
  40      2355553D 
  40      0FBAAC37 
  40      AD3E4AC8 
  41 00a7 157CA881 		.ascii	"\025|\250\201\004\302\326x\013\377L\207+\205l\215E\\"
  41      04C2D678 
  41      0BFF4C87 
  41      2B856C8D 
  41      455C
  42 00b9 835A5080 		.ascii	"\203ZP\200\035\033\017\271\324\335\335\245\252\252q"
  42      1D1B0FB9 
  42      D4DDDDA5 
  42      AAAA71
  43 00c8 F928253E 		.ascii	"\371(%>\312L\260`\306\020\212!\002C\024\006\013\206"
  43      CA4CB060 
  43      C6108A21 
  43      02431406 
  43      0B86
  44 00da 680C3118 		.ascii	"h\0141\030b1\304a8\214\301\212\201\220e\306F\213+\224"
  44      6231C461 
  44      388CC18A 
ARM GAS  C:\Users\akudo\AppData\Local\Temp\ccnjuwFg.s 			page 3


  44      819065C6 
  44      468B2B94 
  45 00ee E2519A85 		.ascii	"\342Q\232\205\276\326\346\315DT\333\244hv\253cn\\\376"
  45      BED6E6CD 
  45      4454DBA4 
  45      6876AB63 
  45      6E5CFE
  46 0101 467D94AA 		.ascii	"F}\224\252\236[\252\214\336\026\226G\335f~\212\340\337"
  46      9E5BAA8C 
  46      DE169647 
  46      DD667E8A 
  46      E0DF
  47 0113 A29D059F 		.ascii	"\242\235\005\237\251\032*\301G%\250\203xx\014\361\374"
  47      A91A2AC1 
  47      4725A883 
  47      78780CF1 
  47      FC
  48 0124 4259F946 		.ascii	"BY\371FE\230\255^-t\232}T\206z\250\206\237<Mx\0026\302"
  48      4598AD5E 
  48      2D749A7D 
  48      54867AA8 
  48      869F3C4D 
  49 013c 94B251C6 		.ascii	"\224\262Q\306\000\241A'<\005\033:\251\364=\014E'\260"
  49      00A14127 
  49      3C051B3A 
  49      A9F43D0C 
  49      4527B0
  50 014f CB3E5104 		.ascii	"\313>Q\004\032\331\215\206\300\200\334&\235\333,\270"
  50      1AD98D86 
  50      C080DC26 
  50      9DDB2CB8 
  51 015f 7B19CAEC 		.ascii	"{\031\312\354\3243\301luo\202(\213\311\200\345\026\216"
  51      D433C16C 
  51      756F8228 
  51      8BC980E5 
  51      168E
  52 0171 C6C6C1F3 		.ascii	"\306\306\301\363\340\222~\241\023Z\301\026d\206m:\244"
  52      E0927EA1 
  52      135AC116 
  52      64866D3A 
  52      A4
  53 0182 9D41F652 		.ascii	"\235A\366R*\373\255\245d6`\350%g\361=\371\212\247T\260"
  53      2AFBADA5 
  53      643660E8 
  53      2567F13D 
  53      F98AA754 
  54 0197 AE084AA8 		.ascii	"\256\010J\250\000\255\027\377\370\245\370\273\022I\240"
  54      00AD17FF 
  54      F8A5F8BB 
  54      1249A0
  55 01a6 43C89583 		.ascii	"C\310\225\203\301\324;u\245.\2601~\020\231w\353\214"
  55      C1D43B75 
  55      A52EB031 
  55      7E109977 
  55      EB8C
  56 01b8 9E7D99BB 		.ascii	"\236}\231\273\3672\2170\340\307\305Y\022\262z\203kf"
  56      F7328F30 
ARM GAS  C:\Users\akudo\AppData\Local\Temp\ccnjuwFg.s 			page 4


  56      E0C7C559 
  56      12B27A83 
  56      6B66
  57 01ca 9F4E781D 		.ascii	"\237Nx\035t3\337\350\220\267\373\233\271\243\245\024"
  57      7433DFE8 
  57      90B7FB9B 
  57      B9A3A514 
  58 01da 65C0503F 		.ascii	"e\300P?g\311\310\032\010l\246E\200\006o,\255\204\363"
  58      67C9C81A 
  58      086CA645 
  58      80066F2C 
  58      AD84F3
  59 01ed 66B259A4 		.ascii	"f\262Y\244\002\201wA6sPWz\217\315\264p\323\336\316#"
  59      02817741 
  59      36735057 
  59      7A8FCDB4 
  59      70D3DECE 
  60 0202 01D3CEB5 		.ascii	"\001\323\316\265;\000|\326\255\261\335z`\016\302\020"
  60      3B007CD6 
  60      ADB1DD7A 
  60      600EC210 
  61 0212 28ECEE61 		.ascii	"(\354\356at\027\315\256\025\214\215\237Eg&u\321y`2\231"
  61      7417CDAE 
  61      158C8D9F 
  61      45672675 
  61      D1796032 
  62 0227 B88386EF 		.ascii	"\270\203\206\3575\367\"\2315g\251\312,(\360\201\271"
  62      35F72299 
  62      3567A9CA 
  62      2C28F081 
  62      B9
  63 0238 1BD1DC55 		.ascii	"\033\321\334U\014u\225\204\350\356F\271;\223\320\200"
  63      0C759584 
  63      E8EE46B9 
  63      3B93D080 
  64 0248 8F5A298A 		.ascii	"\217Z)\212F\332$\241\027#$;\206\353\032\251\250\006"
  64      46DA24A1 
  64      1723243B 
  64      86EB1AA9 
  64      A806
  65 025a 25E0F697 		.ascii	"%\340\366\227b\230\227\302\200\336X\200\3368\026$Ft"
  65      629897C2 
  65      80DE5880 
  65      DE381624 
  65      4674
  66 026c 315908C6 		.ascii	"1Y\010\306\262{\226\212\333\027B\375\274\300\352\326"
  66      B27B968A 
  66      DB1742FD 
  66      BCC0EAD6 
  67 027c D7D44C29 		.ascii	"\327\324L)\376-1\301q\212\206\233\024\366\267\212&\250"
  67      FE2D31C1 
  67      718A869B 
  67      14F6B78A 
  67      26A8
  68 028e 80C5095E 		.ascii	"\200\305\011^\377jwI\204p\317VM1\322$\024\316\024\304"
  68      FF6A7749 
  68      8470CF56 
ARM GAS  C:\Users\akudo\AppData\Local\Temp\ccnjuwFg.s 			page 5


  68      4D31D224 
  68      14CE14C4 
  69 02a2 6B8BD88A 		.ascii	"k\213\330\212;\036\367m1PYAa\032\265\010\276\034$2\230"
  69      3B1EF76D 
  69      31505941 
  69      611AB508 
  69      BE1C2432 
  70 02b7 8CEF064F 		.ascii	"\214\357\006OS\3171-\331\3772\347tY\321\336\247\000"
  70      53CF312D 
  70      D9FF32E7 
  70      7459D1DE 
  70      A700
  71 02c9 7B337CC6 		.ascii	"{3|\306\336\335\250\255S\264\215\305\264fE-=\236\240"
  71      DEDDA8AD 
  71      53B48DC5 
  71      B466452D 
  71      3D9EA0
  72 02dc 043E0708 		.ascii	"\004>\007\010|\321\236\012t.\373_k\336\345^\255\231"
  72      7CD19E0A 
  72      742EFB5F 
  72      6BDEE55E 
  72      AD99
  73 02ee 878DF56A 		.ascii	"\207\215\365j\216\303C4\370\274V\\E\260\254\002W\261"
  73      8EC34334 
  73      F8BC565C 
  73      45B0AC02 
  73      57B1
  74 0300 DDB61A26 		.ascii	"\335\266\032&f\3366\177\023-\004\2777\026\003\364\276"
  74      66DE367F 
  74      132D04BF 
  74      371603F4 
  74      BE
  75 0311 E2DEB092 		.ascii	"\342\336\260\222yp\272Z\316\343\223\201\035YfO\007\313"
  75      7970BA5A 
  75      CEE39381 
  75      1D59664F 
  75      07CB
  76 0323 8B8DB533 		.ascii	"\213\215\2653)\247\355)\031\231W3Ss\257\247g:\354i\370"
  76      29A7ED29 
  76      19995733 
  76      5373AFA7 
  76      673AEC69 
  77 0338 DB919378 		.ascii	"\333\221\223x*\321\356\310\261g\\\311\262g;\256\345"
  77      2AD1EEC8 
  77      B1675CC9 
  77      B2673BAE 
  77      E5
  78 0349 E6D8532F 		.ascii	"\346\330S/]H:!\342\271\223yyx\345rVV\372\3614\362\027"
  78      5D483A21 
  78      E2B99379 
  78      7978E572 
  78      5656FAF1 
  79 0360 E7DBE9C8 		.ascii	"\347\333\351\310"
  80              		.text
  81              		.section	.gnu.lto_stm32_clock_init.cfc16982,"",%progbits
  82 0000 789C9D57 		.ascii	"x\234\235W]lTE\024\2363{\357\356\335\237\356O\333mK"
  82      5D6C5445 
ARM GAS  C:\Users\akudo\AppData\Local\Temp\ccnjuwFg.s 			page 6


  82      149E337B 
  82      EFEEDD9F 
  82      EE4FDB6D 
  83 0015 0381F013 		.ascii	"\003\201\360\023 \320\226\012\361\201\230\230\015\306"
  83      20D0960A 
  83      F1819898 
  83      0DC6
  84 0023 375FC477 		.ascii	"7_\304w\243\020\003\011I\215`\302\033w\333\202\220\360"
  84      A3100309 
  84      498D60C2 
  84      1B77DB82 
  84      90F0
  85 0035 8020C468 		.ascii	"\200 \304hJ\014\021-\002\322\026\254\002\242\025*\025"
  85      4A0C112D 
  85      02D216AC 
  85      02A2152A 
  85      15
  86 0046 2D055AD6 		.ascii	"-\005Z\326R\344\277\273Z\024d\267\245\264\213\224u\316"
  86      52E4BFBB 
  86      5A1464B7 
  86      A5B48B94 
  86      75CE
  87 0058 CCDC9DDD 		.ascii	"\314\334\235\335%\232\335\355\3037\3339w\277\371\346"
  87      259ADDED 
  87      C337DB39 
  87      77BFF9E6 
  88 0068 3B67CE9D 		.ascii	";g\316\235\265\221g\377^\004B\366x\011Y\301>C\025\001"
  88      B59167FF 
  88      5E0442F6 
  88      780959C1 
  88      3E431501 
  89 007c BAA38F90 		.ascii	"\272\243\217\220\260A\301&>\330h\345\366\036BL\227\326"
  89      B041C126 
  89      3ED868E5 
  89      F61E424C 
  89      97D6
  90 008e EC20A6A7 		.ascii	"\354 \246\247R\314\2074\320E\\\247\025\"n\347\361\012"
  90      52CC8734 
  90      D0455CA7 
  90      15226EE7 
  90      F10A
  91 00a0 311FB283 		.ascii	"1\037\262\203C\304\0354(\342\006\217\007\305|\310\000"
  91      43C41D34 
  91      28E2068F 
  91      07C57CC8 
  91      00
  92 00b1 A7883B69 		.ascii	"\247\210;i\271\210\273x\274\\\314\207\\\340\026q7-\023"
  92      B988BB78 
  92      BC5CCC87 
  92      5CE01671 
  92      372D13
  93 00c4 710F8F97 		.ascii	"q\017\217\227\211\371\220\007\3748\202\237\226\212p"
  93      89F99007 
  93      FC38829F 
  93      968A70
  94 00d3 090F978A 		.ascii	"\011\017\227\212\351P\011x\305\327\2754 \342>\036\017"
  94      E9500978 
ARM GAS  C:\Users\akudo\AppData\Local\Temp\ccnjuwFg.s 			page 7


  94      C5D7BD34 
  94      20E23E1E 
  94      0F
  95 00e4 88F9900F 		.ascii	"\210\371\220\017\000G\002d\023\265Ujz\205\335\0214\234"
  95      00470264 
  95      13B5556A 
  95      7A85DD11 
  95      349C
  96 00f6 E52E7799 		.ascii	"\345.w\231\307_Z\342\015\370`\223a\023\006\351bp\210"
  96      C75F5AE2 
  96      0DF86093 
  96      611306E9 
  96      627088
  97 0109 C12906B7 		.ascii	"\301)\006\267\030\374b\360\212\341.MP\330\321u\360C"
  97      18FC62F0 
  97      8AE12E4D 
  97      50D8D175 
  97      F043
  98 011b F7FCFDA6 		.ascii	"\367\374\375\246i\306\367E\2526W%)!cT<\000\237\303|"
  98      69C6F745 
  98      AA365725 
  98      29216354 
  98      3C009FC3 
  99 0130 C29E4934 		.ascii	"\302\236I4O\015\272\355\315\354\031\277\210A+\330Y\036"
  99      4F0DBAED 
  99      CDEC19BF 
  99      88412BD8 
  99      591E
 100 0142 C891D22E 		.ascii	"\310\221\322.3\225\032\336\333\273[_\252\221$\005\035"
 100      33951ADE 
 100      DBBB5B5F 
 100      AA912405 
 100      1D
 101 0153 C1816020 		.ascii	"\301\201` 8\021\\\010\036\004/\202\017\301\217\020@"
 101      38115C08 
 101      1E042F82 
 101      0FC18F10 
 101      40
 102 0164 28470822 		.ascii	"(G\010\"T\"T!LC\250F\230\2160\003a&\302,\204\331\010"
 102      54225421 
 102      4C43A846 
 102      988E3003 
 102      6126C22C 
 103 017b 7310E622 		.ascii	"s\020\346\"\314CX\200\260\020a\021\302b\204\032\204"
 103      CC435880 
 103      B0106111 
 103      C262841A 
 103      84
 104 018c 5A842508 		.ascii	"Z\204%\010\365\010\204D\231~fm\214R6\330\256\302\351"
 104      F5088444 
 104      997E666D 
 104      8C5236D8 
 104      AEC2E9
 105 019f 78DB60A3 		.ascii	"x\333`\243\216\033b\033\235<y}@\033\241IJ\315\370VS"
 105      8E1B621B 
 105      9D3C797D 
 105      401BA149 
ARM GAS  C:\Users\akudo\AppData\Local\Temp\ccnjuwFg.s 			page 8


 105      4ACDF856 
 106 01b4 C3BDDF8C 		.ascii	"\303\275\337\214^\270d\360)\202\377nyz3\251\267\300"
 106      5EB864F0 
 106      2982FF6E 
 106      797A33A9 
 106      B7C0
 107 01c6 C761D3EC 		.ascii	"\307a\323\354\262'\251\015\016@5|\301\304b\360\375\235"
 107      B227A90D 
 107      0E40357C 
 107      C1C462F0 
 107      FD9D
 108 01d8 E3BB5C35 		.ascii	"\343\273\\5\007\315fHR\015\016B\013\214r'\341\020\324"
 108      07CD6648 
 108      520D0E42 
 108      0B8C7227 
 108      E110D4
 109 01eb B0F0B9C6 		.ascii	"\260\360\271\306\341\230\033\251\2009i\002\201\303\354"
 109      E1981BA9 
 109      80396902 
 109      81C3EC
 110 01fa 7B5CC1F5 		.ascii	"{\\\301\365\016\233T\320\324?\360\022>\242\233\267\302"
 110      0E9B54D0 
 110      D43FF012 
 110      3EA29BB7 
 110      C2
 111 020b 390274BE 		.ascii	"9\002t\276\306\340\211m\267\355J\200\035\276d\002\216"
 111      C6E0896D 
 111      B7ED4A80 
 111      1DBE6402 
 111      8E
 112 021c 48011DBB 		.ascii	"H\001\035\273\243\021%\240\215\013\300<A;\027\3608\221"
 112      A31125A0 
 112      8D0BC03C 
 112      413B17F0 
 112      3891
 113 022e ECD5914A 		.ascii	"\354\325\221J3M\033\201\016\261|g\"*\226\237\240Z\306"
 113      334D1B81 
 113      0EB17C67 
 113      222A969F 
 113      A05AC6
 114 0241 0EE13F77 		.ascii	"\016\341?w\0276\220\375(g\347\325p\214y}\025\232\036"
 114      173690FD 
 114      2867E7D5 
 114      708C797D 
 114      159A1E
 115 0254 DA058B2E 		.ascii	"\332\005\213.\210zZF:\270\231\300\266\372\225Xk'\310"
 115      887A5A46 
 115      3AB899C0 
 115      B6FA9558 
 115      6B27C8
 116 0267 7DE6BB4A 		.ascii	"}\346\273J\247Z\345k\250\231@\023X\356l\204\235\006"
 116      A75AE56B 
 116      A8994013 
 116      58EE6C84 
 116      9D06
 117 0279 4C5E677B 		.ascii	"L^g{lTjw\344\305\312\215\371F\221\036\027\322'\267D"
 117      6C546A77 
ARM GAS  C:\Users\akudo\AppData\Local\Temp\ccnjuwFg.s 			page 9


 117      E4C5CA8D 
 117      F946911E 
 117      17D227B7 
 118 028e A9A03104 		.ascii	"\251\2401\004\323G\203\261\2076.\236\0228\301X\"\320"
 118      D34783B1 
 118      87362E9E 
 118      1238C158 
 118      22D0
 119 02a0 7CA5E92D 		.ascii	"|\245\351-\371\014{ \374\331\311\355\016\376\000c9\211"
 119      F90C7B20 
 119      FCD9C9ED 
 119      0EFE0063 
 119      3989
 120 02b2 CB102CAE 		.ascii	"\313\020,\256J\302\216/\304\250&\253\253\263\375^\277"
 120      4AC28E2F 
 120      C4A826AB 
 120      ABB3FD5E 
 120      BF
 121 02c3 14E82C60 		.ascii	"\024\350,`\333\337r\205x\242\341\224T(\315u\011\242"
 121      DBDF7285 
 121      78A2E194 
 121      5428CD75 
 121      09A2
 122 02d5 585FE3B6 		.ascii	"X_\343\266\022\276\374\223T*\345#\360]\221\006\177\257"
 122      12BEFC93 
 122      542AE523 
 122      F05D9106 
 122      7FAF
 123 02e7 56EA4283 		.ascii	"V\352B\203]\274$.\335\223vx\012\240\372AQ\235\346\242"
 123      5DBC242E 
 123      DD937678 
 123      0AA0FA41 
 123      519DE6A2 
 124 02fb 0B577346 		.ascii	"\013WsFQt\243\032\017O\267\256\322}\377\216t\323\233"
 124      5174A31A 
 124      0F4FB7AE 
 124      D27DFF8E 
 124      74D39B
 125 030e 7FBA7F54 		.ascii	"\177\272\177T\244g\255t[\373\363\011\246\211\315\361"
 125      A467AD74 
 125      5BFBF309 
 125      A689CDF1 
 126 031e 6D2E6EA7 		.ascii	"m.n\247\207@\217H\367\220\225n_F~+d~\355\351\374>\260"
 126      87408F48 
 126      F790956E 
 126      5F467E2B 
 126      647EEDE9 
 127 0335 0E8FBF80 		.ascii	"\016\217\277\200}\376\244*\360\\v~\003\202\250c\252"
 127      7DFEA42A 
 127      F05C767E 
 127      0382A863 
 127      AA
 128 0346 6D97E815 		.ascii	"m\227\350\025Ivz~.2\271\277\250ez\321\316\000o7\361"
 128      49767A7E 
 128      2E32B9BF 
 128      A8657AD1 
 128      CE006F37 
ARM GAS  C:\Users\akudo\AppData\Local\Temp\ccnjuwFg.s 			page 10


 129 035b 07FDB61C 		.ascii	"\007\375\266\034\242<\332\331y\345b\037\357&\351\306"
 129      A23CDAD9 
 129      79E5621F 
 129      EF26E9C6 
 130 036b A4B1A90B 		.ascii	"\244\261\251\013\262\227\264?\261\354(/@\347E\245\363"
 130      B297B43F 
 130      B1EC282F 
 130      40E745A5 
 130      F3
 131 037c 52762F09 		.ascii	"Rv/\011\012\242=\343\255\007\354\262uj\004\372\213\364"
 131      0AA23DE3 
 131      AD07ECB2 
 131      756A04FA 
 131      8BF4
 132 038e 6340AD73 		.ascii	"c@\255s\031\375\010\362\362r\250\362\232\262\312\253"
 132      19FD08F2 
 132      F272A8F2 
 132      9AB2CAAB 
 133 039e 32FFF28A 		.ascii	"2\377\362\212(\322_\255\362\272&\313\253J0\355\235<"
 133      28D25FAD 
 133      F2BA26CB 
 133      AB4A30ED 
 133      9D3C
 134 03b0 DCA849F9 		.ascii	"\334\250I\371\006\201\301\234~R\225Q`AY`F\272\300\272"
 134      0681C19C 
 134      7E529551 
 134      60415960 
 134      46BAC0BA 
 135 03c4 CF484DD3 		.ascii	"\317HM\323\012\330\351\025.JCQC\331\216V3\242\242\333"
 135      0AD8E915 
 135      2E4A4351 
 135      43D98E56 
 135      33A2A2DB 
 136 03d8 F15545FB 		.ascii	"\361UE\373\033\032X\315\015t\246\015Lt\017K\261\323"
 136      1B1A58CD 
 136      0D74A60D 
 136      4C740F4B 
 136      B1D3
 137 03ea F337F09A 		.ascii	"\3637\360\232\"\275\236\333\216g0\246g\372\357\214\014"
 137      22BD9EDB 
 137      8E6730A6 
 137      67FAEF8C 
 137      0C
 138 03fb BFCAA55F 		.ascii	"\277\312\245_.\353u\036\357i\322\013\257\356\033\\\003"
 138      2EEB751E 
 138      EF69D20B 
 138      AFEE1B5C 
 138      03
 139 040c BE5DE026 		.ascii	"\276]\340&\257\356\375\217\"\335\374\005\240mm\015/"
 139      AFEEFD8F 
 139      22DDFC05 
 139      A06D6D0D 
 139      2F
 140 041d 2770CB7A 		.ascii	"'p\313zY\366\036\225;\234Y\200o\267U\215\334\311N\307"
 140      59F61E95 
 140      3B9C5980 
 140      6FB7558D 
ARM GAS  C:\Users\akudo\AppData\Local\Temp\ccnjuwFg.s 			page 11


 140      DCC94EC7 
 141 0431 2C41B4F3 		.ascii	",A\264\363\370\320v\227u7`%2\\d\202\242j\241\030&h\026"
 141      F8D07697 
 141      75376025 
 141      325C6482 
 141      A26AA118 
 142 0448 4F905B25 		.ascii	"O\220[%\250\317J\320\354\214\313\004\374\377E\342wN"
 142      A8CF4AD0 
 142      EC8CCB04 
 142      FCFF45E2 
 142      774E
 143 045a 6A47D23F 		.ascii	"jG\322?r\0234G0\215\237J\215Z\372Y\303\032\311\311\330"
 143      72133447 
 143      308D9F4A 
 143      8D5AFA59 
 143      C31AC9C9 
 144 046f 9C8C8C95 		.ascii	"\234\214\214\225\361\214EYog\031\213Q?j\003\256\355"
 144      F18C4559 
 144      6F67198B 
 144      513F6A03 
 144      AEED
 145 0481 C698D436 		.ascii	"\306\230\32467\377\342\271\2536\374g\256\266y\222\351"
 145      37FFE2B9 
 145      AB36FC67 
 145      AEB67992 
 145      E9
 146 0492 C2C85D9B 		.ascii	"\302\310]\233\345\255\237\300_9\342\346e\210+\225\345"
 146      E5AD9FC0 
 146      5F39E2E6 
 146      65882B95 
 146      E5
 147 04a3 54922EA7 		.ascii	"T\222.\247\211\201\"\232\345=\325,\357\363rJ|\260eL"
 147      8981229A 
 147      E53DD52C 
 147      EFF3724A 
 147      7CB0654C 
 148 04b7 344BB375 		.ascii	"4K\263u_7\273|\375-\357~\361\263Q\213\377\223cm\347"
 148      5F37BB7C 
 148      FD2DEF7E 
 148      F1B3518B 
 148      FF93636D 
 149 04cc 78977098 		.ascii	"x\227p\230\223\271\267O\007_\344i\177\344\012\225\012"
 149      93B9B74F 
 149      075FE469 
 149      7FE40A95 
 149      0A
 150 04dd D84DDD80 		.ascii	"\330M\335\200\007LA\\*H\264D_H\013Hp\001\370#\000F\271"
 150      074C415C 
 150      2A48B444 
 150      5F480B48 
 150      7001F823 
 151 04f4 80F7E297 		.ascii	"\200\367\342\227/z\270\011\233\275\004\306\254j>\177"
 151      2F7AB809 
 151      9BBD04C6 
 151      AC6A3E7F 
 152 0504 595ABEA0 		.ascii	"YZ\276\240\200\"{\250v7\236]\315\013\031\021?\256\305"
 152      80227BA8 
ARM GAS  C:\Users\akudo\AppData\Local\Temp\ccnjuwFg.s 			page 12


 152      76379E5D 
 152      CD0B1911 
 152      3FAEC5
 153 0517 D4EE2345 		.ascii	"\324\356#E;\201\265\273\220\327\256Wu\347\276\250\024"
 153      3B81B5BB 
 153      90D7AE57 
 153      75E7BEA8 
 153      14
 154 0528 BB28FFFA 		.ascii	"\273(\377\372\230T\244\311\334\227\377b\306\364\314"
 154      9854A4C9 
 154      DC97FF62 
 154      C6F4CC
 155 0537 DB7E31A3 		.ascii	"\333~1\243\370t\367\236C\374\242\314~\306\300\343tq"
 155      F874F79E 
 155      43FCA2CC 
 155      7EC6C0E3 
 155      7471
 156 0549 046471F8 		.ascii	"\004dq\370\254\336\234\210,\023_\252)`\233\377pE\006"
 156      ACDE9C88 
 156      2C135FAA 
 156      29609BFF 
 156      704506
 157 055c 2A7A92ED 		.ascii	"*z\222\355^-#\342G\247\030\367\246\024\355St\257\226"
 157      5E2D23E2 
 157      47A718F7 
 157      A614ED53 
 157      74AF96
 158 056f 271804F3 		.ascii	"'\030\004\363\222\002\210R\234\010\1778\202I\263\364"
 158      92028852 
 158      9C087F38 
 158      8249B3F4 
 159 057f D533A2A2 		.ascii	"\3253\242\242\365\205i\232\266\2212}\365\344\006\204"
 159      F585699A 
 159      B691327D 
 159      F5E40684 
 160 058f BB865E45 		.ascii	"\273\206^E\032a/0[\331A\016\255X^\267b\315\3327\327"
 160      1A612F30 
 160      5BD9410E 
 160      AD585EB7 
 160      62CDDA37 
 161 05a4 AEDCF0EE 		.ascii	"\256\334\360\356\352\265\015u\253\360s\303\372\372\347"
 161      EAB50D75 
 161      ABF073C3 
 161      FAFAE7
 162 05b3 EBEB1AD6 		.ascii	"\353\353\032\326\327\255yc]\335\333\015\357lX_\267\362"
 162      D7AD7963 
 162      5DDDDB0D 
 162      EF6C585F 
 162      B7F2
 163 05c5 B557963E 		.ascii	"\265W\226>'\360\345e\0337b\344\365u\353V\327\256\"\377"
 163      27F0E565 
 163      1B3762E4 
 163      F575EB56 
 163      D7AE22FF 
 164 05d9 02EBA723 		.ascii	"\002\353\247#o"
 164      6F
 165              		.text
ARM GAS  C:\Users\akudo\AppData\Local\Temp\ccnjuwFg.s 			page 13


 166              		.section	.gnu.lto_.symbol_nodes.cfc16982,"",%progbits
 167 0000 789C6366 		.ascii	"x\234cf``\320a\200\002\246IL\365\014\014\023\31610\324"
 167      6060D061 
 167      8002A649 
 167      4CF50C0C 
 167      13CE3130 
 168 0015 D733CC5B 		.ascii	"\3273\314[\300\301\3004\231\251\236\021Y\200u\002\023"
 168      C0C1C034 
 168      99A99E11 
 168      59807502 
 168      13
 169 0026 C3429022 		.ascii	"\303B\220\"\000\013J\013Y"
 169      000B4A0B 
 169      59
 170              		.text
 171              		.section	.gnu.lto_.refs.cfc16982,"",%progbits
 172 0000 789C6366 		.ascii	"x\234cf```d\200\002\000\000=\000\005"
 172      60606064 
 172      80020000 
 172      3D0005
 173              		.text
 174              		.section	.gnu.lto_.decls.cfc16982,"",%progbits
 175 0000 789CCD57 		.ascii	"x\234\315W}PSW\026\177\367\335$\204\020\300\221\255"
 175      7D505357 
 175      167FF7DD 
 175      248410C0 
 175      91AD
 176 0012 ED309D29 		.ascii	"\3550\235)\2453\214\333mE\300vw\235\331Y5~Nm\233I\334"
 176      A5338CDB 
 176      6D45C076 
 176      779DD959 
 176      357E4E6D 
 177 0029 DDEE9419 		.ascii	"\335\356\224\031\026I\\3\005\342\2320\203\377=@\005"
 177      16495C33 
 177      05E29A30 
 177      83FF3D40 
 177      05
 178 003a 14E443AD 		.ascii	"\024\344C\255\340g\024\020\344S\211\330\255PH\351\202"
 178      E0671410 
 178      E45389D8 
 178      AD5048E9 
 178      82
 179 004b F851EAA2 		.ascii	"\370Q\352\242\025\265*\024+\370\001\210\026\005D\311"
 179      15B52A14 
 179      2BF80188 
 179      160544C9 
 180 005b 9E7B6F92 		.ascii	"\236{o\222\027\036iwwf\377\33079\271\347\274\363;\347"
 180      171E6977 
 180      7766FFD8 
 180      3739B9E7 
 180      BCF33BE7 
 181 006f 9E73EEB9 		.ascii	"\236s\356\271\357\335\2079\216\223!\216s\30252\213\343"
 181      EFDD8739 
 181      8E93218E 
 181      73C23532 
 181      8BE3
 182 0081 E498E3E0 		.ascii	"\344\230\343\340\307i9\361\342\201\252\201j\201\000"
ARM GAS  C:\Users\akudo\AppData\Local\Temp\ccnjuwFg.s 			page 14


 182      C76939F1 
 182      E281AA81 
 182      6A8100
 183 0090 CA9DE6A6 		.ascii	"\312\235\346\246_D\347\347\262y\035h6\200f\0015\003"
 183      5F44E7E7 
 183      B2791D68 
 183      36806601 
 183      3503
 184 00a2 1F0AE32B 		.ascii	"\037\012\343+@J\340U0\252\201F\200\237\002\232\004\372"
 184      404AE055 
 184      30AA8146 
 184      809F029A 
 184      04FA
 185 00b4 05C86330 		.ascii	"\005\310c0\276\204\304y^E\334\214\213\314\355\377o\346"
 185      BE84C479 
 185      5E45DC8C 
 185      8BCCEDFF 
 185      6FE6
 186 00c6 88028A04 		.ascii	"\210\002\212\004Ry\371~Db\203\361\011\214\317\\\363"
 186      5279F97E 
 186      446283F1 
 186      098CCF5C 
 186      F3
 187 00d7 BC895822 		.ascii	"\274\211X\"NW>\2653\247\343\036\361\350\363\332\321"
 187      4E573EB5 
 187      33A7E31E 
 187      F1E8F3DA 
 187      D1
 188 00e8 AF03EEF2 		.ascii	"\257\003\356\362(H\025F\304\323\205\035E\012\020\325"
 188      28481546 
 188      C4D3851D 
 188      450A10D5 
 189 00f8 2A19111B 		.ascii	"*\031\021\033'\373.\313^\336-\300\225\237!\314\222!"
 189      27FB2ECB 
 189      5EDE2DC0 
 189      959F21CC 
 189      9221
 190 010a ED1C548E 		.ascii	"\355\034T\216BQ\005\012\005\257\307\320\313\360\377"
 190      4251050A 
 190      05AFC7D0 
 190      CBF0FF
 191 0119 B18C79CA 		.ascii	"\261\214y\312\313\037\372\014a\036\021\276\244\350\373"
 191      CB1FFA0C 
 191      611E11BE 
 191      A4E8FB
 192 0128 CBAAB72A 		.ascii	"\313\252\267*\301,Kp\214#q\272\356\262\2344u\330A\301"
 192      C12C4B70 
 192      8C2371BA 
 192      EEB29C34 
 192      75D841C1 
 193 013c 767CA4F6 		.ascii	"v|\244\366r&.\026l\351\302\224\323\211\2503T\2110\252"
 193      72262E16 
 193      6CE9C294 
 193      D389A833 
 193      548930AA 
 194 0150 426F112C 		.ascii	"Bo\021,\341\251\021\252Fa`X^~\245F\216?\242\336\037"
 194      E1A911AA 
ARM GAS  C:\Users\akudo\AppData\Local\Temp\ccnjuwFg.s 			page 15


 194      46616058 
 194      5E7EA546 
 194      8E3FA2DE 
 195 0165 3B7AAE63 		.ascii	";z\256c\352\304VY\246\350\020\034N\347\357\251}\215"
 195      EAC45659 
 195      A6E8101C 
 195      4EE7EFA9 
 195      7D8D
 196 0177 977D8DDB 		.ascii	"\227}\215\333\276\226\332\2674\217\267\253\260\211\332"
 196      BE96DAB7 
 196      348FB7AB 
 196      B089DA
 197 0186 E764F59E 		.ascii	"\347d\365\236U\341\215\224O;\332\230\343\007\011\277"
 197      55E18D94 
 197      4F3BDA98 
 197      E30709BF 
 198 0196 AEA2F1F5 		.ascii	"\256\242\361\365\354\233(\365\247\"\351\225`\270\305"
 198      EC9B28F5 
 198      A722E995 
 198      60B8C5
 199 01a5 77F40B25 		.ascii	"w\364\013%A(BU\012\331\214\274(\351[\231!,B'\221\012"
 199      41284255 
 199      0AD98CBC 
 199      28E95B99 
 199      212C4227 
 200 01bb 1DF7CC46 		.ascii	"\035\367\314F\255\311\225%\010\351\244R\376\035A\234"
 200      ADC99525 
 200      08E9A452 
 200      FE1D419C 
 201 01cb A750C88E 		.ascii	"\247P\310\216\"\000A\261\350\004\334\254\207\233\340"
 201      220041B1 
 201      E804DCAC 
 201      879BE0
 202 01da B8ED79F3 		.ascii	"\270\355y\363f9RE\3706:\345\303\210\206p!\263p\216 "
 202      66395245 
 202      F8363AE5 
 202      C3888670 
 202      21B3708E 
 203 01ef C8500384 		.ascii	"\310P\003\204P'\206\000\021y\252|g\260\252K\205\035"
 203      50278600 
 203      1179AA7C 
 203      67B0AA4B 
 203      851D
 204 0201 6C2DDA47 		.ascii	"l-\332G\033\263\025\257]\344\017\010J\266\004GF\317"
 204      1BB315AF 
 204      5DE40F08 
 204      4AB60447 
 204      46CF
 205 0213 C82145B0 		.ascii	"\310!E\260\027Fs\265\264\240O*2Uo\034\026lGFj\017\232"
 205      174673B5 
 205      B4A04F2A 
 205      32556F1C 
 205      166C4746 
 206 022a E8A208A4 		.ascii	"\350\242\010\244\246t\216\317\330\034^\353N\356\374"
 206      A6748ECF 
 206      D81C5EEB 
 206      4EEEFC
ARM GAS  C:\Users\akudo\AppData\Local\Temp\ccnjuwFg.s 			page 16


 207 0239 1DBDC6A1 		.ascii	"\035\275\306\241\317I\240\247\321\033\340\242o` ]M\373"
 207      CF49A0A7 
 207      D11BE0A2 
 207      6F60205D 
 207      4DFB
 208 024b C8A1242E 		.ascii	"\310\241$.O\266\330\037\253i#e\321(\366vvg\313q?\013"
 208      4FB6D81F 
 208      AB692365 
 208      D128F676 
 208      7667CB71 
 209 0261 69A8B534 		.ascii	"i\250\2654U\005ig\374gi\203E\372\305\301\333\301\370"
 209      55056967 
 209      FC676983 
 209      45FAC5C1 
 209      DBC1F8
 210 0274 3133BF7A 		.ascii	"13\277z\253\327\021\200\2370A\310\033\330\214\361\013"
 210      ABD71180 
 210      9F3041C8 
 210      1BD88CF1 
 210      0B
 211 0285 2694EEFE 		.ascii	"&\224\356\376\264ZNg\245Ad\027f\014(q:\246\272\272\372"
 211      B45A4E67 
 211      A5416417 
 211      660C2871 
 211      3AA6BABA 
 212 029a C943FE78 		.ascii	"\311C\376x+\023\316\367\215\377\310\302\233E\304\003"
 212      2B13CEF7 
 212      8DFFC8C2 
 212      9B45C403 
 213 02aa ED6D5D0A 		.ascii	"\355m]\012\234\307t\217\256\234\372\025.b|\361\330\205"
 213      9CC7748F 
 213      AE9CFA15 
 213      2E627CF1 
 213      D885
 214 02bc F6608A7B 		.ascii	"\366`\212{\205\372\277\232\267\037\343\303L7\3219\320"
 214      85FABF9A 
 214      B71FE3C3 
 214      4C37D139 
 214      D0
 215 02cd 80711513 		.ascii	"\200q\025\023\334\373H\315\366\321\245\212\374,%>\311"
 215      DCFB48CD 
 215      F6D1A58A 
 215      FC2C253E 
 215      C9
 216 02de 74F52565 		.ascii	"t\365%e\247\374im\026\021q\333\366\023N?\222\276\340"
 216      A7FC696D 
 216      161171DB 
 216      F6134E3F 
 216      92BEE0
 217 02f1 4A1F8CBC 		.ascii	"J\037\214\274\252\333I\026\022\315\015E\277\244\231"
 217      AADB4916 
 217      12CD0D45 
 217      BFA499
 218 0300 A71D28EB 		.ascii	"\247\035(\353\305\263\363)\332&\204Y\351\232|\015\350"
 218      C5B3F329 
 218      DA268459 
 218      E99A7C0D 
ARM GAS  C:\Users\akudo\AppData\Local\Temp\ccnjuwFg.s 			page 17


 218      E8
 219 0311 568AFE06 		.ascii	"V\212\376\006\315v\333\020t\247P\224\037\204\277`\363"
 219      CD76DB10 
 219      74A75094 
 219      1F84BF60 
 219      F3
 220 0322 56F47516 		.ascii	"V\364u\026\006\322\230\346\022\261\362\326d\206\034"
 220      06D298E6 
 220      12B1F2D6 
 220      64861C
 221 0331 9F61BA9E 		.ascii	"\237a\272\236\261\236V?\252\233O\3043eu\207\024\370"
 221      B19E563F 
 221      AA9B4FC4 
 221      33657587 
 221      14F8
 222 0343 1BA63BF3 		.ascii	"\033\246;\363\340\351}\204\273\231\220\346\250\271\304"
 222      E0E97D84 
 222      BB9990E6 
 222      A8B9C4
 223 0352 80BF2162 		.ascii	"\200\277!b\177M{I\020\356a\272k\345\231;\225\370\336"
 223      7F4D7B49 
 223      10EE61BA 
 223      6BE5993B 
 223      95F8DE
 224 0365 F42CD52C 		.ascii	"\364,\325,\313\266\356\255\367\024\370\021\3239O\025"
 224      CBB6EEAD 
 224      F714F811 
 224      D3394F15 
 225 0375 9D0DC413 		.ascii	"\235\015\304\023\256R\235\310\237\010\242\300\225\264"
 225      AE529DC8 
 225      9F08A2C0 
 225      95B4
 226 0383 333AD2DB 		.ascii	"3:\322\333\3448CFu\003\315\203\002Ou\2641s\177\260\225"
 226      E4384346 
 226      7503CD83 
 226      024F75B4 
 226      31737FB0 
 227 0398 28712ED3 		.ascii	"(q.\323\025\017\365\347)\360\036&d5\355:\312f\373\210"
 227      150FF5E7 
 227      29F01E26 
 227      6435ED3A 
 227      CA66FB88 
 228 03ac 889353C7 		.ascii	"\210\223S\307\036\006\342\303LWU.\314\301U\214?\336"
 228      1E06E2C3 
 228      4C57552E 
 228      CCC1558C 
 228      3FDE
 229 03be 5295CD70 		.ascii	"R\225\315p\177\241k[y\253\"\03070\335\225\266\3537\002"
 229      7FA16B5B 
 229      79AB2218 
 229      3730DD95 
 229      B6EB3702 
 230 03d2 710B13F6 		.ascii	"q\013\023\366\345w\025\263\216XO\304\202\262][y|\226"
 230      E57715B3 
 230      8E584FC4 
 230      82B25D5B 
 230      797C96
ARM GAS  C:\Users\akudo\AppData\Local\Temp\ccnjuwFg.s 			page 18


 231 03e5 E90EEDA8 		.ascii	"\351\016\355\250\237`O\305\015Dli\357<\342\217;\231"
 231      9F604FC5 
 231      0D446C69 
 231      EF3CE28F 
 231      3B99
 232 03f7 EE598EBD 		.ascii	"\356Y\216\275\235\307]L8\361\355\335n\025\005\246\022"
 232      9DC75D4C 
 232      38F1EDDD 
 232      6E1505A6 
 232      12
 233 0408 D176A9E5 		.ascii	"\321v\251\345\230\032\337`\272\335M\373\013Y$\002\225"
 233      981ADF60 
 233      BADD4DFB 
 233      0B592402 
 233      95
 234 0419 EFDBA76E 		.ascii	"\357\333\247n\313q\037U\206\265\217no\364C\341\256+"
 234      CB711F55 
 234      86B58F6E 
 234      6FF443E1 
 234      AE2B
 235 042b 24DCE715 		.ascii	"$\334\347\025a\0236g\214\334\264\333>,(\333*t\314G\315"
 235      61133667 
 235      8CDCB4DB 
 235      3E2C28DB 
 235      2A74CC47 
 236 0440 D00AE760 		.ascii	"\320\012\347`3\216\243\020q\007\235\247}\361&\374q\004"
 236      338EA310 
 236      71079DA7 
 236      7DF126FC 
 236      7104
 237 0452 6FBB6A37 		.ascii	"o\273j786c\212m\221b\347N\207\3464x\240CR\350\260\304"
 237      3836638A 
 237      6D9162E7 
 237      4E87E634 
 237      78A04352 
 238 0469 ED33D1ED 		.ascii	"\3553\321\355M)\366\2267V\020lY\0152\202\205^E\375."
 238      4D29F696 
 238      3756106C 
 238      590D3282 
 238      855E45FD 
 239 047e ACBB83D1 		.ascii	"\254\273\203\321\200\304\35761\206\373R\277\367(\266"
 239      80C4EF36 
 239      3186FB52 
 239      BFF728B6 
 240 048e 1C791C6F 		.ascii	"\034y\034o\027\035?\220:\036\2248\316\026\035\337\365"
 240      171D3F90 
 240      3A1E9438 
 240      CE161DDF 
 240      F5
 241 049f ED98620B 		.ascii	"\355\230b\013\350N\023\204EV\0165\202\276\211\252\010"
 241      E84E1384 
 241      45560E35 
 241      82BE89AA 
 241      08
 242 04b0 9A3C04F3 		.ascii	"\232<\004\363\370\010\364\010\205\243g@\231|8\312\005"
 242      F808F408 
 242      85A36740 
ARM GAS  C:\Users\akudo\AppData\Local\Temp\ccnjuwFg.s 			page 19


 242      997C38CA 
 242      05
 243 04c1 DA069403 		.ascii	"\332\006\224\003\264\035h3\320\010\350\246\200\322\201"
 243      B41D6833 
 243      D008E8A6 
 243      80D281
 244 04d0 CF00DA01 		.ascii	"\317\000\332\001\224\015\224\0054\011\367\005\030\267"
 244      940D9405 
 244      3409F705 
 244      18B7
 245 04de 00FD08FC 		.ascii	"\000\375\010\374V\030'`|\001\224\006\274\023\306Q\240"
 245      56182760 
 245      7C019406 
 245      BC13C651 
 245      A0
 246 04ef 31A02740 		.ascii	"1\240'@O\201\036\003=G\341\364\341N3y.\226\276W\232"
 246      4F811E03 
 246      3D47E1F4 
 246      E14E3379 
 246      2E96BE57 
 247 0504 C9F792AC 		.ascii	"\311\367\222\254\257\211X\207\317\325wW\023\260\017"
 247      AF895887 
 247      CFD57757 
 247      13B00F
 248 0513 45EC5529 		.ascii	"E\354U)\366\232\304o\256X\315\207\276[\305\263L\351"
 248      F69AC46F 
 248      AE58CD87 
 248      BE5BC5B3 
 248      4CE9
 249 0525 B617CC31 		.ascii	"\266\027\3141yr\365\371\016\330+\212{b\024\027|\367"
 249      7972F5F9 
 249      0ED82B8A 
 249      7B621417 
 249      7CF7
 250 0537 B617D829 		.ascii	"\266\027\330)\202\357H\301?H\301\343\"\370\272\357\374"
 250      82EF48C1 
 250      3F48C1E3 
 250      22F8BAEF 
 250      FC
 251 0548 BCC05322 		.ascii	"\274\300S\"\370\266o\317b\177\337\267{\332\360\242\264"
 251      F8B66FCF 
 251      627FDFB7 
 251      7BDAF0A2 
 251      B4
 252 0559 0DFF2929 		.ascii	"\015\377))\334\003\321o\227\324\357\245i~\323m=b\335"
 252      DC03D16F 
 252      97D4EFA5 
 252      697ED36D 
 252      3D62DD
 253 056c CE4AB11D 		.ascii	"\316J\261\035\322\2750!\006\361\2354\210\033\222 &\305"
 253      D2BD3021 
 253      06F19D34 
 253      881B9220 
 253      26C5
 254 057e 207A7C6F 		.ascii	" z|o^\257J\\\027\301_J\301\255\222\210\207\305\210\273"
 254      5EAF4A5C 
 254      17C15F4A 
ARM GAS  C:\Users\akudo\AppData\Local\Temp\ccnjuwFg.s 			page 20


 254      C1AD9288 
 254      87C588BB 
 255 0592 A5D82B52 		.ascii	"\245\330+R\307C\242\343o}\203\305\210o\210\330\177H"
 255      C743A2E3 
 255      6F7D83C5 
 255      886F88D8 
 255      7F48
 256 05a4 B16D12EC 		.ascii	"\261m\022\354-\021{\306w\331D\354M\021\333\356\333\257"
 256      2D117BC6 
 256      77D944EC 
 256      4D11DBEE 
 256      DBAF
 257 05b6 57C0DF89 		.ascii	"W\300\337\211\340\257|W\302\013<(\202/\373^h\006&\207"
 257      E0AF7C57 
 257      C20B3C28 
 257      822FFB5E 
 257      68062687 
 258 05ca BADE4EBB 		.ascii	"\272\336N\273\201\234\351\000\304\271O\260\356\323\034"
 258      819CE900 
 258      C4B94FB0 
 258      EED31C
 259 05d9 7F3DF37C 		.ascii	"\177=\363|\245\012\205D\370z2\241\002x \375\277<\234"
 259      A50A8544 
 259      F87A32A1 
 259      027820FD 
 259      BF3C9C
 260 05ec 6826790D 		.ascii	"h&y\015j\001\241|>\004}!\036NI^\356\303\351\225\341"
 260      6A01A17C 
 260      3E047D21 
 260      1E4E495E 
 260      EEC3E995 
 261 0601 F126B97A 		.ascii	"\361&\271z\233x\350\245`\361\374S\310\253\351\271\035"
 261      9B78E8A5 
 261      60F1FC53 
 261      C8ABE9B9 
 261      1D
 262 0612 46400F7E 		.ascii	"F@\017~U<\201\361q9yK\312\234\317\323\272\002\340-\031"
 262      553C81F1 
 262      7139794B 
 262      CA9CCFD3 
 262      BA02E02D 
 263 0627 42DF84BD 		.ascii	"B\337\204\275\315\366R\004\207\325V\344y\271}\312\377"
 263      CDF65204 
 263      87D556E4 
 263      79B97DCA 
 263      FF
 264 0638 F4CBADC5 		.ascii	"\364\313\255\305>\355\3052\023\312\226\243\300u\322"
 264      3EEDC532 
 264      13CA96A3 
 264      C075D2
 265 0647 2255168F 		.ascii	"\"U\026\217Y\004MJ\274\007J\274\013J\261\233\367J\271"
 265      59044D4A 
 265      BC074ABC 
 265      0B4AB19B 
 265      F74AB9
 266 065a 892D1E60 		.ascii	"\211-\036`f.^\377\336\211\035\342\342Mw\213\212\301"
 266      662E5EFF 
ARM GAS  C:\Users\akudo\AppData\Local\Temp\ccnjuwFg.s 			page 21


 266      DE891DE2 
 266      E24D778B 
 266      8AC1
 267 066c DBCF7AEE 		.ascii	"\333\317z\356\260\223b\026\001d'\357)&\231\307]\314"
 267      B0936216 
 267      016427EF 
 267      292699C7 
 267      5DCC
 268 067e DB5F7655 		.ascii	"\333_vU+\246\025\263hZ1\367\272\212\271\227\026\363"
 268      2BA615B3 
 268      685A31F7 
 268      BA8AB997 
 268      16F3
 269 0690 50FDB907 		.ascii	"P\375\271\0072\334$g\007\273\251=\031\201\360\025\345"
 269      32DC2467 
 269      07BBA93D 
 269      1981F015 
 269      E5
 270 06a1 804FB11B 		.ascii	"\200O\261\033)\236/1\236~I\355\343\305/)\340\331\227"
 270      299E2F31 
 270      9E7E49ED 
 270      E3C52F29 
 270      E0D997
 271 06b4 D47E9E7C 		.ascii	"\324~\236|I5\216\237*\017\242\247\331^v\356k\272\373"
 271      49358E9F 
 271      2A0FA2A7 
 271      D95E76EE 
 271      6BBAFB
 272 06c7 841D915F 		.ascii	"\204\035\221_\245'u\307\226\247<\356fs\334\335Q\224"
 272      A52775C7 
 272      96A73CEE 
 272      6673DCDD 
 272      5194
 273 06d9 1188EF30 		.ascii	"\021\210\3570\241\265cg]\000\276\307\204k\347\356\227"
 273      A1B56367 
 273      5D00BEC7 
 273      846BE7EE 
 273      97
 274 06ea 2BF03013 		.ascii	"+\3600\023\216\356\032\313\016\306O\231069\264\020O"
 274      8EEE1ACB 
 274      0EC64F99 
 274      303639B4 
 274      104F
 275 06fc 30FED30B 		.ascii	"0\376\323\013}\005~\330I\005\377-\317\252\012\002]g"
 275      7D057ED8 
 275      4905FF2D 
 275      CFAA0A02 
 275      5D67
 276 070e A4908870 		.ascii	"\244\220\210p\327ah\364w\307\352\005\367\302\036\206"
 276      D76168F4 
 276      77C7EA05 
 276      F7C21E86 
 277 071e B0AB7F62 		.ascii	"\260\253\177baY\023\324)\\\347\246\022)t\306\006>\353"
 277      615913D4 
 277      295CE7A6 
 277      122974C6 
 277      063EEB
ARM GAS  C:\Users\akudo\AppData\Local\Temp\ccnjuwFg.s 			page 22


 278 0731 C1964AB1 		.ascii	"\301\226J\2613\236\014\315\036\354\021\337~\305>l\362"
 278      339E0CCD 
 278      1EEC11DF 
 278      7EC53E6C 
 278      F2
 279 0742 406D3EA3 		.ascii	"@m>\243\025\221\347<\3102)\322\3531\346\375X8\300\207"
 279      1591E73C 
 279      C83229D2 
 279      EB31E6FD 
 279      5838C087 
 280 0756 A2833C51 		.ascii	"\242\203<QU\273\332\252\006\332\252\022\332\352(\320"
 280      55BBDAAA 
 280      06DAAA12 
 280      DAEA28D0 
 281 0766 31A072A0 		.ascii	"1\240r\240Z\240\012\240*\357V;]\247\200V\253\236\321"
 281      5AA00AA0 
 281      2AEF563B 
 281      5DA78056 
 281      AB9ED1
 282 0779 C374A775 		.ascii	"\303t\247u\324\235S\273\017\234d\237\371(\006\215\005"
 282      D49D53BB 
 282      0F9C649F 
 282      F928068D 
 282      05
 283 078a 1A3EB7BA 		.ascii	"\032>\267\272xL)yZ\271\303B\307!\232\377:\262\363f%"
 283      784C2979 
 283      5AB9C342 
 283      C7219AFF 
 283      3AB2F366 
 284 079f AA03A343 		.ascii	"\252\003\243C\342\026\250\366\332\002%\303\303\247\003"
 284      E216A8F6 
 284      DA0225C3 
 284      C3A703
 285 07ae A66D81BA 		.ascii	"\246m\201\272i[\340\204k\013\220Q\275>>1.1\321\020g"
 285      695BE084 
 285      6B0B9051 
 285      BD3E3E31 
 285      2E31D110 
 286 07c3 4A365915 		.ascii	"J6Y\025+>\370C\230\206[\254Y"
 286      2B3EF843 
 286      98865BAC 
 286      59
 287 07d0 18A9596F 		.ascii	"\030\251YoZk\322[S\014&sd\002\341\315\226\250w\243\""
 287      5A6BD25B 
 287      530C2673 
 287      6402E1CD 
 287      96A877A3 
 288 07e5 CD964830 		.ascii	"\315\226H0\210\334`\336h\265D\352\327\274\037\023\315"
 288      88DC60DE 
 288      68B544EA 
 288      D7BC1F13 
 288      CD
 289 07f6 FE972F48 		.ascii	"\376\227/HM\215t\271\232\227\300\315\262X\223b\242\343"
 289      4D8D74B9 
 289      9A97C0CD 
 289      B2589362 
 289      A2E3
ARM GAS  C:\Users\akudo\AppData\Local\Temp\ccnjuwFg.s 			page 23


 290 0808 1212CD09 		.ascii	"\022\022\315\011\237P\317\312\024S\262\025\356XUqqn"
 290      9F50CFCA 
 290      1453B215 
 290      EE585571 
 290      716E
 291 081a 765DC2C2 		.ascii	"v]\302\302X\352\332B\247\211\265\232\315\211\226\330"
 291      58EADA42 
 291      A789B59A 
 291      CD8996D8 
 292 082a BF26A784 		.ascii	"\277&\247\204Q.,~cR\2301i\255\321`0\032b\027\314\373"
 292      512E2C7E 
 292      63529831 
 292      69ADD160 
 292      301A6217 
 293 0840 6D58F4FC 		.ascii	"mX\364\374\250w\376\026\023\013\367\337N6'\033\3376"
 293      A877FE16 
 293      130BF7DF 
 293      4E36271B 
 293      DF36
 294 0852 C6AF35C5 		.ascii	"\306\2575\305\232\222\023\022S\014\306\330\244x\360"
 294      9A921312 
 294      530CC6D8 
 294      A478F0
 295 0861 956C8C8D 		.ascii	"\225l\214\2153\030\327\305\247$Z\343\254\2336\030-\363"
 295      3318D7C5 
 295      A7245AE3 
 295      AC9B3618 
 295      2DF3
 296 0873 D6731FFF 		.ascii	"\326s\037\377O\247\261l\262\304\306Y\254\006\310\001"
 296      4FA7B16C 
 296      B2C4C659 
 296      AC06C801 
 297 0883 7C07EB37 		.ascii	"|\007\3537Y\254\306$\215y\243QCr}i\236!\336\032?Or7"
 297      59ACC624 
 297      8D79A351 
 297      43727D69 
 297      9E21DE1A 
 298 089b 40A7D1C4 		.ascii	"@\247\321\304\255\201p\226\032\327\361\032\235\237v"
 298      AD817096 
 298      1AD7F11A 
 298      9D9F76
 299 08aa F56ACDF2 		.ascii	"\365j\315\362\025:\031\371\303\232U:\345\342\225K\242"
 299      153A19F9 
 299      C39A553A 
 299      E5E2954B 
 299      A2
 300 08bb 74FA3594 		.ascii	"t\3725\224\211v31\204\361\327-\323/\323\375q\331\322"
 300      89763331 
 300      84F1D72D 
 300      D32FD3FD 
 300      71D9D2
 301 08ce F9CAC55A 		.ascii	"\371\312\305Z7H\313@\036]\224\037q\260\354\003\035\031"
 301      3748CB40 
 301      1E5D941F 
 301      71B0EC03 
 301      1D19
 302 08e0 A35D630C 		.ascii	"\243]c\014\214\036D\264\037\261\246\032-Ex41\376\304"
ARM GAS  C:\Users\akudo\AppData\Local\Temp\ccnjuwFg.s 			page 24


 302      8C1E44B4 
 302      1FB1A61A 
 302      2D457834 
 302      31FEC4
 303 08f3 76B596DC 		.ascii	"v\265\226\334#\326\036.\206qn\334\002\177\342\301\245"
 303      23D61E2E 
 303      86716EDC 
 303      027FE2C1 
 303      A5
 304 0904 D5BA716E 		.ascii	"\325\272qn\355;\262%K5\220\213^\274\365\256\\\257\327"
 304      ED3BB225 
 304      4B35908B 
 304      5EBCF5AE 
 304      5CAFD7
 305 0917 ACD0A920 		.ascii	"\254\320\251 \331U\321z\222\352\222\237m+c\2525R\363"
 305      D955D17A 
 305      92EA929F 
 305      6D2B63AA 
 305      3552F3
 306 092a BE7E951E 		.ascii	"\276~\225\036\032\312\253\247h#\255[0\377\327\251\251"
 306      1ACAABA7 
 306      6823AD5B 
 306      30FFD7A9 
 306      A9
 307 093b 50EF00ED 		.ascii	"P\357\000\355\237t\356J\206\272;wm|\302')\033\342\014"
 307      9F74EE4A 
 307      86BA3B77 
 307      6D7CC227 
 307      291BE20C 
 308 094f E6A47853 		.ascii	"\346\244xS2\355\266\300\345\253\027\353W\272\201x\261"
 308      32EDB6C0 
 308      E5AB17EB 
 308      57BA8178 
 308      B1
 309 0960 46277B6F 		.ascii	"F'{o\331\237u~\037j\327\220\221\327\353\344\300jt\012"
 309      D99F757E 
 309      1F6AD790 
 309      91D7EBE4 
 309      C06A740A 
 310 0974 FA1FF52F 		.ascii	"\372\037\365/\364\203\326\023"
 310      F483D613 
 311              		.text
 312              		.section	.gnu.lto_.symtab.cfc16982,"",%progbits
 313 0000 68616C5F 		.ascii	"hal_lld_init\000\000\000\000\000\000\000\000\000\000"
 313      6C6C645F 
 313      696E6974 
 313      00000000 
 313      00000000 
 314 0016 0000AC00 		.ascii	"\000\000\254\000\000\000stm32_clock_init\000\000\000"
 314      00007374 
 314      6D33325F 
 314      636C6F63 
 314      6B5F696E 
 315 002f 00000000 		.ascii	"\000\000\000\000\000\000\000\000\000\256\000\000\000"
 315      00000000 
 315      00AE0000 
 315      00
ARM GAS  C:\Users\akudo\AppData\Local\Temp\ccnjuwFg.s 			page 25


 316 003c 53797374 		.ascii	"SystemCoreClock\000\000\000\000\000\000\000\000\000"
 316      656D436F 
 316      7265436C 
 316      6F636B00 
 316      00000000 
 317 0054 000000BA 		.ascii	"\000\000\000\272\000\000\000"
 317      000000
 318              		.text
 319              		.section	.gnu.lto_.opts,"",%progbits
 320 0000 272D666E 		.ascii	"'-fno-trapv' '-mcpu=cortex-m4' '-mno-thumb-interwor"
 320      6F2D7472 
 320      61707627 
 320      20272D6D 
 320      6370753D 
 321 0033 6B272027 		.ascii	"k' '-mthumb' '-ggdb' '-O2' '-fomit-frame-pointer' '"
 321      2D6D7468 
 321      756D6227 
 321      20272D67 
 321      67646227 
 322 0066 2D66616C 		.ascii	"-falign-functions=16' '-ffunction-sections' '-fdata"
 322      69676E2D 
 322      66756E63 
 322      74696F6E 
 322      733D3136 
 323 0099 2D736563 		.ascii	"-sections' '-fno-common' '-flto'\000"
 323      74696F6E 
 323      73272027 
 323      2D666E6F 
 323      2D636F6D 
 324              		.text
 325              		.comm	__gnu_lto_v1,1,1
 326              		.comm	__gnu_lto_slim,1,1
 327              		.ident	"GCC: (GNU Tools for ARM Embedded Processors) 4.9.3 20150529 (release) [ARM/embedded-4_9-br
ARM GAS  C:\Users\akudo\AppData\Local\Temp\ccnjuwFg.s 			page 26


DEFINED SYMBOLS
                            *ABS*:00000000 hal_lld.c
                            *COM*:00000001 __gnu_lto_v1
                            *COM*:00000001 __gnu_lto_slim

NO UNDEFINED SYMBOLS
