ARM GAS  C:\Users\akudo\AppData\Local\Temp\ccZsWN8h.s 			page 1


   1              		.syntax unified
   2              		.cpu cortex-m4
   3              		.fpu softvfp
   4              		.eabi_attribute 20, 1
   5              		.eabi_attribute 21, 1
   6              		.eabi_attribute 23, 3
   7              		.eabi_attribute 24, 1
   8              		.eabi_attribute 25, 1
   9              		.eabi_attribute 26, 1
  10              		.eabi_attribute 30, 2
  11              		.eabi_attribute 34, 1
  12              		.eabi_attribute 18, 4
  13              		.thumb
  14              		.file	"nvic.c"
  15              		.text
  16              	.Ltext0:
  17              		.section	.gnu.lto_.profile.cfc16914,"",%progbits
  18 0000 789C6366 		.ascii	"x\234cf```a\200\000F\006)1\000\000\276\0009"
  18      60606061 
  18      80004606 
  18      29310000 
  18      BE0039
  19              		.text
  20              		.section	.gnu.lto_.jmpfuncs.cfc16914,"",%progbits
  21 0000 789C6366 		.ascii	"x\234cf\300\016\244\2404\013\003\023##s}=#\020\3243"
  21      C00EA4A0 
  21      340B0313 
  21      2323737D 
  21      3D2310D4 
  22 0015 41D8CC20 		.ascii	"A\330\314 6\003\000(\334\0036"
  22      36030028 
  22      DC0336
  23              		.text
  24              		.section	.gnu.lto_.inline.cfc16914,"",%progbits
  25 0000 789C6D8C 		.ascii	"x\234m\214\313\015\2000\014C\235\017i\340\302\010\335"
  25      CB0D8030 
  25      0C439D0F 
  25      69E0C208 
  25      DD
  26 0011 801199A5 		.ascii	"\200\021\231\245#1\012#`\240\2528`)J\"\373\331\360\257"
  26      23310A23 
  26      60A0AA38 
  26      60294A22 
  26      FBD9F0AF 
  27 0025 BD6F0796 		.ascii	"\275o\007\226YT\2047\307\343\334\020\255*\364X\035\374"
  27      59548437 
  27      C7E3DC10 
  27      AD2AF458 
  27      1DFC
  28 0037 9246D2CA 		.ascii	"\222F\322\312\302\014\023\346\255\276\011\232\3764("
  28      C20C13E6 
  28      ADBE099A 
  28      FE3428
  29 0046 2617B92B 		.ascii	"&\027\271+\214\324\007\247\014%:8\274\001\342\002F;"
  29      8CD407A7 
  29      0C253A38 
  29      BC01E202 
ARM GAS  C:\Users\akudo\AppData\Local\Temp\ccZsWN8h.s 			page 2


  29      463B
  30 0058 0CFC     		.ascii	"\014\374"
  31              		.text
  32              		.section	.gnu.lto_.pureconst.cfc16914,"",%progbits
  33 0000 789C6366 		.ascii	"x\234cf``\340d\200\000\026\006)F)&)f)\000\002\305\000"
  33      6060E064 
  33      80001606 
  33      29462926 
  33      29662900 
  34 0017 7F       		.ascii	"\177"
  35              		.text
  36              		.section	.gnu.lto_nvicEnableVector.cfc16914,"",%progbits
  37 0000 789C9552 		.ascii	"x\234\225RMKTQ\030>\317\271w\346\316\207Z\264\011&\242"
  37      4D4B5451 
  37      183ECFB9 
  37      77E6CE87 
  37      5AB40926 
  38 0015 36E2CA2E 		.ascii	"6\342\312.nZD`\"\265\023\244~AM\013\007\322+j\321\316"
  38      6E5A4460 
  38      22B513A4 
  38      7E414D0B 
  38      07D22B6A 
  39 002b 33E3A08B 		.ascii	"3\343\240\213\002\305\215\222\314&\215>&\307\264\246"
  39      02C58D92 
  39      CC268D3E 
  39      26C7B4A6 
  40 003b 7252B808 		.ascii	"rR\270\010\226\213\322\206\214DD\211&\260\217E\2320"
  40      968BD286 
  40      8C444489 
  40      26B08F45 
  40      9A30
  41 004d 0E54F6BE 		.ascii	"\016T\366\276g&Z\350\242\006\346\234\363~<\357\363<"
  41      67265AE8 
  41      A206E69C 
  41      F37E3CEF 
  41      F33C
  42 005f E75C43EC 		.ascii	"\347\\C\354\376\205\350_k\010q\232v\030\002\262o^\210"
  42      FE85E85F 
  42      6B08719A 
  42      761802B2 
  42      6F5E88
  43 0072 A84F027C 		.ascii	"\250O\002|\020\020\235\022\235\370$7$\372\334\344`\260"
  43      10109D12 
  43      9DF82437 
  43      24FADCE4 
  43      60B0
  44 0084 EA9652EA 		.ascii	"\352\226R\352[\377B\264\321EA\012\361]\026\347\3406"
  44      5BFF42B4 
  44      D145410A 
  44      F15D16E7 
  44      E036
  45 0096 AAA86771 		.ascii	"\252\250gq\351C\267i\324B\320y2\265\365*\270.\013\022"
  45      E943B769 
  45      D442D079 
  45      32B5F52A 
  45      B82E0B12 
  46 00aa 4739CCF4 		.ascii	"G9\314\364\317\015z9\224&\207\351\351\324\363}\225\303"
ARM GAS  C:\Users\akudo\AppData\Local\Temp\ccZsWN8h.s 			page 3


  46      CF0D7A39 
  46      942687E9 
  46      E9D4F37D 
  46      95C3
  47 00bc 4AC5DCB9 		.ascii	"J\305\334\271\011u\312,H\003w`\320<\334E\010\367\020"
  47      0975CA2C 
  47      48037760 
  47      D03CDC45 
  47      08F710
  48 00cf 12941248 		.ascii	"\022\224\022H\242\222\272_\337\330Z4\215:=7\233z\271"
  48      A292BA5F 
  48      DFD85A34 
  48      8D3A3D37 
  48      9B7AB9
  49 00e2 5842AEFC 		.ascii	"XB\256\374A\336\337\0039\212Jn\337\210\377|\027\364"
  49      41DEDF03 
  49      398A4A6E 
  49      DF88FF7C 
  49      17F4
  50 00f4 C649F6FE 		.ascii	"\306I\366\376\242Z\244\340\005\355c\007\\\265\2633\234"
  50      A25AA4E0 
  50      05ED6307 
  50      5CB5B333 
  50      9C
  51 0105 9E1A37CB 		.ascii	"\236\0327\313\001n\227\0044\015^<`b\213\216\036\037"
  51      016E9704 
  51      340D5E3C 
  51      60628B8E 
  51      1E1F
  52 0117 2D5E3F2F 		.ascii	"-^?/\001Z,!r4\204/\347\243\224\274\033\313\210-\365"
  52      015A2C21 
  52      7234842F 
  52      E7A394BC 
  52      1BCB882D 
  53 012c FCCA1B3C 		.ascii	"\374\312\033<7/e^B,\243k\305[\214\015J\221\212\221\354"
  53      372F655E 
  53      422CA36B 
  53      C55B8C0D 
  53      4A918A91 
  54 0141 5AD660F7 		.ascii	"Z\326`\367>S`\214$.c\246\037\334B\305\315/*ar\321\257"
  54      3E53608C 
  54      242E63A6 
  54      1FDC42C5 
  54      CD2F2A61 
  55 0158 66BA5405 		.ascii	"f\272T\005\253^\313-d}:%8\274\371v\373sE\002CQ\245\\"
  55      AB5ECB2D 
  55      647D3A25 
  55      38BCF976 
  55      FB734502 
  56 0170 AB200378 		.ascii	"\253 \003x@N\307i\014\027\013#\327\203\325I\025\247"
  56      404EC769 
  56      0C170B23 
  56      D783D549 
  56      15A7
  57 0182 07096202 		.ascii	"\007\011b\002\011l\352G\241\312\265\201\354\266\317"
  57      096CEA47 
  57      A1CAB581 
ARM GAS  C:\Users\akudo\AppData\Local\Temp\ccZsWN8h.s 			page 4


  57      ECB6CF
  58 0191 1E55F1A8 		.ascii	"\036U\361\250{\210\250\361\020\325y\351\321\357\365"
  58      7B88A8F1 
  58      10D579E9 
  58      D1EFF5
  59 01a0 08368963 		.ascii	"\0106\211c\245\253\335\363\203\215E\261\026U\011\366"
  59      A5ABDDF3 
  59      838D45B1 
  59      165509F6 
  60 01b0 F5CD50A6 		.ascii	"\365\315P\246\214\311\275\036\201\264\026\033[\355\371"
  60      8CC9BD1E 
  60      81B4161B 
  60      5BEDF9
  61 01bf 218B4D3E 		.ascii	"!\213M>\036A\270\355\222C?\245\0104\325\333;ki\320\021"
  61      1E41B8ED 
  61      92433FA5 
  61      0834D5DB 
  61      3B6B69D0 
  62 01d4 81C71AD4 		.ascii	"\201\307\032\324\265\322\235+]K\200:^$\326'\264M\013"
  62      B5D29D2B 
  62      5D4B803A 
  62      5E24D627 
  62      B44D0B
  63 01e7 024F1022 		.ascii	"\002O\020\"\250\276\206\367\007K\367\360\257.\313\360"
  63      A8BE86F7 
  63      074BF7F0 
  63      AF2ECBF0 
  64 01f7 54BBC42E 		.ascii	"T\273\304.\227\207\013\262\034\223\354\322\322.3\354"
  64      97870BB2 
  64      1C93ECD2 
  64      D22E33EC 
  65 0207 32A059C6 		.ascii	"2\240Y\306g7<\377\315\363L\363\310\275y\246\376\362"
  65      67373CFF 
  65      CDF34CF3 
  65      C8BD79A6 
  65      FEF2
  66 0219 4C177956 		.ascii	"L\027yV\021u\007\3160\013gs$\220>\020B\237\254?a\327"
  66      117507CE 
  66      300B6773 
  66      24903E10 
  66      429FAC3F 
  67 022f 37452E44 		.ascii	"7E.D\316u\\\276\030q\3540\237\235\366\232\3435\266\323"
  67      CE755CBE 
  67      1871EC30 
  67      9F9DF69A 
  67      E335B6D3 
  68 0243 6E379DBF 		.ascii	"n7\235\277d\267:m\035\355v\330invZ\354\272\263\015\365"
  68      64B73A6D 
  68      1DED76D8 
  68      696E765A 
  68      ECBAB30D 
  69 0258 0D57ED96 		.ascii	"\015W\355\226+\221\360\261\260@\213\331\332\026q~\003"
  69      2B91F0B1 
  69      B0408BD9 
  69      DA16717E 
  69      03
  70 0269 09BB3545 		.ascii	"\011\2735E"
ARM GAS  C:\Users\akudo\AppData\Local\Temp\ccZsWN8h.s 			page 5


  71              		.text
  72              		.section	.gnu.lto_nvicDisableVector.cfc16914,"",%progbits
  73 0000 789C8D91 		.ascii	"x\234\215\221\313k\023Q\024\306\357wf\362\250\011U\334"
  73      CB6B1351 
  73      14C6EF77 
  73      66F2A809 
  73      55DC
  74 0012 5822A29B 		.ascii	"X\"\242\233\322U\275t\343B\004+\001w\005\321\277@\343"
  74      D255BD74 
  74      E342042B 
  74      017705D1 
  74      BF40E3
  75 0025 A2019B11 		.ascii	"\242\001\233\021S\305]o\232\030\027\012-\335X)\331\264"
  75      53C55D6F 
  75      9A18170A 
  75      2DDD5829 
  75      D9B4
  76 0037 BED3A635 		.ascii	"\276\323\24655>\212\302P\360\265P)\266(E*b\224\372X"
  76      353E8AC2 
  76      50F0B550 
  76      29B62845 
  76      2A6294FA 
  77 004c 34556806 		.ascii	"4Uh\006\224z\316\304\205\320\215\003s\357=g~\337\371"
  77      947ACEC4 
  77      85D08D03 
  77      73EF3D67 
  77      7EDFF9
  78 005f CE996BA9 		.ascii	"\316\231k\251\215O\214\337$)\325\311;,\005\032|\251"
  78      8D4F8CDF 
  78      2429D5C9 
  78      3B2C051A 
  78      7CA9
  79 0071 54264C80 		.ascii	"T&L\200\034\024T\037\241\017_\250F\030t\213\303\221"
  79      1C14541F 
  79      A10F5FA8 
  79      4618748B 
  79      C391
  80 0083 B6ABC698 		.ascii	"\266\253\306\230\225\321\351\226s-\036\313~P\243\014"
  80      95D1E996 
  80      732D1ECB 
  80      7E50A30C 
  81 0093 AEA38D91 		.ascii	"\256\243\215\221\371\267\037\363\266\265\037\212\317"
  81      F9B71FF3 
  81      B6B51F8A 
  81      CF
  82 00a0 0F4A3F5F 		.ascii	"\017J?_D\226\311#\354\222pf\350\331pPB\262%\254<*=\331"
  82      4496C923 
  82      EC927066 
  82      E8D97050 
  82      42B225AC 
  83 00b8 DC3A664C 		.ascii	"\334:fL\277\373\274l:m\217,\334\200\305\365p\0231\334"
  83      BFFBBC6C 
  83      3A6D8F2C 
  83      DC80C5F5 
  83      701331DC 
  84 00cc 424C714A 		.ascii	"BLqJ\241\210V\301k\271\337o\"\301\034{oixb\034A\360"
  84      A18856C1 
ARM GAS  C:\Users\akudo\AppData\Local\Temp\ccZsWN8h.s 			page 6


  84      6BB9DF6F 
  84      22C11C7B 
  84      6F697862 
  85 00e3 3EB9D535 		.ascii	">\271\3255\353\353c\327\306+v\023 8\261\320\266x\011"
  85      EBEB63D7 
  85      C62B7613 
  85      2038B1D0 
  85      B67809
  86 00f6 D8B20478 		.ascii	"\330\262\004x\011*Ue\221L\364\211Hvk\021\331\245\374"
  86      092A5565 
  86      914CF489 
  86      48766B11 
  86      D9A5FC
  87 0109 E7CB87A4 		.ascii	"\347\313\207\244\316\032\321\032[\020\276\277\036\231"
  87      CE1AD11A 
  87      5B10BEBF 
  87      1E99
  88 0117 894A8FAC 		.ascii	"\211J\217\254\302\004\267\260\210\376\245\363\277\250"
  88      C204B7B0 
  88      88FEA5F3 
  88      BFA8
  89 0125 01590C71 		.ascii	"\001Y\014q&[\0176b\233S,z80\3608\344\213v*\224|Q\366"
  89      265B0F36 
  89      629B532C 
  89      7A3830F0 
  89      38E48B76 
  90 013e 5DBE6A35 		.ascii	"]\276j5\240\000\023O\013\313e[\010\356\030\223\210\261"
  90      A000134F 
  90      0BCB655B 
  90      08EE1893 
  90      88B1
  91 0150 94A1D9A1 		.ascii	"\224\241\331\241\017\333\204a`\365\233)\370@\310\314"
  91      0FDB8461 
  91      60F59B29 
  91      F840C8CC 
  92 0160 664DB30C 		.ascii	"fM\263\014\374\276\372j.\354\247\224\204\243\013\365"
  92      FCBEFA6A 
  92      2EECA794 
  92      84A30BF5 
  93 0170 AFCD058C 		.ascii	"\257\315\005\214d\214qC\036\2051\305?\3516\233\311G"
  93      648C7143 
  93      1E8531C5 
  93      3FE9369B 
  93      C947
  94 0182 EFCAC548 		.ascii	"\357\312\305H{\321\344\340Q\023\312(`\325\277\025\376"
  94      7BD1E4E0 
  94      5113CA28 
  94      60D5BF15 
  94      FE
  95 0193 72E1D25C 		.ascii	"r\341\322\\=\254'L.\343\356\360h\023\246\321\316\303"
  95      3DAC274C 
  95      2EE3EEF0 
  95      6813A6D1 
  95      CEC3
  96 01a5 FA177607 		.ascii	"\372\027v\007\232\273\223>V\246\346k\326\337N\376\327"
  96      9ABB933E 
  96      56A6E66B 
ARM GAS  C:\Users\akudo\AppData\Local\Temp\ccZsWN8h.s 			page 7


  96      D6DF4EFE 
  96      D7
  97 01b6 27828AEF 		.ascii	"'\202\212\357\203\015>\333=\212\342\256\370\300\367"
  97      830D3EDB 
  97      3D8AE2AE 
  97      F8C0F7
  98 01c5 B907FDEF 		.ascii	"\271\007\375\3578QN\335\347zK\310\270\013\007\305U\250"
  98      38514EDD 
  98      E77A4BC8 
  98      B80B07C5 
  98      55A8
  99 01d7 2AC37C2B 		.ascii	"*\303|+\334\331\276\370^\035\357N\036K\036\351=}<\351"
  99      DCD9BEF8 
  99      5E1DEF4E 
  99      1E4B1EE9 
  99      3D7D3CE9 
 100 01eb E8849C9D 		.ascii	"\350\204\234\235t\307\236\016\355\244u\367\321\023\372"
 100      74C79E0E 
 100      EDA475F7 
 100      D113FA
 101 01fa A473AA37 		.ascii	"\244s\2527\255\023NO\217\223\322\007\016w\305\273\316"
 101      AD134E4F 
 101      8F93D207 
 101      0E77C5BB 
 101      CE
 102 020b EAD49964 		.ascii	"\352\324\231dbwB!\365\007\301\275\355?"
 102      62774221 
 102      F507C1BD 
 102      ED3F
 103              		.text
 104              		.section	.gnu.lto_nvicSetSystemHandlerPriority.cfc16914,"",%progbits
 105 0000 789C6D51 		.ascii	"x\234mQMh\023A\024~\337\314f\023\215Z\361T\342\305K"
 105      4D681341 
 105      147EDFCC 
 105      66138D5A 
 105      F154E2C5 
 106 0015 E8A90EBD 		.ascii	"\350\251\016\275x\020\241J\016=H/z\363VS!\013m\266$"
 106      7810A14A 
 106      0E3D482F 
 106      7AF35653 
 106      210B6DB6 
 107 002a 55BC75D2 		.ascii	"U\274u\322\256x\221Rz*j\020\214b5mj\253 zZ=H)Z\015\024"
 107      AE789152 
 107      7A2A6A10 
 107      8C62356D 
 107      6AAB207A 
 108 0045 2AA1180A 		.ascii	"*\241\030\012Q\024/\366\007\302Bk|\263\241'\035\230"
 108      51142FF6 
 108      07C2426B 
 108      7CB3A127 
 108      1D98
 109 0057 99F7F77D 		.ascii	"\231\367\367}\357{3\222\376]\011\336\233 \272\3107$"
 109      EF7B3392 
 109      FE5D09DE 
 109      9B20BAC8 
 109      3724
 110 0069 414CAD12 		.ascii	"AL\255\022\025b\0020\006\201\306\004\306\360Sl\011L"
ARM GAS  C:\Users\akudo\AppData\Local\Temp\ccZsWN8h.s 			page 8


 110      15620230 
 110      0681C604 
 110      C6F0536C 
 110      094C
 111 007b F9E59978 		.ascii	"\371\345\231x\327c\255\365\357\207\257:ou\006\202hG"
 111      D763ADF5 
 111      EF87AF3A 
 111      6F750682 
 111      6847
 112 008d B469F004 		.ascii	"\264i\360\004]\\\362`v}\256C\366\202\330~]\331\375\030"
 112      5D5CF260 
 112      767DAE43 
 112      F682D87E 
 112      5DD9FD18 
 113 00a1 FF210281 		.ascii	"\377!\002\201S\306}3\275<c\033WX\306]\334\363\366\220"
 113      53C67D33 
 113      BD3C631B 
 113      5758C65D 
 113      DCF3F690 
 114 00b5 2C693DEE 		.ascii	",i=\356o,\351\363V $f!\231\017O\221\3003$\210C\2042"
 114      6F2CE9F3 
 114      56202466 
 114      21990F4F 
 114      91C03324 
 115 00cd 925CFDF9 		.ascii	"\222\\\375\371\356\356\232%\373B\336j\345\303ZG\033"
 115      EEEE9A25 
 115      FB42DE6A 
 115      E5C35A47 
 115      1B
 116 00de F9E70039 		.ascii	"\371\347\0009\367\037\344<\222\246|\313\333_\217\333"
 116      F71FE43C 
 116      92A67CCB 
 116      DB5F8FDB 
 117 00ee 1EAB3EBE 		.ascii	"\036\253>\276\177 \030\025\330<3-\234\360u\253Uz\377"
 117      7F201815 
 117      D83C332D 
 117      9CF075AB 
 117      557AFF
 118 0101 B6184514 		.ascii	"\266\030E\0240\020\301`K\232#\002\323\234\250\301\010"
 118      3010C160 
 118      4B9A2302 
 118      D39CA8C1 
 118      08
 119 0112 F316DF84 		.ascii	"\363\026\337\2040\267\254a\374\313\355\357\367\257\030"
 119      30B7AC61 
 119      FCCBEDEF 
 119      F7AF18
 120 0121 92A6104D 		.ascii	"\222\246\020M\001\252ab\303n\373\222C\334\365Q\265^"
 120      01AA6162 
 120      C36EFB92 
 120      43DCF551 
 120      B55E
 121 0133 9566DA88 		.ascii	"\225f\332\210EX`I5\274\233\206)\341\344\257\355\311"
 121      45586049 
 121      35BC9B86 
 121      29E1E4AF 
 121      EDC9
ARM GAS  C:\Users\akudo\AppData\Local\Temp\ccZsWN8h.s 			page 9


 122 0145 FA6193B4 		.ascii	"\372a\223\264umB\0373*\353\215O\325X\030\242\360uVZ"
 122      756D421F 
 122      332AEB8D 
 122      4FD55818 
 122      A2F07556 
 123 015a 2B478AB8 		.ascii	"+G\212\270W\320\332\267\003\021\305s\236l\221iLrrgy"
 123      57D0DAB7 
 123      0311C573 
 123      9E6C9169 
 123      4C727267 
 124 016f F3507759 		.ascii	"\363PwY{\010D\014K(b;\374\005NUVKw\216\252y\355\025"
 124      7B08440C 
 124      4B28623B 
 124      FC054E55 
 124      564B778E 
 125 0187 FC93DC1B 		.ascii	"\374\223\334\033/\320\335\024\221\360\203^B\261:\372"
 125      2FD0DD14 
 125      91F0835E 
 125      42B13AFA 
 126 0197 8A825FEC 		.ascii	"\212\202_\3543BL\264\301\342y&\206\237K\235U\251\214"
 126      33424CB4 
 126      C1E27926 
 126      869F4B9D 
 126      55A98C
 127 01aa 73D5B93C 		.ascii	"s\325\271<z}\320qU\332\330n\276\347L\217r\363*30\244"
 127      7A7DD071 
 127      55DAD86E 
 127      BEE74C8F 
 127      72F32A33 
 128 01c0 46DCDC68 		.ascii	"F\334\334h^\245\335\341a7\253.\\\352O\365\337T\331\033"
 128      5EA5DDE1 
 128      6137AB2E 
 128      5CEA4FF5 
 128      DF54D91B 
 129 01d4 4EFA749A 		.ascii	"N\372t\232\242\231\201\354\340\320\265\2345\222s\334"
 129      A29981EC 
 129      E0D0B59C 
 129      359273DC 
 130 01e4 BF2FECC1 		.ascii	"\277/\354\301q"
 130      71
 131              		.text
 132              		.section	.gnu.lto_nvicClearPending.cfc16914,"",%progbits
 133 0000 789C6551 		.ascii	"x\234eQ\317k\023Q\020\236ov\263I\211T\351\251\004D\017"
 133      CF6B1351 
 133      109E6F76 
 133      B3498954 
 133      E9A90444 
 134 0015 969EEAA3 		.ascii	"\226\236\352\243\027\017\"X\311\301SA\364/\320xh\300"
 134      170F2258 
 134      C9C15341 
 134      F42FD078 
 134      68C0
 135 0027 66C554F1 		.ascii	"f\305T\361\326\227&\326\203\205\226^,\224\\\324\342"
 135      D69726D6 
 135      8385965E 
 135      2C945CD4 
 135      E2
ARM GAS  C:\Users\akudo\AppData\Local\Temp\ccZsWN8h.s 			page 10


 136 0038 8FD8542B 		.ascii	"\217\330T+\036\254\026\226\202\322\213J\264\242\024"
 136      1EAC1696 
 136      82D28B4A 
 136      B4A214
 137 0047 898746F0 		.ascii	"\211\207F\360\327\301\326J\263\007[g\262\336\\\330\367"
 137      D7C1D64A 
 137      B3075B67 
 137      B2DE5CD8 
 137      F7
 138 0058 66BEF77D 		.ascii	"f\276\367}\337\314\274\347\320\377_J\376\337 \352\223"
 138      DFCCBCE7 
 138      D0FF5F4A 
 138      FEDF20EA 
 138      93
 139 0069 1D0E8127 		.ascii	"\035\016\201'^\021\025\022\014h@\240a\3060\276\362:"
 139      5E111512 
 139      0C6840A0 
 139      61C630BE 
 139      F23A
 140 007b 6322A84C 		.ascii	"c\"\250L%\273g\254\265?\337<\355\274\322\0312\321/\216"
 140      25BB67AC 
 140      B53FDF3C 
 140      EDBCD219 
 140      32D12F8E 
 141 008f 6C701BDD 		.ascii	"lp\033\335BY\371\2606\352:GA\022?\251n\276L~\341\220"
 141      4259F9B0 
 141      36EA3A47 
 141      41123FA9 
 141      6EBE4C7E 
 142 00a5 B15FD385 		.ascii	"\261_\323\205\311\345)OSv5}\274X}\261\273\353\246\265"
 142      C9E5294F 
 142      5376357D 
 142      BC587DB1 
 142      BBEBA6B5 
 143 00b9 23C1F2BC 		.ascii	"#\301\362\274\355sCvp\007\216\370\341.R\270\207\024"
 143      ED734376 
 143      70078EF8 
 143      E12E52B8 
 143      8714
 144 00cb 0944A8A0 		.ascii	"\011D\250\240K\351\353\245?\357\223^Ij\357\211j\342"
 144      4BE9EBA5 
 144      3FEF935E 
 144      496AEF89 
 144      6AE2
 145 00dd 3E3C699B 		.ascii	"><i\233\346:\002\273\263\26363\266\350\266\001Jg\021"
 145      E63A02BB 
 145      B3B33633 
 145      B6E8B601 
 145      4A6711
 146 00f0 BA8E2C31 		.ascii	"\272\216,1W\227\230.\236bD\015Q\352X\237\231uwVQ\254"
 146      5797982E 
 146      9E62440D 
 146      51EA589F 
 146      99757756 
 147 0106 8F6E974F 		.ascii	"\217n\227O\250\331\026\363\226\324a\374x;\275\260K\033"
 147      A8D916F3 
 147      96D461FC 
ARM GAS  C:\Users\akudo\AppData\Local\Temp\ccZsWN8h.s 			page 11


 147      783BBDB0 
 147      4B1B
 148 0118 152966A5 		.ascii	"\025)f\245\217U\214\324\257\2568\021\311\021\222 \305"
 148      8F558CD4 
 148      AFAE3811 
 148      C9119220 
 148      C5
 149 0129 A617E5AE 		.ascii	"\246\027\345\256@\"z6>\376<\336\022\355#T[\242\342\307"
 149      40227A36 
 149      3EFE3CDE 
 149      12ED2354 
 149      5BA2E2C7 
 150 013d 7F94180E 		.ascii	"\177\224\030\016\244\204\030\371lr\004*.\310\322$4\027"
 150      A48418F9 
 150      6C72042A 
 150      2EC8D224 
 150      3417
 151 014f 878DEFB6 		.ascii	"\207\215\357\266\354\252\203g\227\212\266]\207\376\324"
 151      ECAA8367 
 151      978AB65D 
 151      87FED4
 152 015e 785D4BB4 		.ascii	"x]K\264 \322\364\306\273\346\267\3662\246\013\326\006"
 152      20D2F4C6 
 152      BBE6B7F6 
 152      32A60BD6 
 152      06
 153 016f F190E398 		.ascii	"\361\220\343\230\223\213z \265\3640\2745\226\354\251"
 153      938B7A20 
 153      B5F430BC 
 153      3596ECA9 
 154 017f D812424E 		.ascii	"\330\022BN\340!\312\330h\275\214\234\\\273^k&\314\254"
 154      E021CAD8 
 154      68BD8C9C 
 154      5CBB5E6B 
 154      26CCAC
 155 0192 2D1582BD 		.ascii	"-\025\202\275!\267a\036=2k\353\321\036\301H'TG!\250"
 155      21B7611E 
 155      3D326BEB 
 155      D11EC148 
 155      27544721 
 156 01a7 1DD73E14 		.ascii	"\035\327>\024m\310\200r9\3028\222>l\322\003\3313\331"
 156      6DC88072 
 156      39C23892 
 156      3E6CD203 
 156      D933D9
 157 01ba 534317CF 		.ascii	"SC\027\317f}\223\321\330\317\367\036\3525~\336\014\234"
 157      667D93D1 
 157      D8CFF71E 
 157      EA357EDE 
 157      0C9C
 158 01cc 3E67CEFB 		.ascii	">g\316\373\027\206\362&\343\017\016\3729s\354d\177\272"
 158      1786F226 
 158      E30F0EFA 
 158      3973EC64 
 158      7FBA
 159 01de FFB2C95D 		.ascii	"\377\262\311]\312f\016f\010\271\277\374\256\302\027"
 159      CA660E66 
ARM GAS  C:\Users\akudo\AppData\Local\Temp\ccZsWN8h.s 			page 12


 159      08B9BFFC 
 159      AEC217
 160              		.text
 161              		.section	.gnu.lto_.symbol_nodes.cfc16914,"",%progbits
 162 0000 789C55C8 		.ascii	"x\234U\310\273\025\000\020\024D\301k_\2422mm\013>\271"
 162      BB150010 
 162      1444C16B 
 162      5FA2326D 
 162      6D0B3EB9 
 163 0014 A3223549 		.ascii	"\243\"5I\004L8\001\024.U\031\352\006\233\2712jr\372"
 163      044C3801 
 163      142E5519 
 163      EA069BB9 
 163      326A72FA 
 164 0028 A2CBFA62 		.ascii	"\242\313\372b\310\361\006\007\260\022\023*"
 164      C8F10607 
 164      B012132A 
 165              		.text
 166              		.section	.gnu.lto_.refs.cfc16914,"",%progbits
 167 0000 789C6366 		.ascii	"x\234cf```d\200\002\000\000=\000\005"
 167      60606064 
 167      80020000 
 167      3D0005
 168              		.text
 169              		.section	.gnu.lto_.decls.cfc16914,"",%progbits
 170 0000 789CBD58 		.ascii	"x\234\275XkPTG\026\236\276=\0140\014\203\253\273\232"
 170      6B505447 
 170      169EBE3D 
 170      0C300C83 
 170      ABBB9A
 171 0013 A2B2B5C4 		.ascii	"\242\262\265\304TQf+\212\306d\223MmUBF\263\262[&\354"
 171      5451662B 
 171      8AC66493 
 171      4D6D5542 
 171      46B3B25B 
 172 0029 90F82754 		.ascii	"\220\370'T\021\204I\244J\300\205q+\376\2730>\006\005"
 172      118449A4 
 172      4AC08571 
 172      2BFEBB30 
 172      3E0605
 173 003c 252808F2 		.ascii	"%(\010\362p\024\020\344- *\362\022\005\221\207\240\242"
 173      701410E4 
 173      2D202AF2 
 173      12059187 
 173      A0A2
 174 004e 88280E6A 		.ascii	"\210(\016jD\001\005E\005\242\201=\335}\357<\256\003"
 174      44010545 
 174      05A2813D 
 174      DD7DEF3C 
 174      AE03
 175 0060 9B1FA9BD 		.ascii	"\233\037\251\275\305\2713\347\366\327\247\277s\356\351"
 175      C5B933E7 
 175      F6D7A7BF 
 175      73EEE9
 176 006f D387C132 		.ascii	"\323\207\3012\231,\003\311d3p\355^$\223\345s2\231\023"
 176      992C03C9 
 176      643370ED 
ARM GAS  C:\Users\akudo\AppData\Local\Temp\ccZsWN8h.s 			page 13


 176      5E2493E5 
 176      73329913 
 177 0083 3CF39759 		.ascii	"<\363\227Y/9H\025H5H\015H\235\354\365\213\214\253\205"
 177      2F394815 
 177      4835480D 
 177      489DECF5 
 177      8B8CAB85 
 178 0097 79E45305 		.ascii	"y\344S\005R\006\262\020\344-\220\177\200\254\0019\017"
 178      5206B210 
 178      E42D907F 
 178      80AC0139 
 178      0F
 179 00a8 320FD653 		.ascii	"2\017\326S\203\214\303\367K m \030\304\015\236q 2D\377"
 179      838CC3F7 
 179      4B206D20 
 179      18C40D9E 
 179      71203244 
 180 00bd A84DE945 		.ascii	"\250M\351E8\270;X\307v\015\321\276h{\\X\227#x\304\326"
 180      38B83B58 
 180      C7760DD1 
 180      BE687B5C 
 180      58972378 
 181 00d3 41822DE9 		.ascii	"A\202-\351E\374s\235\305\017b#\030&~\013\262X\260\361"
 181      45FC739D 
 181      C50F6223 
 181      18267E0B 
 181      B258B0F1 
 182 00e7 A5F059C3 		.ascii	"\245\360Y\303h\3136!{{$V\3129\370J\271\222\351\234`"
 182      68CB3621 
 182      7B7B2456 
 182      CA39F84A 
 182      B992E99C 
 183 00fc D3519C9F 		.ascii	"\323Q\234\237p\350T\311\263\016\267\007\034R+\275\210"
 183      70E854C9 
 183      B30EB707 
 183      1C522BBD 
 183      88
 184 010d 5A9DD492 		.ascii	"Z\235\324\222\252\000U\245\224\023\265\276n\262Y\211"
 184      AA0055A5 
 184      9413B5BE 
 184      6EB25989 
 185 011d C1047CCF 		.ascii	"\301\004|\317N\035\350V\276[\300\363\274\221o\270\216"
 185      4E1DE856 
 185      BE5BC0F3 
 185      BC916FB8 
 185      8E
 186 012e AC26E28D 		.ascii	"\254&\342\215\346\013J<\237\202b\216\234\216w\206\371"
 186      E60B4A3C 
 186      9F82628E 
 186      9C8E7786 
 186      F9
 187 013f 6F29E9D0 		.ascii	"o)\351\320\355\364\251\034W\252\222\224\360\200G\\\313"
 187      EDF4A91C 
 187      57AA9294 
 187      F080475C 
 187      CB
 188 0150 7D3E5B8D 		.ascii	"}>[\215\274\2259`h\2546\251\371M\236\227\243R\244D\205"
ARM GAS  C:\Users\akudo\AppData\Local\Temp\ccZsWN8h.s 			page 14


 188      BC953960 
 188      68AC36A9 
 188      F94D9E97 
 188      A352A444 
 189 0165 08A302F4 		.ascii	"\010\243\002\364.\241Mf\223\313\310\363\261|\242\201"
 189      2EA14D66 
 189      93CBC8F3 
 189      B17CA281 
 190 0175 776D51CB 		.ascii	"wmQ\313P\036\362D\371\310S\206J\2207 (\026\025\301\303"
 190      501EF244 
 190      F9C85386 
 190      4A903720 
 190      281615C1 
 191 018a 62780886 		.ascii	"bx\010\206\233^\325muBJo\307\223\2169\230D)\304oKZH"
 191      9B5ED56D 
 191      75424A6F 
 191      C7938E39 
 191      984429C4 
 192 01a2 28940185 		.ascii	"(\224\001\205\243V\012\300\310\342\240\261\270\254\306"
 192      A3560AC0 
 192      C8E2A0B1 
 192      B8ACC6
 193 01b1 550E2F9C 		.ascii	"U\016/\234\202\276\241\2219\320U\224\256\262<+G\364"
 193      82BEA191 
 193      39D05594 
 193      AEB23C2B 
 193      47F4
 194 01c3 61F19EE7 		.ascii	"a\361\236\347\347T\213\222\301,!0O\216\374\027Z\030"
 194      E7548B92 
 194      C12C2130 
 194      4F8EFC17 
 194      5A18
 195 01d5 C8502582 		.ascii	"\310P%\202-\201*\220\234Y-\357.\314Rb3\242q+\353\356"
 195      2D812A90 
 195      9C592DEF 
 195      2ECC5262 
 195      33A2712B 
 196 01eb 2DC05E59 		.ascii	"-\300^Y\274\251l\354a^\026N\343M\261\374\364\314\014"
 196      BCA96CEC 
 196      615E164E 
 196      E34DB1FC 
 196      F4CC0C
 197 01fe A2B3D071 		.ascii	"\242\263\320q\013/\031\371Ny\241*\3445\013\267\276\212"
 197      0B2F19F9 
 197      4E79A12A 
 197      E4350BB7 
 197      BE8A
 198 0210 E9C71EB3 		.ascii	"\351\307\036\263\3228Ii\234\020i\264\307\357hR\341\022"
 198      D2384969 
 198      9C1069B4 
 198      C7EF6852 
 198      E112
 199 0222 F68E6BDB 		.ascii	"\366\216k\333\316\274p\2424L\007\262\025-|\303\314\314"
 199      CEBC70A2 
 199      344C07B2 
 199      152D7CC3 
 199      CCCC
ARM GAS  C:\Users\akudo\AppData\Local\Temp\ccZsWN8h.s 			page 15


 200 0234 2764023A 		.ascii	"'d\002:e\303\340\224\310\240\2322\330w\362\224\301\035"
 200      65C3E094 
 200      C8A09A32 
 200      D877F294 
 200      C11D
 201 0246 37300365 		.ascii	"70\003e\217R\015\316\314@\265\305\000q\341\264\215\201"
 201      8F520DCE 
 201      CC40B5C5 
 201      0071E1B4 
 201      8D81
 202 0258 D3A2811A 		.ascii	"\323\242\201\032j\2407\236\237\224\343[\314\300T\303"
 202      6AA0379E 
 202      9F94E35B 
 202      CCC054C3 
 203 0268 C4B060E0 		.ascii	"\304\260`\340\226\035\203Z\033\003\265\242\201:j@L\272"
 203      961D835A 
 203      1B03B5A2 
 203      813A6A40 
 203      4CBA
 204 027a 852CE976 		.ascii	"\205,\351v\267\0358\203\251:CM\356\277t\375\204\034"
 204      B71D3883 
 204      A93A434D 
 204      EEBF74FD 
 204      841C
 205 028c 3F66F677 		.ascii	"?f\366w\366\035mw\306/\250\302%\335}\226\213\304\224"
 205      F61D6D77 
 205      C62FA8C2 
 205      25DD7D96 
 205      8BC494
 206 029f 194BE2F1 		.ascii	"\031K\342\361\0332\364\256'z\007\362\345\034\344\313"
 206      1B32F4AE 
 206      277A07F2 
 206      E51CE4CB 
 207 02af 42215FEA 		.ascii	"B!_\352!v\015b\276\324\376lF$_\316B\270\033\255\371"
 207      21760D62 
 207      BED4FE6C 
 207      46245FCE 
 207      42B81BAD 
 208 02c4 B2D0922E 		.ascii	"\262\320\222.\234\271'\367_\216\2156\317f4~[\333\037"
 208      9CB927F7 
 208      5F8E8D36 
 208      CF66347E 
 208      5BDB1F
 209 02d7 88D12630 		.ascii	"\210\321&0z\306j\364\254M\022^\213\217\331\217\225`"
 209      7AC66AF4 
 209      AC4D125E 
 209      8B8FD98F 
 209      9560
 210 02e9 D4F02B8C 		.ascii	"\324\360+\214\242\363H\011s\006w\361\317\344ts\233\314"
 210      A2F34809 
 210      730677F1 
 210      CFE47473 
 210      9BCC
 211 02fb D4FBCED6 		.ascii	"\324\373\316\326\031\243\232n\357\255o\022}GkO\257\002"
 211      19A39A6E 
 211      EFAD6F12 
 211      7D476B4F 
ARM GAS  C:\Users\akudo\AppData\Local\Temp\ccZsWN8h.s 			page 16


 211      AF02
 212 030d F3980E3E 		.ascii	"\363\230\016>j\314\371\201-\360\253v\017\3148\335~\264"
 212      6ACCF981 
 212      2DF0AB76 
 212      0FCC38DD 
 212      7EB4
 213 031f 94A3F679 		.ascii	"\224\243\366y\316\266\230\250X1\231\3106\017#\252:\023"
 213      CEB698A8 
 213      583199C8 
 213      360F23AA 
 213      3A13
 214 0331 D53C9DC8 		.ascii	"\325<\235\310{\220\005xa\001\030\260\311\313N\342,Z"
 214      7B900578 
 214      610118B0 
 214      C9CB4EE2 
 214      2C5A
 215 0343 E2892E32 		.ascii	"\342\211.2\343\025\345\023\235\352\371\211\024\316\363"
 215      E315E513 
 215      9DEAF989 
 215      14CEF3
 216 0352 5E7A9AE0 		.ascii	"^z\232\340\355\000\357\240\360.4_\234D\213\320\320\263"
 216      ED00EFA0 
 216      F02E345F 
 216      9C448BD0 
 216      D0B3
 217 0364 574EB6E8 		.ascii	"WN\266\350\266\271\320\375\005\325\347\334\360N\346"
 217      B6B9D0FD 
 217      05D5E7DC 
 217      F04EE6
 218 0373 77F3C3BA 		.ascii	"w\363\303\272\335*\346\205\202\346p}a\234+\245\375-"
 218      DD2AE685 
 218      82E6707D 
 218      619C2BA5 
 218      FD2D
 219 0385 516F765D 		.ascii	"Qov]-d1[D\324\351\273\306q\247\331\275\270&zq\225yQ"
 219      2D64315B 
 219      44D4E9BB 
 219      C671A7D9 
 219      BDB8267A 
 220 039d 573692A6 		.ascii	"W6\222\246\220zq\005\340\335\024\336Cy]\023y\345\\\337"
 220      907A7105 
 220      E0DD14DE 
 220      43795D13 
 220      79E55CDF 
 221 03b1 9381F11E 		.ascii	"\223\201\361\036\306kG\306\314aw\234\306\224\344\232"
 221      C66B47C6 
 221      CC61779C 
 221      C694E49A 
 222 03c1 8C24468A 		.ascii	"\214$F\212\247zGV\346\011\214\263\330\340\271K}\205"
 222      A77A4756 
 222      E6098CB3 
 222      D8E0B94B 
 222      7D85
 223 03d3 AC6A9BA8 		.ascii	"\254j\233\250nl\232\354\222\343<6(\276$\225\360\222"
 223      6E6C9AEC 
 223      92E33C36 
 223      28BE2495 
ARM GAS  C:\Users\akudo\AppData\Local\Temp\ccZsWN8h.s 			page 17


 223      F092
 224 03e5 EE173767 		.ascii	"\356\0277g\253q\221\340{\307\245{\354\025\231\350\340"
 224      AB7191E0 
 224      7BC7A57B 
 224      EC1599E8 
 224      E0
 225 03f6 8B87678E 		.ascii	"\213\207g\2168\343*68\2657.\231\231\3451\321g\252R/"
 225      38E32A36 
 225      38B5372E 
 225      9999E531 
 225      D167AA52 
 226 040b B8E3D36C 		.ascii	"\270\343\323l\260=-'G\305f\322\301\276\366\304\227*"
 226      B03D2D27 
 226      47C566D2 
 226      C1BEF6C4 
 226      972A
 227 041d DCC406F7 		.ascii	"\334\304\006\367\214]J\020\330\322\212\364(\367\325"
 227      8C5D4A10 
 227      D8D28AF4 
 227      28F7D5
 228 042c 104B445E 		.ascii	"\020KD^M9MV\345\261\230\262\274\344\177N\021B\376!-"
 228      4D394D56 
 228      E5B198B2 
 228      BCE47F4E 
 228      1142FE21 
 229 0441 AE0D295D 		.ascii	"\256\015)]\256\263\307xH\214\361C\026\343\356\213Y\373"
 229      AEB3C778 
 229      488CF143 
 229      16E3EE8B 
 229      59FB
 230 0453 5ECB9441 		.ascii	"^\313\224A\200?\240\360a\032\343!1\306/\247\217\216"
 230      803FA0F0 
 230      611AE321 
 230      31C62FA7 
 230      8F8E
 231 0465 BAE35646 		.ascii	"\272\343VF4\267ab\027\013\216\211\022\315\257O\312\023"
 231      34B76162 
 231      170B8E89 
 231      12CDAF4F 
 231      CA13
 232 0477 887AD030 		.ascii	"\210z\3200\247\231+\031\3211\212\337\332c\354t\246\372"
 232      A7992B19 
 232      D1318ADF 
 232      DA63EC74 
 232      A6FA
 233 0489 28D5F31E 		.ascii	"(\325\363\036_)s\231\235\351\023\221\351\030c:\331\177"
 233      5F297399 
 233      9DE91391 
 233      E918633A 
 233      D97F
 234 049b A2D6C3CA 		.ascii	"\242\326\303\312\024\321\015\377\030\340\243\024\376"
 234      14D10DFF 
 234      18E0A314 
 234      FE
 235 04a8 94327D22 		.ascii	"\2242}\"2\235\256\233jS\331\242\317\317\205>\330\375"
 235      329DAE9B 
 235      6A53D9A2 
ARM GAS  C:\Users\akudo\AppData\Local\Temp\ccZsWN8h.s 			page 18


 235      CFCF853E 
 235      D8FD
 236 04ba 245D85BB 		.ascii	"$]\205\273\355sZ%\344\364\230\351\344\200+\363\353\020"
 236      ED735A25 
 236      E4F498E9 
 236      E4802BF3 
 236      EB10
 237 04cc 05CCE48E 		.ascii	"\005\314\344\216\354u\241\200\304\337\023\375pl\365"
 237      EC75A180 
 237      C4DF13FD 
 237      706CF5
 238 04db A03BD50D 		.ascii	"\240;\325\015ND/|yex\2164\237\022\035\233d\216%\334"
 238      4E442F7C 
 238      7965788E 
 238      349F121D 
 238      9B648E25 
 239 04f0 A8904BDF 		.ascii	"\250\220K\337\300\013@OP\364\317\224\351\224\310\364"
 239      C00B404F 
 239      50F4CF94 
 239      E994C8F4 
 240 0500 5AD38D9B 		.ascii	"Z\323\215\233\356\270\2071\315\257\274jf\0318F\253\304"
 240      EEB88731 
 240      CDAFBC6A 
 240      66193846 
 240      ABC4
 241 0512 D8E4ABCB 		.ascii	"\330\344\253\313\256x\200\015\032\212\372\247\224\314"
 241      AE78800D 
 241      1A8AFAA7 
 241      94CC
 242 0520 0D52AF3C 		.ascii	"\015R\257<\246\362w\375\011-\026\257\005\344\346m\""
 242      A6F277FD 
 242      092D16AF 
 242      05E4E66D 
 242      22
 243 0531 05F462E9 		.ascii	"\005\364b\351\211\177&\361|\316\033d-\364\022J\250\221"
 243      897F26F1 
 243      7CCE1B64 
 243      2DF4124A 
 243      A891
 244 0543 5B606180 		.ascii	"[`a\200^Q\032\177\206\233\314\304o\2151\265.mY\216."
 244      5E511A7F 
 244      869BCCC4 
 244      6F8D31B5 
 244      2E6D598E 
 245 0558 01F2B280 		.ascii	"\001\362\262\200\024+\005\270d\0034\230\372\213\025"
 245      142B05B8 
 245      64033498 
 245      FA8B15
 246 0567 8024B5E4 		.ascii	"\200$\265\344\027\001i\251\211\323\022\233\327E\233"
 246      170169A9 
 246      89D3129B 
 246      D7459B
 247 0576 03529B77 		.ascii	"\003R\233wl\221<oj#H\330\371\350\272\200\024\353\201"
 247      6C913C6F 
 247      6A2348D8 
 247      F9E8BA80 
 247      14EB81
ARM GAS  C:\Users\akudo\AppData\Local\Temp\ccZsWN8h.s 			page 19


 248 0589 50ACACC8 		.ascii	"P\254\254\310N\021y[\2124K\220\275\"\362\256\024yO\202"
 248      4E11795B 
 248      8A344B90 
 248      BD22F2AE 
 248      14794F82 
 249 059d EC10917D 		.ascii	"\354\020\221}R\344M\211G7D\217~\222zt\337\212\374Qx"
 249      52E44D89 
 249      4737448F 
 249      7E927A74 
 249      DF8AFC51 
 250 05b2 E99FEA65 		.ascii	"\351\237\352e\250\005\306/\320!\202\206\323\002%p\336"
 250      A805C62F 
 250      D0218286 
 250      D3022570 
 250      DE
 251 05c3 88E71623 		.ascii	"\210\347\026#\003H<\310v\220\235 [AbA\266\201\354\000"
 251      03483CC8 
 251      76909D20 
 251      5B416241 
 251      B681EC00 
 252 05d7 8903D905 		.ascii	"\211\003\331\0052\203\026\243\030n1=\364(\333>\302\001"
 252      328316A3 
 252      186E313D 
 252      F428DB3E 
 252      C201
 253 05e9 76301A11 		.ascii	"v0\032\0218\210\373\032=\222\260\275(\262\275%e\333"
 253      3888FB1A 
 253      3D92B0BD 
 253      28B2BD25 
 253      65DB
 254 05fb 2F41DE5C 		.ascii	"/A\336\\\232\272\034\215\003\362\231\200\024\367\024"
 254      9ABA1C8D 
 254      03F29980 
 254      14F714
 255 060a 7A2E41B6 		.ascii	"z.A\266\2136{\2456oX\221\344\0047\267\024+xD 2\261K"
 255      8B367BA5 
 255      366F5891 
 255      E40437B7 
 255      142B7844 
 256 0622 B1F40323 		.ascii	"\261\364\003#\317_\275T\243\005\336\216\"\205\366@\200"
 256      CF5FBD54 
 256      A305DE8E 
 256      2285F640 
 256      80
 257 0633 7E8B6051 		.ascii	"~\213`Q\022\267\023\220\013\332\015\326Z\255=\004\241"
 257      12B71390 
 257      0BDA0DD6 
 257      5AAD3D04 
 257      A1
 258 0644 24F61047 		.ascii	"$\366\020G~\3147)T;\255\0152\005[wu\"\247\242m\025|"
 258      7ECC3729 
 258      543BAD0D 
 258      32055B77 
 258      7522A7A2 
 259 065b 02BAA63F 		.ascii	"\002\272\246?n\210\325\014\263\013\231\335:\2637\306"
 259      6E88D50C 
 259      B30B99DD 
ARM GAS  C:\Users\akudo\AppData\Local\Temp\ccZsWN8h.s 			page 20


 259      3AB337C6 
 260 066b 896EC678 		.ascii	"\211n\306x\2729\313\007\023\266{\340Cr\326W\031.\024"
 260      BA39CB07 
 260      13B67BE0 
 260      4372D657 
 260      192E14
 261 067e 28C5EEC1 		.ascii	"(\305\356\301\370\253\272\207\332\316\222F\017\\\300"
 261      F8ABBA87 
 261      DACE9246 
 261      0F5CC0
 262 068d E6B73D6B 		.ascii	"\346\267=k(s\305eLy>\332x\313\005\037gJNrJ\021[\226"
 262      2873C565 
 262      4C793EDA 
 262      78CB051F 
 262      674A4E72 
 263 06a5 B2A86C37 		.ascii	"\262\250l7\324)p5\033\253\214;\336\241\300\015\202\211"
 263      D4297035 
 263      1BAB8C3B 
 263      DEA1C00D 
 263      8289
 264 06b7 3B93E3AC 		.ascii	";\223\343\254\346\315\243\214R\3665#|\216\215\211g\272"
 264      E6CDA38C 
 264      52F63523 
 264      7C8E8D89 
 264      67BA
 265 06c9 9A9DE913 		.ascii	"\232\235\351\023\333\306\342X]Q\021u01\277\224\315t"
 265      DBC6E258 
 265      5D511175 
 265      3031BF94 
 265      CD74
 266 06db A3FF043D 		.ascii	"\243\377\004=\311Jq\237\275\366\2318\241\366\035\344"
 266      C94A719F 
 266      BDF69938 
 266      A1F61DE4 
 267 06eb A81F995D 		.ascii	"\250\037\231]=\351\356\322\242\236\311y\242,\216\300"
 267      3DE9EED2 
 267      A29EC979 
 267      A22C8EC0 
 268 06fb 0F71F3C5 		.ascii	"\017q\363\305I\264!x\331\177\331MZ\324gE\327?{:\343"
 268      49B42178 
 268      D97FD94D 
 268      5AD46745 
 268      D73F7B3A 
 269 0710 865B9813 		.ascii	"\206[\230\023i\023\355\315\036\224\346\033D\355j>\333"
 269      6913EDCD 
 269      1E94E61B 
 269      44ED6A3E 
 269      DB
 270 0721 E786DBD9 		.ascii	"\347\206\333\331\230\2217\024+\361e\246\344\337\271"
 270      98913714 
 270      2BF165A6 
 270      E4DFB9
 271 0730 98C48AF9 		.ascii	"\230\304\212\371\022ZR\357\015\247C\275ecC\207\363\257"
 271      125A52EF 
 271      0DA743BD 
 271      65634387 
 271      F3AF
ARM GAS  C:\Users\akudo\AppData\Local\Temp\ccZsWN8h.s 			page 21


 272 0742 ABF04DA6 		.ascii	"\253\360M\246\334\236\270\335\310\216\263\345D=\023"
 272      DC9EB8DD 
 272      C88EB3E5 
 272      443D13
 273 0751 9B59E586 		.ascii	"\233Y\345\206\007\330\330\340H\322\250\034\0172%\246"
 273      07D8D8E0 
 273      48D2A81C 
 273      0F3225A6 
 274 0761 A1F80A03 		.ascii	"\241\370\012\003~D\317\232\247\207\267\273\340\0216"
 274      7E44CF9A 
 274      A787B7BB 
 274      E01136
 275 0770 569E9D5B 		.ascii	"V\236\235[\305b\373)\215\373\256c3\316\263G\257L\214"
 275      C562FB29 
 275      8DFBAE63 
 275      33CEB347 
 275      AF4C8C
 276 0783 DE3B3478 		.ascii	"\336;4x1\231\271f,\204\303$\236\034\245\020\216T\032"
 276      3199B966 
 276      2C84C324 
 276      9E1CA510 
 276      8E541A
 277 0796 8E63341C 		.ascii	"\216c4\034eb8.\354\315\034T\330\242\367qs\240O5\366"
 277      6562382E 
 277      ECCD1C54 
 277      D8A2F771 
 277      73A04F35 
 278 07ab 4CBBE127 		.ascii	"L\273\341'\366,U\214\345+\003_\341\212\237\263\261S"
 278      F62C558C 
 278      E52B035F 
 278      E18A9FB3 
 278      B153
 279 07bd C712A7D8 		.ascii	"\307\022\247\330)\277\206\250\215F\376\220\012O\311"
 279      29BF86A8 
 279      8D46FE90 
 279      0A4FC9
 280 07cc ED1A2FB5 		.ascii	"\355\032/\265"
 281 07d0 D078ED2E 		.ascii	"\320x\355.\311\031g/\201\266=\371\207n\266\343\331\275"
 281      C919672F 
 281      81B63DF9 
 281      876EB6E3 
 281      D9BD
 282 07e2 AD16BD3D 		.ascii	"\255\026\275=%\344\312pW\201\207\364\240<\011\016\244"
 282      25E4CA70 
 282      578187F4 
 282      A03C090E 
 282      A4
 283 07f3 53074E53 		.ascii	"S\007NS\007\252E\007vN\035\253\307\266h\342\356\254"
 283      07AA4507 
 283      764E1DAB 
 283      C7B668E2 
 283      EEAC
 284 0805 E8D1F27C 		.ascii	"\350\321\362|h\000~\021\336^\335\010\317\032\033\177"
 284      68007E11 
 284      DE5EDD08 
 284      CF1A1B7F 
 285 0815 DB0E512D 		.ascii	"\333\016Q-t\210\311m'o\261\015@O\377\202{\307\036\314"
ARM GAS  C:\Users\akudo\AppData\Local\Temp\ccZsWN8h.s 			page 22


 285      7488C96D 
 285      276FB10D 
 285      404FFF82 
 285      7BC71ECC 
 286 0829 D1C69C11 		.ascii	"\321\306\234\021\275\310g;\267\372pe\250\324\211z\240"
 286      BDC8673B 
 286      B7FA7065 
 286      A8D4897A 
 286      A0
 287 083a D5406935 		.ascii	"\325@i5RZgDZ/^\026\016\276\346\304\254\350\221kgw\251"
 287      525A6744 
 287      5A2F5E16 
 287      0EBEE6C4 
 287      ACE8916B 
 288 0851 70AC1365 		.ascii	"p\254\023eypw\371\024k@7\021u\373\376\255\035r\274\203"
 288      797077F9 
 288      146B4037 
 288      1175FBFE 
 288      AD1D72BC 
 289 0866 8D55D657 		.ascii	"\215U\326W<e{\326H\364E%\267\357W\272X{\203\305\266"
 289      3C657BD6 
 289      48F44525 
 289      B7EF57BA 
 289      587B83C5 
 290 087b 5D823739 		.ascii	"]\20279\313\315{J[U\274p\232gp\030\365\331\236\346,"
 290      CBCD7B4A 
 290      5B55BC70 
 290      9A677018 
 290      F5D99EE6 
 291 0890 A279C872 		.ascii	"\242y\310r\362\357.\025O\376\003\216\261\326&\241\304"
 291      F2EF2E15 
 291      4FFE038E 
 291      B1D626A1 
 291      C4
 292 08a1 026D9642 		.ascii	"\002m\226B\317K\240\361\026\350~)4\325\026\272/\306"
 292      CF4BA0F1 
 292      16E87E29 
 292      34D516BA 
 292      2FC6
 293 08b3 94EF03C8 		.ascii	"\224\357\003\310rn>\252\020\220b\236\243J\211\321\203"
 293      726E3EAA 
 293      1090629E 
 293      A34A89D1 
 293      83
 294 08c4 16A32552 		.ascii	"\026\243%R\243\305vn\3553\230\012(\226\274\202\023R"
 294      A3C5766E 
 294      ED33980A 
 294      2896BC82 
 294      1352
 295 08d6 6C957D08 		.ascii	"l\225}\010bL\251>pN\036\006\006\331\002T,S(\307\216"
 295      624CA93E 
 295      704E1E06 
 295      06D90254 
 295      2C5328C7 
 296 08eb ABC1B4D3 		.ascii	"\253\301\264\323b5Yju\211=\362\250\005y\334\361\372"
 296      6235596A 
 296      75893DF2 
ARM GAS  C:\Users\akudo\AppData\Local\Temp\ccZsWN8h.s 			page 23


 296      A80579DC 
 296      F1FA
 297 08fd 56B7B22C 		.ascii	"V\267\262,n\0259v\313\012\335e\201\2468\\\337\346\275"
 297      6E153976 
 297      CB0ADD65 
 297      81A6385C 
 297      DFE6BD
 298 0910 1EB0408F 		.ascii	"\036\260@\217H\241y\266V\241\367(&o\000\362\223\366"
 298      48A179B6 
 298      56A1F728 
 298      266F00F2 
 298      93F6
 299 0922 69042966 		.ascii	"i\004)f-j\262\017k\214\251\210@\317\002\364\034'\201"
 299      2D6AB20F 
 299      6B8CA988 
 299      40CF02F4 
 299      1C2781
 300 0935 76237BAA 		.ascii	"v#{\252\011\226\365\323\034g\200\015\327t\0136\3371"
 300      0996F5D3 
 300      1C67800D 
 300      D7740B36 
 300      DF31
 301 0947 571B6CA6 		.ascii	"W\033l\246\005[(\305\026H\261\031\026\354Q\307\330\327"
 301      055B28C5 
 301      1648B119 
 301      16EC51C7 
 301      D8D7
 302 0959 3ABB1FC1 		.ascii	":\273\037\301\235$:\324'4+\375\320\254tA\023r\005\244"
 302      9D243AD4 
 302      27342BFD 
 302      D0AC7441 
 302      137205A4 
 303 096d 0DA407E4 		.ascii	"\015\244\007\344\002H\013H'\310-\220n\220\353 7@zA."
 303      02480B48 
 303      27C82D90 
 303      6E90EB20 
 303      37407A41 
 304 0982 837480B4 		.ascii	"\203t\200\264\203\\\002\271\010r\023\344\032\310U\220"
 304      835C02B9 
 304      087213E4 
 304      1AC85590 
 305 0992 564BE707 		.ascii	"VK\347\007!-$!\255\201\220\326\012\034\305\302\207\352"
 305      212D2421 
 305      AD8190D6 
 305      0A1CC5C2 
 305      87EA
 306 09a4 246F3FCD 		.ascii	"$o?\315\342N\256\324\035\326P3\327i\213d,%}Z\237\243"
 306      E24EAED4 
 306      1DD65033 
 306      D7698B64 
 306      2C257D5A 
 307 09ba 3E6D6B6F 		.ascii	">mko\246I\201\274\027P\\i\244\0132\203\245\275\234\245"
 307      A64981BC 
 307      17505C69 
 307      A40B3283 
 307      A5BD9CA5 
 308 09ce 93EA133B 		.ascii	"\223\352\023;)G\201A\267!\036\377\217\330@\351\213\333"
ARM GAS  C:\Users\akudo\AppData\Local\Temp\ccZsWN8h.s 			page 24


 308      29478141 
 308      B7211EFF 
 308      8FD840E9 
 308      8BDB
 309 09e0 77B5D2CD 		.ascii	"w\265\322\315\256\2153\333\265q\003B\0337@\333\270\226"
 309      AE8D33DB 
 309      B5710342 
 309      1B3740DB 
 309      B896
 310 09f2 C2CC6F71 		.ascii	"\302\314oq\002-\232\362\273\031eU\036\310\333\323\223"
 310      022D9AF2 
 310      BB196555 
 310      1EC8DBD3 
 310      93
 311 0a03 FEFC6AE4 		.ascii	"\376\374j\344?E\367a'\336\341\2605\020\262Tx>\371\011"
 311      3F45F761 
 311      27DEE1B0 
 311      3510B254 
 311      783EF909 
 312 0a17 1980AF2E 		.ascii	"\031\200\257.\364\323\301OYw\301\305\373\364X\370\011"
 312      F4D3C14F 
 312      5977C1C5 
 312      FBF458F8 
 312      09
 313 0a28 22708F9D 		.ascii	"\"p\217\235nw\366>\211\243\3774\022\264\361\177\241"
 313      6E77F63E 
 313      89A3FF34 
 313      12B4F17F 
 313      A1
 314 0a39 B7F76CEF 		.ascii	"\267\367l\357\301\364Lz@+z\372\301\236\307\254k\371"
 314      C1F44C7A 
 314      402B7AFA 
 314      C19EC7AC 
 314      6BF9
 315 0a4b 233DB06B 		.ascii	"#=\260k\036<g\007-\375\251\312\320\033\023;\307\257"
 315      1E3C6707 
 315      2DFDA9CA 
 315      D01B133B 
 315      C7AF
 316 0a5d 47C3E211 		.ascii	"G\303\342\0215\304\214w<\250OP\330\266Y\304\321\007"
 316      35C48C77 
 316      3CA84F50 
 316      D8B659C4 
 316      D107
 317 0a6f B0F8439A 		.ascii	"\260\370C\232<#\364\324\031\026O\235\242\202\361\003"
 317      3C23F4D4 
 317      19164F9D 
 317      A282F103 
 318 0a7f 76FF970F 		.ascii	"v\377\227\017\316\205\376))y\014\343$v\016\245\027T"
 318      CE85FE29 
 318      29790CE3 
 318      24760EA5 
 318      1754
 319 0a91 F06A9CCE 		.ascii	"\360j\234\316\224\206\256\232\024\345\333\207\370.S"
 319      9486AE9A 
 319      14E5DB87 
 319      F82E53
ARM GAS  C:\Users\akudo\AppData\Local\Temp\ccZsWN8h.s 			page 25


 320 0aa0 D9C31D91 		.ascii	"\331\303\035\2211\211f0G~\300D\217 \217\037C*\325 /"
 320      31896630 
 320      477EC044 
 320      8F208F1F 
 320      432AD520 
 321 0ab5 1BBBA324 		.ascii	"\033\273\243$\360\350\010\342dh\214{[\346\2629,B\277"
 321      F0E808E2 
 321      64688C7B 
 321      5BE6B239 
 321      2C42BF
 322 0ac8 F2BD20BD 		.ascii	"\362\275 \275\342\357_|\355\245\221)\203\202\304'\337"
 322      E2EF5F7C 
 322      EDA59129 
 322      8382C427 
 322      DF
 323 0ad9 857C1C18 		.ascii	"\205|\034\030\262!l}X\264~shXd\240>2rct\340\367\021"
 323      B2216C7D 
 323      58B47E73 
 323      685864A0 
 323      3E327263 
 324 0af1 9BBDE837 		.ascii	"\233\275\3507\257\340\250p/]\370z]h\250.4\360\375e\177"
 324      AFE0A870 
 324      2F5DF87A 
 324      5D68A82E 
 324      34F0FD65 
 325 0b06 F57A6FF9 		.ascii	"\365zo\371\212\017\376\2752\020\236/\215\210\214\320"
 325      8A0FFEBD 
 325      32109E2F 
 325      8D888CD0 
 326 0b16 2DD505AF 		.ascii	"-\325\005\257\017\013\014\213\010\331\2709T\027\030"
 326      0F0B0C8B 
 326      08D9B839 
 326      541718
 327 0b25 1E0CB622 		.ascii	"\036\014\266\"t\201A\241\272\357\2027o\324\007\351\267"
 327      748141A1 
 327      BAEF8237 
 327      6FD407E9 
 327      B7
 328 0b36 6CD2452F 		.ascii	"l\322E/\333 \373\3467]&zKt`P\264>\024|\000\333\363\""
 328      DB20FBE6 
 328      375D267A 
 328      4B746050 
 328      B43E147C 
 329 0b4e FE1316B2 		.ascii	"\376\023\026\262:\"x\375F\335:]\210>2\352o\232\217}"
 329      3A2278FD 
 329      46DD3A5D 
 329      883E32EA 
 329      6F9A8F7D 
 330 0b62 3464B100 		.ascii	"4d\261\000\272\230\017]82z\305_V\370DF\373l\010\336"
 330      BA980F5D 
 330      38327AC5 
 330      5F56F844 
 330      46FB6C08 
 331 0b77 E8B32932 		.ascii	"\350\263)2J\037\355\023\022\031\036\036\031\341\343"
 331      4A1FED13 
 331      12191E1E 
 331      19E1E3
ARM GAS  C:\Users\akudo\AppData\Local\Temp\ccZsWN8h.s 			page 26


 332 0b86 AB5DAB59 		.ascii	"\253]\253Y\373\203\017\261\262,D\366;\362\271*,\332"
 332      FB830FB1 
 332      B22C44F6 
 332      3BF2B92A 
 332      2CDA
 333 0b98 6AEE4DF2 		.ascii	"j\356M\362$@\247\017\330\022\255\327\205\257\011\216"
 333      2440A70F 
 333      D812ADD7 
 333      85AF098E 
 334 0ba8 08DDA88B 		.ascii	"\010\335\250\213\362\217\012\213\214\012\323o\241\213"
 334      F28F0A8B 
 334      8C0AD36F 
 334      A18B
 335 0bb6 6B36EA82 		.ascii	"k6\352\202\243\374u\021@\350{g\022\331\217\202\364\256"
 335      A3FC7511 
 335      40E87B67 
 335      12D98F82 
 335      F4AE
 336 0bc8 2CC6E4DB 		.ascii	",\306\344\333\027\353\3744A_A$\344~\001\253\265\256"
 336      17EBFC34 
 336      415F4124 
 336      E47E01AB 
 336      B5AE
 337 0bda DAD5705F 		.ascii	"\332\325p_\267z\325r\271\237f\265\326E\313\264\0250"
 337      B77AD572 
 337      B99F66B5 
 337      D645CBB4 
 337      1530
 338 0bec E86F1D7C 		.ascii	"\350o\035|\017\006m\324\225r?\337\317\254\352\373\234"
 338      0F066DD4 
 338      95723FDF 
 338      CFACEAFB 
 338      9C
 339 0bfd 9FBF45F9 		.ascii	"\237\277E\371@\036\360\225\237\366\3439\235\326\375"
 339      401EF095 
 339      9FF6E339 
 339      9DD6FD
 340 0c0c A0F7D1AC 		.ascii	"\240\367\321\254\015\360\013\360\021b\010\316G\351\202"
 340      0DF00BF0 
 340      116208CE 
 340      47E982
 341 0c1b 42C2DF87 		.ascii	"B\302\337\207\000\272\004h>\243\374\2344\376_\373\255"
 341      00BA0468 
 341      3EA3FC9C 
 341      34FE5FFB 
 341      AD
 342 0c2c 829503B4 		.ascii	"\202\225\003\264\362u_}\251u\362\365\323j\2648\000D"
 342      F2755F7D 
 342      A975F2F5 
 342      D36AB438 
 342      0044
 343 0c3e 433ED7F8 		.ascii	"C>\327\370;\005\254!\203\232\317\341\266\206\334V\301"
 343      3B05AC21 
 343      839ACFE1 
 343      B686DC56 
 343      C1
 344 0c4f CD69EDDA 		.ascii	"\315i\355\332\317}\265\362\317\310\315\027t\354\377"
ARM GAS  C:\Users\akudo\AppData\Local\Temp\ccZsWN8h.s 			page 27


 344      CF7DB5F2 
 344      CFC8CD17 
 344      74ECFF
 345 0c5e B916AF02 		.ascii	"\271\026\257\002\361]\245\225\303\230\026\\\363\325"
 345      F15DA595 
 345      C398165C 
 345      F3D5
 346 0c6c 82715F8D 		.ascii	"\202q_\215V\036\262!8\312%(\350\273\315\021!AA\356\342"
 346      561EB221 
 346      38CA2528 
 346      E8BBCD11 
 346      214141EE 
 347 0c81 97651F2E 		.ascii	"\227e\037.\377h\345\177\001f\242\247\313"
 347      FF68E57F 
 347      0166A2A7 
 347      CB
 348              		.text
 349              		.section	.gnu.lto_.symtab.cfc16914,"",%progbits
 350 0000 6E766963 		.ascii	"nvicEnableVector\000\000\000\000\000\000\000\000\000"
 350      456E6162 
 350      6C655665 
 350      63746F72 
 350      00000000 
 351 0019 000000B6 		.ascii	"\000\000\000\266\000\000\000nvicDisableVector\000\000"
 351      0000006E 
 351      76696344 
 351      69736162 
 351      6C655665 
 352 0033 00000000 		.ascii	"\000\000\000\000\000\000\000\000\000\000\272\000\000"
 352      00000000 
 352      0000BA00 
 352      00
 353 0040 006E7669 		.ascii	"\000nvicSetSystemHandlerPriority\000\000\000\000\000"
 353      63536574 
 353      53797374 
 353      656D4861 
 353      6E646C65 
 354 0062 00000000 		.ascii	"\000\000\000\000\000\000\000\274\000\000\000nvicCle"
 354      000000BC 
 354      0000006E 
 354      76696343 
 354      6C65
 355 0074 61725065 		.ascii	"arPending\000\000\000\000\000\000\000\000\000\000\000"
 355      6E64696E 
 355      67000000 
 355      00000000 
 355      00000000 
 356 0088 00BE0000 		.ascii	"\000\276\000\000\000"
 356      00
 357              		.text
 358              		.section	.gnu.lto_.opts,"",%progbits
 359 0000 272D666E 		.ascii	"'-fno-trapv' '-mcpu=cortex-m4' '-mno-thumb-interwor"
 359      6F2D7472 
 359      61707627 
 359      20272D6D 
 359      6370753D 
 360 0033 6B272027 		.ascii	"k' '-mthumb' '-ggdb' '-O2' '-fomit-frame-pointer' '"
ARM GAS  C:\Users\akudo\AppData\Local\Temp\ccZsWN8h.s 			page 28


 360      2D6D7468 
 360      756D6227 
 360      20272D67 
 360      67646227 
 361 0066 2D66616C 		.ascii	"-falign-functions=16' '-ffunction-sections' '-fdata"
 361      69676E2D 
 361      66756E63 
 361      74696F6E 
 361      733D3136 
 362 0099 2D736563 		.ascii	"-sections' '-fno-common' '-flto'\000"
 362      74696F6E 
 362      73272027 
 362      2D666E6F 
 362      2D636F6D 
 363              		.text
 364              		.comm	__gnu_lto_v1,1,1
 365              		.comm	__gnu_lto_slim,1,1
 366              		.ident	"GCC: (GNU Tools for ARM Embedded Processors) 4.9.3 20150529 (release) [ARM/embedded-4_9-br
ARM GAS  C:\Users\akudo\AppData\Local\Temp\ccZsWN8h.s 			page 29


DEFINED SYMBOLS
                            *ABS*:00000000 nvic.c
                            *COM*:00000001 __gnu_lto_v1
                            *COM*:00000001 __gnu_lto_slim

NO UNDEFINED SYMBOLS
