ARM GAS  C:\Users\akudo\AppData\Local\Temp\ccNwi2g5.s 			page 1


   1              		.syntax unified
   2              		.cpu cortex-m4
   3              		.fpu softvfp
   4              		.eabi_attribute 20, 1
   5              		.eabi_attribute 21, 1
   6              		.eabi_attribute 23, 3
   7              		.eabi_attribute 24, 1
   8              		.eabi_attribute 25, 1
   9              		.eabi_attribute 26, 1
  10              		.eabi_attribute 30, 2
  11              		.eabi_attribute 34, 1
  12              		.eabi_attribute 18, 4
  13              		.thumb
  14              		.file	"pal.c"
  15              		.text
  16              	.Ltext0:
  17              		.section	.gnu.lto_.profile.cfc166d1,"",%progbits
  18 0000 789C6366 		.ascii	"x\234cf```a\200\000F\006\015\031\000\000\340\000M"
  18      60606061 
  18      80004606 
  18      0D190000 
  18      E0004D
  19              		.text
  20              		.section	.gnu.lto_.jmpfuncs.cfc166d1,"",%progbits
  21 0000 789C6366 		.ascii	"x\234cf\300\016\344\24143\003##c=#\023##s}=\023\230"
  21      C00EE4A1 
  21      34330323 
  21      23633D23 
  21      13232373 
  22 0018 6264064B 		.ascii	"bd\006K\2243\002I\0000\362\002\265"
  22      94330249 
  22      0030F202 
  22      B5
  23              		.text
  24              		.section	.gnu.lto_.inline.cfc166d1,"",%progbits
  25 0000 789C6366 		.ascii	"x\234cf\300\016\336Bif\006\006N\016Ff\006F\020\013H"
  25      C00EDE42 
  25      69660606 
  25      4E0E4666 
  25      0646100B 
  26 0015 38800805 		.ascii	"8\200\010\005\016\266\017z\014l\013\344\231\030\030"
  26      0EB60F7A 
  26      0C6C0BE4 
  26      991818
  27 0024 5FB0B340 		.ascii	"_\260\263@H\020\301\001fr\200\010\0010S\000d\006#\003"
  27      4810C101 
  27      66728008 
  27      01305300 
  27      64062303 
  28 0038 1F2F230B 		.ascii	"\037/#\013\330\010FF0\237Y\001l\0267\323\005~\014c\200"
  28      D8084646 
  28      309F5901 
  28      6C1637D3 
  28      057E0C63 
  29 004d 622806B0 		.ascii	"b(\006\260,\220\227\000\261\024\230\030\230w\210+0\000"
  29      2C909700 
  29      B1149818 
ARM GAS  C:\Users\akudo\AppData\Local\Temp\ccNwi2g5.s 			page 2


  29      9877882B 
  29      3000
  30 005f ADB60099 		.ascii	"\255\266\000\231\312\304\300-\214\3440\210\211\234@"
  30      CAC4C02D 
  30      8CE43088 
  30      899C40
  31 006e 09E2DC05 		.ascii	"\011\342\334\005\264F\002d\014\013/\320\223\023\374"
  31      B4460264 
  31      0C0B2FD0 
  31      9313FC
  32 007d 40900100 		.ascii	"@\220\001\000\311\250\037}"
  32      C9A81F7D 
  33              		.text
  34              		.section	.gnu.lto_.pureconst.cfc166d1,"",%progbits
  35 0000 789C6366 		.ascii	"x\234cf```g\200\000f\006)F)&I\000\001\273\000^"
  35      60606067 
  35      80006606 
  35      29462926 
  35      490001BB 
  36              		.text
  37              		.section	.gnu.lto_palReadBus.cfc166d1,"",%progbits
  38 0000 789C8D90 		.ascii	"x\234\215\220\277K[Q\024\307\317\367\336\227\367#\261"
  38      BF4B5B51 
  38      14C7CFF7 
  38      DE97F723 
  38      B1
  39 0011 B474940E 		.ascii	"\264t\224\016]\304A\342#\213\203\223\340\237\340_\020"
  39      5DC441E2 
  39      238B8393 
  39      E09FE05F 
  39      10
  40 0022 E3604048 		.ascii	"\343`@H1\012\335|\306\340\322E\324AQ\321R\252\365G\223"
  40      310ADD7C 
  40      C6E0D245 
  40      D44151D1 
  40      52AAF547 
  41 0037 C6B6019D 		.ascii	"\306\266\001\235\304A\034\372\203\"$\304!\016M\301B"
  41      C4411CFA 
  41      832224C4 
  41      210E4DC1 
  41      42
  42 0048 0BA61534 		.ascii	"\013\246\0254\203\330s\336\263\020t\361\301;\367\236"
  42      83D873DE 
  42      B31074F1 
  42      C13BF79E 
  43 0058 7BCFF97C 		.ascii	"{\317\371|\277\347j\272\373\265\362\037WD1^\241\011"
  43      BFE76ABA 
  43      FBB5F21F 
  43      5744315E 
  43      A109
  44 006a 6AEA0BD1 		.ascii	"j\352\013\321\270\255\000\331\020hLa\014?U]a'w\3769"
  44      B8AD00D9 
  44      10684C61 
  44      0C3F555D 
  44      612777FE 
  45 007f 72AA1A8A 		.ascii	"r\252\032\212\236\022\247\273\323\207s\246\2440$-\227"
  45      9E12A7BB 
ARM GAS  C:\Users\akudo\AppData\Local\Temp\ccNwi2g5.s 			page 3


  45      D38773A6 
  45      A430242D 
  45      97
  46 0090 E6CA4EFB 		.ascii	"\346\312N\373k\317\313\234M\027\236\317\317\256\360"
  46      6BCFCB9C 
  46      4D179ECF 
  46      CFAEF0
  47 009f 8DA2BF8A 		.ascii	"\215\242\277\212\260\206V\274\201\010a\035\355\\z6^"
  47      B08656BC 
  47      8108611D 
  47      ED5C7A36 
  47      5E
  48 00b0 A959BA13 		.ascii	"\251Y\272\023\322V\252T\216\314\266W\334\266w\270\355"
  48      D256AA54 
  48      8ECCB657 
  48      DCB677B8 
  48      ED
  49 00c1 F5180DA5 		.ascii	"\365\030\015\245\261\001\335\334\307G\204M\264Iy={U"
  49      B101DDDC 
  49      C747844D 
  49      B449793D 
  49      7B55
  50 00d3 8E9859CF 		.ascii	"\216\230Y\317\363\036]\261k.c\352\026L\360\232\177\274"
  50      F31E5DB1 
  50      6B2E63EA 
  50      164CF09A 
  50      7FBC
  51 00e5 E75D5F7F 		.ascii	"\347]_\177_\375U0\302\354\237;4\367\032\006\207P\210"
  51      5FFD5530 
  51      C2EC9F3B 
  51      34F71A06 
  51      875088
  52 00f8 836972B0 		.ascii	"\203ir\260,Im\011\016\211C\252\361/\263\376\340\204"
  52      2C496D09 
  52      0E8943AA 
  52      F12FB3FE 
  52      E084
  53 010a 577D8C4C 		.ascii	"W}\214L\261~\360R\013\366Bi\026=\251}\375f\313\244\232"
  53      B17EF052 
  53      0BF64269 
  53      163DA97D 
  53      FD66CBA4 
  54 011f C4C3C7CB 		.ascii	"\304\303\307\313\345\337\017\226\260\200\206\262/\224"
  54      E5DF0F96 
  54      B08086B2 
  54      2F94
  55 012d C25B998D 		.ascii	"\302[\231\215\317\027\317g*\017\243\035\015\345 \207"
  55      CF17CF67 
  55      2A0FA31D 
  55      0DE52087 
  56 013d 25FC116F 		.ascii	"%\374\021o\204<\242t\214\375\"\002\236\321\314sn\363"
  56      843CA274 
  56      8CFD2202 
  56      9ED1CC73 
  56      6EF3
  57 014f C22C8877 		.ascii	"\302,\210w7\274\332\247\027E;\272\351e\371\"\202\202"
  57      37BCDAA7 
ARM GAS  C:\Users\akudo\AppData\Local\Temp\ccNwi2g5.s 			page 4


  57      17453BBA 
  57      E965F922 
  57      8282
  58 0161 8F9439B1 		.ascii	"\217\2249\261\355#3\377\221\241\373xj\301{\037\340?"
  58      ED2333FF 
  58      91A1FB78 
  58      6AC17B1F 
  58      E03F
  59 0173 D8870050 		.ascii	"\330\207\000P\265\002\20008\237\250\232An\261M>m\326"
  59      B5028030 
  59      389FA89A 
  59      416EB14D 
  59      3E6DD6
  60 0186 B0EFA3C1 		.ascii	"\260\357\243\301%\276\206\026\215\242\2571q9\371$ 8"
  60      25BE8616 
  60      8DA2AF31 
  60      7139F924 
  60      2038
  61 0198 3ED7A62A 		.ascii	">\327\246*n\220<<\277=\344\315\331TGo\267\333;\230\354"
  61      6E903C3C 
  61      BF3DE4CD 
  61      D954476F 
  61      B7DB3B98 
  62 01ad 4FF68D8C 		.ascii	"O\366\215\214\016$SnB\366\251t\254+\346\246\322\356"
  62      0E24536E 
  62      42F6A974 
  62      AC2BE6A6 
  62      D2EE
  63 01bf 607CC84D 		.ascii	"`|\310M\017'\334g\361\241\316\004\351\376\321\364?}"
  63      0F27DC67 
  63      F1A1CE04 
  63      E9FED1F4 
  63      3F7D
  64 01d1 D1DAC9   		.ascii	"\321\332\311"
  65              		.text
  66              		.section	.gnu.lto_palWriteBus.cfc166d1,"",%progbits
  67 0000 789C8D52 		.ascii	"x\234\215R\317k\023Q\020~\337\333\315\356&\233M\252"
  67      CF6B1351 
  67      107EDFDB 
  67      CDEE269B 
  67      4DAA
  68 0012 A7929397 		.ascii	"\247\222\223\227\320CI\227x\350\301\223X\350?\340_\320"
  68      D0434997 
  68      78E8C193 
  68      58E83FE0 
  68      5FD0
  69 0024 C4430385 		.ascii	"\304C\003\205\210i\317\335\324x\362R\342\245\264\026"
  69      8869CFDD 
  69      D478F252 
  69      E2A5B416 
  70 0034 4111ADD1 		.ascii	"A\021\255\321\326\32661\305C\360$\370\243TA\211J\013"
  70      D6D63631 
  70      C543F024 
  70      F8A35441 
  70      894A0B
  71 0047 1A410F42 		.ascii	"\032A\017B\177\004\222\210%\316\354n!\324K\003\231\367"
  71      7F049288 
ARM GAS  C:\Users\akudo\AppData\Local\Temp\ccNwi2g5.s 			page 5


  71      25CEEC6E 
  71      21D44B03 
  71      99F7
  72 0059 66DE7CDF 		.ascii	"f\336|\337\3147\263\212\370\377\027\243\377\250\"\304"
  72      CC37B38A 
  72      F8FF17A3 
  72      FFA822C4 
  73 0069 309D5004 		.ascii	"0\235P\004\344\354;!\362\206\004\370\" \246%\246\361"
  73      E4EC3B21 
  73      F28604F8 
  73      2220A625 
  73      A6F1
  74 007b 4BEE4BCC 		.ascii	"K\356K\314\326Js\346\300}\307q\366\356V\372o\364w\244"
  74      D64A73E6 
  74      C07DC771 
  74      F6EE56FA 
  74      6FF477A4 
  75 008f 1087D2A3 		.ascii	"\020\207\322\243\301\003\014P\312^\276\336\320\225!"
  75      C1030C50 
  75      CA5EBEDE 
  75      D09521
  76 009e 08BA5797 		.ascii	"\010\272W\227\233o\315\237\262#q\216\335\315\342\253"
  76      9B6FCD9F 
  76      B223718E 
  76      DDCDE2AB 
  77 00ae 398D5DA9 		.ascii	"9\215]\251\262\373\261^\377\240\305\3579\316L\255\272"
  77      B2FBB15E 
  77      FFA0C5EF 
  77      39CE4CAD 
  77      BA
  78 00bf E65C543B 		.ascii	"\346\\T;R\301C(\304\207%\304\360\0101A!\201\022\342"
  78      52C14328 
  78      C48725C4 
  78      F0083141 
  78      218112E2 
  79 00d3 94BD52DE 		.ascii	"\224\275R\336\236\267\224\363.\357\213\205\371K\036"
  79      9EB794F3 
  79      2EEF8B85 
  79      F94B1E
  80 00e2 F08B0754 		.ascii	"\360\213\007T\361\370$P\025x\2028g\357\027\216>\231"
  80      F1F82450 
  80      15788238 
  80      67EF178E 
  80      3E99
  81 00f4 5A819AEE 		.ascii	"Z\201\232\356;:\356\027\313\320@\347\312\331\232\323"
  81      3B3AEE17 
  81      CBD040E7 
  81      CAD99AD3 
  82 0104 ED7E5FFF 		.ascii	"\355~_\377[Q\317\220`*\245\0206\240\202\301\001\272"
  82      5B51CF90 
  82      602AA510 
  82      36A082C1 
  82      01BA
  83 0116 6A1A1B9D 		.ascii	"j\032\033\235\215AF\017\262\011\2211L\216\205\331X\354"
  83      8D41460F 
  83      B2099131 
  83      4C8E85D9 
ARM GAS  C:\Users\akudo\AppData\Local\Temp\ccNwi2g5.s 			page 6


  83      58EC
  84 0128 46F81665 		.ascii	"F\370\026e#D\203J\360\354~H\311\247\362\0313\345\325"
  84      2344834A 
  84      F0EC7E48 
  84      C9A7F219 
  84      33E5D5
  85 013b DD24176D 		.ascii	"\335$\027mI\205Z\332mlm\033<\011\032;\271\033\355;\277"
  85      49855ADA 
  85      6D6C6D1B 
  85      3C091A3B 
  85      B91BED3B 
  86 0150 AD452CA0 		.ascii	"\255E,\240#\203-IZI\001\307o7o\325\243\211\301\216\014"
  86      23832D49 
  86      5A4901C7 
  86      6F376FD5 
  86      A389C18E 
  87 0165 E1291671 		.ascii	"\341)\026q\340N\032\253H\010b\374\243y|\201\026i\345"
  87      E04E1AAB 
  87      480862FC 
  87      A3797C81 
  87      1669E5
  88 0178 0AF07CED 		.ascii	"\012\360|\3554\204*\326\\B\236\001\236\271\204\327\333"
  88      34842AD6 
  88      5C429E01 
  88      9EB984D7 
  88      DB
  89 0189 3EA1EE72 		.ascii	">\241\356rj\275\234\306i8M\254\273\234\356|7<\316\242"
  89      6ABD9CC6 
  89      69384DAC 
  89      BB9CEE7C 
  89      373CCEA2 
  90 019d CF19F438 		.ascii	"\317\031\3648^\177k\037\206Y\267\336'P&\002\252\261"
  90      5E7F6B1F 
  90      8659B7DE 
  90      27502602 
  90      AAB1
  91 01af A37B2921 		.ascii	"\243{)!\312b\310W\037b\272\235\204z;\013\223T\277\263"
  91      CA62C857 
  91      1F62BA9D 
  91      847A3B0B 
  91      9354BFB3 
  92 01c3 639445C4 		.ascii	"c\224E\304\275\250\210\233eq\250\351\207\242.W\204B"
  92      BDA8889B 
  92      6571A8E9 
  92      87A22E57 
  92      8442
  93 01d5 2F8BAE9E 		.ascii	"/\213\256\236\336\005\204N.\200\320\012*\276\266\306"
  93      DE05844E 
  93      2E80D00A 
  93      2ABEB6C6 
  94 01e5 9B9B6523 		.ascii	"\233\233e#Qr\012\364`\341\271+\217V\306O\357\227\266"
  94      51720AF4 
  94      60E1B92B 
  94      8F56C64F 
  94      EF97B6
  95 01f8 E6C3FE53 		.ascii	"\346\303\376S\004U$\016h\015$|\023\011*)v\220\257uG"
  95      0455240E 
ARM GAS  C:\Users\akudo\AppData\Local\Temp\ccNwi2g5.s 			page 7


  95      680D247C 
  95      13092A29 
  95      7690AF75 
  96 020d B91AEFAC 		.ascii	"\271\032\357\254A\203\246\017\201&38r\301\036\031\317"
  96      4183A60F 
  96      81263338 
  96      72C11E19 
  96      CF
  97 021e A4329727 		.ascii	"\2442\227'\247\256d\262v\232\357\331\\r8igs\366\370"
  97      A7AE64B2 
  97      769AEFD9 
  97      5C723869 
  97      6773F6F8 
  98 0232 D8849DBB 		.ascii	"\330\204\235\273\226\266\257\216M\014\245\205\222\232"
  98      96B6AF8E 
  98      4D0CA585 
  98      929A
  99 0240 CAA9A9CC 		.ascii	"\312\251\251\314d\356\037cZ#G"
  99      64EE1F63 
  99      5A2347
 100              		.text
 101              		.section	.gnu.lto_palSetBusMode.cfc166d1,"",%progbits
 102 0000 789C8D90 		.ascii	"x\234\215\220\317K\024a\030\307\237\357\363\316\316"
 102      CF4B1461 
 102      18C79FEF 
 102      F3CECE
 103 000f 4CBB6D45 		.ascii	"L\273mE'\331S\227\305\203\350\260\035<t\012<\364\007"
 103      27D95397 
 103      C583E8B0 
 103      1D3C740A 
 103      3CF407
 104 0022 74E9AA6B 		.ascii	"t\351\252k\340\202\261\321\346Q\2345\203Nav\021\322"
 104      E082B1D1 
 104      E6519C35 
 104      834E6176 
 104      11D2
 105 0034 3A44585A 		.ascii	":DXZ\273e)T\010{\354R\021B1avh\243\204\0027%\033b\321"
 105      BB652954 
 105      087BEC52 
 105      11423161 
 105      7668A384 
 106 004e E779870E 		.ascii	"\347y\207\016\325\305\201y\237\037<\337\317\363\303"
 106      D5C58179 
 106      9F1F3CDF 
 106      CFF3C3
 107 005d D0FF5F4E 		.ascii	"\320\377_N\3763L\324+\026\206\300\223\257\210\252>\003"
 107      FE334CD4 
 107      2B1686C0 
 107      93AF88AA 
 107      3E03
 108 006f EA10688C 		.ascii	"\352\020h\2141\206\015n1&\033\013\323\231\316;a\030"
 108      31860D6E 
 108      31261B0B 
 108      D399CE3B 
 108      6118
 109 0081 6E4EAD74 		.ascii	"nN\255t\\\356\210E\266\305\011\006s\350\224\222\315"
 109      5CEE8845 
ARM GAS  C:\Users\akudo\AppData\Local\Temp\ccNwi2g5.s 			page 8


 109      B6C50906 
 109      73E89492 
 109      CD
 110 0092 6AD4F44C 		.ascii	"j\324\364L\017H\374\247\265\355\227\231\257\0343\216"
 110      0F48FCA7 
 110      B5ED9799 
 110      AF1C338E 
 111 00a2 69F86CEA 		.ascii	"i\370l\352\305\264\253!;\032\276\215\242U7\177;\014"
 111      C5B4AB21 
 111      3B1ABE8D 
 111      A255377F 
 111      3B0C
 112 00b4 C71BCF17 		.ascii	"\307\033\317\027\303\223N\314\006wa\204\207{\310a\036"
 112      C3934ECC 
 112      06776184 
 112      877BC861 
 112      1E
 113 00c5 39921461 		.ascii	"9\222\024a\001y\251\376\022o\314e\315q\313m\317_\233"
 113      0179A9FE 
 113      126FCC65 
 113      CD71CB6D 
 113      CF5F9B
 114 00d8 4927CA28 		.ascii	"I'\312(Q:\270\377\257\322!<@^\313[\023\355w\031wB\246"
 114      513AB8FF 
 114      AFD2213C 
 114      405ECB5B 
 114      13ED7719 
 115 00ef 3ED2FE33 		.ascii	">\322\37630jp!\266~\264\021\356\356~\252\177[q\322\262"
 115      306A7021 
 115      B67EB411 
 115      EEEE7EAA 
 115      7F5B71D2 
 116 0104 B1F432A2 		.ascii	"\261\3642\242M9\362\270)y<W\036\337\323\320\207\005"
 116      4D39F2B8 
 116      29793C57 
 116      1EDFD3D0 
 116      8705
 117 0116 5253F47A 		.ascii	"RS\364z\231\317\314j\315{\214/\267~\026\224\270\303"
 117      99CFCC6A 
 117      CD7B8C2F 
 117      B77E1694 
 117      B8C3
 118 0128 46FA7D6C 		.ascii	"F\372}l\276~\343\353\236\206\264\375\322\257[\337\263"
 118      BE7EE3EB 
 118      9E86B4FD 
 118      D2AF5BDF 
 118      B3
 119 0139 B3B88198 		.ascii	"\263\270\201\230\017\3540\243.\343i~f\373zt\270\273"
 119      0FEC30A3 
 119      2EE3697E 
 119      66FB7A74 
 119      B8BB
 120 014b 2BE6341E 		.ascii	"+\3464\036b\026?\354\035\361\010\335\244D$<g?\200\014"
 120      62163FEC 
 120      1DF108DD 
 120      A444243C 
 120      673F800C 
ARM GAS  C:\Users\akudo\AppData\Local\Temp\ccNwi2g5.s 			page 9


 121 015f 162D4017 		.ascii	"\026-@\027\302\343\277\001\251\375\000\016\342\211\005"
 121      C2E3BF01 
 121      A9FD000E 
 121      E28905
 122 016e D8CB2C25 		.ascii	"\330\313,%\200u/\001(C\342Kkn\022{2\224di\0156\241\234"
 122      80752F01 
 122      2843E24B 
 122      6B6E127B 
 122      32946469 
 123 0186 9BAB576B 		.ascii	"\233\253Wk<\372;\274\022\3721g\267t\016,c\224\344\034"
 123      3CFA3BBC 
 123      12FA3167 
 123      B7740E2C 
 123      6394E41C 
 124 019a B65EB287 		.ascii	"\266^\262\207h\035\325\306\207SVBzD\350\361\244aW\337"
 124      681DD5C6 
 124      87535642 
 124      7A44E8F1 
 124      A46157DF 
 125 01ae 89A06FA8 		.ascii	"\211\240o\2504P:}qd\260T\016\212\352\227+\205\336BP"
 125      34503A7D 
 125      7164B054 
 125      0E8AEA97 
 125      2B85DE42 
 126 01c3 AE0443FD 		.ascii	"\256\004C\375\303A\345B18\337?\334S$30Rq\316\225\007"
 126      C341E542 
 126      3138DF3F 
 126      DC532433 
 126      305271CE 
 127 01d9 CFEE0139 		.ascii	"\317\356\0019H\331\005"
 127      48D905
 128              		.text
 129              		.section	.gnu.lto_.symbol_nodes.cfc166d1,"",%progbits
 130 0000 789C55C8 		.ascii	"x\234U\310\261\015\2000\020\004\301\375\373\304\315"
 130      B10D8030 
 130      1004C1FD 
 130      FBC4CD
 131 000f 51D3B904 		.ascii	"Q\323\271\004\033\211\024Q\014\261{\240\021\344\000"
 131      1B891451 
 131      0CB17BA0 
 131      11E400
 132 001e 02987012 		.ascii	"\002\230p\022Xx\251\311\320\006\330\354GA]\216_\254"
 132      5878A9C9 
 132      D006D8EC 
 132      47415D8E 
 132      5FAC
 133 0030 B2BE119B 		.ascii	"\262\276\021\233\234OPk!\225\234\327\035L:\223\025!"
 133      9C4F506B 
 133      21959CD7 
 133      1D4C3A93 
 133      1521
 134              		.text
 135              		.section	.gnu.lto_.refs.cfc166d1,"",%progbits
 136 0000 789C6366 		.ascii	"x\234cf```d\200\002\000\000=\000\005"
 136      60606064 
 136      80020000 
 136      3D0005
ARM GAS  C:\Users\akudo\AppData\Local\Temp\ccNwi2g5.s 			page 10


 137              		.text
 138              		.section	.gnu.lto_.decls.cfc166d1,"",%progbits
 139 0000 789CAD57 		.ascii	"x\234\255WyP\024W\032\357\327of\034\232\031H\324\030"
 139      79501457 
 139      1AEFD76F 
 139      661C9A19 
 139      48D418
 140 0013 8B4A9513 		.ascii	"\213J\225\023\254\242\334\215\021\2175\211\371'\256"
 140      ACA2DC8D 
 140      118F3589 
 140      F927AE
 141 0022 C7067735 		.ascii	"\307\006w5Rc\262\331\255P5A\030\225Zd\\f\330\332\374"
 141      5263B2D9 
 141      AD503541 
 141      18955A64 
 141      5C66D8DA 
 142 0037 D71C020A 		.ascii	"\327\034\002\012\012\202(^\010\210\034\202\312\241x"
 142      0A82285E 
 142      08881C82 
 142      CAA178
 143 0046 A1188D08 		.ascii	"\241\030\215\010x\261xDEp\200E\215\250\200\242\202\""
 143      78B17844 
 143      45708045 
 143      8DA880A2 
 143      8222
 144 0058 ECF7DEEB 		.ascii	"\354\367\336\353\236\036&\003I\325\246\253\336t\177"
 144      9E1E2603 
 144      49D5A6AB 
 144      DE747F
 145 0067 AF7FEFF7 		.ascii	"\257\177\357\367\375\276\343u\367`\216\343\222\021\307"
 145      FDBEE375 
 145      F7608EE3 
 145      9211C7
 146 0076 0DC171FD 		.ascii	"\015\301q\375m\216\353\3479N\005s\201\234r\020\333\003"
 146      6D8EEBE7 
 146      394E0573 
 146      819C7210 
 146      DB03
 147 0088 305E3026 		.ascii	"0^0&\300x\017q?;\310}=\234\275`\350`\034\202\241\206"
 147      C0780F71 
 147      3F3BC87D 
 147      3D9CBD60 
 147      E8601C82 
 148 009e B967707E 		.ascii	"\271gp~\037F\000\214?\023.\230{\016\347\036\030'`\274"
 148      1F46008C 
 148      3F132E98 
 148      7B0EE71E 
 148      182760BC 
 149 00b2 96F88760 		.ascii	"\226\370\207`t\020\"\270\217\020=QNr\376\300\305\037"
 149      741022B8 
 149      8F103D51 
 149      4E72FEC0 
 149      C51F
 150 00c4 D1E12D69 		.ascii	"\321\341-i\224\375\021_\304\347H\376^K>oK~\325\222O"
 150      94FD115F 
 150      C4E748FE 
 150      5E4B3E6F 
ARM GAS  C:\Users\akudo\AppData\Local\Temp\ccNwi2g5.s 			page 11


 150      4B7ED592 
 151 00d9 E28B3879 		.ascii	"\342\2138y\014\247\033\354\222\362\223\363t\027\277"
 151      0CA71BEC 
 151      92F293F3 
 151      7417BF
 152 00e8 1346F0FB 		.ascii	"\023F\360\373\366(q\036\222|\317\000\333\007\006v\361"
 152      F628711E 
 152      927CCF00 
 152      DB070676 
 152      F1
 153 00f9 CB734A4E 		.ascii	"\313sJN\311\324\034\027\237=<:v\240\367\222\347\003"
 153      C9D41C17 
 153      9F3D3C3A 
 153      76A0F792 
 153      E703
 154 010b 1E790906 		.ascii	"\036y\011\006b\036O\253\315\324\200\251\023T\304Lk\274"
 154      621E4FAB 
 154      CDD480A9 
 154      1354C44C 
 154      6BBC
 155 011d 58E18979 		.ascii	"X\341\211yD\256\367d\266^\023\246\356\023E1Q<\335\207"
 155      44AEF764 
 155      B65E13A6 
 155      EE134531 
 155      513CDD87 
 156 0131 148AEA53 		.ascii	"\024\212\352S}5\002\236@A\311\211\366:\001O\242\327"
 156      7D35029E 
 156      4041C989 
 156      F63A014F 
 156      A2D7
 157 0143 D1F92792 		.ascii	"\321\371'\222\307\000\327\373\002\205\335\335\321\237"
 157      C700D7FB 
 157      0285DDDD 
 157      D19F
 158 0151 E7414DD2 		.ascii	"\347AM\322\016\3360\305\327\336\023\367x!?!\017H\273"
 158      0EDE30C5 
 158      D7DE13F7 
 158      78213F21 
 158      0F48BB
 159 0164 6FA7D5BC 		.ascii	"o\247\325\274'\212*T\212\004T\2020\332\207\246\222("
 159      278A2A54 
 159      8A045482 
 159      30DA87A6 
 159      9228
 160 0176 C86A7224 		.ascii	"\310jr$\212b\214\230\032+z\324zq\250\000\371\240B\344"
 160      8A628C98 
 160      1A2B7AD4 
 160      7A71A800 
 160      F9A042E4 
 161 018a C3A183C8 		.ascii	"\303\241\203\310\017\020\024\213\366\303\344\001\230"
 161      0F10148B 
 161      F6C3E401 
 161      98
 162 0197 04E27303 		.ascii	"\004\342s\003\247\342\324H\360s\277\250\334\315\"*\241"
 162      A7E2D448 
 162      F073BFA8 
 162      DCCD222A 
ARM GAS  C:\Users\akudo\AppData\Local\Temp\ccNwi2g5.s 			page 12


 162      A1
 163 01a8 686DDA04 		.ascii	"hm\332\004\"\241\014$\024+\022@\221\034,\177\340\350"
 163      22A10C24 
 163      142B1240 
 163      911C2C7F 
 163      E0E8
 164 01ba DD2EAD2C 		.ascii	"\335.\255,\271\371~\2651F\234\213\016\001\276H\301\227"
 164      B9F97EB5 
 164      31469C8B 
 164      0E01BE48 
 164      C197
 165 01cc A1513557 		.ascii	"\241Q5W\270\325\214J\253\213\327y\320J|K\314\227k\273"
 165      B8D58C4A 
 165      AB8BD779 
 165      D04A7C4B 
 165      CC976BBB 
 166 01e0 D709B412 		.ascii	"\327\011\264\022:b\336\270SvW\215KY)\316\326\3464\251"
 166      3A62DEB8 
 166      5376578D 
 166      4B5929CE 
 166      D6E634A9 
 167 01f4 29D4CE13 		.ascii	")\324\316\023\373\366\225\262V/\212\235J\314-\373\036"
 167      FBF695B2 
 167      562F8A9D 
 167      4ACC2DFB 
 167      1E
 168 0205 84E24A06 		.ascii	"\204\342J\006}|&\357\337\002\350\210\375ui\200\025\203"
 168      7D7C26EF 
 168      DF02E888 
 168      FD756980 
 168      1583
 169 0217 4DF1713A 		.ascii	"M\361q:|\226-\337P\261}\273\026\3271\243/u\357^\025"
 169      7C962DDF 
 169      50B17DBB 
 169      16D731A3 
 169      2F75EF5E 
 170 022c 6E60465E 		.ascii	"n`F^\306\226\0225\365\251%\346\211\234\242.-\276\311"
 170      C6961235 
 170      F5A925E6 
 170      899CA22E 
 170      2DBEC9
 171 023f EE55D745 		.ascii	"\356U\327E_\022p\0133.\264\365=\323Q\340[\304lJ\313"
 171      5F12700B 
 171      332EB4F5 
 171      3DD351E0 
 171      5BC46C4A 
 172 0254 29F0C26D 		.ascii	")\360\302m\354\336\345\301\324\247c\360\275\341@/\006"
 172      ECDEE5C1 
 172      D4A763F0 
 172      BDE1402F 
 172      06
 173 0265 DCFE6347 		.ascii	"\334\376cG/\246\353h\214\031\365;R\324\304&Fjk\332U"
 173      2FA6EB68 
 173      8C19F53B 
 173      52D4C426 
 173      466A6BDA 
 174 027a 15EEE187 		.ascii	"\025\356\341\207\365\231\201\365\331\326\316\276CZj"
ARM GAS  C:\Users\akudo\AppData\Local\Temp\ccNwi2g5.s 			page 13


 174      F59981F5 
 174      D9D6CEBE 
 174      435A6A
 175 0289 0E0D6152 		.ascii	"\016\015aR\262\334\346\206V\017G\227Uv R\342\213P\262"
 175      B2DCE686 
 175      560F4797 
 175      55762052 
 175      E28B50B2 
 176 029d 5AA56406 		.ascii	"Z\245d\006\347\212A\262\324\205\220\251s\220\224\032"
 176      E78A41B2 
 176      D48590A9 
 176      7390941A 
 177 02ad 92A90B90 		.ascii	"\222\251\013\220)\203\224\251:\230\254g]V\321\366$I"
 177      298394A9 
 177      3A98AC67 
 177      5D56D1F6 
 177      2449
 178 02bf 90898BCE 		.ascii	"\220\211\213\316m\244\275s\031\210\317+\304\027\321"
 178      6DA4BD73 
 178      1988CF2B 
 178      C417D1
 179 02ce A8CC97DC 		.ascii	"\250\314\227\3342\243#])m\010\017\260\370\2226\367\326"
 179      32A3235D 
 179      296D080F 
 179      B0F89236 
 179      F7D6
 180 02e0 F158C4C4 		.ascii	"\361X\304\304P\255\257\256\032\217|\307\371\372e\003"
 180      50ADAFAE 
 180      1A8F7CC7 
 180      F9FA6503 
 181 02f0 5F7773C2 		.ascii	"_ws\302\213E\261\261\342\346\211\324\355\025p\333\210"
 181      8B45B1B1 
 181      E2E689D4 
 181      ED1570DB 
 181      88
 182 0301 C629EC53 		.ascii	"\306)\354S|@\301\357\341\207\333\004\022\305\324lqn"
 182      7C40C1EF 
 182      E187DB04 
 182      12C5D46C 
 182      716E
 183 0313 A4D2001C 		.ascii	"\244\322\000\034\005\203kt\015T\374\007\371\242\253"
 183      05836B74 
 183      0D54FC07 
 183      F9A2AB
 184 0322 C8976A25 		.ascii	"\310\227j%\334\331\267\0224\205\323)o\203[\336s\204"
 184      DCD9B712 
 184      3485D329 
 184      6F835BDE 
 184      7384
 185 0334 82EE1BFB 		.ascii	"\202\356\033\373\225\002\244%\010N\212Zy6\324?\254y"
 185      9502A425 
 185      084E8A5A 
 185      7936D43F 
 185      AC79
 186 0346 ACC1F14C 		.ascii	"\254\301\361L{\362\363#M:\344\353;\236\212\267_.\270"
 186      7BF2F323 
 186      4D3AE4EB 
ARM GAS  C:\Users\akudo\AppData\Local\Temp\ccNwi2g5.s 			page 14


 186      3B9E8AB7 
 186      5F2EB8
 187 0359 AC136BA7 		.ascii	"\254\023k\247\323\335\366\003\270\270\211\306+\315\251"
 187      D3DDF603 
 187      B8B889C6 
 187      2BCDA9
 188 0368 48CF261E 		.ascii	"H\317&\036n\337W\237\216a*\256\217\014M\243Q\306\212"
 188      6EDF579F 
 188      8E612AAE 
 188      8F0C4DA3 
 188      51C68A
 189 037b 736DCE51 		.ascii	"sm\316Q\0220\211\362\026Dy\003\242\374Q\212\222J\277"
 189      123089F2 
 189      16447903 
 189      A2FC518A 
 189      924ABF
 190 038e 94304644 		.ascii	"\2240FD\004\362s\355\271)]I\336\343\2013zDNn\030!\254"
 190      04F273ED 
 190      B9295D49 
 190      DEE38133 
 190      7A444E6E 
 191 03a5 49BF993B 		.ascii	"I\277\231;(\340D\032/\332\366\362b\2157\355\340\211"
 191      28E0441A 
 191      2FDAF6F2 
 191      628D37ED 
 191      E089
 192 03b7 C42CFBE1 		.ascii	"\304,\373\341T\254'\336\300\356\211\203\265o\3648\215"
 192      54AC27DE 
 192      C0EE8983 
 192      B56FF438 
 192      8D
 193 03c8 19F24358 		.ascii	"\031\362CX\307\036\302\273\232\257>\322\343\255\354"
 193      C71EC2BB 
 193      9AAF3ED2 
 193      E3ADEC
 194 03d7 5EC5A9C4 		.ascii	"^\305\251\304t\001\357dFa\333\3454=\005N\001S\237\233"
 194      7401EF64 
 194      4661DBE5 
 194      343D054E 
 194      01539F9B 
 195 03eb FBFCA106 		.ascii	"\373\374\241\006\215\363U\016?Vh\221\312=\012r\217Q"
 195      8DF3550E 
 195      3F566891 
 195      CA3D0A72 
 195      8F51
 196 03fd B9ED52A1 		.ascii	"\271\355R\241\273 \005\017@\361\023\030?\301\370/\214"
 196      BB20050F 
 196      40F11318 
 196      3FC1F82F 
 196      8C
 197 040e 0E18F761 		.ascii	"\016\030\367a<\206q\017\306C\030\2350\0369\232!.\326"
 197      3C86710F 
 197      C643189D 
 197      301E399A 
 197      212ED6
 198 0421 5E2FD5EA 		.ascii	"^/\325\352\004\324\3524\024\200\020:\012PM}\024 \037"
 198      04D4EA34 
ARM GAS  C:\Users\akudo\AppData\Local\Temp\ccNwi2g5.s 			page 15


 198      1480103A 
 198      0A504D7D 
 198      14201F
 199 0434 099D7DA1 		.ascii	"\011\235}\241@#a\277w\305\236AN\205\005\350\035\007"
 199      402361BF 
 199      77C59E41 
 199      4E8505E8 
 199      1D07
 200 0446 B4D9157A 		.ascii	"\264\331\025z\307\225\366\242\003{\326=\255\023\266"
 200      C795F6A2 
 200      037BD63D 
 200      AD13B6
 201 0455 DA81AD72 		.ascii	"\332\201\255r\305N\031\256\240\316\201<\345>0\005\332"
 201      C54E19AE 
 201      A0CE813C 
 201      E53E3005 
 201      DA
 202 0466 EC80B6B8 		.ascii	"\354\200\266\270B\357\272@[\034P\273{\250\223\326\273"
 202      42EFBA40 
 202      5B1C50BB 
 202      7BA893D6 
 202      BB
 203 0477 0E6CAB2B 		.ascii	"\016l\253+\266m\030m\264\275\251\300|:\016\243\333\320"
 203      B66D186D 
 203      B4BDA9C0 
 203      7C3A0EA3 
 203      DBD0
 204 0489 7E4DEEF3 		.ascii	"~M\356\363\345\220`\257u\252\331I\267I(P\266\360\311"
 204      E59060AF 
 204      75AAD949 
 204      B7492850 
 204      B6F0C9
 205 049c 020DEC83 		.ascii	"\002\015\354\203v7{\230\317\312\357\355\364D~\343(\356"
 205      76377B98 
 205      CFCAEFED 
 205      F4447EE3 
 205      28EE
 206 04ae C14A2DEA 		.ascii	"\301J-\352\001\242\343\312#\216,\242\207\273\336C\335"
 206      01A2E3CA 
 206      238E2CA2 
 206      87BBDE43 
 206      DD
 207 04bf D072FF4F 		.ascii	"\320r\377O\373A\327\367\327\307'\350q6\333\002\033\252"
 207      FB41D7F7 
 207      D7C727E8 
 207      7136DB02 
 207      1BAA
 208 04d1 763FF5D0 		.ascii	"v?\365\320\255W\336\254T\216\2623\237!\235$\014\244"
 208      AD57DEAC 
 208      548EB233 
 208      9F219D24 
 208      0CA4
 209 04e3 B7ACED4C 		.ascii	"\267\254\355L\206'\264\216J/J\362\202\020\237\303\375"
 209      8627B48E 
 209      4A2F4AF2 
 209      82109FC3 
 209      FD
ARM GAS  C:\Users\akudo\AppData\Local\Temp\ccNwi2g5.s 			page 16


 210 04f4 A78A7880 		.ascii	"\247\212x\2003\361#1\242^\020\355L\212^'_)G\270\230"
 210      33F12331 
 210      A25E10ED 
 210      4C8A5E27 
 210      5F2947B8 
 211 0509 C9C9BDD3 		.ascii	"\311\311\275\323\361\022\343rf\334\370\251\244\330\023"
 211      F112E372 
 211      66DCF8A9 
 211      A4D813
 212 0518 1FC1C35E 		.ascii	"\037\301\303^K\001\303?\177\002\224\317\237\242\254"
 212      4B01C33F 
 212      7F0294CF 
 212      9FA2AC
 213 0527 9DA37CA5 		.ascii	"\235\243|\245\014\200\337\000\351\325\320\017\223\257"
 213      0C80DF00 
 213      E9D5D00F 
 213      93AF
 214 0535 E4AF94E4 		.ascii	"\344\257\224\344\224\246I\344M\363\032\352\332\247D"
 214      94A649E4 
 214      4DF31AEA 
 214      DAA744
 215 0544 12E0F848 		.ascii	"\022\340\370HA%\367+nc\274CEt\250\367\347\367\345!\372"
 215      4125F72B 
 215      6E63BC43 
 215      4574A8F7 
 215      E7F7E521 
 216 0559 9018F670 		.ascii	"\220\030\366p8\014\224\2254c\203Rubx?4\004\231\217\346"
 216      380C9495 
 216      34638352 
 216      7562783F 
 216      3404998F 
 217 056e 7D91C82B 		.ascii	"}\221\310+o\202\356\372\262>\357c\345\"i<\222\275\027"
 217      6F82EEFA 
 217      B23EEF63 
 217      E522693C 
 217      92BD17
 218 0581 E07370A4 		.ascii	"\340sp\244\015\005/\216\314\275\244\235\211\2727\256"
 218      0D052F8E 
 218      CCBDA49D 
 218      89BA37AE 
 219 0591 C8611B0A 		.ascii	"\310a\033\012\240\311\024J>\237^\272%uj\320W{H\203\016"
 219      A0C9144A 
 219      3E9F5EBA 
 219      25756AD0 
 219      577B4883 
 220 05a6 BA6BD07D 		.ascii	"\272k\320}\205\003\361\036r\203n3kQ\034?\016\035Q23"
 220      8503F11E 
 220      72836E33 
 220      6B511C3F 
 220      0E1D5132 
 221 05bb E8AE41E5 		.ascii	"\350\256A\345\370Q,\204=Z\012 \237\255o\036^\366\034"
 221      F8512C84 
 221      3D5A0A20 
 221      9FAD6F1E 
 221      5EF61C
 222 05ce D673C483 		.ascii	"\326s\304\203\322sky\235\204\274\330\2749]\253\342\331"
 222      D2736B79 
ARM GAS  C:\Users\akudo\AppData\Local\Temp\ccNwi2g5.s 			page 17


 222      9D84BCD8 
 222      BC395DAB 
 222      E2D9
 223 05e0 1CFA867E 		.ascii	"\034\372\206~D\307\236H9\251\1777Cz7\275\245\242\361"
 223      44C79E48 
 223      39A97F37 
 223      437A37BD 
 223      A5A2F1
 224 05f3 2A8B13F8 		.ascii	"*\213\023\370w\3417\236W1\206k\317\326\317\301\215\264"
 224      77E1379E 
 224      5731866B 
 224      CFD6CFC1 
 224      8DB4
 225 0605 74E86A63 		.ascii	"t\350jc\371Md\310\022\263K\273OV\344\351\262H\015\304"
 225      F94D64C8 
 225      12B34BBB 
 225      4F56E4E9 
 225      B2480DC4 
 226 0619 81A12184 		.ascii	"\201\241!\204\310*\224\310\313!r\344\232\252E\353x\003"
 226      C82A94C8 
 226      CB2172E4 
 226      9AAA45EB 
 226      7803
 227 062b ACAC694A 		.ascii	"\254\254iJ\177\300t\020gL\307\223\316\202vE\333z\236"
 227      7FC07410 
 227      674CC793 
 227      CE827645 
 227      DB7A9E
 228 063e 4E769E4C 		.ascii	"Nv\236L\311\3229\213\013\234\340\244-\231jK\222\265"
 228      C9D2398B 
 228      0B9CE0A4 
 228      2D996A4B 
 228      92B5
 229 0650 E5EDADBA 		.ascii	"\345\355\255\272\246\301\353\324\254\277\033S\267\012"
 229      A6C1EBD4 
 229      ACBF1B53 
 229      B70A
 230 065e 549CFDF8 		.ascii	"T\234\375\370Y3\023\206\351\022\264\301I\330\006Y\330"
 230      59331386 
 230      E912B4C1 
 230      49D80659 
 230      D8
 231 066f 462AACF4 		.ascii	"F*\254\364\314\231wp\006e\340\343s\006\212\364\216o"
 231      CC997770 
 231      0665E0E3 
 231      73068AF4 
 231      8E6F
 232 0681 E98476FA 		.ascii	"\351\204v\372-\275\211\027P\012\377k\277\245Sy\267\337"
 232      2DBD8917 
 232      500AFF6B 
 232      BFA55379 
 232      B7DF
 233 0693 B0D7AEBD 		.ascii	"\260\327\256\275:\213i\250\204\216\205\177\260\361V"
 233      3A8B69A8 
 233      848E857F 
 233      B0F156
 234 06a2 BFCE117E 		.ascii	"\277\316\021~\032\013\177[L\376\303\221\303\337L\303"
ARM GAS  C:\Users\akudo\AppData\Local\Temp\ccNwi2g5.s 			page 18


 234      1A0B7F5B 
 234      4CFEC391 
 234      C3DF4CC3 
 235 06b2 4F97C3DF 		.ascii	"O\227\303\337t\272\256\310\033g\261\360\263\357t\177"
 235      74BAAEC8 
 235      1B67B1F0 
 235      B3EF747F 
 236 06c2 E1288DF7 		.ascii	"\341(\215\367\226X1O\264\017\015M\242\213P\206S\002"
 236      9658314F 
 236      B40F0D4D 
 236      A28B5086 
 236      5302
 237 06d4 32E4046C 		.ascii	"2\344\004l\241\011p'-%\345\311\3111\216jme\322Z[\222"
 237      A1097027 
 237      2D25E5C9 
 237      C9318E6A 
 237      6D65D25A 
 238 06ea B2D47492 		.ascii	"\262\324t\222l\272L6\371\252rW\2030\242\336\355T\357"
 238      6CBA4C36 
 238      F9AA7257 
 238      8330A2DE 
 238      ED54EF
 239 06fd 3659EF95 		.ascii	"6Y\357\225\357\2532\274q\011\323[\325\330\336\253\003"
 239      EFAB32BC 
 239      7109D35B 
 239      D5D8DEAB 
 239      03
 240 070e C17692EA 		.ascii	"\301v\222\352\012]f\271xF\356%X\206v8)\336!+\336I\025"
 240      0A5D66B9 
 240      7846EE25 
 240      58867638 
 240      29DE212B 
 241 0725 D716EFFA 		.ascii	"\327\026\357\372\026\237\241,\252\366\235\245\225\336"
 241      169FA12C 
 241      AAF69DA5 
 241      95DE
 242 0733 C8CFC787 		.ascii	"\310\317\307\207\026-\021\352\225\003Q\354\222\026\260"
 242      162D11EA 
 242      950351EC 
 242      9216B0
 243 0742 2313E6FB 		.ascii	"#\023\346\373>#7\340RK\317\264x\335i\"\236\310\241\251"
 243      3E2337E0 
 243      524BCFB4 
 243      78DD6922 
 243      9EC8A1A9 
 244 0756 3EE87750 		.ascii	">\350wP\271,\250\034\271\305\241l\336\007\355\346i\335"
 244      B92CA81C 
 244      B9C5A16C 
 244      DE07EDE6 
 244      69DD
 245 0768 DAD27BD6 		.ascii	"\332\322{\326\251\005\011\235\370K\350\304\252\315\371"
 245      A905099D 
 245      F84BE8C4 
 245      AACDF9
 246 0777 EC1FD3DF 		.ascii	"\354\037\323\337\210y?\265\360 \373\243\341I_\024\257"
 246      88793FB5 
 246      F020FBA3 
ARM GAS  C:\Users\akudo\AppData\Local\Temp\ccNwi2g5.s 			page 19


 246      E1495F14 
 246      AF
 247 0788 7A2EB13F 		.ascii	"z.\261?E\002\315\\\377\371h\015\241\026\345=\254s\336"
 247      4502CD5C 
 247      FFF9680D 
 247      A116E53D 
 247      AC73DE
 248 079b 85F9947C 		.ascii	"\205\371\224|\212\017\332\313\270k\343\366]\321\217"
 248      8A0FDACB 
 248      B86BE3F6 
 248      5DD18F
 249 07aa 4D951E18 		.ascii	"M\225\036\030\006D\343\334\003\276\363x\372`\342\307"
 249      0644E3DC 
 249      03BEF378 
 249      FA60E2C7 
 250 07ba CA8BE87F 		.ascii	"\312\213\350\177\246GCu\336\316\350\334\321\320\035"
 250      A6474375 
 250      DECEE8DC 
 250      D1D01D
 251 07c9 6919DD18 		.ascii	"i\031\335\030\237gu"
 251      9F6775
 252 07d0 E97D51D6 		.ascii	"\351}Q\326'\340\006ft\305\244F\013\223s\304\206l\350"
 252      27E00666 
 252      74C5A446 
 252      0B9373C4 
 252      866CE8
 253 07e3 AA125DBA 		.ascii	"\252\022]\272\030\223\014\317\337\241\317&\241B~,*\202"
 253      18930CCF 
 253      DFA1CF26 
 253      A1427E2C 
 253      2A82
 254 07f5 1AC1F676 		.ascii	"\032\301\366v\"\336G\022\217\362\021\317\241b~2\371"
 254      22DE4712 
 254      8FF211CF 
 254      A1627E32 
 254      F9
 255 0806 FFDE93B5 		.ascii	"\377\336\223\265E?r\224%r\224y,\312\363\327\243k<\\"
 255      453F7294 
 255      25729479 
 255      2CCAF3D7 
 255      A36B3C5C 
 256 081a A354DE0C 		.ascii	"\243T\336\014\373\251\356\022Yw~\343\213\335j\327(G"
 256      FBA9EE12 
 256      59777EE3 
 256      8BDD6AD7 
 256      2847
 257 082c 446724DA 		.ascii	"Dg$\332\341\255\335\302\002\273^w\340\2167\015,\273"
 257      E1ADDDC2 
 257      02BB5E77 
 257      E08E370D 
 257      2CBB
 258 083e 6A8FA8CA 		.ascii	"j\217\250\312\024\343\310fA\007\244\250\340\331\340"
 258      14E3C866 
 258      4107A4A8 
 258      E0D9E0
 259 084d 44745089 		.ascii	"DtP\211\252\224F\325\371\274<A;\354\371KZV\011\253\214"
 259      AA9446D5 
ARM GAS  C:\Users\akudo\AppData\Local\Temp\ccNwi2g5.s 			page 20


 259      F9BC3C41 
 259      3BECF94B 
 259      5A5609AB 
 260 0862 3D7FC919 		.ascii	"=\177\311\031\320\2737\226\367kh[\254\241\237\3359M"
 260      D0BB3796 
 260      F76B685B 
 260      ACA19FDD 
 260      394D
 261 0874 2FD9FF48 		.ascii	"/\331\377H/b>*\317\256\321RSO\314\206\265\203\332\221"
 261      2F623E2A 
 261      CFAED152 
 261      534FCC86 
 261      B583DA91 
 262 0888 F37558CE 		.ascii	"\363uX\316\327!\226\257\275%;\373<]\363U\016\345\250"
 262      D72196AF 
 262      BD253BFB 
 262      3C5DF355 
 262      0EE5A8
 263 089b A0E5A8A4 		.ascii	"\240\345\250\244\0318,g`\213\375M\262\3065_#\242\257"
 263      19382C67 
 263      608BFD4D 
 263      B2C6355F 
 263      23A2AF
 264 08ae DFACEFF5 		.ascii	"\337\254\357\365\304\217X\276\342\363ntx\260|u:\345"
 264      C48F58BE 
 264      E2F36E74 
 264      78B07C75 
 264      3AE5
 265 08c0 EB88942F 		.ascii	"\353\210\224/x\2248\021\035U\362u\214\237\314\351\302"
 265      78943811 
 265      1D55F275 
 265      8C9FCCE9 
 265      C2
 266 08d1 2C6B2C91 		.ascii	",k,\221\266\325\301\326\177\230l\232\317\277\370\312"
 266      B6D5C1D6 
 266      7F986C9A 
 266      CFBFF8CA 
 267 08e1 309FD346 		.ascii	"0\237\323F\205E\330f\3154\331\004\223I\276\\\021\362"
 267      8545D866 
 267      CD34D904 
 267      9349BE5C 
 267      11F2
 268 08f3 6950C8AA 		.ascii	"iP\310\252\260\345aV[Th\230%\310f\261\204[\203VFD\031"
 268      B0E56156 
 268      5B546898 
 268      25C866B1 
 268      845B8356 
 269 090a E8952138 		.ascii	"\350\225!8r\265\301\274z\27194\324\034\032\364\207i"
 269      72B5C1BC 
 269      7AB93934 
 269      D41C1AF4 
 269      8769
 270 091c 730C33A7 		.ascii	"s\0143\247\317\230\375\317YA0\377a\204%\302\374\241"
 270      CF98FDCF 
 270      594130FF 
 270      618425C2 
 270      FCA1
ARM GAS  C:\Users\akudo\AppData\Local\Temp\ccNwi2g5.s 			page 21


 271 092e 39787958 		.ascii	"9xyXPXDHxT\2509hu0pE\230\203L\241\346\025\301Q\3416"
 271      50584448 
 271      7854A839 
 271      68753070 
 271      4598834C 
 272 0949 93EDBB35 		.ascii	"\223\355\2735f\353\264U\3347\277\251\033\353w\326 \223"
 272      66EBB455 
 272      DC37BFA9 
 272      1BEB77D6 
 272      2093
 273 095b D5160A31 		.ascii	"\325\026\0121\000\367\274\371\237\372\317'\334\313("
 273      00F7BCF9 
 273      9FFACF27 
 273      DCCB28
 274 096a B73FF563 		.ascii	"\267?\365c\261\316\370h\206\277\305\352\277*8\334\237"
 274      B1CEF868 
 274      86BFC5EA 
 274      BF2A38DC 
 274      9F
 275 097b 64C2EABF 		.ascii	"d\302\352\277\354\313%\263f\372/^\274\300\377\363\300"
 275      ECCB25B3 
 275      66FA2F5E 
 275      BCC0FFF3 
 275      C0
 276 098c 454BFF35 		.ascii	"EK\3775\323\177Mp\270)<<\024(\324\213\226\316\213\262"
 276      D37F4D70 
 276      B8293C3C 
 276      1428D48B 
 276      96CE8BB2 
 277 09a0 EAACB6D5 		.ascii	"\352\254\266\325\220\223\225k\302,&\233z\311\322\005"
 277      9093956B 
 277      C22C269B 
 277      7AC9D205 
 278 09b0 0B8D9AA5 		.ascii	"\013\215\232\245_\376=p\241q\314\322e\201\013\027.0"
 278      5FFE3D70 
 278      A171CCD2 
 278      65810B17 
 278      2E30
 279 09c2 AA03BF0A 		.ascii	"\252\003\277\012\\`\304\213`,]`D_\323\214\316\370\310"
 279      5C60C48B 
 279      602C5D60 
 279      445FD38C 
 279      CEF8C8
 280 09d5 91517289 		.ascii	"\221Qr\211\255f\233:$\334\034\034\211\002T\363\226\031"
 280      AD669B3A 
 280      24DC1C1C 
 280      890254F3 
 280      9619
 281 09e7 8DAAC5F3 		.ascii	"\215\252\305\363\377bT\375\361O\306\305\344'\000\317"
 281      FF6254FD 
 281      F14FC6C5 
 281      E42700CF 
 282 09f7 331A0556 		.ascii	"3\032\005V\235\260P\250\015\273P\221J\351\010\207iE"
 282      9DB050A8 
 282      0DBB5091 
 282      4AE90887 
 282      6945
ARM GAS  C:\Users\akudo\AppData\Local\Temp\ccNwi2g5.s 			page 22


 283 0a09 B0D5F689 		.ascii	"\260\325\366\211\311\366\327\3376er\2664\226\025+@\241"
 283      C9F6D7DF 
 283      366572B6 
 283      3496152B 
 283      40A1
 284 0a1b FF2F264D 		.ascii	"\377/&MZI\262\004\313\0048\031\315\301\241\220\246\017"
 284      5A49B204 
 284      CB043819 
 284      CDC1A190 
 284      A60F
 285 0a2d 7E71A935 		.ascii	"~q\25152\204.\013\341<\341\364ud\230\315\014\353\264"
 285      32842E0B 
 285      E13CE1F4 
 285      756498CD 
 285      0CEBB4
 286 0a40 6196D596 		.ascii	"a\226\325\226P\263\311\246\207\311ef\033L-\001\373\035"
 286      50B3C9A6 
 286      87C96566 
 286      1B4C2D01 
 286      FB1D
 287 0a52 93540713 		.ascii	"\223T\007\023\310Z\031i\211ZCP\252\220U\301\221Z\223"
 287      C85A1969 
 287      895A4350 
 287      AA9055C1 
 287      915A93
 288 0a65 69455444 		.ascii	"iETD\210\311\244\227/\246}<\375\343\331\316\326'\323"
 288      88C9A497 
 288      2FA67D3C 
 288      FDE3D9CE 
 288      D627D3
 289 0a78 8759B3FF 		.ascii	"\207Y\263\377\007\007v8\243"
 289      07077638 
 289      A3
 290              		.text
 291              		.section	.gnu.lto_.symtab.cfc166d1,"",%progbits
 292 0000 70616C52 		.ascii	"palReadBus\000\000\000\000\000\000\000\000\000\000\000"
 292      65616442 
 292      75730000 
 292      00000000 
 292      00000000 
 293 0015 00090100 		.ascii	"\000\011\001\000\000palWriteBus\000\000\000\000\000"
 293      0070616C 
 293      57726974 
 293      65427573 
 293      00000000 
 294 002a 00000000 		.ascii	"\000\000\000\000\000\000\000\016\001\000\000palSetB"
 294      0000000E 
 294      01000070 
 294      616C5365 
 294      7442
 295 003c 75734D6F 		.ascii	"usMode\000\000\000\000\000\000\000\000\000\000\000\000"
 295      64650000 
 295      00000000 
 295      00000000 
 295      0000
 296 004e 16010000 		.ascii	"\026\001\000\000_pal_lld_setgroupmode\000\000\002\000"
 296      5F70616C 
ARM GAS  C:\Users\akudo\AppData\Local\Temp\ccNwi2g5.s 			page 23


 296      5F6C6C64 
 296      5F736574 
 296      67726F75 
 297 006b 00000000 		.ascii	"\000\000\000\000\000\000\000\000\034\001\000\000"
 297      00000000 
 297      1C010000 
 298              		.text
 299              		.section	.gnu.lto_.opts,"",%progbits
 300 0000 272D666E 		.ascii	"'-fno-trapv' '-mcpu=cortex-m4' '-mno-thumb-interwor"
 300      6F2D7472 
 300      61707627 
 300      20272D6D 
 300      6370753D 
 301 0033 6B272027 		.ascii	"k' '-mthumb' '-ggdb' '-O2' '-fomit-frame-pointer' '"
 301      2D6D7468 
 301      756D6227 
 301      20272D67 
 301      67646227 
 302 0066 2D66616C 		.ascii	"-falign-functions=16' '-ffunction-sections' '-fdata"
 302      69676E2D 
 302      66756E63 
 302      74696F6E 
 302      733D3136 
 303 0099 2D736563 		.ascii	"-sections' '-fno-common' '-flto'\000"
 303      74696F6E 
 303      73272027 
 303      2D666E6F 
 303      2D636F6D 
 304              		.text
 305              		.comm	__gnu_lto_v1,1,1
 306              		.comm	__gnu_lto_slim,1,1
 307              		.ident	"GCC: (GNU Tools for ARM Embedded Processors) 4.9.3 20150529 (release) [ARM/embedded-4_9-br
ARM GAS  C:\Users\akudo\AppData\Local\Temp\ccNwi2g5.s 			page 24


DEFINED SYMBOLS
                            *ABS*:00000000 pal.c
                            *COM*:00000001 __gnu_lto_v1
                            *COM*:00000001 __gnu_lto_slim

NO UNDEFINED SYMBOLS
