ARM GAS  C:\Users\akudo\AppData\Local\Temp\ccUxt70o.s 			page 1


   1              		.syntax unified
   2              		.cpu cortex-m4
   3              		.fpu softvfp
   4              		.eabi_attribute 20, 1
   5              		.eabi_attribute 21, 1
   6              		.eabi_attribute 23, 3
   7              		.eabi_attribute 24, 1
   8              		.eabi_attribute 25, 1
   9              		.eabi_attribute 26, 1
  10              		.eabi_attribute 30, 2
  11              		.eabi_attribute 34, 1
  12              		.eabi_attribute 18, 4
  13              		.thumb
  14              		.file	"pal_lld.c"
  15              		.text
  16              	.Ltext0:
  17              		.section	.gnu.lto_.profile.cfc153e6,"",%progbits
  18 0000 789C6366 		.ascii	"x\234cf```c\200\000F\206\313\214\027\031\001\005\224"
  18      60606063 
  18      80004686 
  18      CB8C1719 
  18      010594
  19 0013 01B1     		.ascii	"\001\261"
  20              		.text
  21              		.section	.gnu.lto_.jmpfuncs.cfc153e6,"",%progbits
  22 0000 789C6366 		.ascii	"x\234cf\300\016\004\2404\023\003##c=#3\220d\257\257"
  22      C00E04A0 
  22      34130323 
  22      23633D23 
  22      339064AF 
  23 0015 AF670000 		.ascii	"\257g\000\000\014\320\002#"
  23      0CD00223 
  24              		.text
  25              		.section	.gnu.lto_.inline.cfc153e6,"",%progbits
  26 0000 789C6366 		.ascii	"x\234cf\300\0166Ai&\006\206v\3066FFv\006F\006f\005\020"
  26      C00E3641 
  26      69260686 
  26      76C63646 
  26      46760646 
  27 0018 E1002212 		.ascii	"\341\000\"\022@D\003#\210\\\000&\017\200I\006\201C\214"
  27      40440323 
  27      885C0026 
  27      0F804906 
  27      81438C
  28 002b 175E7333 		.ascii	"\027^s3\330=\270\302\314\304\300\370\202\235\005B\202"
  28      D83DB8C2 
  28      CCC4C0F8 
  28      829D0542 
  28      82
  29 003c 080E3093 		.ascii	"\010\0160\223\003D\010\200\231\002 B\001\314T\000\021"
  29      03440880 
  29      99022042 
  29      01CC5400 
  29      11
  30 004d 0E60A603 		.ascii	"\016`\246\003\210h`d\202P`\222\011\302a\002\271\207"
  30      88686064 
  30      82506092 
ARM GAS  C:\Users\akudo\AppData\Local\Temp\ccUxt70o.s 			page 2


  30      09C26102 
  30      B987
  31 005f 91E11CC3 		.ascii	"\221\341\034\303^&FF&F\006\006\346\242\013\177\024\031"
  31      5E264646 
  31      26460606 
  31      E6A20B7F 
  31      1419
  32 0071 24E65C04 		.ascii	"$\346\\\004\332%t\241\207\221\005\354b\000o\265 <"
  32      DA2574A1 
  32      879105EC 
  32      62006FB5 
  32      203C
  33              		.text
  34              		.section	.gnu.lto_.pureconst.cfc153e6,"",%progbits
  35 0000 789C6366 		.ascii	"x\234cf```e\200\000&\006)F)\000\000\371\000@"
  35      60606065 
  35      80002606 
  35      29462900 
  35      00F90040 
  36              		.text
  37              		.section	.gnu.lto__pal_lld_init.cfc153e6,"",%progbits
  38 0000 789CA59B 		.ascii	"x\234\245\233{TUU\036\307\357>\347\202<\004\035\337"
  38      7B545555 
  38      1EC7EF3E 
  38      E7823C04 
  38      1DDF
  39 0012 919545A6 		.ascii	"\221\225E\246=\220|dfV\346#\233Y\315\232\231U\377\314"
  39      3D907C64 
  39      6656E623 
  39      9B59CD9A 
  39      9955FFCC 
  40 0026 5FADA666 		.ascii	"_\255\246f\312Y\256\32155\263\346\237V\027\3047*R>\012"
  40      CA59AED1 
  40      3535B3E6 
  40      9F5617C4 
  40      372A523E 
  41 003b 49C90C44 		.ascii	"I\311\014DE\301\304'\201 \250\030(\371@\361\005*\012"
  41      45C1C427 
  41      8120A818 
  41      28F940F1 
  41      052A0A
  42 004e 228A828F 		.ascii	"\"\212\202\217\253\"\263\177\337\2737\373\\\004\326"
  42      AB22B37F 
  42      DFBB37FB 
  42      5C04D6
  43 005d 39ECD6EA 		.ascii	"9\354\326\352\347\203\303\347|\356\331?>\346MM\327\243"
  43      E783C3E7 
  43      7CEED93F 
  43      3EE64D4D 
  43      D7A3
  44 006f FF44F07F 		.ascii	"\377D\360\177G\215v\271\376\302\277e\246\213\031\011"
  44      478D76B9 
  44      FEC2BF65 
  44      A68B1909 
  45 007f A52E574C 		.ascii	"\245.WL\220\301\030}\307\305\\_\031\354+Vk\3340XB\336"
  45      90C1187D 
  45      C7C55C5F 
ARM GAS  C:\Users\akudo\AppData\Local\Temp\ccUxt70o.s 			page 3


  45      19EC2B56 
  45      6BDC3058 
  46 0095 FA15A143 		.ascii	"\372\025\241C\326z<\236\206\330m\003f\015\360\032.W"
  46      D67A3C9E 
  46      86D86D03 
  46      660DF01A 
  46      2E57
  47 00a7 A3E1C3B0 		.ascii	"\243\341\303\260T6\204_2{\303\231}ns2s\361\357\357\310"
  47      5436845F 
  47      327BC399 
  47      7D6E7332 
  47      73F1EFEF 
  48 00bc 682A09AD 		.ascii	"h*\011\2551\274\006\033D?\334\231\270\177E \375\320"
  48      31BC061B 
  48      443FDC99 
  48      B87F4520 
  48      FDD0
  49 00ce 70D30F73 		.ascii	"p\323\017s\275\351e\356\301k<\236\330\274\222,\317x"
  49      BDE965EE 
  49      C16B3C9E 
  49      D8BC922C 
  49      CF78
  50 00e0 B7D73059 		.ascii	"\267\3270Y\03239\217\255c\021,\235E\270\370O\271\330"
  50      1A33398F 
  50      AD63112C 
  50      9D45B8F8 
  50      4FB9D8
  51 00f3 7A36982E 		.ascii	"z6\230.\277\021\327\\\036\032\030\307\357\335\323wO"
  51      BF11D75C 
  51      1E1A18C7 
  51      EFDDD377 
  51      4F
  52 0104 B6810532 		.ascii	"\266\201\0052\376\355\246^y\236\226\226\013\031\361"
  52      FEEDA65E 
  52      799E9696 
  52      0B19F1
  53 0113 C7DC7398 		.ascii	"\307\334s\230\301?\307m\322\010\240\021H#\210\021#\230"
  53      C13FC76D 
  53      D208A011 
  53      48238811 
  53      2398
  54 0125 BE1B4223 		.ascii	"\276\033B#\224Fw\032a4\302i\364\240\321\223F/\032\275"
  54      9446771A 
  54      6134C269 
  54      F4A0D193 
  54      462F1ABD 
  55 0139 69F4A1D1 		.ascii	"i\364\241\321\227F?\032\375i\014\240\361\030\015\262"
  55      97463F1A 
  55      FD690CA0 
  55      F1180DB2 
  56 0149 733F4E63 		.ascii	"s?Nc \215'h<I\343)\032\203h<M\343\031\032\2214\236\245"
  56      208D2768 
  56      3C49E329 
  56      1A83683C 
  56      4DE3191A 
  57 0161 3198C673 		.ascii	"1\230\306s4\206\320\030J\343y\032/\320x\221\306K4\242"
  57      3486D018 
ARM GAS  C:\Users\akudo\AppData\Local\Temp\ccUxt70o.s 			page 4


  57      4AE3791A 
  57      2FD07891 
  57      C64B34A2 
  58 0175 680CA311 		.ascii	"h\014\243\021M\343e\032\303i\214\2401\222\306(\032\257"
  58      4DE3651A 
  58      C3698CA0 
  58      3192C628 
  58      1AAF
  59 0187 D0184DE3 		.ascii	"\320\030M\343U\032ch\274Fc,\215\327i\214\243\361\006"
  59      551A6368 
  59      BC46632C 
  59      8DD7698C 
  59      A3F106
  60 019a 8D3769BC 		.ascii	"\2157i\274Ec<\215\267iL\2401\221\306$\032\223i\274C"
  60      45633C8D 
  60      B7694CA0 
  60      3191C624 
  60      1A9369BC 
  61 01af 630A8D77 		.ascii	"c\012\215wi\270\\\027\371\003\247m\2506\014\372\326"
  61      69B85C17 
  61      F903A76D 
  61      A8360CFA 
  61      D6
  62 01c0 AC60F9D9 		.ascii	"\254`\371\331\231WS\002\350\014\356\030\264\032ww\235"
  62      99575302 
  62      E80CEE18 
  62      B41A7777 
  62      9D
  63 01d1 39E2A6C3 		.ascii	"9\342\246\303\015\3604\314\365\340\200\317]<T\026\204"
  63      0DF034CC 
  63      F5E080CF 
  63      5D3C5416 
  63      84
  64 01e2 9F72D10F 		.ascii	"\237r\321\017g?<\347\015HfI\314k\004\262\215\374\204"
  64      673F3CE7 
  64      0D486649 
  64      CC6B04B2 
  64      8DFC84
  65 01f5 33F809D3 		.ascii	"3\370\011\323\007\226$\336\372:$j\275'.&\310ktc\233"
  65      079624DE 
  65      FA3A246A 
  65      BD272E26 
  65      C86B7463 
  66 020a 5832BB89 		.ascii	"X2\273\211\245b\233Y\224\253\202\315l\012\364\335\307"
  66      A5629B59 
  66      94AB82CD 
  66      6C0AF4DD 
  66      C7
  67 021b F4DD2AF1 		.ascii	"\364\335*\361\344\366\234n\304u\267\360\365\310\344"
  67      E4F69C6E 
  67      C475B7F0 
  67      F5C8E4
  68 022a 14AE93C8 		.ascii	"\024\256\223\310\350\032\007\267\311R\267\331\302\242"
  68      E81A07B7 
  68      C952B7D9 
  68      C2A2
  69 0238 389C28D9 		.ascii	"8\234(\331eW\231\357^\001\016P?\003E\273\310\266\372"
ARM GAS  C:\Users\akudo\AppData\Local\Temp\ccUxt70o.s 			page 5


  69      655799EF 
  69      5E010E50 
  69      3F0345BB 
  69      C8B6FA
  70 024b 1B13A8CB 		.ascii	"\033\023\250\313\206\331\012\273\215\014\003]\307Yl"
  70      86D90ABB 
  70      8D0C035D 
  70      C7596C
  71 025a 5ED93EC9 		.ascii	"^\331>\3119Y\2647=t\350O\374+\2422-\365\342x\3769A\342"
  71      3959B437 
  71      3D74E84F 
  71      FC2BA232 
  71      2DF5E278 
  72 0272 4B9A6D67 		.ascii	"K\232mgC\255\007`\002\277\365\356\252\3720~\337\030"
  72      43AD0760 
  72      02BFF5EE 
  72      AAFA307E 
  72      DF18
  73 0284 FE093505 		.ascii	"\376\0115\005\341^#\370\216\021\304v\210\233_\313_t"
  73      E15E23F8 
  73      8E11C476 
  73      889B5FCB 
  73      5F74
  74 0296 AF07BF79 		.ascii	"\257\007\277yO\257\021\302v\342\326\364t\370G\322s\352"
  74      4FAF11C2 
  74      76E2D6F4 
  74      74F847D2 
  74      73EA
  75 02a8 4FF7F8F2 		.ascii	"O\367\370\362\276'\301\223g\362{\260],\212\014\\l7\373"
  75      BE27C193 
  75      67F27BB0 
  75      5D2C8A0C 
  75      5C6C37FB 
  76 02bc 922B1942 		.ascii	"\222+\031B\247\342@\3768\363=|\341\037<y}\225\031\231"
  76      A7E240FE 
  76      38F33D7C 
  76      E11F3C79 
  76      7D951999 
  77 02d0 C2BFB42B 		.ascii	"\302\277\264+\267\027\374=/n\265\347aK\013\177\271\241"
  77      B717FC3D 
  77      2F6EB5E7 
  77      614B0B7F 
  77      B9A1
  78 02e2 2CC7FF0B 		.ascii	",\307\377\013\\\350\376\302\"\371geU\255Y\216\025\012"
  78      5CE8FEC2 
  78      22F96765 
  78      55AD598E 
  78      150A
  79 02f4 F5786885 		.ascii	"\365xh\205X.\277\302\377%\327f\357{\300\332\001\007"
  79      582EBFC2 
  79      FF25D766 
  79      EF7BC0DA 
  79      0107
  80 0306 B52D8700 		.ascii	"\265-\207\000\347\261Hz\026\374\361\307f\337\310\035"
  80      E7B1487A 
  80      16FCF1C7 
  80      66DFC81D 
ARM GAS  C:\Users\akudo\AppData\Local\Temp\ccUxt70o.s 			page 6


  81 0316 EB971160 		.ascii	"\353\227\021`\351\002~w\304\244\321`mC\303\366\360\327"
  81      E9027E77 
  81      C4A4D160 
  81      6D43C3F6 
  81      F0D7
  82 0328 E962F974 		.ascii	"\351b\371t\226\275\254O4\250\355\023\345O\277;=\316"
  82      96BDAC4F 
  82      34A8ED13 
  82      E54FBF3B 
  82      3DCE
  83 033a 82368F33 		.ascii	"\2026\2173\301S\331\362\205\327\010c{\361HM\037\222"
  83      C153D9F2 
  83      85D70863 
  83      7BF1484D 
  83      1F92
  84 034c 15624FF2 		.ascii	"\025bO\362\023S\372\022\334J\016\305\247?\\\025\267"
  84      1353FA12 
  84      DC4A0EC5 
  84      A73F5C15 
  84      B7
  85 035d 2894C809 		.ascii	"(\224\310\011D\016\247G\301\212\004:\267\370\307\252"
  85      440EA747 
  85      C18A043A 
  85      B7F8C7AA 
  86 036d 60AC49DE 		.ascii	"`\254I\336\000\332\223} \273\005y?\255J/\274\342\314"
  86      00DA937D 
  86      20BB0579 
  86      3FAD4A2F 
  86      BCE2CC
  87 0380 BD29DD7C 		.ascii	"\275)\335|\356\275\355\311\366$\321\003\300\005\010"
  87      EEBDEDC9 
  87      F624D103 
  87      C00508
  88 038f 5C715B51 		.ascii	"\\q[Q'f\007\201\012\024\250_\311\254\267\357,Z\315\372"
  88      27660781 
  88      0A14A85F 
  88      C9ACB7EF 
  88      2C5ACDFA 
  89 03a3 38302B01 		.ascii	"80+\001\256\233\300\225\352\230\035\002*H\240\016\223"
  89      AE9BC095 
  89      EA981D02 
  89      2A48A00E 
  89      93
  90 03b4 591FDF33 		.ascii	"Y\037\3373+\224f}\035\230\225\001\027,p\277\351\230"
  90      2B94667D 
  90      1D989501 
  90      172C70BF 
  90      E998
  91 03c6 1D012A44 		.ascii	"\035\001*D\240\216\222Y_\3373k5\353\347\300\354\030"
  91      A08E9259 
  91      5FDF336B 
  91      35EBE7C0 
  91      EC18
  92 03d8 70A10277 		.ascii	"p\241\002w\\\307\254\034\250\356\002u\202\314\372\371"
  92      5CC7AC1C 
  92      A8EE0275 
  92      82CCFAF9 
ARM GAS  C:\Users\akudo\AppData\Local\Temp\ccUxt70o.s 			page 7


  93 03e8 9E599134 		.ascii	"\236Y\2214\353\357\300\354$pa\002W\241cv\012\250p\201"
  93      EBEFC0EC 
  93      24706102 
  93      57A16376 
  93      0AA87081 
  94 03fc 3A4D66FD 		.ascii	":Mf\375}\317\254\325l\200\003\2633\300\365\020\270\263"
  94      7DCFACD5 
  94      6C8003B3 
  94      33C0F510 
  94      B8B3
  95 040e 3A66E780 		.ascii	":f\347\200\022!a\225d6\000M+\267\223\361*d\334\332\355"
  95      12216195 
  95      6436004D 
  95      2BB793F1 
  95      2A64DCDA 
  96 0423 BACEBB7D 		.ascii	"\272\316\273}\036\267\373]\373\335\276 \273}\321\257"
  96      1EB7FB5D 
  96      FBDDBE20 
  96      BB7DD1AF 
  97 0433 DB4E635D 		.ascii	"\333Nc]\215X\307\356X^\034\352\213\365\\\304\372\222"
  97      8D58C7EE 
  97      585E1CEA 
  97      8BF55CC4 
  97      FA92
  98 0445 88757997 		.ascii	"\210uy\227c}\231\267\270\252\243X\023\226.\250\356$"
  98      637D99B7 
  98      B8AAA358 
  98      13962EA8 
  98      EE24
  99 0457 D6358875 		.ascii	"\3265\210u-\035w0\377\330\366\233\365\253B\020\353\201"
  99      2D1D7730 
  99      FFD8F69B 
  99      F5AB4210 
  99      EB81
 100 0469 88F5B5DA 		.ascii	"\210\365\265\332e\241\376\247\177E<\303+\0333JMk\254"
 100      65A1FEA7 
 100      7F453CC3 
 100      2B1B334A 
 100      4D6BAC
 101 047c EB64AC09 		.ascii	"\353d\254\011\311\256\252\015\250\305+;\277'\355`w\313"
 101      C9AEAA0D 
 101      A8C52B3B 
 101      BF27ED60 
 101      77CB
 102 048e 065CB26C 		.ascii	"\006\\\262l@\306\356\334\3440\313\006\324\313:\003u"
 102      40C6EEDC 
 102      E430CB06 
 102      D4CB3A03 
 102      75
 103 049f 8D362058 		.ascii	"\2156 X\325\031\262\217\331\263\303n^\227u\006\256A"
 103      D519B28F 
 103      D9B3C36E 
 103      5E977506 
 103      AE41
 104 04b1 C7EC86AC 		.ascii	"\307\354\206\2543P7\311\3541Ug\230E80k\224u\006\256"
 104      335037C9 
 104      EC315567 
ARM GAS  C:\Users\akudo\AppData\Local\Temp\ccUxt70o.s 			page 8


 104      98453830 
 104      6B947506 
 105 04c6 49C7EC96 		.ascii	"I\307\354\226\2543P\267\311,B\325\031f\217;0\273#\353"
 105      AC3350B7 
 105      C92C42D5 
 105      19668F3B 
 105      30BB23EB 
 106 04da 0CDC5D1D 		.ascii	"\014\334]\0353\257\2543P\367\310\354qUg\230\015t`v_"
 106      33AFAC33 
 106      50F7C8EC 
 106      71556798 
 106      0D746076 
 107 04ef D619B807 		.ascii	"\326\031\270\007:f\315\262\316@=$\263\201\252\3160{"
 107      3A66CDB2 
 107      CE403D24 
 107      B381AACE 
 107      307B
 108 0501 C281598B 		.ascii	"\302\201Y\213\2543p\036C\303,\306\020u\006*\326\340"
 108      AC33701E 
 108      43C32CC6 
 108      1075062A 
 108      D6E0
 109 0513 664FA83A 		.ascii	"fO\250:\303\354I\007f3\015Qg\340\342t\314f\031\242\316"
 109      C3EC4907 
 109      66330D51 
 109      67E0E274 
 109      CC6619A2 
 110 0528 40CD26B3 		.ascii	"@\315&\263'\021\2613v\352<\307h[\347k\235\327y.n\327"
 110      2711B133 
 110      76EA3CC7 
 110      685BE76B 
 110      9DD7792E 
 111 053e ABFD3ACF 		.ascii	"\253\375:\3173D\235\347\033:u^`P\235s.\245.\024uN@\235"
 111      33449DE7 
 111      1B3A755E 
 111      60509D73 
 111      2EA52E14 
 112 0556 E38D8836 		.ascii	"\343\215\2106/\314i\235\027\032\221\364\212\333\257"
 112      2FCC699D 
 112      171A91F4 
 112      8ADBAF
 113 0565 3361E902 		.ascii	"3a\351\002~\367\016\353\274\310\240:/\246\337\023\205"
 113      7EF70EEB 
 113      BCC8A03A 
 113      2FA6DF13 
 113      85
 114 0576 F08FD52F 		.ascii	"\360\217\325/\336U\207w\003\202\306\320\245\267\013"
 114      DE558777 
 114      0382C6D0 
 114      A5B70B
 115 0585 979C6A73 		.ascii	"\227\234js\372\011\206\357\031\316\216-\210e\326:/1"
 115      FA0986EF 
 115      19CE8E2D 
 115      8865D63A 
 115      2F31
 116 0597 449D09C9 		.ascii	"D\235\011\311\022\325\006p8\277~\333\232\032\372u\260"
 116      12D50670 
ARM GAS  C:\Users\akudo\AppData\Local\Temp\ccUxt70o.s 			page 9


 116      38BF7EDB 
 116      9A1AFA75 
 116      B0
 117 05a8 7503F86B 		.ascii	"u\003\370ko\335\200\225\013\253\267\031\226\015\370"
 117      6FDD8095 
 117      0BABB719 
 117      960DF8
 118 05b7 DA107506 		.ascii	"\332\020u\006\352\033\332\200\020Ug\310>e\317\016\273"
 118      EA1BDA80 
 118      105567C8 
 118      3E65CF0E 
 118      BB
 119 05c8 B9D41075 		.ascii	"\271\324\020u\006n\231\216\331rC\324\031\250\025d\366"
 119      066E998E 
 119      D97243D4 
 119      19A81564 
 119      F6
 120 05d9 94AA33CC 		.ascii	"\224\2523\314\00690\373\326\020u\006\356;\035\263$C"
 120      063930FB 
 120      D6107506 
 120      EE3B1DB3 
 120      2443
 121 05eb D419A895 		.ascii	"\324\031\250\225d6H\325\031fO;0K6D\235\201\373^\307"
 121      643648D5 
 121      19664F3B 
 121      304B3644 
 121      9D81FB5E 
 122 0600 6C9521EA 		.ascii	"l\225!\352\014\324j2{Z\325\031f\31780K1D\235\201\373"
 122      0CD46A32 
 122      7B5AD519 
 122      66CF3830 
 122      4B31449D 
 123 0616 41C76C8D 		.ascii	"A\307l\215!\352\014\324\217d\366\214\2523\314\"\035"
 123      21EA0CD4 
 123      8F64F68C 
 123      AA33CC22 
 123      1D
 124 0627 98AD3544 		.ascii	"\230\2555D\235\201\373I\307,U\326\031\25042\213Tu\206"
 124      9D81FB49 
 124      C72C55D6 
 124      19A83432 
 124      8B547586 
 125 063b D9B30ECC 		.ascii	"\331\263\016\314\326\311:\003\227\256c\266^\326\031"
 125      D6C93A03 
 125      97AE63B6 
 125      5ED619
 126 064a A80D64F6 		.ascii	"\250\015d\366,\"\326h\247\316\033\037\251\263\267\363"
 126      2C22D668 
 126      A7CE1B1F 
 126      A9B3B7F3 
 127 065a 3A67E076 		.ascii	":g\340v\275\333\257\363&Y\347\315Zu\316\304)\307\254"
 127      BDDBAFF3 
 127      2659E7CD 
 127      5A75CEC4 
 127      29C7AC
 128 066d 6F49347D 		.ascii	"oI4}u^\201:g\211:7v\271\316[x|7vTg\302\322\005\231\235"
 128      755E813A 
ARM GAS  C:\Users\akudo\AppData\Local\Temp\ccUxt70o.s 			page 10


 128      67893A37 
 128      76B9CE5B 
 128      787C3776 
 129 0688 D4F967D4 		.ascii	"\324\371g\324y+\035w(\275\376-\261\367\361\036[\320"
 129      792B1D77 
 129      28BDFE2D 
 129      B1F7F11E 
 129      5BD0
 130 069a 0774E9E6 		.ascii	"\007t\351\346\371\211\377\364?\374lq\370\313bV\347\204"
 130      F989FFF4 
 130      3FFC6C71 
 130      F8CB6256 
 130      E784
 131 06ac 59E3BC4D 		.ascii	"Y\343\274M\306\231\210l\273Z\200\255X\200\313\245W\376"
 131      C699886C 
 131      BB5A80AD 
 131      5880CBA5 
 131      57FE
 132 06be 6739FF2C 		.ascii	"g9\377,\313\371'5\225\306\006X\316\177\207l3H;\351\374"
 132      CBF92735 
 132      95C60658 
 132      CE7F876C 
 132      33483BE9 
 133 06d3 43559BA1 		.ascii	"CU\233\241:\330\226\033\026s\227L3h\2735\274rd\231A"
 133      3AD8961B 
 133      1673974C 
 133      3368BB35 
 133      BC726499 
 134 06e8 FA85BC06 		.ascii	"\372\205\274\006\2532\303\3539\373^\2712\314\240\345"
 134      AB32C3EB 
 134      39FB5EB9 
 134      32CCA0E5 
 135 06f8 6978ED91 		.ascii	"ix\355\221]\006)\237\274\236S]\206\327\020\373^\005"
 135      5D06299F 
 135      BC9E535D 
 135      86D710FB 
 135      5E05
 136 070a 32CBA0ED 		.ascii	"2\313\240\355\325\360*\224U\006\251\210\274\206\250"
 136      D5F02A94 
 136      5506A988 
 136      BC86A8
 137 0719 2AC36BA8 		.ascii	"*\303k\250}\257}2\312\240\355\327\360: \233\014R1y\015"
 137      7DAF7D32 
 137      CAA0EDD7 
 137      F03A209B 
 137      0C523179 
 138 072e 554D86D7 		.ascii	"UM\206\327\363\366\275\016\312$\203\366\253\206W\211"
 138      F3F6BD0E 
 138      CA2483F6 
 138      AB865789 
 139 073e 2C3248A5 		.ascii	",2H\245\344\365\274*2\274^\260\357uH\006\031\264\303"
 139      E4F5BC2A 
 139      32BC5EB0 
 139      EF754806 
 139      19B4C3
 140 0751 1A5E65B2 		.ascii	"\032^e\262\307 \375F^/ [^;=>\362H\217\037t\336\343\243"
 140      C720FD46 
ARM GAS  C:\Users\akudo\AppData\Local\Temp\ccUxt70o.s 			page 11


 140      5E2F205B 
 140      5E3B3D3E 
 140      F2488F1F 
 141 0769 B85D9FF6 		.ascii	"\270]\237\366{|L\366\370\270V\217\313\321\343\342\375"
 141      7B7C4CF6 
 141      F8B8568F 
 141      CBD1E3E2 
 141      FD
 142 077a 6B7704FB 		.ascii	"kw\004\373z\274\032=>!z\354\355r\217O\362\334\036\351"
 142      7ABC1A3D 
 142      3E217AEC 
 142      ED728F4F 
 142      F2DC1EE9 
 143 078e A8C784A5 		.ascii	"\250\307\204\245\013\312;\351q\005z|\212\016\273;\275"
 143      0BCA3BE9 
 143      71057A7C 
 143      8A0EBB3B 
 143      BD
 144 079f AF54F160 		.ascii	"\257T\361`\221\201\036\317\240K\017{\326=0\375\017\377"
 144      91811ECF 
 144      A04B0F7B 
 144      D63D30FD 
 144      0FFF
 145 07b1 B438FC15 		.ascii	"\2648\374\025i5\251\001\326 \237\221A&$;\253\026\340"
 145      6935A901 
 145      D6209F91 
 145      4126243B 
 145      AB16E0
 146 07c4 1416E0D6 		.ascii	"\024\026\340\326\275u\307C,\033p\302"
 146      BD75C743 
 146      2C1B70C2 
 147 07d0 B201739A 		.ascii	"\262\001s\232\263?\264\276\231%\203\014R%-@w\025d\270"
 147      B33FB4BE 
 147      9925830C 
 147      52252D40 
 147      771564B8 
 148 07e4 BE684F0E 		.ascii	"\276hO\016\233Y%\213\014\334y\015\261\013\262\310 ]"
 148      9B59258B 
 148      0CDC790D 
 148      B10BB2C8 
 148      205D
 149 07f6 24B11755 		.ascii	"$\261\027U\221!\366\222\003\261j\231d\340.i\210]\226"
 149      9121F692 
 149      03B16A99 
 149      64E02E69 
 149      885D96
 150 0809 4906A986 		.ascii	"I\006\251\206\304^RI\206X\224\003\261Z\331d\340\256"
 150      C45E5249 
 150      86589403 
 150      B15AD964 
 150      E0AE
 151 081b 6888D5C9 		.ascii	"h\210\325\311&\203t\225\304\242T\223!6\314\201X\275"
 151      26837495 
 151      C4A25493 
 151      2136CC81 
 151      58BD
 152 082d 8C3270D7 		.ascii	"\2142p\3274\304\256\313(\203\324@b\303T\224!\026\355"
ARM GAS  C:\Users\akudo\AppData\Local\Temp\ccUxt70o.s 			page 12


 152      34C4AECB 
 152      2883D440 
 152      62C35494 
 152      2116ED
 153 0840 40EC86AC 		.ascii	"@\354\206\2542p75\304\032e\225Aj\"\261hUe\210\275\354"
 153      32703735 
 153      C41A6595 
 153      416A22B1 
 153      68556588 
 154 0856 40EC96CC 		.ascii	"@\354\226\3142p\2675\304\356\310,\203t\227\304^F\275"
 154      3270B735 
 154      C4EEC82C 
 154      837497C4 
 154      5E46BD
 155 0869 5AEC64D9 		.ascii	"Z\354d\331\373H\226[:\317\362=\334\256o\373Y\276/\263"
 155      FB48965B 
 155      3ACFF23D 
 155      DCAE6FFB 
 155      59BE2FB3 
 156 087d FC402BCB 		.ascii	"\374@+\313\315\310\362\371\234\332\253\342M\2144d\371"
 156      CDC8F2F9 
 156      9CDAABE2 
 156      4D8C3464 
 156      F9
 157 088e A1C8724B 		.ascii	"\241\310rK\227\263\334\302\253\353\355(\313\204\245"
 157      97B3DCC2 
 157      ABEBED28 
 157      CB84A5
 158 089d 0B9A3BC9 		.ascii	"\013\232;\311\262\307\244,\307\230\374\264\303\370\307"
 158      B2C7A42C 
 158      C798FCB4 
 158      C3F8C7
 159 08ac 765F692A 		.ascii	"v_i*\362e9\036\327n\3706\376\257\376\207\037k\372\236"
 159      F265391E 
 159      D76EF836 
 159      FEAFFE87 
 159      1F6BFA9E 
 160 08c0 61F2C6D2 		.ascii	"a\362\306\322e~\377?p\246)\262LH\026g\266.\000\207\363"
 160      657EFF3F 
 160      70A629B2 
 160      4C481667 
 160      B62E0087 
 161 08d5 EB0FE516 		.ascii	"\353\017\345\026V[\177\243\364\320\262\000\263\012\212"
 161      565B7FA3 
 161      F4D0B200 
 161      B30A8A
 162 08e4 1798D6B7 		.ascii	"\027\230\326\267\261L\321e\240f\233|\003\302T\227!;"
 162      B14CD165 
 162      A0669B7C 
 162      03C25497 
 162      213B
 163 08f6 DC961C36 		.ascii	"\334\226\0346s\216)\262\014\332\\\035\261y\246\3502"
 163      738E29B2 
 163      0CDA5C1D 
 163      B179A6E8 
 163      32
 164 0907 50F3496C 		.ascii	"P\363Il\270\3522\304F\330\027[`\212,\203\026\257#\266"
ARM GAS  C:\Users\akudo\AppData\Local\Temp\ccUxt70o.s 			page 13


 164      B8EA32C4 
 164      46D8175B 
 164      608A2C83 
 164      16AF23B6 
 165 091b D0145D06 		.ascii	"\320\024]\006j\021\211\215P]\206\330H\373b\213M\221"
 165      6A11898D 
 165      505D86D8 
 165      48FB628B 
 165      4D91
 166 092d 65D01274 		.ascii	"e\320\022t\304\226\230\242\313@%\222\330H\325e\210\215"
 166      C49698A2 
 166      CB402592 
 166      D848D565 
 166      888D
 167 093f B22FF6B5 		.ascii	"\262/\366\265)\262\014\3327:bKM\321e\240\226\221\330"
 167      29B20CDA 
 167      373A624B 
 167      4DD165A0 
 167      9691D8
 168 0952 28D56588 		.ascii	"(\325e\210\275b_l\271)\262\014\332\012\035\261oM\321"
 168      BD625F6C 
 168      B929B20C 
 168      DA0A1DB1 
 168      6F4DD1
 169 0965 65A0BE23 		.ascii	"e\240\276#\261WT\227!6\332\276X\222)\262\014\332J\035"
 169      B1575497 
 169      2136DABE 
 169      589229B2 
 169      0CDA4A1D 
 170 0979 B1645374 		.ascii	"\261dSt\031\250\357Il4\362\265\264\330F\227W\231m\273"
 170      19A8EF49 
 170      6C34F2B5 
 170      B4D84697 
 170      57996DBB 
 171 098d 3CBFB0D3 		.ascii	"<\277\260\323.\257\306\355\372\265\337\345\024St\371"
 171      2EAFC6ED 
 171      FAB5DFE5 
 171      145374F9 
 172 099d 0753A7CB 		.ascii	"\007S\247\313kL\352\362\205\323iE\335}]\336\214.\377"
 172      6B4CEAF2 
 172      85D36945 
 172      DD7D5DDE 
 172      8C2EFF
 173 09b0 6846B479 		.ascii	"hF\264yaN\273\274\326\214\244W\334~\227\011K\027\360"
 173      614EBBBC 
 173      D68CA457 
 173      DC7E9709 
 173      4B17F0
 174 09c3 BB77D8E5 		.ascii	"\273w\330\345\237\320\345T:\355p\376\261R\317\265x\337"
 174      9FD0E554 
 174      3AED70FE 
 174      B152CFB5 
 174      78DF
 175 09d5 9FD348C3 		.ascii	"\237\323H\303\265\225w.\344\272\375\217?M\034\177C~"
 175      B595772E 
 175      E4BAFD8F 
 175      3F4D1C7F 
ARM GAS  C:\Users\akudo\AppData\Local\Temp\ccUxt70o.s 			page 14


 175      437E
 176 09e7 6396610D 		.ascii	"c\226a\015\363:\031fb\262t\265\002\251X\201\322\312"
 176      F33A1966 
 176      62B274B5 
 176      02A95881 
 176      D2CA
 177 09f9 7B4B022D 		.ascii	"{K\002-+\300_|\353\012\324\325n\275\023n}\007K\206\031"
 177      2BC05F7C 
 177      EB0AD4D5 
 177      6EBD136E 
 177      7D074B86 
 178 0a0e A80DB402 		.ascii	"\250\015\264\002\341*\314\260}\325\236\035\226s\243"
 178      E12ACCB0 
 178      7DD59E1D 
 178      9673A3
 179 0a1d 2C337019 		.ascii	",3p\031:f\233d\231\201\332Lf\257\2522\303l\214\003\263"
 179      3A669B64 
 179      9981DA4C 
 179      66AFAA32 
 179      C36C8C03 
 180 0a32 4C9966E0 		.ascii	"L\231f\340\262t\314\266\3104\003\3653\231\215Qi\206"
 180      B274CCB6 
 180      C83403F5 
 180      33998D51 
 180      6986
 181 0a44 D96B0ECC 		.ascii	"\331k\016\314\266\3126\003\227\255c\266M\266\031\250"
 181      B6CA3603 
 181      97AD63B6 
 181      4DB619A8 
 182 0a54 ED64F69A 		.ascii	"\355d\366\232j3\314\306:0\333!\343\014\334N\035\263"
 182      6A33CCC6 
 182      3A30DB21 
 182      E30CDC4E 
 182      1DB3
 183 0a66 5D32CE40 		.ascii	"]2\316@\355&\263\261*\3160{\335\201Y\216\2543p\277\350"
 183      ED26B3B1 
 183      2ACE307B 
 183      DD81598E 
 183      AC3370BF 
 184 0a7b 98E5CA3A 		.ascii	"\230\345\312:\003\225Gf\257\253:\303l\234\003\263=2"
 184      03954766 
 184      AFAB3AC3 
 184      6C9C03B3 
 184      3D32
 185 0a8d CFC0E5EB 		.ascii	"\317\300\345\353\230\025\310<\003\265\227\314\306\241"
 185      9815C83C 
 185      03B597CC 
 185      C6A1
 186 0a9b 624976F2 		.ascii	"bIv\362\\\370H\236\027v\236\347\"\334\256\177\373y\336"
 186      5CF8489E 
 186      17769EE7 
 186      22DCAE7F 
 186      FB79DE
 187 0aae 27F3BC5F 		.ascii	"'\363\274_+\317\007\220\347\263\267o\355\363\375I2\317"
 187      2BCF0790 
 187      E7B3B76F 
 187      EDF3FD49 
ARM GAS  C:\Users\akudo\AppData\Local\Temp\ccUxt70o.s 			page 15


 187      32CF
 188 0ac0 76E4B958 		.ascii	"v\344\271X\3449\251\313y>\310\353[\330Q\236\011K\027"
 188      E439A9CB 
 188      793EC8EB 
 188      5BD8519E 
 188      094B17
 189 0ad3 1CE824CF 		.ascii	"\034\350$\317\277\"\317%t\334=\370\307\326\245d\247"
 189      BF22CF25 
 189      74DC3DF8 
 189      C7D6A564 
 189      A7
 190 0ae4 FBFE64C6 		.ascii	"\373\376d\306^\\{\366x\331\322`\377\343/\025\307\177"
 190      5E5C7BF6 
 190      78D9D260 
 190      FFE32F15 
 190      C77F
 191 0af6 7EE5DDAF 		.ascii	"~\345\335\257\254u>$\353LHvXm@\0116\240\344j\332\261"
 191      AC753E24 
 191      EB4C4876 
 191      586D4009 
 191      36A0E46A 
 192 0b0c 00CB0614 		.ascii	"\000\313\006\024[6\240\250*i~7\353\373Y\262\316@\375"
 192      5B36A0A8 
 192      2A697E37 
 192      EBFB59B2 
 192      CE40FD
 193 0b1f 461BD043 		.ascii	"F\033\320C\325\031\262o\330\222\303j\036\221q\006\355"
 193      D519B26F 
 193      D892C36A 
 193      1E917106 
 193      ED
 194 0b30 A88ED831 		.ascii	"\250\216\3301\031g\240\216\223\330\033*\316\020{\323"
 194      1967A08E 
 194      93D81B2A 
 194      CE107BD3 
 195 0b40 BE58B96C 		.ascii	"\276X\271l3h't\304N\3126\003UAbo\2526C\354-\373b\247"
 195      33682774 
 195      C44ECA36 
 195      03554162 
 195      6FAA3643 
 196 0b59 649A413B 		.ascii	"d\232A;\255#vF\246\031\250\263$\366\226J3\304\306\333"
 196      AD237646 
 196      A619A8B3 
 196      24F6964A 
 196      33C4C6DB 
 197 0b6d 173B27CB 		.ascii	"\027;'\313\014Z\245\216X\225,3P\347Il\274*3\304\336"
 197      0C5AA58E 
 197      58952C33 
 197      50E7496C 
 197      BC2A33C4 
 198 0b82 B62F7641 		.ascii	"\266/vA\206\031\264\213:b\3252\314@]\"\261\267U\230"
 198      8619B48B 
 198      3A62D532 
 198      CC405D22 
 198      B1B75598 
 199 0b96 2136C1BE 		.ascii	"!6\301\276\330e\331e\320jt\304je\227\201\272Bb\023\220"
 199      D865D965 
ARM GAS  C:\Users\akudo\AppData\Local\Temp\ccUxt70o.s 			page 16


 199      D06A74C4 
 199      6A659781 
 199      BA426213 
 200 0bab AF4C3B5D 		.ascii	"\257L;]\256{\244\313+:\357\362U\334n@\373]\256\227]"
 200      AE7BA4CB 
 200      2B3AEFF2 
 200      55DC6E40 
 200      FB5DAE97 
 201 0bc0 BEA6D5E5 		.ascii	"\276\246\325\345\353\350r\363\274\242\331\342\2177\347"
 201      EBE872F3 
 201      BCA2D9E2 
 201      8F37E7
 202 0bcf A1CB0DA2 		.ascii	"\241\313\015\242\313\231]\356\362\015\236\335\272\216"
 202      CB995DEE 
 202      F20D9EDD 
 202      BA8E
 203 0bdd BA4C58BA 		.ascii	"\272LX\272\340z']\276\211.7\322i\367\344\037\233\351"
 203      E07A275D 
 203      BE892E37 
 203      D269F7E4 
 203      1F9BE9
 204 0bf0 F524FADE 		.ascii	"\365$\372\336\316\250\304\2651\253g%\005\372\237~\223"
 204      CEA8C4B5 
 204      31AB6725 
 204      05FA9F7E 
 204      93
 205 0c01 38FDD5C9 		.ascii	"8\375\325\311+g\371\375g\363-\031fb\262\333j\005\032"
 205      2B67F9FD 
 205      67F32D19 
 205      6662B2DB 
 205      6A051A
 206 0c14 B102E5AB 		.ascii	"\261\002\345\253.\257\261\376\322\334`Y\001\357\321"
 206      2EAFB1FE 
 206      D2DC6059 
 206      01EFD1
 207 0c23 C52742AC 		.ascii	"\305'B\254\357h\3110\003u\227V\240\247\0123l'\332\263"
 207      EF68C930 
 207      03759756 
 207      A0A70A33 
 207      6C27DAB3 
 208 0c37 C3727A65 		.ascii	"\303rze\231\201\273\247cv_\226\031\250\007d6Q\225\031"
 208      9981BBA7 
 208      63765F96 
 208      19A80764 
 208      36519519 
 209 0c4b 66931C98 		.ascii	"f\223\034\2305\3134\003\367P\307\254E\246\031(\217\233"
 209      35CB3403 
 209      F750C7AC 
 209      45A61928 
 209      8F9B
 210 0c5d 9B4D5269 		.ascii	"\233MRi\206\331d\007f1n\321f\340b\335\032f3\335\242"
 210      86D96407 
 210      66316ED1 
 210      66E062DD 
 210      1A6633DD 
 211 0c72 CD40C591 		.ascii	"\315@\305\221\331d\325f\230\275\343\300l\226[\304\031"
 211      D964D566 
ARM GAS  C:\Users\akudo\AppData\Local\Temp\ccUxt70o.s 			page 17


 211      98BDE3C0 
 211      6C965BC4 
 211      19
 212 0c83 B8D93A66 		.ascii	"\270\331:fs\334\"\316@\315%\263wT\234a6\305\201\331"
 212      73DC22CE 
 212      40CD25B3 
 212      77549C61 
 212      36C581D9 
 213 0c97 3CB7A833 		.ascii	"<\267\2503p\363u\314\026\270E\235\201\212'\263)\252"
 213      70F375CC 
 213      16B8459D 
 213      818A27B3 
 213      29AA
 214 0ca9 CE307BD7 		.ascii	"\3160{\327\201\331B\267\3103p\213t\314\026\273E\236"
 214      81D942B7 
 214      C833708B 
 214      74CC16BB 
 214      459E
 215 0cbb 814A20B3 		.ascii	"\201J \263w]gYL^\331\037\220J\027\375e!F\177I\310p\271"
 215      775D6759 
 215      4C5ED91F 
 215      904A17FD 
 215      6521467F 
 216 0cd3 264C1C1B 		.ascii	"&L\034\033=\361\263\251\177\233\372\376\027\377\371"
 216      3DF1B3A9 
 216      7F9BFAFE 
 216      17FFF9
 217 0ce2 64EAF4E8 		.ascii	"d\352\364\350\217\351\373\323?\037>zx\364\364\317\243"
 217      8FE9FBD3 
 217      3F1F3E7A 
 217      78F4F4CF 
 217      A3
 218 0cf3 3FFB685A 		.ascii	"?\373hZ\364\214\351\377\376\342\363\350\367?\370\343"
 218      F48CE9FF 
 218      FEE2F3E8 
 218      F73FF8E3 
 219 0d03 C811D1EF 		.ascii	"\310\021\321\357\2757)z\312\237\177\377\247\377\216"
 219      BD37297A 
 219      CA9F7FFF 
 219      A7FF8E
 220 0d12 889EF1D1 		.ascii	"\210\236\361\321\264\017\247M\373d\330\307\256\300\217"
 220      B40FA74D 
 220      FB64D8C7 
 220      AEC08F
 221 0d21 A7FFEB1F 		.ascii	"\247\377\353\037S?\015\370t\306\324\3513\376\017\372"
 221      533F0DF8 
 221      74C6D4E9 
 221      33FE0FFA 
 222 0d31 EDF303   		.ascii	"\355\363\003"
 223              		.text
 224              		.section	.gnu.lto__pal_lld_setgroupmode.cfc153e6,"",%progbits
 225 0000 789C9D57 		.ascii	"x\234\235W{P\225\327\021\377\366|\367\305}\200\217T"
 225      7B5095D7 
 225      11FFF67C 
 225      F7C57D80 
 225      8F54
 226 0012 11353E90 		.ascii	"\0215>\220\220&\241W\3240>\252V\251\321\032\035P\350"
ARM GAS  C:\Users\akudo\AppData\Local\Temp\ccUxt70o.s 			page 18


 226      9026A157 
 226      D4303EAA 
 226      56A9D11A 
 226      1D50E8
 227 0025 74DAE94C 		.ascii	"t\332\351L\203\321\031\231\342\300\000\351\244\177\365"
 227      83D11999 
 227      E2C000E9 
 227      A47FF5
 228 0034 8A70D586 		.ascii	"\212p\325\206v(\2316\251\301\211\211\361\021\0211\342"
 228      76289936 
 228      A9C18989 
 228      F1111131 
 228      E2
 229 0045 23971825 		.ascii	"#\227\030%\224\010\022\324\020\014\276\010!\021\021"
 229      940812D4 
 229      100CBE08 
 229      211111
 230 0054 232122C8 		.ascii	"#!\"\310\005\007\241\273{\276\373Bp\030\230\371\226"
 230      0507A1BB 
 230      7BBEFB42 
 230      701898F9 
 230      96
 231 0065 73F6DBFD 		.ascii	"s\366\333\375\235\375\355\3569\337\271\252\362\370_"
 231      9DFDEDEE 
 231      39DFB9AA 
 231      F2F85F
 232 0074 093E69E3 		.ascii	"\011>i\343\024e'\376\207\020\005D\336EE\331j\022\240"
 232      146527FE 
 232      87100544 
 232      DE4545D9 
 232      6A12A0
 233 0087 CA812A74 		.ascii	"\312\201*t;\"\025\207\331J\322\252\023\372{?\303Y\320"
 233      3B221587 
 233      D94AD2AA 
 233      13FA7B3F 
 233      C359D0
 234 009a 9EF938D3 		.ascii	"\236\3718\323\013\003\2773\362;\003\230\244\213\321"
 234      0B03BF33 
 234      F23B0398 
 234      A48BD1
 235 00a9 33308155 		.ascii	"30\201U\016\202\204\231\015-lh\366\250-\236\201U\004"
 235      0E828499 
 235      0D2D6C68 
 235      F6A82D9E 
 235      815504
 236 00bc 671BF1BD 		.ascii	"g\033\361\275-\267RA\003\233\\\3743S0\000\015\024P\376"
 236      2DB75241 
 236      039B5CFC 
 236      33533000 
 236      0D1450FE 
 237 00d0 26549DDE 		.ascii	"&T\235\336`4\005\231-V[0\340T\206\177Gt\010\310++|\333"
 237      60340599 
 237      2D565B30 
 237      E054867F 
 237      477408C8 
 238 00e8 12B9CFE1 		.ascii	"\022\271\317\341p\334\273\177%4'\264W(J\247\220\006"
 238      70DCBB7F 
ARM GAS  C:\Users\akudo\AppData\Local\Temp\ccUxt70o.s 			page 19


 238      253427B4 
 238      57284AA7 
 238      9006
 239 00fa 700022D1 		.ascii	"p\000\"\321\344\033\367\251\\\233\272\002\024\034\273"
 239      E41BF7A9 
 239      5C9BBA02 
 239      141CBB
 240 0109 8E745DB0 		.ascii	"\216t]\260\264\212^\001\323iZ\232_\365\266\201\246B"
 240      B48A5E01 
 240      D3695A9A 
 240      5FF5B681 
 240      A642
 241 011b 47D3FAE2 		.ascii	"G\323\372\342\353\327D\304^\207#\253\354\3221\307\257"
 241      EBD744C4 
 241      5E8723AB 
 241      ECD231C7 
 241      AF
 242 012c 74BD4285 		.ascii	"t\275B\205\203\240\"\036|\010ap\010\302\024T)P\010\021"
 242      83A0221E 
 242      7C086170 
 242      08C21454 
 242      29500811 
 243 0140 68FD7EC3 		.ascii	"h\375~\303-\267\252\256f\334C\345\256\237\263cS\325"
 243      2DB7AAAE 
 243      66DC43E5 
 243      AE9FB363 
 243      53D5
 244 0152 BE7AAB63 		.ascii	"\276z\253cU\257\320\301\341\301\236:\005\212\330\363"
 244      55AFD0C1 
 244      E1C19E3A 
 244      058AD8F3 
 245 0162 76EF9D03 		.ascii	"v\357\235\00365\216=\037\035\372W\201Y\272\236\337W"
 245      36358E3D 
 245      1F1DFA57 
 245      8159BA9E 
 245      DF57
 246 0174 C7AE7A38 		.ascii	"\307\256z82\330U\257@1D\220}_\365.\227UMd_\347\321\207"
 246      32D855AF 
 246      40314490 
 246      7D5FF52E 
 246      97554D64 
 247 018c 0DFAF0F7 		.ascii	"\015\372\360\367\310\367\213\234J\253\243\312\221\335"
 247      C8F78B9C 
 247      4AABA3CA 
 247      91DD
 248 019a 343030AD 		.ascii	"400\255W\030\340h \202\374C\227w\363\012\036\350\325"
 248      5718E068 
 248      2082FC43 
 248      9777F30A 
 248      1EE8D5
 249 01ad 3FB0FBDD 		.ascii	"?\260\373\335\007\007\377ma\367=5\373\014~\316\307\206"
 249      0707FF6D 
 249      61F73D35 
 249      FB0C7ECE 
 249      C786
 250 01bf 71DEDBF5 		.ascii	"q\336\333\365e\207IMb\347\212\003?\355\016\221\316\027"
 250      6587494D 
ARM GAS  C:\Users\akudo\AppData\Local\Temp\ccUxt70o.s 			page 20


 250      62E78A03 
 250      3FED0E91 
 250      CE17
 251 01d1 029C8F0F 		.ascii	"\002\234\217\017\343\374~\261\353wj2\373\326\036\357"
 251      E3FC7EB1 
 251      EB776A32 
 251      FBD61EEF 
 252 01e1 6E0C96BE 		.ascii	"n\014\226\276\027\003|O\016\343[\333v\2738HMeg\307\361"
 252      17037C4F 
 252      0EE35BDB 
 252      76BB3848 
 252      4D6567C7 
 253 01f6 FCFE20E9 		.ascii	"\374\376 \351|)\300\371\343a\234\317\027\324\2351\253"
 253      7C29C0F9 
 253      E3619CCF 
 253      17D49D31 
 253      AB
 254 0207 99EC7CE7 		.ascii	"\231\354|\347x\226K\243|5\300\271t\030\347\216\354G"
 254      78964BA3 
 254      7C35C0B9 
 254      7418E78E 
 254      EC47
 255 0219 572C866C 		.ascii	"W,\206l\354\2571\360\021\204C\011>'\3609\205\217\013"
 255      ECAF31F0 
 255      11844309 
 255      3E27F039 
 255      858F0B
 256 022c 9F4F205C 		.ascii	"\237O \\\366\033\234\006\003(\212y8+\304r\177xx\247"
 256      F61B9C06 
 256      03288A79 
 256      382BC472 
 256      7F7878A7 
 257 0240 505F972C 		.ascii	"P_\227,J\266gI\026M7r\252\003J\367\351P\241\300\031"
 257      4AB66749 
 257      164D3772 
 257      AA034AF7 
 257      E950A1C0 
 258 0255 8638D35E 		.ascii	"\2068\323^X\025\254n\005\306hm-\235\315\020e\245\330"
 258      5815AC6E 
 258      05C6686D 
 258      2D9DCD10 
 258      65A5D8
 259 0268 ADD97B1C 		.ascii	"\255\331{\034\375\003\003@\010g\207D(c\204\1778\012"
 259      FD030340 
 259      08678744 
 259      2863847F 
 259      380A
 260 027a DF04355B 		.ascii	"\337\0045[\"\354\353\330\375\251MB\234\011\204\370l"
 260      22ECEBD8 
 260      FDA94D42 
 260      9C0984F8 
 260      6C
 261 028b 48887286 		.ascii	"H\210r\206h\336\337\236\003\352v\011\361\367C9\371 "
 261      68DEDF9E 
 261      03EA7609 
 261      F1F74339 
 261      F920
ARM GAS  C:\Users\akudo\AppData\Local\Temp\ccUxt70o.s 			page 21


 262 029d 21AA0321 		.ascii	"!\252\003!\3767$D\005\204\027\217+s\014\014t6\037{#"
 262      FE372444 
 262      0584178F 
 262      2B730C0C 
 262      74361F7B 
 263 02b2 BC54FC16 		.ascii	"\274T\374\026xW\240!&\016\367\026\246\016\367\011&\017"
 263      7857A021 
 263      260EF716 
 263      A60EF709 
 263      260F
 264 02c4 5B1ED367 		.ascii	"[\036\323gP(yf\240\366\267\260\215\025\267\203\321\306"
 264      50287966 
 264      A0F6B7B0 
 264      8D15B783 
 264      D1C6
 265 02d6 86C1340C 		.ascii	"\206\3014\014a\35314\034\313.\343h8^\241\304?\005\204"
 265      61EB3134 
 265      1CCB2EE3 
 265      68385EA1 
 265      C43F0584 
 266 02ea 3D811413 		.ascii	"=\201\024\023I\204\222\230\204\302\024\306\031\235L"
 266      49849298 
 266      84C214C6 
 266      199D4C
 267 02f9 C32924A6 		.ascii	"\303)$\246r~\236\246\367\323h>\235\304\014f<\223\206"
 267      727E9EA6 
 267      F7D3683E 
 267      9DC40C66 
 267      3C9386
 268 030c E11CF92C 		.ascii	"\341\034\371,\240\275\037AV\317\220\210$\361,\211\347"
 268      A0BD1F41 
 268      56CF9088 
 268      24F12C89 
 268      E7
 269 031d 483C4FE2 		.ascii	"H<O\342\005\022Q$\354$f\223\210&1\227\304<\022/\222"
 269      05125124 
 269      EC246693 
 269      88263197 
 269      C43C122F 
 270 0332 8821319F 		.ascii	"\210!1\237\304\002\022\013I,\"\261\230\304\022\022K"
 270      C402120B 
 270      492C22B1 
 270      98C41212 
 270      4B
 271 0343 492C23B1 		.ascii	"I,#\261\234D,\211\025$^\"\261\222\304*\022\253I\274"
 271      9C442C89 
 271      15245E22 
 271      B192C42A 
 271      12AB49BC 
 272 0357 4C620D89 		.ascii	"Lb\015\211\265$\3428\255\361\234\247u\234\242\365\234"
 272      B524E238 
 272      ADF19CA7 
 272      759CA2F5 
 272      9C
 273 0368 9D044E62 		.ascii	"\235\004Nb\"\247UQ\232\261u\361\370\275%\004\376S\257"
 273      22A75551 
 273      9AB175F1 
ARM GAS  C:\Users\akudo\AppData\Local\Temp\ccUxt70o.s 			page 22


 273      F8BD2504 
 273      FE53AF
 274 037b C3B61E67 		.ascii	"\303\266\036g\343\341\371\324\313naq\0133\026\370\237"
 274      E3E1F9D4 
 274      CB6E6171 
 274      0B3316F8 
 274      9F
 275 038c 473EE80C 		.ascii	"G>\350\014\2413\322\210\325\371\034\013Y\017\202\233"
 275      A133D288 
 275      D5F91C0B 
 275      590F829B 
 276 039c 1D61D048 		.ascii	"\035a\320Ha\247\226\303\257K'\253t\362\036\254F,\346"
 276      61A796C3 
 276      AF4B27AB 
 276      74F21EAC 
 276      462CE6
 277 03af 397442AB 		.ascii	"9tB\253Fg3H#\033\332\241\321\256+\267\272T22a\365+\375"
 277      46673348 
 277      231BDAA1 
 277      D1AE2BB7 
 277      BA543232 
 278 03c7 904B08D9 		.ascii	"\220K\010\331&\221\333=\310\301\022\371\277\356\232"
 278      2691DB3D 
 278      C8C112F9 
 278      BFEE9A
 279 03d6 73329C50 		.ascii	"s2\234P\005\252\006#\207\240\035D\370\220N\020R\210"
 279      05AA0623 
 279      87A01D44 
 279      F8904E10 
 279      5288
 280 03e8 44EAF620 		.ascii	"D\352\366 \215\221HG\317\026\356\014b\244W\0248?\030"
 280      8D914847 
 280      CF16EE0C 
 280      62A45714 
 280      383F18
 281 03fb 692CDAA1 		.ascii	"i,\332\241Q[\335;\245V\216\021\373\261\332/\306S\204"
 281      515BDD3B 
 281      A5568E11 
 281      FBB1DA2F 
 281      C65384
 282 040e 3C5622F7 		.ascii	"<V\"\367{\220\307I\344\203g\363\017\350\030\331\201"
 282      7B90C749 
 282      E48367F3 
 282      0FE818D9 
 282      81
 283 041f DDF9C560 		.ascii	"\335\371\305`\350\361hH\307\301\336\246\273\300\320"
 283      E8F16848 
 283      C7C1DEA6 
 283      BBC0D0
 284 042e 46056AFC 		.ascii	"F\005j\374\240]\004=\036\247YeG-\254\221\347\307\267"
 284      A05D043D 
 284      1EA75965 
 284      472DAC91 
 284      E7C7B7
 285 0441 CD976A4D 		.ascii	"\315\227jM\344`\300}t\201\267\324-\374\034\341gRE\333"
 285      E460C07D 
 285      7481B7D4 
ARM GAS  C:\Users\akudo\AppData\Local\Temp\ccUxt70o.s 			page 23


 285      2DFC1CE1 
 285      675245DB 
 286 0455 315C5237 		.ascii	"1\\R7\276\224\023\016P\257M8\017:m\302\351U\265\011"
 286      BE94130E 
 286      50AF4D38 
 286      0F3A6DC2 
 286      E955B509 
 287 0469 57516813 		.ascii	"WQh\023\354\030\267\000I\252\276h\211\014w\002\252p"
 287      EC18B700 
 287      49AABE68 
 287      890C7702 
 287      AA70
 288 047b F5CADDAD 		.ascii	"\365\312\335\255\307$)\334\261\027q\365\257!\373\332"
 288      C72429DC 
 288      B11771F5 
 288      AF21FBDA 
 289 048b B60D9A0D 		.ascii	"\266\015\232\015\032l\335\377I\256\221\0150\274Kr\307"
 289      1A6CDDFF 
 289      49AE910D 
 289      30BC4B72 
 289      C7
 290 049c B700B8C5 		.ascii	"\267\000\270\305S\310U\304\331\372:6\267\200\300\226"
 290      53C855C4 
 290      D9FA3A36 
 290      B780C096 
 291 04ac 11A7AFA5 		.ascii	"\021\247\257\245\271E\202\255\2413\245\005T\254\264"
 291      B94582AD 
 291      A133A505 
 291      54ACB4
 292 04bb A82145BC 		.ascii	"\250!E\274\355\203\214\026\320a\275\304\345\337\273"
 292      ED838C16 
 292      D061BDC4 
 292      E5DFBB
 293 04ca C53ADBE9 		.ascii	"\305:\333\351\316\314\026\320c\226E\033\275_o\253!\007"
 293      CECC16D0 
 293      6396451B 
 293      BD5F6FAB 
 293      2107
 294 04dc 035117B9 		.ascii	"\003Q\027\2717P\223hk\353|\005s\240SvD\312\346m/\312"
 294      37509368 
 294      6BEB7C05 
 294      73A05376 
 294      44CAE66D 
 295 04f2 8341A736 		.ascii	"\203A\2476ns\332\332\264\223i\013\363A\215\001~IaO\304"
 295      6E73DADA 
 295      B493690B 
 295      F3418D01 
 295      7E49614F 
 296 0507 74F957C2 		.ascii	"t\371W\302\210\225\250\225\345\372\217\263M'\215B\321"
 296      8895A895 
 296      E5FA8FB3 
 296      4D278D42 
 296      D1
 297 0518 4EEBE1AC 		.ascii	"N\353\341\254\306\355}Bj'\341\013\262kpVh\2320\256\354"
 297      C6ED7D42 
 297      6A27E10B 
 297      B26B7056 
ARM GAS  C:\Users\akudo\AppData\Local\Temp\ccUxt70o.s 			page 24


 297      689A30AE 
 298 052d 242E232A 		.ascii	"$.#*haTJ\257\356\242_J\243\311T r3\310\371\024\230\205"
 298      6861544A 
 298      AFEEA25F 
 298      4AA3C954 
 298      207233C8 
 299 0545 7E93A5D5 		.ascii	"~\223\245\325e\220\312\251\250\367\302\224\021\314T"
 299      6590CAA9 
 299      A8F7C294 
 299      11CC54
 300 0554 19527FD1 		.ascii	"\031R\177\321\037\245\305\3232p\357\0162\342\016\372"
 300      1FA5C5D3 
 300      3270EF0E 
 300      32E20EFA 
 301 0564 CA136297 		.ascii	"\312\023b\227\0063\015\355\374\327\232\216;\003\265"
 301      06330DED 
 301      FCD79A8E 
 301      3B03B5
 302 0573 816BCD40 		.ascii	"\201k\315@\275w\255rZk\206\244u\356\310\022i1\023\027"
 302      BD77AD72 
 302      5A6B86A4 
 302      75EEC812 
 302      69311317 
 303 0587 BADA9455 		.ascii	"\272\332\224U\315\367&\0236t\035\204\021\317\000\030"
 303      CDF72613 
 303      36741D84 
 303      11CF0018 
 304 0597 F49BE985 		.ascii	"\364\233\351\205\251 \230p4(?\331\321Un\224\026\021"
 304      A9209870 
 304      34283FD9 
 304      D1556E94 
 304      1611
 305 05a9 FE1DACF2 		.ascii	"\376\035\254\362\307\365D\317\273?\332v\303;\370\271"
 305      C7F544CF 
 305      BB3FDA76 
 305      C33BF8B9 
 306 05b9 08728B59 		.ascii	"\010r\213Yp\231\232\206>05o\2344E\025:\262\361\205\031"
 306      70999A86 
 306      3E30356F 
 306      9C344515 
 306      3AB2F185 
 307 05ce BE86DD70 		.ascii	"\276\206\335p\237\257tP\017Q\264\354Cg\237V\233g\264"
 307      9FAF7450 
 307      0F51B4EC 
 307      43679F56 
 307      9B67B4
 308 05e1 D4F478AB 		.ascii	"\324\364x\253\025\211+\241\236\224]\316f\275T>\313z"
 308      15892BA1 
 308      9E945DCE 
 308      66BD543E 
 308      CB7A
 309 05f3 9522CAFF 		.ascii	"\225\"\312\377n\002\351\374V\337\352p\224M~b\004W|\021"
 309      6E02E9FC 
 309      56DFEA70 
 309      944D7E62 
 309      04577C11 
 310 0607 5C852884 		.ascii	"\\\205(\204cj\037=\360P{n\304\\\2561\022\020\322u\017"
ARM GAS  C:\Users\akudo\AppData\Local\Temp\ccUxt70o.s 			page 25


 310      636A1F3D 
 310      F0507B6E 
 310      C45CAE31 
 310      1210D275 
 311 061c 970A2DC8 		.ascii	"\227\012-\310\347\265\324\3678\2734./ 4\352%\2276\315"
 311      E7B5D4F7 
 311      38BB342E 
 311      2F2034EA 
 311      259736CD 
 312 0630 2C8AF5BA 		.ascii	",\212\365\272\321r\271\341\213\240\201\270D\3112y\271"
 312      D172B9E1 
 312      8BA081B8 
 312      44C93279 
 312      B9
 313 0641 D847CCE5 		.ascii	"\330G\314\345\033F\342\273O#s\301\310\233\265\310g3"
 313      1B46E2BB 
 313      4F2373C1 
 313      C89BB5C8 
 313      6733
 314 0653 1DBB8CBC 		.ascii	"\035\273\214\274A\213<\232\365\372\321F\376\255o\275"
 314      418B3C9A 
 314      F5FAD146 
 314      FEAD6FBD 
 315 0663 268A3C9A 		.ascii	"&\212<\232N\240\253\333J\336\012\223\360\202w\200\302"
 315      4EA0ABDB 
 315      4ADE0A93 
 315      F0827780 
 315      C2
 316 0674 A7A25EE9 		.ascii	"\247\242^\3511\253\370\372\302\266\263oM\221\257y\243"
 316      31ABF8FA 
 316      C2B6B36F 
 316      4D91AF79 
 316      A3
 317 0685 F755E6F0 		.ascii	"\367U\346\360\307\303\200\033\375;\257\265A9\255W\271"
 317      C7C3801B 
 317      FD3BAFB5 
 317      4139AD57 
 317      B9
 318 0696 A47D5F69 		.ascii	"\244}_ii\230;\3424|\317a\321o\022\270\351)\251\247\200"
 318      69983BE2 
 318      347CCF61 
 318      D16F12B8 
 318      E929A9A7 
 319 06ab F3E436F0 		.ascii	"\363\3446\360K\314\213\010\215\372\300\304\304\260>"
 319      4BCC8B08 
 319      8DFAC0C4 
 319      C4B03E
 320 06ba 8C13F3DE 		.ascii	"\214\023\363\336\304!\0223\355\211\0214\373\"\270E\211"
 320      C4211233 
 320      ED891134 
 320      FB22B845 
 320      89
 321 06cb 89615246 		.ascii	"\211aRF/\251G\036R\363GL\252\205!u\004y{0\251\005\217"
 321      2FA9471E 
 321      52F3474C 
 321      AA852175 
 321      04797B30 
ARM GAS  C:\Users\akudo\AppData\Local\Temp\ccUxt70o.s 			page 26


 322 06e2 915A88D0 		.ascii	"\221Z\210\320\250\017$\265\210\365\243&\325\352\213"
 322      A80F24B5 
 322      88F5A326 
 322      D5EA8B
 323 06f1 E00E915A 		.ascii	"\340\016\221Z\304\244LTWn\330G\337k\244\026\217\230"
 323      C4A44C54 
 323      576ED847 
 323      DF6BA416 
 323      8F98
 324 0703 D40F0CA9 		.ascii	"\324\017\014\251'\310\273\236\206\365\220Z\302\015\273"
 324      27C8BB9E 
 324      86F5905A 
 324      C20DBB
 325 0712 3870AB2D 		.ascii	"8p\253-e\275\220\015;\024\205\251O\\\257\315\267\336"
 325      65BD900D 
 325      3B1485A9 
 325      4F5CAFCD 
 325      B7DE
 326 0724 8F446129 		.ascii	"\217Da)S\010R\362\246\310\272T\334\324(,\0331\205v\037"
 326      530852F2 
 326      A6C8BA54 
 326      DCD4282C 
 326      1B318576 
 327 0739 E44F8329 		.ascii	"\344O\203),g\012\313\002)\304\262~\324\024\356\371\326"
 327      2C670ACB 
 327      0229C4B2 
 327      7ED414EE 
 327      F9D6
 328 074b EB200AB1 		.ascii	"\353 \012\261\012o\252\003\005\236M\345\267\213\314"
 328      0A6FAA03 
 328      059E4DE5 
 328      B78BCC
 329 075a CA8E6049 		.ascii	"\312\216`I\354\363:\215\330\212\021\023\273\357\353"
 329      ECF33A8D 
 329      D88A1113 
 329      BBEFEB
 330 0769 E1CEC10D 		.ascii	"\341\316\301\015\367\322c\015\267\022\241Q\037\330p"
 330      F7D2630D 
 330      B712A151 
 330      1FD870
 331 0778 AB583FEA 		.ascii	"\253X?\352\206\353\362E\360\200\250\256bR\026/\251s"
 331      86EBF245 
 331      F080A8AE 
 331      6252162F 
 331      A973
 332 078a 1E52AB47 		.ascii	"\036R\253GL\252\333\327\303\356\301\244^~\214\324\032"
 332      4CAADBD7 
 332      C3EEC1A4 
 332      5E7E8CD4 
 332      1A
 333 079b 84467D20 		.ascii	"\204F} \251\265\254\0375\251\036_\004\275Dj-\223\262"
 333      A9B5AC1F 
 333      35A91E5F 
 333      04BD446A 
 333      2D93B2
 334 07ae F29D91EF 		.ascii	"\362\235\221\357\244\375\037\317\2237\2708\274\345\341"
 334      A4FD1FCF 
ARM GAS  C:\Users\akudo\AppData\Local\Temp\ccUxt70o.s 			page 27


 334      9337B838 
 334      BCE5E1
 335 07bd 5DC47B09 		.ascii	"]\304{\011\345\253`\234<bo\026\204jF\236{\035\202"
 335      E5AB609C 
 335      3C626F16 
 335      846A469E 
 335      7B1D82
 336 07d0 D894DC4A 		.ascii	"\330\224\334J\006ip\326\273\264\237\014\361\370\221"
 336      066970D6 
 336      BBB49F0C 
 336      F1F891
 337 07df F507E19B 		.ascii	"\365\007\341\233f\274\274O4\272\026J\243u\370\365\012"
 337      66BCBC4F 
 337      34BA164A 
 337      A375F8F5 
 337      0A
 338 07f0 B8EEF3E5 		.ascii	"\270\356\363\345t\235\264jq\305H\253\365\370\245\010"
 338      749DB46A 
 338      71C548AB 
 338      F5F8A508 
 339 0800 B0E2FBEC 		.ascii	"\260\342\373\354zi\365\303\002i\224@\247\276\277\021"
 339      7A69F5C3 
 339      02699440 
 339      A7BEBF11 
 340 0810 DF6613C8 		.ascii	"\337f\023\310(\337\331\355\232-\255\022\345\341_\273"
 340      28DFD9ED 
 340      9A2DAD12 
 340      E5E15FBB 
 341 0820 6BFF3679 		.ascii	"k\3776y\370\343\005\366\241\237\023_\233\023\231T0\375"
 341      F8E305F6 
 341      A19F135F 
 341      9B139954 
 341      30FD
 342 0832 0C6A84AD 		.ascii	"\014j\204\255e%\027UyQ\244\337H\200Z\374\356,\217]h"
 342      65251755 
 342      7951A4DF 
 342      48805AFC 
 342      EE2C8F5D 
 343 0847 8FDD9CBC 		.ascii	"\217\335\234\274!9!\363\265\215\311\251\366Wi\234\232"
 343      213921F3 
 343      B58DC9A9 
 343      F657699C 
 343      9A
 344 0858 111D136D 		.ascii	"\021\035\023mO\315\260oNJ\261\247\245\246gf\330\023"
 344      4FCDB06F 
 344      4E4AB1A7 
 344      A5A66766 
 344      D813
 345 086a 12D7CE9D 		.ascii	"\022\327\316\235c_\263\346\327\366\225\361\277\211\373"
 345      635FB3E6 
 345      D7F695F1 
 345      BF89FB
 346 0879 CB1C7B5A 		.ascii	"\313\034{ZR\312\237RR6\376\342UEG\026\272-I\031\177"
 346      52CA9F52 
 346      5236FEE2 
 346      55454716 
 346      BA2D4919 
ARM GAS  C:\Users\akudo\AppData\Local\Temp\ccUxt70o.s 			page 28


 347 088e D66D49DD 		.ascii	"\326mI\335\270IO\"\335\220\232\371\327\264M\351\306"
 347      B8494F22 
 347      DD909AF9 
 347      D7B44DE9 
 347      C6
 348 089f D48CB44D 		.ascii	"\324\214\264M\2336\246\353\323^K\333\230\256KJ\311L"
 348      9B36A6EB 
 348      D35E4BDB 
 348      98AE4B4A 
 348      C94C
 349 08b1 57372467 		.ascii	"W7$g\232h@\036bK\264\3302Gl\231\367\177\217\000\210"
 349      9A68401E 
 349      624BB4D8 
 349      32476C99 
 349      F77F8F00 
 350 08c6 92       		.ascii	"\222"
 351              		.text
 352              		.section	.gnu.lto_.symbol_nodes.cfc153e6,"",%progbits
 353 0000 789C6366 		.ascii	"x\234cf``Pa\200\002\246\211L\365\014\014\023\31610\324"
 353      60605061 
 353      8002A689 
 353      4CF50C0C 
 353      13CE3130 
 354 0015 D733CC5B 		.ascii	"\3273\314[\300\301\3004\211\251\236\021Y\200\001\000"
 354      C0C1C034 
 354      89A99E11 
 354      59800100 
 355 0025 B3430996 		.ascii	"\263C\011\226"
 356              		.text
 357              		.section	.gnu.lto_.refs.cfc153e6,"",%progbits
 358 0000 789C6366 		.ascii	"x\234cf```d\200\002\000\000=\000\005"
 358      60606064 
 358      80020000 
 358      3D0005
 359              		.text
 360              		.section	.gnu.lto_.decls.cfc153e6,"",%progbits
 361 0000 789CCD58 		.ascii	"x\234\315XiTTG\026\356z\325\033M\2039\301l\036'C\230"
 361      69545447 
 361      16EE7AD5 
 361      1B4D8339 
 361      C16C1E27 
 362 0016 331C9349 		.ascii	"3\034\223I\002.qf\362+\012\250\314\230\330\2471\223"
 362      022E7166 
 362      F22B0AA8 
 362      CC98D8A7 
 362      3193
 363 0028 9913CE21 		.ascii	"\231\023\316!DZe\006\205\201f\216\371\367\004D\020\220"
 363      445A6506 
 363      8581668E 
 363      F9F70444 
 363      1090
 364 003a 16F7BD5D 		.ascii	"\026\367\275]\020P\021\021\305\015\001Q\220M\334\025"
 364      10501111 
 364      C50D0151 
 364      904DDC15 
 365 004a 37405C40 		.ascii	"7@\\@\024pA\005Q\230[U\257\373\275~>\2143\231\037\323"
 365      14704105 
ARM GAS  C:\Users\akudo\AppData\Local\Temp\ccUxt70o.s 			page 29


 365      51985B55 
 365      AFFBBD7E 
 365      3E8C3399 
 366 0060 878FAA5B 		.ascii	"\207\217\252[\365\325\255{\253\356\253\272\357a\225"
 366      F5D5AD7B 
 366      ABEEABBA 
 366      EF6195
 367 006f 4A158A54 		.ascii	"J\025\212T\252A\370\375}\244Ju\037\253T\360\2472\251"
 367      AA41F8FD 
 367      7DA44A75 
 367      1FAB54F0 
 367      A732A9
 368 0082 C41F07E8 		.ascii	"\304\037\007\350\006\214G\252W~\244}\230\300\367\004"
 368      068C47AA 
 368      577EA47D 
 368      98C0F704 
 369 0092 1801F700 		.ascii	"\030\001\367\000\037\001\222\200\237\000x\014\365d("
 369      1F019280 
 369      9F00780C 
 369      F56428
 370 00a1 3BA05C08 		.ascii	";\240\\\010\345(\300\002@\012\300\027\360\001\264\307"
 370      E528C002 
 370      400AC017 
 370      F001B4C7 
 371 00b1 43690134 		.ascii	"Ci\0014C\375(\3407P\257\202\362C(\217C\371\001\224\025"
 371      43FD28E0 
 371      3750AF82 
 371      F243288F 
 371      43F90194 
 372 00c6 508E84B2 		.ascii	"P\216\204\262\022\312_Cy\002Jo(\217A\371+([\241l\001"
 372      12CA5F43 
 372      79024A6F 
 372      288F41F9 
 372      2B285BA1 
 373 00dc DC06DC00 		.ascii	"\334\006\334\000\334\004\\\007\334\0024I\374\310P\360"
 373      DC045C07 
 373      DC023449 
 373      FCC850F0 
 374 00ec 83F8E62E 		.ascii	"\203\370\346.\363\343\023h\373\014\340\017\330'\370"
 374      F3E31368 
 374      FB0CE00F 
 374      D827F8
 375 00fb F42715B3 		.ascii	"\364'\025\263\231\370\244\025\354$6\022\373\210M\304"
 375      99F8A415 
 375      EC243612 
 375      FB884DC4 
 376 010b 1E620B1A 		.ascii	"\036b\013\032b\275\036r\350\340\256\236\223\356\355"
 376      62BD1E72 
 376      E8E0AE9E 
 376      93EEED
 377 011a 1CF23478 		.ascii	"\034\3624x\023\361PV\365*-\210F\203\232\210%g\013;4"
 377      13F15056 
 377      F52A2D88 
 377      46839A88 
 377      25670B3B 
 378 012f B4B76518 		.ascii	"\264\267e\030\221{+7,f\335/\020\221\267\254\272q\336"
 378      917B2B37 
ARM GAS  C:\Users\akudo\AppData\Local\Temp\ccUxt70o.s 			page 30


 378      2C66DD2F 
 378      1091B7AC 
 378      BA71DE
 379 0142 F0E9769E 		.ascii	"\360\351v\236\347S\370\362\267D\255\207{\213s<\3318"
 379      E753F8F2 
 379      B744AD87 
 379      7B8B733C 
 379      D938
 380 0154 CADB53D2 		.ascii	"\312\333S\322\376d\030\0357\222\210\315\245\207\357"
 380      FE64181D 
 380      379288CD 
 380      A587EF
 381 0163 68B11BED 		.ascii	"h\261\033\355*+\355\2552\340\221\264\236\236\322Rc\300"
 381      2A2BEDAD 
 381      32E091B4 
 381      9E9ED252 
 381      63C0
 382 0175 BFA5F5F9 		.ascii	"\277\245\365\371\333\016\247\353`\310G\006\252\261y"
 382      DB0EA7EB 
 382      60C84706 
 382      AAB179
 383 0184 6DDF5637 		.ascii	"m\337V7*\222\340 \306p\325w\370-\236\310\327\260\025"
 383      2A92E020 
 383      C670D577 
 383      F82D9EC8 
 383      D7B015
 384 0197 A67FD09E 		.ascii	"\246\177\320\236U5\222\347\325h/2\240\335\010\243\035"
 384      553592E7 
 384      D5682F32 
 384      A0DD08A3 
 384      1D
 385 01a8 E8533085 		.ascii	"\350S0\205\216&\277\024\236O\340m\211\274[\265\247\012"
 385      8E26BF14 
 385      9E4FE06D 
 385      89BC5BB5 
 385      A70A
 386 01ba E5A01128 		.ascii	"\345\240\021(\027\215P\241\"\344\013\014\312E\205\320"
 386      178D50A1 
 386      22E40B0C 
 386      CA4585D0 
 387 01ca B8071A41 		.ascii	"\270\007\032Aq\345\213\322$\0152\370*\017*V\030DM(X"
 387      71E58BD2 
 387      240D32F8 
 387      2A0F2A56 
 387      18444D28 
 388 01df 90F52E31 		.ascii	"\220\365.1a\037\230P \232\000\0269\327\345E\355\232"
 388      611F9850 
 388      209A0016 
 388      39D7E545 
 388      ED9A
 389 01f1 8346FC18 		.ascii	"\203F\374\030Q\0177\332\326=\321\340>&l\3519\375P\217"
 389      510F37DA 
 389      D63DD1E0 
 389      3E266CE9 
 389      39FD508F 
 390 0205 798E0A5B 		.ascii	"y\216\012[\227\257\330\251\241\313\245'\342\346\202"
 390      97AFD8A9 
ARM GAS  C:\Users\akudo\AppData\Local\Temp\ccUxt70o.s 			page 31


 390      A1CBA527 
 390      E2E682
 391 0214 83DFE114 		.ascii	"\203\337\341\024\326\265\327\276\363\004\306\213\231"
 391      D6B5D7BE 
 391      F304C68B 
 391      99
 392 0221 50D7DAFB 		.ascii	"P\327\332\373\330Hyo\021\261\242sG\232'\316b}\271\331"
 392      D848796F 
 392      11B1A273 
 392      479A27CE 
 392      627DB9D9 
 393 0235 196D18AF 		.ascii	"\031m\030\257d\302\352g\365Ul\375\337\007\321-\365h"
 393      64C2EA67 
 393      F5556CFD 
 393      DF07D12D 
 393      F568
 394 0247 D21D23F2 		.ascii	"\322\035#\362a?/_;\370\371\240$o xi\"\277\365}j\377"
 394      613F2F5F 
 394      3BF8F9A0 
 394      246F2078 
 394      6922BFF5 
 395 025e 01B0BF1A 		.ascii	"\001\260\277\032y\211^\217\032\241\242k\000~\020\272"
 395      79895E8F 
 395      1AA1A26B 
 395      007E10BA 
 396 026e 7D30475B 		.ascii	"}0G[\355O\251%r\352\021\302B\2378\251\335N\352~E\255"
 396      ED4FA925 
 396      72EA11C2 
 396      429F38A9 
 396      DD4EEA7E 
 397 0284 22F3A593 		.ascii	"\"\363\245\223yX\316<\204d\006\244\3469\270\245\312"
 397      7958CE3C 
 397      846406A4 
 397      E639B8A5 
 397      CA
 398 0295 0648B8FD 		.ascii	"\006H\270\375N\275\007\225\365\212&\2449\325\226\311"
 398      4EBD0795 
 398      F58A26A4 
 398      39D596C9 
 399 02a5 A9E52275 		.ascii	"\251\345\"u\011\3547o\343\371\257\254*\264\023\372\363"
 399      09EC376F 
 399      E3F9AFAC 
 399      2AB413FA 
 399      F3
 400 02b6 691761C3 		.ascii	"i\027a\303\246\243\032\210\220c\310\007\035\005T\001"
 400      A6A31A88 
 400      9063C807 
 400      1D055401 
 401 02c6 8E032A00 		.ascii	"\216\003*\000\225\200\023\310\207\006\003\211\230\226"
 401      958013C8 
 401      87060389 
 401      9896
 402 02d4 CE1C2D8F 		.ascii	"\316\034-\217\3100\225\020,\316'\210K?\271\"\335\003"
 402      C8309510 
 402      2CCE2788 
 402      4B3FB922 
 402      DD03
ARM GAS  C:\Users\akudo\AppData\Local\Temp\ccUxt70o.s 			page 32


 403 02e6 79F92ACD 		.ascii	"y\371*\315\204\352`\202\377x\262\364H=\252\205A\273"
 403      84EA6082 
 403      FF78B2F4 
 403      483DAA85 
 403      41BB
 404 02f8 C4D02433 		.ascii	"\304\320$3;B\363\302\313\223\037\342f\026.-/m{5\370"
 404      3B42F3C2 
 404      CB931FE2 
 404      66162E2D 
 404      2F6D7B35 
 405 030d 0E1396D5 		.ascii	"\016\023\226\325.\371\001w\262\372\374\362\374s:\032"
 405      2EF90177 
 405      B2FAFCF2 
 405      FC733A1A 
 406 031d 477F20E2 		.ascii	"G\177 \342\316\235\266\025:\334\303\372\332J\357\363"
 406      CE9DB615 
 406      3ADCC3FA 
 406      DA4AEFF3 
 407 032d 1CED3311 		.ascii	"\034\3553\021\361n\331\335\022w\334\317\3726.\336\323"
 407      F16ED9DD 
 407      1277DCCF 
 407      FA362EDE 
 407      D3
 408 033e C7CE8D18 		.ascii	"\307\316\215\030\"vV<M\321\341\004\314\"\272\254\350"
 408      2276563C 
 408      4DD1E104 
 408      CC22BAAC 
 408      E8
 409 034f 110BE214 		.ascii	"\021\013\342\024*W\362|5\207SY\347\326:\333jD;s\251"
 409      2A57F27C 
 409      35875359 
 409      E7D63ADB 
 409      6A443B73 
 410 0364 BCA631C5 		.ascii	"\274\2461\305\023\333X_}\332\306\325l\302r*\027\036"
 410      13DB585F 
 410      7DDAC6D5 
 410      6CC2722A 
 410      171E
 411 0376 3FBA0EE1 		.ascii	"?\272\016\341\225\254\323q\002\031\331\011\344\276\350"
 411      95ACD371 
 411      0219D909 
 411      E4BEE8
 412 0385 C9DA051A 		.ascii	"\311\332\005\032\344\345\343\370\271,l\036,\354v\272"
 412      E4E5E3F8 
 412      B92C6C1E 
 412      2CEC76BA 
 413 0395 85D78455 		.ascii	"\205\327\204U\275\003\253\332\014+\330\012h\001\334"
 413      BD03ABDA 
 413      0C2BD80A 
 413      6801DC
 414 03a4 06DC00DC 		.ascii	"\006\334\000\334\004\\\007\334\0024\011\253k'\253\333"
 414      045C07DC 
 414      023409AB 
 414      6B27ABDB 
 415 03b4 98F70D0F 		.ascii	"\230\367\015\017\201C\026\370\",0\321\343\334\256K."
 415      814316F8 
 415      222C30D1 
ARM GAS  C:\Users\akudo\AppData\Local\Temp\ccUxt70o.s 			page 33


 415      E3DCAE4B 
 415      2E
 416 03c5 31C6DBDB 		.ascii	"1\306\333\333?\026\230W\344\314\2532f\256\203Y/g\216"
 416      3F169857 
 416      E4CCAB32 
 416      66AE8359 
 416      2F678E
 417 03d8 72251E70 		.ascii	"r%\036p\020\033\344\304S2\225\325\016\346Y9\363\234"
 417      101BE4C4 
 417      533295D5 
 417      0EE65939 
 417      F39C
 418 03ea 8CB9D3C1 		.ascii	"\214\271\323\301<)g\226\273>`\274\275\336A=/\247^\220"
 418      3C296796 
 418      BB3E60BC 
 418      BDDE413D 
 418      2FA75E90 
 419 03fe 53AF39A8 		.ascii	"S\2579\250\215r\352e9\265\304A=-\247\236\221Pip\257"
 419      8D72EA65 
 419      39B5C441 
 419      3D2DA79E 
 419      91506970 
 420 0413 CF234FD2 		.ascii	"\317#O\3225\205'\011m\352\331\271_\2077\320\260\340"
 420      35852709 
 420      6DEAD9B9 
 420      5F8737D0 
 420      B0E0
 421 0425 F667B6D8 		.ascii	"\366g\266\330\364\262\307\312\261\373\350.l\372\177"
 421      F4B2C7CA 
 421      B1FBE82E 
 421      6CFA7F
 422 0434 1300D482 		.ascii	"\023\000\324\202\347\360x\265\303\3406\361\361\272&"
 422      E7F078B5 
 422      C3E036F1 
 422      F1BA26
 423 0443 79BC1EF5 		.ascii	"y\274\036\365\015.r\363\022\246\265\0175\255\352\215"
 423      0D2E72F3 
 423      12A6B50F 
 423      35ADEA8D 
 424 0453 E704950D 		.ascii	"\347\004\225\015\013*W\"\343\"\361\222B\035\222\343"
 424      0B2A5722 
 424      E322F192 
 424      421D92E3 
 425 0463 4A85EE21 		.ascii	"J\205\356!\243\300\354\316\030h7\2529\326\206\276\247"
 425      A3C0ECCE 
 425      186837AA 
 425      39D686BE 
 425      A7
 426 0474 57FBF2EC 		.ascii	"W\373\362\354\306\\\356\275\345\324\240D\376-52\275"
 426      C65CEEBD 
 426      E5D4A044 
 426      FE2D3532 
 426      BD
 427 0485 2B19DB89 		.ascii	"+\031\333\211\336\203\377\367\221\232)h\315\275tX\207"
 427      DE83FFF7 
 427      919A2968 
 427      CDBD7458 
ARM GAS  C:\Users\akudo\AppData\Local\Temp\ccUxt70o.s 			page 34


 427      87
 428 0496 73D9A395 		.ascii	"s\331\243\225S\267v\265\321{\003o\337\375\240+\243\313"
 428      53B776B5 
 428      D17B036F 
 428      DFFDA02B 
 428      A3CB
 429 04a8 7F356F4F 		.ascii	"\1775oO\340\007\006\007\021\035\205\272\234\376\253"
 429      E0070607 
 429      111D85BA 
 429      9CFEAB
 430 04b7 489D1A8B 		.ascii	"H\235\032\213\272\2217\014<V\275\351\252\220MpD\321"
 430      BA91370C 
 430      3C56BDE9 
 430      AA904D70 
 430      44D1
 431 04c9 95538537 		.ascii	"\225S\2057\3303\372)\021Wlo\217\300}l\216\316\212\255"
 431      D833FA29 
 431      11576C6F 
 431      8FC07D6C 
 431      8ECE8AAD 
 432 04dd F30C70FF 		.ascii	"\363\014p\377&\276\331\375\013#\006\256&'\031q\262\232"
 432      26BED9FD 
 432      0B2306AE 
 432      26271971 
 432      B29A
 433 04ef 0ECF285A 		.ascii	"\016\317(Z\263F\217\323\231\320k\313\316V\343\245L8"
 433      B3468FD3 
 433      99D06BCB 
 433      CE56E3A5 
 433      4C38
 434 0501 BC29AF5B 		.ascii	"\274)\257[\217\3272\241\254f\376I\003\336\304\204\253"
 434      8FD732A1 
 434      AC66FE49 
 434      03DEC484 
 434      AB
 435 0512 599B723C 		.ascii	"Y\233r<q6\023\032\006l\217t8O\355r\315z\262kv\315\245"
 435      7136131A 
 435      066C8F74 
 435      384FED72 
 435      CD7AB26B 
 436 0529 DB3D989A 		.ascii	"\333=\230\232M\275X^\2736S\203w0\252\355F\32695\336"
 436      4DBD585E 
 436      BB365383 
 436      7730AAED 
 436      46D63935 
 437 053e AB764961 		.ascii	"\253vIa\274Y\012\263\362^\357^=\025\007\0071\011\306"
 437      BC590AB3 
 437      F25EEF5E 
 437      3D150707 
 437      3109C6
 438 0551 CDD74FDF 		.ascii	"\315\327O\337ps&0\305\267\021\311\036\0228\003\032\020"
 438      70732630 
 438      C5B711C9 
 438      1E123803 
 438      1A10
 439 0563 63C85B9A 		.ascii	"c\310[\232\300\300rhra-\372\301\355\027d-\346s\276\300"
 439      C0C07268 
ARM GAS  C:\Users\akudo\AppData\Local\Temp\ccUxt70o.s 			page 35


 439      72612DFA 
 439      C1ED1764 
 439      2DE673BE 
 440 0578 606B3108 		.ascii	"`k1\010\215<G\023\230\242\326\2564\203CqA\345b\232\226"
 440      8D3C4713 
 440      98A2D6AE 
 440      34834371 
 440      41E5629A 
 441 058d 2481E297 		.ascii	"$\201\342\227\242b\230\347u\232\023\0255\243\375\335"
 441      A26298E7 
 441      759A1315 
 441      35A3FDDD 
 442 059d 99AD0897 		.ascii	"\231\255\010\2271\377\322\226\365\324p\370\030\025\324"
 442      31FFD296 
 442      F5D470F8 
 442      1815D4
 443 05ac 8BCA4A86 		.ascii	"\213\312J\206#\037/\037!\233H}\032\234\230\310/{\237"
 443      231F2F1F 
 443      219B487D 
 443      1A9C98C8 
 443      2F7B9F
 444 05bf 4EBB80C3 		.ascii	"N\273\200\303(\205\363\022\265\217\222\335\244v\376"
 444      2885F312 
 444      B58F92DD 
 444      A476FE
 445 05ce AB589524 		.ascii	"\253X\225$\374\010\231<\205\213\300\212\205\234\017"
 445      FC08993C 
 445      858BC08A 
 445      859C0F
 446 05dd 4AE59C47 		.ascii	"J\345\234Gm\202\375\362Bm\256?\325\233\254\250\267_"
 446      6D82FDF2 
 446      426DAE3F 
 446      D59BACA8 
 446      B75F
 447 05ef 3C164EE5 		.ascii	"<\026N\345 =a\274z*\324vTujq\015\263=\375\311\376\253"
 447      203D61BC 
 447      7A2AD476 
 447      54756A71 
 447      0DB33DFD 
 448 0606 241F1A4E 		.ascii	"$\037\032N\215oi\310i0\362B\026\360\034Vl17|\210\224"
 448      8D6F69C8 
 448      6930F242 
 448      16F01C56 
 448      6C31377C 
 449 061c 856FB9D2 		.ascii	"\205o\271\322\246)O`V\244qCR\263\204\307\214<\367\242"
 449      A6294F60 
 449      56A47143 
 449      52B384C7 
 449      8C3CF7A2 
 450 0630 97844CBC 		.ascii	"\227\204L\274\314\004/\323\301\313\014Nr\236\234\\\250"
 450      CC042FD3 
 450      C1CB0C4E 
 450      729E9C5C 
 450      A8
 451 0641 83130D28 		.ascii	"\203\023\015(\257\332\2769\263;m\330p\3209\177H\235"
 451      AFDABE39 
 451      B33B6DD8 
ARM GAS  C:\Users\akudo\AppData\Local\Temp\ccUxt70o.s 			page 36


 451      70D0397F 
 451      489D
 452 0653 2A178530 		.ascii	"*\027\2050fi\343\346\001\003\256S\0137ei\242;>\315\004"
 452      6669E3E6 
 452      0103AE53 
 452      0B376569 
 452      A23B3ECD 
 453 0668 7EA0FAA5 		.ascii	"~\240\372\245\007\276\300\004\307\353\200\221\275\016"
 453      07BEC004 
 453      C7EB8091 
 453      BD0E
 454 0676 ACBF7EEE 		.ascii	"\254\277~\356\276\007\276\302\372\212JS\226\032p3\023"
 454      BE07BEC2 
 454      FA8A4A53 
 454      961A7033 
 454      13
 455 0687 725B1BB2 		.ascii	"r[\033\262<(q\024\210\036\2337?\351\320J\256W\331\005"
 455      3C287114 
 455      881E9B37 
 455      3FE9D04A 
 455      AE57D905 
 456 069b FB00EC7B 		.ascii	"\373\000\354{H\355[%\354\354V\360y=\230\270\005\260"
 456      48ED5B25 
 456      ECEC56F0 
 456      793D98B8 
 456      05B0
 457 06ad 01B01AB0 		.ascii	"\001\260\032\260\006\260\016\260\031\260\026\260\021"
 457      06B00EB0 
 457      19B016B0 
 457      11
 458 06ba 60076C72 		.ascii	"`\007lr\356~RbK\255\2609\217as\236\301\346\020\205C"
 458      EE7E5262 
 458      4BADB039 
 458      8F61739E 
 458      C1E61085 
 459 06cf 64894989 		.ascii	"d\211I\211\366:\232\371\021n\257\234\353\222\246\002"
 459      F63A9AF9 
 459      116EAF9C 
 459      EB92A602 
 460 06df F59A939A 		.ascii	"\365\232\223\232\305\311\250\345r\265\365Nn\237\262"
 460      C5C9A8E5 
 460      72B5F54E 
 460      6E9FB2
 461 06ee 5A09B7CC 		.ascii	"Z\011\267\314\311\355\221sG\271ZP\343d>UvL\244^wR\227"
 461      C9ED9173 
 461      47B95A50 
 461      E3643E55 
 461      764CA45E 
 462 0705 CA8D5DC6 		.ascii	"\312\215]\306\271R\233\234\324\345\312T\211\255\315"
 462      B9529B9C 
 462      D4E5CA54 
 462      89ADCD
 463 0714 4EEE0A39 		.ascii	"N\356\0129w\245\213\332\371-Ws,\345I\030\331 \336\226"
 463      77A58BDA 
 463      F92D5773 
 463      2CE54918 
 463      D920DE96 
ARM GAS  C:\Users\akudo\AppData\Local\Temp\ccUxt70o.s 			page 37


 464 0728 28AF97D3 		.ascii	"(\257\227\323\204\226j\311\236=Q\\\004\311U~\204&\305"
 464      84966AC9 
 464      9E3D515C 
 464      04C9557E 
 464      8426C5
 465 073b AB141E5A 		.ascii	"\253\024\036Zn\303\266\236{\356\310\327\213\362\332"
 465      6EC3B69E 
 465      7BEEC8D7 
 465      8BF2DA
 466 074a 67E9D136 		.ascii	"g\351\3216P\364H<\323\310 \372S\212=\224\015!\367K\302"
 466      50F4483C 
 466      D3C820FA 
 466      538A3D94 
 466      0D21F74B 
 467 075f 0FA2BEAF 		.ascii	"\017\242\276\2576y\241\007\276)\\2%\033\037\271\271"
 467      3679A107 
 467      BE295C32 
 467      251B1FB9 
 467      B9
 468 0770 DCBFDB38 		.ascii	"\334\277\3338\351\375\233\313\031\005\303\300\364\246"
 468      E9FD9BCB 
 468      1905C3C0 
 468      F4A6
 469 077e 05F7D2E1 		.ascii	"\005\367\322\341H6R\323\363\322<\301\305\355\320\237"
 469      483652D3 
 469      F3D23CC1 
 469      C5EDD09F 
 470 078e C3398D07 		.ascii	"\3039\215\007:3~(\215(\017\214\226*EYg\353\213\334q"
 470      3A337E28 
 470      8D280F8C 
 470      962A4559 
 470      67EB8BDC 
 471 07a3 173587DB 		.ascii	"\0275\207\333u\240\271[/\034\372-\2035\006\230!\037"
 471      75A0B95B 
 471      2F1CFA2D 
 471      83350698 
 471      211F
 472 07b5 CEC81DE2 		.ascii	"\316\310\035\342\014\373\320k\337\206wr\212\027\353"
 472      0CFBD06B 
 472      DF867772 
 472      8A17EB
 473 07c4 EE8A8A77 		.ascii	"\356\212\212wp?\233#y\323\213<"
 473      703F9B23 
 473      79D38B3C 
 474 07d0 0F610E7B 		.ascii	"\017a\016{\272;B\273a\206]o<C\201\362\014\347\317??"
 474      BA3B42BB 
 474      61865D6F 
 474      3C4381F2 
 474      0CE7CF3F 
 475 07e5 86697A42 		.ascii	"\206izB\324\261\364$3\263\353\210\216\266\021'\0129"
 475      D4B1F424 
 475      33B3EB88 
 475      8EB61127 
 475      0A39
 476 07f7 DA78A329 		.ascii	"\332x\243)m\203\2066\222\265\333\303\032\237\027\257"
 476      6D838636 
 476      92B5DBC3 
ARM GAS  C:\Users\akudo\AppData\Local\Temp\ccUxt70o.s 			page 38


 476      1A9F17AF 
 477 0807 3F6D1832 		.ascii	"?m\0302\221\331\313\221D\246\210\023\022\231SGK\226"
 477      91D9CB91 
 477      44A68813 
 477      12995347 
 477      4B96
 478 0819 0FC3F076 		.ascii	"\017\303\360vO\277J\344\236\332\342!$2\235\005\243%"
 478      4FBF4AE4 
 478      9EDAE221 
 478      24329D05 
 478      A325
 479 082b 890C8C42 		.ascii	"\211\014\214B\37381\221\201:Kd\2129\222\310\264\266"
 479      FB383191 
 479      813A4B64 
 479      8A3992C8 
 479      B4B6
 480 083d B525B084 		.ascii	"\265%\260\204\240\234\276\240\257i\270\224\252\301k"
 480      A09CBEA0 
 480      AF69B894 
 480      AAC16B
 481 084c 98D684D3 		.ascii	"\230\326\204\323\367o\016\303\333\230\320\330\324R\356"
 481      F76F0EC3 
 481      DB98D0D8 
 481      D452EE
 482 085b 8EF398C0 		.ascii	"\216\363\230\300g\266%a\\\310\204\324\254\3046=.fB\301"
 482      67B62561 
 482      5CC884D4 
 482      ACC4363D 
 482      2E6642C1 
 483 086f 9EFE8D6E 		.ascii	"\236\376\215n\370\020\023\326WU\236\325\342cLxx\261"
 483      F81013D6 
 483      57559ED5 
 483      E2634C78 
 483      78B1
 484 0881 F877B89E 		.ascii	"\370w\270\236\325\2676f\256\303\370\002\023\372\032"
 484      D5B73666 
 484      AEC3F802 
 484      13FA1A
 485 0890 DAF661DC 		.ascii	"\332\366a\334\314\204s\271\266\024=n\027\334\332\222"
 485      CC8473B9 
 485      B6143D6E 
 485      17DCDA92 
 486 08a0 5DEC46AD 		.ascii	"]\354F\255\373\212\210\213\322\012\007u$\227\342\035"
 486      FB8A888B 
 486      D20A0775 
 486      2497E21D 
 487 08b0 41653448 		.ascii	"Ae4H\026\3508\311\003\340!D\037\323\275\230\277>\273"
 487      16E838C9 
 487      03E02144 
 487      1FD3BD98 
 487      BF3EBB
 488 08c3 05BF6D13 		.ascii	"\005\277m\023neo+\275\004\217q#\204\023\250\222{\333"
 488      6E656F2B 
 488      BD048F71 
 488      238413A8 
 488      927BDB
 489 08d6 3186A649 		.ascii	"1\206\246I\374*\233'~\310\346\335\336\324\237\250\301"
ARM GAS  C:\Users\akudo\AppData\Local\Temp\ccUxt70o.s 			page 39


 489      FC2A9B27 
 489      7EC8E6DD 
 489      DED49FA8 
 489      C1
 490 08e7 FD4C687E 		.ascii	"\375Lh~\326\\\301\336\024\375\211x\"\273`\243\026'j"
 490      D65CC1DE 
 490      14FD8978 
 490      22BB60A3 
 490      16276A
 491 08fa 69DF897B 		.ascii	"i\337\211{O;\020Nc\302\235\374\252-\236x)\023.\347,"
 491      4F3B104E 
 491      63C29DFC 
 491      AA2D9E78 
 491      29132EE7 
 492 090f 5CAAC7EB 		.ascii	"\\\252\307\353\265.~\030\231\037\225\227\222\357jq6"
 492      B52E7E18 
 492      991F9597 
 492      92EF6A71 
 492      36
 493 0920 EB1B2C5E 		.ascii	"\353\033,^U\343\201\363\231p\260\320\326\307\362\310"
 493      55E381F3 
 493      9970B0D0 
 493      D6C7F2C8 
 494 0930 297437AA 		.ascii	")t7\252\023*5x?\353\313\270e\337\242\307G\231\260\272"
 494      132A3578 
 494      3FEBCBB8 
 494      65DFA2C7 
 494      4799B0BA 
 495 0944 F34EA616 		.ascii	"\363N\246\026\3271!\245d\3316\246\376\257D\354\037\310"
 495      D73121A5 
 495      64D936A6 
 495      FEAF44EC 
 495      1FC8
 496 0956 EB866B90 		.ascii	"\353\206k\220\365\355\310\341\337\305\315\254\276\273"
 496      F5EDC8E1 
 496      DFC5CDAC 
 496      BEBB
 497 0964 6C472AE3 		.ascii	"lG*\343\375@7d{S\3560|\227\365]\254\274r\315\003?f\302"
 497      FD403764 
 497      7B53EE30 
 497      7C97F55D 
 497      ACBC72CD 
 498 097c 5ADBD9D5 		.ascii	"Z\333\331\325\354Ev6\021\227d/\203\374\344%\353+\253"
 498      EC457636 
 498      1197642F 
 498      83FCE425 
 498      EB2BAB
 499 098f 6AD8EC86 		.ascii	"j\330\354\206\023tTx\236^T\305\341d&\024^h\277d\240"
 499      13745478 
 499      9E5E54C5 
 499      E1642614 
 499      5E68BF64 
 500 09a4 A3E611D1 		.ascii	"\243\346\021\321~\256,\317\210m\254oy\311\272,65O\345"
 500      7EAE2CCF 
 500      886DAC6F 
 500      79C9BA2C 
 500      36354FE5 
ARM GAS  C:\Users\akudo\AppData\Local\Temp\ccUxt70o.s 			page 40


 501 09b8 8EA2819B 		.ascii	"\216\242\201\233\032\274\202vzW\365\244\035\3269>\342"
 501      1ABC8276 
 501      7A57F5A4 
 501      1DD6393E 
 501      E2
 502 09c9 F848AF5E 		.ascii	"\370H\257^\351-L\316\337\0075G\354\323\226d';\216\340"
 502      E92D4CCE 
 502      DF073547 
 502      ECD39664 
 502      273B8EE0 
 503 09dd A310D91D 		.ascii	"\243\020\331\035\257\2732\032\213\"\310\331N\270\007"
 503      AFBB321A 
 503      8B22C8D9 
 503      4EB807
 504 09ec E55CD99D 		.ascii	"\345\\\331\235\225\276\317Im\226S[dj\237\213j\317\310"
 504      95BECF49 
 504      6D96535B 
 504      646A9F8B 
 504      6ACFC8
 505 09ff B967642F 		.ascii	"\271gd/\237)\373\324\204\013\361\206.\013\\G\024\242"
 505      9F29FBD4 
 505      840BF186 
 505      2E0B5C47 
 505      14A2
 506 0a11 2B32BD8B 		.ascii	"+2\275\213D\033\256\311\365\236\223\277T\246\211\212"
 506      441BAEC9 
 506      F59E93BF 
 506      54A6898A 
 507 0a21 AFCB1537 		.ascii	"\257\313\0257\311\024\247\212\212\257*+~\345k\320~\320"
 507      C914A78A 
 507      8AAF2A2B 
 507      7EE56BD0 
 507      7ED0
 508 0a33 C5DE793B 		.ascii	"\305\336y;\204\253f>\366E7\341\032\271\017\350\003\014"
 508      84AB663E 
 508      F64537E1 
 508      1AB90FE8 
 508      030C
 509 0a45 025E0006 		.ascii	"\002^\000\006\000/\001O\001\255\200\007\200\036\300"
 509      002F014F 
 509      01AD8007 
 509      801EC0
 510 0a54 13008F7D 		.ascii	"\023\000\217}P?\224\317\001\235\200G\200g\200\333\200"
 510      503F94CF 
 510      019D8047 
 510      806780DB 
 510      80
 511 0a65 5EC03D40 		.ascii	"^\300=@7\3401\340!\340\016\340.\240\015\320\016\270"
 511      37E031E0 
 511      21E00EE0 
 511      2EA00DD0 
 511      0EB8
 512 0a77 05E89264 		.ascii	"\005\350\222dM\366\027\342\322\237\223{r^\346\365e\221"
 512      4DF617E2 
 512      D29F937B 
 512      725EE6F5 
 512      6591
ARM GAS  C:\Users\akudo\AppData\Local\Temp\ccUxt70o.s 			page 41


 513 0a89 7B4871F7 		.ascii	"{Hq\367%\011C\267\310\255\227sO\312\364f\210\253yC9"
 513      250943B7 
 513      C8AD9773 
 513      4FCAF466 
 513      88AB7943 
 514 0a9e 54249FEC 		.ascii	"T$\237\354^2\305\344\364\271\240l\260\304\212\273\242"
 514      5E32C5E4 
 514      F4B9A06C 
 514      B0C48ABB 
 514      A2
 515 0aaf 1515CAB1 		.ascii	"\025\025\312\261-!\017\212\344F9\371\222\234\334+\222"
 515      2D210F8A 
 515      E44639F9 
 515      929CDC2B 
 515      92
 516 0ac0 1B94FD93 		.ascii	"\033\224\375\223\220\007D\362Ee\315b|w\0249\303\260"
 516      900744F2 
 516      4565CD62 
 516      7C771439 
 516      C3B0
 517 0ad2 4A1E862B 		.ascii	"J\036\206+e\013wO\324{B\256\267\332Eo\202\275Y\\\267"
 517      650B774F 
 517      D47B42AE 
 517      B7DA456F 
 517      82BD595C 
 518 0ae7 7239F795 		.ascii	"r9\367\225\3176}\242\021\247\344F\234\226\031\321/\032"
 518      CF367DA2 
 518      11A7E446 
 518      9C9619D1 
 518      2F1A
 519 0af9 7156F9E1 		.ascii	"qV\371\341\225\254\304\025\221|XN\226\177q\355\022-"
 519      95ACC415 
 519      917C584E 
 519      967F71ED 
 519      122D
 520 0b0b AE93734F 		.ascii	"\256\223sO\311\025w\212\212k\225\311\222\204^\344\036"
 520      C915778A 
 520      8A6B95C9 
 520      92845EE4 
 520      1E
 521 0b1c 9173E5C9 		.ascii	"\221s\345\311\177\223\310-S^6I\356-rK\225\365J\014\276"
 521      7F93C82D 
 521      535E3649 
 521      EE2D724B 
 521      95F54A0C 
 522 0b31 2A924B94 		.ascii	"*\222K\224WBB\276/\222k\2247Z\222'7\024E\220\327\372"
 522      574242BE 
 522      2F926B94 
 522      375A9227 
 522      37144590 
 523 0b47 0EA544F9 		.ascii	"\016\245D\371\312\302\272\355\006\331g.\307\311\204"
 523      CAC2BAED 
 523      06D9672E 
 523      C7C984
 524 0b56 12E140FA 		.ascii	"\022\341@\372\1779\234\250'\231\373\214\220\254&`/t"
 524      7F399CA8 
 524      2799FB8C 
ARM GAS  C:\Users\akudo\AppData\Local\Temp\ccUxt70o.s 			page 42


 524      90AC2660 
 524      2F74
 525 0b68 404C253B 		.ascii	"@L%;8\361\343\331\305\256\336\022\215K\246M\310b\016"
 525      38F1E3D9 
 525      C5AEDE12 
 525      8D4BA64D 
 525      C8620E
 526 0b7b 938469EA 		.ascii	"\223\204i\352LJ`\3477\227]\304.\237\332\224>\234\253"
 526      4C4A60E7 
 526      37975DC4 
 526      2E9FDA94 
 526      3E9CAB
 527 0b8e 7EF6AB39 		.ascii	"~\366\2539\271\373\013/vr.\023/p\2318Y\2308\231N|\266"
 527      B9FB0B2F 
 527      76722E13 
 527      2F709938 
 527      59983899 
 528 0ba5 3CA9DA53 		.ascii	"<\251\332Sqb\325\233\317\212\026b/\222L\330O\2574\032"
 528      7162D59B 
 528      CF8A1662 
 528      2F924CD8 
 528      4FAF341A 
 529 0bb9 84343AE5 		.ascii	"\2044:\345\347\277\200\241\024l \011TWm\3510\232!\203"
 529      E7BF80A1 
 529      146C2009 
 529      54576DE9 
 529      309A2183 
 530 0bcd 49422A7D 		.ascii	"IB*}\367)\317>\376\221w\207TL\333\012\327\345\027\271"
 530      F729CF3E 
 530      FE917787 
 530      544CDB0A 
 530      D7E517B9 
 531 0be1 0D9934A7 		.ascii	"\015\2314\247a\2224/\302B\322|\344\330\2233\036\370"
 531      6192342F 
 531      C242D27C 
 531      E4D89333 
 531      1EF8
 532 0bf3 16CB494E 		.ascii	"\026\313IN<>\177\213\203\244\271\034\222\346\374fOg"
 532      3C3E7F8B 
 532      83A4B91C 
 532      92E6FC66 
 532      4F67
 533 0c05 D2CC9151 		.ascii	"\322\314\221Q(\035\213I3\324\231G\031\330[\245\235\374"
 533      281D8B49 
 533      33D49947 
 533      19D85BA5 
 533      9DFC
 534 0c17 CDB7DE01 		.ascii	"\315\267\336\001\252\267\343\254s\306\216\011\233\025"
 534      AAB7E3AC 
 534      73C68E09 
 534      9B15
 535 0c25 13191D16 		.ascii	"\023\031\035\026g\261\306\307\204Y\365\361\221s\255"
 535      67B1C6C7 
 535      8459F5F1 
 535      9173AD
 536 0c34 D0663584 		.ascii	"\320f5\204\2059\2523g|\031:cv\344\217\221q\326\370\210"
 536      8539AA33 
ARM GAS  C:\Users\akudo\AppData\Local\Temp\ccUxt70o.s 			page 43


 536      677C193A 
 536      6376E48F 
 536      9171D6F8 
 537 0c49 C8E8506B 		.ascii	"\310\350PkttT\\\350\254\271\361\336\264\346\035\036"
 537      7474545C 
 537      E8ACB9F1 
 537      DEB4E61D 
 537      1E
 538 0c5a 3BC7DB32 		.ascii	";\307\3332\347GKD\204%\"t\334\347\177\364\036\343?\372"
 538      E7474B44 
 538      84252274 
 538      DCE77FF4 
 538      1EE33FFA 
 539 0c6e 8B7F8E0D 		.ascii	"\213\177\216\015\205\366\317\346F\317\265|f\011\377"
 539      85F6CFE6 
 539      46CFB57C 
 539      6609FF
 540 0c7d 31323472 		.ascii	"124r\356\214\250\370\010K\350\234p\3205\327\022\032"
 540      EE8CA8F8 
 540      084BE89C 
 540      70D035D7 
 540      121A
 541 0c8f 16619919 		.ascii	"\026a\231\031\036\037e\015\263\376\024c\211\373|\266"
 541      1E1F650D 
 541      B3FE1463 
 541      89FB7CB6 
 542 0c9f EAFBFFE9 		.ascii	"\352\373\377\3514q?\305\205\206\305Y#\300\007\320\255"
 542      34713FC5 
 542      8586C559 
 542      23C007D0 
 542      AD
 543 0cb0 99131D61 		.ascii	"\231\023\035a\211\325F\223\271bu\321q1\026KD\254&&>"
 543      89D54693 
 543      B96275D1 
 543      7131164B 
 543      44AC2626 
 544 0cc5 26221647 		.ascii	"&\"\026GG\304\252\303g\306F\221\177\263'\006|\351\027"
 544      47C4AAC3 
 544      67C64691 
 544      7FB32706 
 544      7CE917
 545 0cd8 408C08A1 		.ascii	"@\214\010\241F\370Q\203\242\343F\217\037\355\027\035"
 545      46F85183 
 545      A2E3468F 
 545      1FED171D 
 546 0ce8 E7373B3C 		.ascii	"\3477;<\312/&:\326\032\347\0272\375\353\261c\374\246"
 546      CA2F263A 
 546      D61AE717 
 546      32FDEBB1 
 546      63FCA6
 547 0cfb 4E0DF49B 		.ascii	"N\015\364\233l\012\236\366\2571~1\341QaQQ\0210\227\326"
 547      6C0A9EF6 
 547      AF317E31 
 547      E1516151 
 547      51113097 
 548 0d10 342130DC 		.ascii	"4!0\334\032\2565MdE\000+\002Y\021\304\212I\254\230\314"
 548      1AAE354D 
ARM GAS  C:\Users\akudo\AppData\Local\Temp\ccUxt70o.s 			page 44


 548      6445002B 
 548      025911C4 
 548      8A49AC98 
 549 0d25 8A29AC08 		.ascii	"\212)\254\010&\205\233i\302\324\200\350\2713#gy\204"
 549      26859B69 
 549      C2D480E8 
 549      B9332367 
 549      7984
 550 0d37 094AC322 		.ascii	"\011J\303\"\347FZ\177\261e3TF\311~[5_O\013\0142k\247"
 550      E7465A7F 
 550      B1653354 
 550      46C97E5B 
 550      355F4F0B 
 551 0d4f 4DFF9B29 		.ascii	"M\377\233)\310\254\233\026b\012\012\0124kL\337\232\002"
 551      C8AC9B16 
 551      620A0A0A 
 551      346B4CDF 
 551      9A02
 552 0d61 CD381830 		.ascii	"\3158\0300-\320\214\276\243\3410z\2743\034H\025C\250"
 552      2DD08CBE 
 552      A3E1307A 
 552      BC331C48 
 552      1543A8
 553 0d74 68664459 		.ascii	"hfDY\302c\321\024\365\304\020\263Y=5\340\317f\365\204"
 553      C263D114 
 553      F5C410B3 
 553      593D35E0 
 553      CF66F584 
 554 0d88 49E6A9E4 		.ascii	"I\346\251\344\337\024<\321l6DF\023k\"#\302\254FV\235"
 554      DF143CD1 
 554      6C364446 
 554      136B2223 
 554      C2AC4656 
 555 0d9d 131EF70F 		.ascii	"\023\036\367\017\010\257\310h\262\023a\326w\234\276"
 555      08AFC868 
 555      B21361D6 
 555      779CBE
 556 0dac 81B659B1 		.ascii	"\201\266Y\261\321\3611\244\335\335\034\020\0206\035"
 556      D1F131A4 
 556      DDDD1C10 
 556      10361D
 557 0dbb F628D032 		.ascii	"\366(\3202\223\0130\353LS\247\006L\232lV\223\1778 \330"
 557      930B30EB 
 557      4C53A706 
 557      4C9A6C56 
 557      937F3820 
 558 0dd0 AC9F3065 		.ascii	"\254\2370e\342hs\310tZ\031\343\250\214%\0257sPH\220"
 558      E26873C8 
 558      745A19E3 
 558      A88C2515 
 558      37735048 
 559 0de5 F92F4181 		.ascii	"\371/A\201\376\372\011&\007\311\304H\316\276\321:\242"
 559      FEFA0926 
 559      07C9C448 
 559      CEBED13A 
 559      A2
 560 0df6 20E81B33 		.ascii	" \350\0333)\307\010\345X(\235\2141:2\232\366\230(\303"
ARM GAS  C:\Users\akudo\AppData\Local\Temp\ccUxt70o.s 			page 45


 560      29C708E5 
 560      58289D8C 
 560      313A329A 
 560      F69828C3 
 561 0e0a D933D68D 		.ascii	"\3313\326\215\214\235j\"md\264\2636\226\325\034\274"
 561      8C9D6A22 
 561      6D64B4B3 
 561      3696D51C 
 561      BC
 562 0e1b 716E4483 		.ascii	"qnD\203\320kr\360\034\275_\250'\006\006\200/!b\323x"
 562      D06B72F0 
 562      1CBD5FA8 
 562      27060680 
 562      2F2162D3 
 563 0e30 4D4848C0 		.ascii	"MHH\300d\263\001\234\015\036\023B\\}\375V[\346Y\375"
 563      64B3019C 
 563      0D1E1342 
 563      5C7DFD56 
 563      5BE659FD 
 564 0e44 02BE0E09 		.ascii	"\002\276\016\011\016\201\255f\273=i\334\274y~tog\216"
 564      0E81AD66 
 564      BB3D69DC 
 564      BC797E74 
 564      6F678E
 565 0e57 F3FFFDBC 		.ascii	"\363\377\375\274y\020\204z\0222d\243\377\015\021\311"
 565      7910847A 
 565      123264A3 
 565      FF0D11C9 
 566 0e67 45DC     		.ascii	"E\334"
 567              		.text
 568              		.section	.gnu.lto_.symtab.cfc153e6,"",%progbits
 569 0000 5F70616C 		.ascii	"_pal_lld_init\000\000\000\000\000\000\000\000\000\000"
 569      5F6C6C64 
 569      5F696E69 
 569      74000000 
 569      00000000 
 570 0017 0000EF00 		.ascii	"\000\000\357\000\000\000_pal_lld_setgroupmode\000\000"
 570      00005F70 
 570      616C5F6C 
 570      6C645F73 
 570      65746772 
 571 0034 00000000 		.ascii	"\000\000\000\000\000\000\000\000\000\0006\001\000\000"
 571      00000000 
 571      00003601 
 571      0000
 572              		.text
 573              		.section	.gnu.lto_.opts,"",%progbits
 574 0000 272D666E 		.ascii	"'-fno-trapv' '-mcpu=cortex-m4' '-mno-thumb-interwor"
 574      6F2D7472 
 574      61707627 
 574      20272D6D 
 574      6370753D 
 575 0033 6B272027 		.ascii	"k' '-mthumb' '-ggdb' '-O2' '-fomit-frame-pointer' '"
 575      2D6D7468 
 575      756D6227 
 575      20272D67 
 575      67646227 
ARM GAS  C:\Users\akudo\AppData\Local\Temp\ccUxt70o.s 			page 46


 576 0066 2D66616C 		.ascii	"-falign-functions=16' '-ffunction-sections' '-fdata"
 576      69676E2D 
 576      66756E63 
 576      74696F6E 
 576      733D3136 
 577 0099 2D736563 		.ascii	"-sections' '-fno-common' '-flto'\000"
 577      74696F6E 
 577      73272027 
 577      2D666E6F 
 577      2D636F6D 
 578              		.text
 579              		.comm	__gnu_lto_v1,1,1
 580              		.comm	__gnu_lto_slim,1,1
 581              		.ident	"GCC: (GNU Tools for ARM Embedded Processors) 4.9.3 20150529 (release) [ARM/embedded-4_9-br
ARM GAS  C:\Users\akudo\AppData\Local\Temp\ccUxt70o.s 			page 47


DEFINED SYMBOLS
                            *ABS*:00000000 pal_lld.c
                            *COM*:00000001 __gnu_lto_v1
                            *COM*:00000001 __gnu_lto_slim

NO UNDEFINED SYMBOLS
