ARM GAS  C:\Users\akudo\AppData\Local\Temp\cc7CSvWH.s 			page 1


   1              		.syntax unified
   2              		.cpu cortex-m4
   3              		.fpu softvfp
   4              		.eabi_attribute 20, 1
   5              		.eabi_attribute 21, 1
   6              		.eabi_attribute 23, 3
   7              		.eabi_attribute 24, 1
   8              		.eabi_attribute 25, 1
   9              		.eabi_attribute 26, 1
  10              		.eabi_attribute 30, 2
  11              		.eabi_attribute 34, 1
  12              		.eabi_attribute 18, 4
  13              		.thumb
  14              		.file	"st.c"
  15              		.text
  16              	.Ltext0:
  17              		.section	.gnu.lto_.profile.cfc16a92,"",%progbits
  18 0000 789C6366 		.ascii	"x\234cf```a\200\000F\006)\036\000\000\264\000/"
  18      60606061 
  18      80004606 
  18      291E0000 
  18      B4002F
  19              		.text
  20              		.section	.gnu.lto_.jmpfuncs.cfc16a92,"",%progbits
  21 0000 789C6366 		.ascii	"x\234cf\300\016\304\2404+\210`\004\202z&\006\006f\020"
  21      C00EC4A0 
  21      342B8860 
  21      04827A26 
  21      06066610 
  22 0014 CD021400 		.ascii	"\315\002\024\000\000\015^\001-"
  22      000D5E01 
  22      2D
  23              		.text
  24              		.section	.gnu.lto_.inline.cfc16a92,"",%progbits
  25 0000 789C6366 		.ascii	"x\234cf\300\016R\2414+\003\003\013\017#\003\023\220"
  25      C00E52A1 
  25      342B0303 
  25      0B0F2303 
  25      1390
  26 0012 C9B6401E 		.ascii	"\311\266@\036D10r\201\010\0066V\2400\333\007=\2708\023"
  26      44313072 
  26      81080636 
  26      56A030DB 
  26      073DB838 
  27 0027 030B3350 		.ascii	"\003\0133P\210\351\002?\\\210\031S\210\005S\210\001"
  27      88E9023F 
  27      5C881953 
  27      88055388 
  27      01
  28 0038 0099C708 		.ascii	"\000\231\307\010l"
  28      6C
  29              		.text
  30              		.section	.gnu.lto_.pureconst.cfc16a92,"",%progbits
  31 0000 789C6366 		.ascii	"x\234cf``\340f\200\000V\006\011F)&)f)\026)\000\004\004"
  31      6060E066 
  31      80005606 
  31      09462926 
ARM GAS  C:\Users\akudo\AppData\Local\Temp\cc7CSvWH.s 			page 2


  31      29662916 
  32 0018 009E     		.ascii	"\000\236"
  33              		.text
  34              		.section	.gnu.lto_stInit.cfc16a92,"",%progbits
  35 0000 789C6366 		.ascii	"x\234cf\300\004R@\274\020\210u\200\230\221\231\201\221"
  35      C0045240 
  35      BC108875 
  35      80989199 
  35      8191
  36 0012 69C23906 		.ascii	"i\3029\006\206F\016&FF\020\203\201\221\241\236\211\261"
  36      86460E26 
  36      46461083 
  36      8191A19E 
  36      89B1
  37 0024 9EF125D3 		.ascii	"\236\361%\323G&\306\011\007V\317\340V_\332\320\320\360"
  37      4726C609 
  37      0756CFE0 
  37      565FDAD0 
  37      D0F0
  38 0036 E1D0F9C6 		.ascii	"\341\320\371\306\200\003\214?\231\030\030>3A\314a\\"
  38      80038C3F 
  38      9918183E 
  38      3341CC61 
  38      5C
  39 0047 CEA8CE00 		.ascii	"\316\250\316\000T\364\261\345\357un\266\026\240\"\001"
  39      54F4B1E5 
  39      EF756EB6 
  39      16A02201 
  40 0057 881CE30A 		.ascii	"\210\034\343\012F6F \275^\350@\303\377\377\217\247\376"
  40      46364620 
  40      BD5EE840 
  40      C3FFFF8F 
  40      A7FE
  41 0069 D1676660 		.ascii	"\321gf`x\002\224\001\231\377\224\211\011D3\337al>\360"
  41      78029401 
  41      99FF9489 
  41      094433DF 
  41      616C3EF0 
  42 007d 9717A414 		.ascii	"\227\027\244\024d\306\274\313}\353\230j\1777t4p\374"
  42      64C6BCCB 
  42      7DEB986A 
  42      7F377434 
  42      70FC
  43 008f 6462FCCC 		.ascii	"db\374\314\004\324\316\270\222\261\226\341'P\365=\306"
  43      04D4CEB8 
  43      92B196E1 
  43      2750F53D 
  43      C6
  44 00a0 C603FF59 		.ascii	"\306\003\377Y\301*\031@\3460\202\364\003M\323r\266\322"
  44      C12A1940 
  44      E63082F4 
  44      034DD372 
  44      B6D2
  45 00b2 77CEC84C 		.ascii	"w\316\310L\312\014.)M\311\314\327O\006\261\363\213\015"
  45      CA0C2E29 
  45      4DC9CCD7 
  45      4F06B1F3 
ARM GAS  C:\Users\akudo\AppData\Local\Temp\cc7CSvWH.s 			page 3


  45      8B0D
  46 00c4 CD0CF5F3 		.ascii	"\315\014\365\363\213\3653\022s\364\213\213\222\365\213"
  46      8BF53312 
  46      73F48B8B 
  46      92F58B
  47 00d3 4BF49219 		.ascii	"K\364\222\031\000\022lI4"
  47      00126C49 
  47      34
  48              		.text
  49              		.section	.gnu.lto_stStartAlarm.cfc16a92,"",%progbits
  50 0000 789C9D91 		.ascii	"x\234\235\221Ah\023Q\020\206\337\377v\263\011\244\324"
  50      41681351 
  50      1086DFFF 
  50      76B309A4 
  50      D4
  51 0011 E229E4A2 		.ascii	"\342)\344\242\020JAL\227(z\360T\250\027\241=\265wi\323"
  51      104A414C 
  51      97287AF0 
  51      54A817A1 
  51      3DB57769 
  52 0026 42029148 		.ascii	"B\002\221H7z\360\322ML<\010\332`Q\013\022PJ\2506M[\033"
  52      377AF0D2 
  52      4D4C3C08 
  52      DA60510B 
  52      12504AA8 
  53 003e 6B4C4B61 		.ascii	"kLKa\265\210E\321\240\007\005\205\232C\004\255 \251"
  53      B58845D1 
  53      A0070585 
  53      9A4304AD 
  53      20A9
  54 0050 2D960DB4 		.ascii	"-\226\015\264q\336\272\202\325\203\342\302\333\367\346"
  54      71DEBA82 
  54      D583E2C2 
  54      DBF7E6
  55 005f CDCC37FF 		.ascii	"\315\3147\377\314\223\330\237\237\227V\2363v\216vH\014"
  55      CC93D89F 
  55      9F97569E 
  55      33768E76 
  55      480C
  56 0071 3CFD82B1 		.ascii	"<\375\202\261\270\213\003\342\300\300\2069\206\361\211"
  56      B88B03E2 
  56      C0C08639 
  56      86F189
  57 0080 AF73A48D 		.ascii	"\257s\244\215\334\230\273-\253\353z\355U\301\223\362"
  57      DC98BB2D 
  57      ABEB7AED 
  57      55C193F2 
  58 0090 9894B6C1 		.ascii	"\230\224\266\301\177`0\2016\012\031\271\234\272\004"
  58      7F603081 
  58      360A19B9 
  58      9CBA04
  59 009f C90F46E7 		.ascii	"\311\017F\347\322\364\346s\367Gnr\354\027\346\302\225"
  59      D2F4E673 
  59      F7476E72 
  59      EC17E6C2 
  59      95
  60 00b0 95314598 		.ascii	"\2251E\230\\\026f\375\352\312yG\353\270\256'\214\245"
ARM GAS  C:\Users\akudo\AppData\Local\Temp\cc7CSvWH.s 			page 4


  60      5C1666FD 
  60      EACA7947 
  60      EBB8AE27 
  60      8CA5
  61 00c2 39BD4336 		.ascii	"9\275C6\271\204\333\220\210\207;\360b\022^FW\0149\264"
  61      B984DB90 
  61      88873BF0 
  61      62125E46 
  61      570C39B4 
  62 00d6 8AF0F5E4 		.ascii	"\212\360\365\344\366\033\267\222\244\332-\333?\313b"
  62      F61BB792 
  62      A4DA2DDB 
  62      3FCB62
  63 00e5 0A0A689F 		.ascii	"\012\012h\237\331k\350\215\306\370\304\324\274\254\220"
  63      D96BE88D 
  63      C6F8C4D4 
  63      BCAC90
  64 00f4 6E91C1AA 		.ascii	"n\221\301\252\024 \032\370\300\271\330\245\327H\264"
  64      14201AF8 
  64      C0B9D8A5 
  64      D748B4
  65 0103 084E215B 		.ascii	"\010N![\277\010\351\210%\360]\261\270\323\344\273E\022"
  65      BF08E988 
  65      25F05DB1 
  65      B8D3E4BB 
  65      4512
  66 0115 2A99E541 		.ascii	"*\231\345A#yS\337i4 \204\344w\013\261[\234\206o\213"
  66      237953DF 
  66      69342084 
  66      E4770BB1 
  66      5B9C866F 
  67 012a 706FF1E8 		.ascii	"po\361\350Zii1\325\274KV%\273\346\021\021\226\252\015"
  67      5A696931 
  67      D5BC4B56 
  67      25BBE611 
  67      1196AA0D 
  68 013e 8EDF4433 		.ascii	"\216\337D3\314@!\306,\024r|y\366\344\202C\314B&\237"
  68      CC4021C6 
  68      2C14727C 
  68      79F6E482 
  68      43CC4226 
  69 0153 6ECDE37D 		.ascii	"n\315\343}\265\374\322e]1a^/\177\236\344\031\334\210"
  69      B5FCD265 
  69      5D31615E 
  69      2F7F9EE4 
  69      19DC88
  70 0166 A77597C9 		.ascii	"\247u\227\311\035\270KR\346\204\024\362m\215V\363\315"
  70      1DB84B52 
  70      E68414F2 
  70      6D8D56F3 
  70      CD
  71 0177 FE9C9E8C 		.ascii	"\376\234\236\214\327\352\337\236\3561\271\202\0022\370"
  71      D7EADF9E 
  71      EE31B982 
  71      0232F8
  72 0186 4A2D5B55 		.ascii	"J-[U(\344\341\350f\226\253y\0121\016\232\334\211{\360"
  72      28E4E1E8 
ARM GAS  C:\Users\akudo\AppData\Local\Temp\cc7CSvWH.s 			page 5


  72      6696AB79 
  72      0A310E9A 
  72      DC897BF0 
  73 019a C3E7B5FD 		.ascii	"\303\347\265\375\230\207j7R\233]M8mQ\377V\322\330'x"
  73      98876A37 
  73      529B5D4D 
  73      386D51FF 
  73      56D2D827 
  74 01af F7AD7AB0 		.ascii	"\367\255z\260yE\370\177\355\300Iu\036P\242\340\327\376"
  74      7945F87F 
  74      EDC04975 
  74      1E50A2E0 
  74      D7FE
  75 01c1 8F5FB2F8 		.ascii	"\217_\262\370\334\346/X\374rey\244\311\342\323\375\""
  75      DCE62F58 
  75      FC726579 
  75      A4C9E2D3 
  75      FD22
  76 01d3 25AE225E 		.ascii	"%\256\"^y\274\346\022\003\027\357S%=\364\3244\205\003"
  76      79BCE612 
  76      0317EF53 
  76      253DF4D4 
  76      348503
  77 01e6 9DC7D4CE 		.ascii	"\235\307\324\316P\270?\334\023;3\020\216\252Aq\216j"
  77      50B83FDC 
  77      133B3310 
  77      8EAA4171 
  77      8E6A
  78 01f8 81A30135 		.ascii	"\201\243\0015\252\251\241\276\210\252\015\005U-\326"
  78      AAA9A1BE 
  78      88AA0D05 
  78      552DD6
  79 0207 1E64CEBE 		.ascii	"\036d\316\276~-\026>5(\213_\307_\363NG\207b\232\332"
  79      7E2D163E 
  79      35288B5F 
  79      C75FF34E 
  79      4787629A 
  80 021c D3DB7DF8 		.ascii	"\323\333}\370\220\332\325u\\\355=\321}6@\244\223\221"
  80      90DAD575 
  80      5CED3DD1 
  80      7D3640A4 
  80      9391
  81 022e C8407B88 		.ascii	"\310@{\210}\007\215G\034\355"
  81      7D078D47 
  81      1CED
  82              		.text
  83              		.section	.gnu.lto_stStopAlarm.cfc16a92,"",%progbits
  84 0000 789C6366 		.ascii	"x\234cf\300\004R@\254\313\310\300\220\013\244\031\231"
  84      C0045240 
  84      ACCBC8C0 
  84      900BA419 
  84      99
  85 0011 19189926 		.ascii	"\031\030\231&\234c`h\344`bd\0041\030\030\031\352\231"
  85      9C636068 
  85      E4606264 
  85      04311818 
  85      19EA99
ARM GAS  C:\Users\akudo\AppData\Local\Temp\cc7CSvWH.s 			page 6


  86 0024 18EB195F 		.ascii	"\030\353\031_2}db\234p`\365\014n\365\245\015\015\015"
  86      327D6462 
  86      9C7060F5 
  86      0C6EF5A5 
  86      0D0D0D
  87 0037 1F366D97 		.ascii	"\0376m\227h\225\370\311\304\300\360\231\011b\014\343"
  87      6895F8C9 
  87      C4C0F099 
  87      09620CE3 
  88 0047 72467506 		.ascii	"rFu\006\240\232\217-\177\257s\263\265\000\325\010@\344"
  88      A09A8F2D 
  88      7FAF73B3 
  88      B500D508 
  88      40E4
  89 0059 185730B2 		.ascii	"\030W0\262\001\215gX/t\240\341\377\377\305s\336lgaf"
  89      018D6758 
  89      2F74A0E1 
  89      FFFFC573 
  89      DE6C6761 
  90 006e 60780294 		.ascii	"`x\002\224\002\231\377\224\211\011D3\337b<\364\341\307"
  90      0299FF94 
  90      89094433 
  90      DF623CF4 
  90      E1C7
  91 0080 BAF347B9 		.ascii	"\272\363G\271Q\214x\260\364\275\004\330\200\317L\214"
  91      518C78B0 
  91      F4BD04D8 
  91      80CF4C8C 
  92 0090 E88633AE 		.ascii	"\350\2063\256dd\003\232\276\212\221\015(\361\356\364"
  92      6464039A 
  92      BE8A910D 
  92      28F1EEF4 
  93 00a0 F136D617 		.ascii	"\3616\326\027L?\231\030\201r\015, \265\367\237\234\277"
  93      4C3F9918 
  93      81720D2C 
  93      20B5F79F 
  93      9CBF
  94 00b2 C8011662 		.ascii	"\310\001\026b\000q\247\237\177\275\212i.\343\354\306"
  94      0071A79F 
  94      7FBD8A69 
  94      2EE3ECC6 
  95 00c2 090D1C3F 		.ascii	"\011\015\034?\231\230\030W3J1\256a\224\002\313}\237"
  95      99981857 
  95      334A31AE 
  95      619402CB 
  95      7D9F
  96 00d4 FC642D9F 		.ascii	"\374d-\237\356\352\206\226\306\017w\347\235\346\377"
  96      EEEA8696 
  96      C60F77E7 
  96      9DE6FF
  97 00e3 C9C4CCB8 		.ascii	"\311\304\314\270\226q.\343'\240\033\301\2660\256c\324"
  97      96712EE3 
  97      27A01BC1 
  97      B630AE63 
  97      D4
  98 00f4 453611E8 		.ascii	"E6\021\350~\306\365@\275\367\030\033\037\034}\317\001"
  98      7EC6F540 
ARM GAS  C:\Users\akudo\AppData\Local\Temp\cc7CSvWH.s 			page 7


  98      BDF7181B 
  98      1F1C7DCF 
  98      01
  99 0105 72202808 		.ascii	"r (\010\236\000\255\002\372\005\250K\313\331J\3379#"
  99      9E00AD02 
  99      FA05A84B 
  99      CBD94ADF 
  99      3923
 100 0117 332933B8 		.ascii	"3)3\270\2444%3_?\031\304\316/643\324\317/\326\317H\314"
 100      A4342533 
 100      5F3F19C4 
 100      CE2F3634 
 100      33D4CF2F 
 101 012f D12F2E4A 		.ascii	"\321/.J\326/.\321Kfp \250\264 \277\250\244X?8\304\327"
 101      D62F2ED1 
 101      4B667020 
 101      A8B420BF 
 101      A8A4583F 
 102 0146 D848DFC7 		.ascii	"\330H\337\307\307E?\304\323\267\314\020\2509>''E/\203"
 102      C7453FC4 
 102      D3B7CC10 
 102      A8393E27 
 102      27452F83 
 103 015a 0100BF35 		.ascii	"\001\000\2775\225\023"
 103      9513
 104              		.text
 105              		.section	.gnu.lto_stSetAlarm.cfc16a92,"",%progbits
 106 0000 789C8590 		.ascii	"x\234\205\220_HSQ\034\307\177\337s\357\256\203\205I"
 106      5F485351 
 106      1CC77FDF 
 106      73EFAE83 
 106      8549
 107 0012 4F634FC1 		.ascii	"OcO\301\020!\232\207\025\365\320\223`/\201>\351{\350"
 107      10219A87 
 107      15F5D093 
 107      602F813E 
 107      E97BE8
 108 0025 1436582C 		.ascii	"\0246X,\274\253\207^<\263\255\207 \035J%\204P\310\372"
 108      BCAB875E 
 108      3CB3AD87 
 108      201D4A25 
 108      8450C8FA 
 109 0039 E39A9616 		.ascii	"\343\232\226\026b#XE$HI/F\005\265\207\005\211\025\232"
 109      62235845 
 109      2448492F 
 109      4605B587 
 109      0589159A 
 110 004d C2B8035D 		.ascii	"\302\270\003]\277s\263\007\353\241\013\347\236\337\357"
 110      BF73B307 
 110      EBA10BE7 
 110      9EDFEF
 111 005c FCBEE7FB 		.ascii	"\374\276\347\373\373\374\216A\377~\001^\337At\201w\030"
 111      FBFC8E41 
 111      FF7E015E 
 111      DF417481 
 111      7718
 112 006e 04917D43 		.ascii	"\004\221}C\224\362\012@\007\004\032\024\030\304\252"
ARM GAS  C:\Users\akudo\AppData\Local\Temp\cc7CSvWH.s 			page 8


 112      94F20A40 
 112      07041A14 
 112      18C4AA
 113 007d D810C896 		.ascii	"\330\020\310\226\362\343\276\226\234Rj}\264\350\317"
 113      F2E3BE96 
 113      9C526A7D 
 113      B4E8CF
 114 008c F81D41B4 		.ascii	"\370\035A\264)~\333\340\016ZX22\234\271\002#\004\342"
 114      297EDBE0 
 114      0E5A5832 
 114      329CB902 
 114      2304E2
 115 009f 78617AEB 		.ascii	"xaz\353\265\357\253p\004\016\352\364\311\350\342\270"
 115      B5EFAB70 
 115      040EEAF4 
 115      C9E8E2B8 
 116 00af A55361EA 		.ascii	"\245Sa\352\264vu\361\242\247yR\251\241RqV\265\231\216"
 116      B47675F1 
 116      A2A77952 
 116      A9A15271 
 116      56B5998E 
 117 00c3 30701706 		.ascii	"0p\027\006\373\341\036\002\230B\200\370\210\220G\263"
 117      FBE11E02 
 117      984280F8 
 117      889047B3 
 118 00d3 966FA4B7 		.ascii	"\226o\244\267\337\371\2544\367n\332\376\323\026\367"
 118      DFF9AC34 
 118      F76EDAFE 
 118      D316F7
 119 00e2 613139CD 		.ascii	"a19\315\034(\251z}\362\366\267\242i2\267\276A\025\026"
 119      1C28A97A 
 119      7DF2F6B7 
 119      A26932B7 
 119      BE411516 
 120 00f6 E801BE08 		.ascii	"\350\001\276\010\241wc\005CM\332g.W\273\014\343\230"
 120      A1776305 
 120      434DDA67 
 120      2E57BB0C 
 120      E398
 121 0108 0BF8717E 		.ascii	"\013\370q~~g_\360\026#\224\337\277\350/\245o\252\235"
 121      7E675FF0 
 121      162394DF 
 121      BFE82FA5 
 121      6FAA9D
 122 011b 7A1D1AA4 		.ascii	"z\035\032\244\260\027dw\304i\004\253l\367\001\317\257"
 122      B0176477 
 122      C46904AB 
 122      6CF701CF 
 122      AF
 123 012c 2D3C5DCB 		.ascii	"-<]\3134\356\301*\347\252~\255p\2516\005\376\202&\314"
 123      34EEC12A 
 123      E7AA7EAD 
 123      70A93605 
 123      FE8226CC 
 124 0140 C0628F07 		.ascii	"\300b\217\007\260\270\360c\351\325%\217~\013\223k\312"
 124      B0B8F063 
 124      E9D5258F 
ARM GAS  C:\Users\akudo\AppData\Local\Temp\cc7CSvWH.s 			page 9


 124      7E0B936B 
 124      CA
 125 0151 7D8FCF95 		.ascii	"}\217\317\225\345\267^\367\210tz}ymJL\340F*\253\274"
 125      E5B75EF7 
 125      88747A7D 
 125      796D4A4C 
 125      E0462AAB 
 126 0166 8EF0E021 		.ascii	"\216\360\340!\243\314j\024\256U\307*\205\306P^\245S"
 126      A3CC6A14 
 126      AE55C72A 
 126      85C6505E 
 126      A553
 127 0178 EBB595A5 		.ascii	"\353\265\225\245\375\216\2600\207\011\374\344\221\335"
 127      FD8EB030 
 127      8709FCE4 
 127      91DD
 128 0186 2E2C7936 		.ascii	".,y6\266\225\023\262\300\222\322aG4\340\021B\010\006"
 128      B69513B2 
 128      C092D261 
 128      4734E011 
 128      420806
 129 0199 76EB780C 		.ascii	"v\353x\014\251\007\371\204T\371e\325\253\201\365|\025"
 129      A907F984 
 129      54F965D5 
 129      AB81F57C 
 129      15
 130 01aa 86E6A762 		.ascii	"\206\346\247b\227C\355'd{4\326\033\353J\236\353\213"
 130      9743ED27 
 130      647B34D6 
 130      1BEB4A9E 
 130      EB8B
 131 01bc 256444C7 		.ascii	"%dD\307\011;|<,\023\266\214\366\304\245=\020\221v\262"
 131      093B7C3C 
 131      2C13B68C 
 131      F6C4A53D 
 131      109176B2 
 132 01d0 35420D3D 		.ascii	"5B\015=\275v2v\246\337\324\277\266\377\336;\233\030"
 132      BD763276 
 132      A6DFD4BF 
 132      B6FFDE3B 
 132      9B18
 133 01e2 48DAB2AB 		.ascii	"H\332\262\253\273\363\350\021\331\321qRv\237\352<\037"
 133      BBF3E811 
 133      D9D17152 
 133      769FEA3C 
 133      1F
 134 01f3 66A7D3F1 		.ascii	"f\247\323\361x_k\224~\001\314\252\331g"
 134      785F6B94 
 134      7E01CCAA 
 134      D967
 135              		.text
 136              		.section	.gnu.lto_stGetAlarm.cfc16a92,"",%progbits
 137 0000 789C854F 		.ascii	"x\234\205O=H\233Q\024\275\347~\311GD(\342$\231\004\005"
 137      3D489B51 
 137      14BDE77E 
 137      C9474428 
 137      E2249904 
ARM GAS  C:\Users\akudo\AppData\Local\Temp\cc7CSvWH.s 			page 10


 138 0015 41D04714 		.ascii	"A\320G\024:t\022\322E\320Iw\321($\030I\361\213]\363"
 138      3A7412D2 
 138      45D04977 
 138      D1282418 
 138      49F18B5D 
 139 002a 22C139A8 		.ascii	"\"\3019\250\240\"\212`C[5QG]\374YZ\020+]\032(\264:D"
 139      A0228A60 
 139      435B3551 
 139      475DFC59 
 139      5A102B5D 
 140 0043 686991A4 		.ascii	"hi\221\244\011\204o\210\361\276\320E;\364\301\345\335"
 140      09846F88 
 140      F1BED045 
 140      3BF4C1E5 
 140      DD
 141 0054 F3CE79F7 		.ascii	"\363\316y\367\236c\321\277\307/5\015\242\031\271a\021"
 141      9E63D1BF 
 141      C72F350D 
 141      A219B961 
 141      11
 142 0065 38FD8928 		.ascii	"8\375\211(\351c\3004\004J0\022\370\311%\306Q\256r\331"
 142      E963C034 
 142      044A3012 
 142      F8C925C6 
 142      51AE72D9 
 143 0079 FC835DA6 		.ascii	"\374\203]\246v\022x\274\370q\3256\020\036\003\363_V"
 143      761278BC 
 143      F871D536 
 143      101E03F3 
 143      5F56
 144 008b F34D5D19 		.ascii	"\363M]\031\255\347\213\213'\321\265\345-a\230\312Lx"
 144      ADE78B8B 
 144      27D1B5E5 
 144      2D6198CA 
 144      4C78
 145 009d 0B3FDEC1 		.ascii	"\013?\336\301,\302{t\031m)U\3137\333)\255uK\215\311"
 145      2CC27B74 
 145      196D2955 
 145      CB37DB29 
 145      AD754B8D 
 146 00b2 8884DB81 		.ascii	"\210\204\333\201->h\277\365T\327\353\333\233\277O<\026"
 146      2D3E68BF 
 146      F554D7EB 
 146      DB9BBF4F 
 146      3C16
 147 00c4 93994105 		.ascii	"\223\231A\005)\343\346V\200\334\326W\234\037\273\271"
 147      29E3E656 
 147      80DCD657 
 147      9C1FBBB9 
 148 00d4 FAD4A349 		.ascii	"\372\324\243I7o\022\215\031e\306\223\025\204]\330\262"
 148      376F128D 
 148      1965C693 
 148      15845DD8 
 148      B2
 149 00e5 600F7695 		.ascii	"`\017v\225M\220\273\213\017\013^\343\334\022Z7\334_"
 149      4D90BB8B 
 149      0F0B5EE3 
ARM GAS  C:\Users\akudo\AppData\Local\Temp\cc7CSvWH.s 			page 11


 149      DC125A37 
 149      DC5F
 150 00f7 17AE3EFB 		.ascii	"\027\256>\373\032Od\340\312\325\257\035\336\300z2\255"
 150      1A4F64E0 
 150      CAD5AF1D 
 150      DEC07A32 
 150      AD
 151 0108 7D2E7B90 		.ascii	"}.{\220\225\0109\023A\270\352R!\373\254gW\247\222\305"
 151      95083913 
 151      41B8EA52 
 151      21FBAC67 
 151      57A792C5 
 152 011c 6FF7179D 		.ascii	"o\367\027\235.{\261\217\015\374\021\223\215E\"9[\252"
 152      2E7BB18F 
 152      0DFC1193 
 152      8D452239 
 152      5BAA
 153 012e 64586545 		.ascii	"dXeEr\352w\331\306\001z\320\341\377\313\343\020\212"
 153      72EA77D9 
 153      C6017AD0 
 153      E1FFCBE3 
 153      108A
 154 0140 BE237993 		.ascii	"\276#y\223\251\267\031\303U\023Q2\302d\223\266;\370"
 154      A9B719C3 
 154      55135132 
 154      C26493B6 
 154      3BF8
 155 0152 4205C391 		.ascii	"B\005\303\221\211\310H|n2\022S!\323\307\234\300\363"
 155      89C8487C 
 155      6E321253 
 155      21D3C79C 
 155      C0F3
 156 0164 808A392A 		.ascii	"\200\2129*<\036U\316lH9\361\336\020\015\374W\372*6\033"
 156      3C1E55CE 
 156      6C4839F1 
 156      DE100DFC 
 156      57FA2A36 
 157 0179 77D4C8E8 		.ascii	"w\324\310\350p\177\237\032\032z\251F\007\207_\007\344"
 157      707F9F1A 
 157      1A7AA946 
 157      07875F07 
 157      E4
 158 018a F358343A 		.ascii	"\363X4:\331\033\246\007\012f\253\005"
 158      D91BA607 
 158      0A66AB05 
 159              		.text
 160              		.section	.gnu.lto_.symbol_nodes.cfc16a92,"",%progbits
 161 0000 789C55C8 		.ascii	"x\234U\310\273\021\200 \000D\301\307!3tk\011G\011\370"
 161      BB118020 
 161      0044C1C7 
 161      2133746B 
 161      094709F8 
 162 0014 21750CAC 		.ascii	"!u\014\254\307\032\254\3041\320@6\334\010\214|Te\250"
 162      C71AACC4 
 162      31D04036 
 162      DC088C7C 
 162      5465A8
ARM GAS  C:\Users\akudo\AppData\Local\Temp\cc7CSvWH.s 			page 12


 163 0027 27D86C7B 		.ascii	"'\330l{F\223\034\272\230eu\261\310\261\213U\036\376"
 163      46931CBA 
 163      986575B1 
 163      C8B18B55 
 163      1EFE
 164 0039 119A9CDE 		.ascii	"\021\232\234\336\240\224L$q\\w\340\001\306>\036\234"
 164      A0944C24 
 164      715C77E0 
 164      01C63E1E 
 164      9C
 165              		.text
 166              		.section	.gnu.lto_.refs.cfc16a92,"",%progbits
 167 0000 789C6366 		.ascii	"x\234cf```d\200\002\000\000=\000\005"
 167      60606064 
 167      80020000 
 167      3D0005
 168              		.text
 169              		.section	.gnu.lto_.decls.cfc16a92,"",%progbits
 170 0000 789CB557 		.ascii	"x\234\265WkP\024W\026\356\333wx\015\003\270XkR\324\326"
 170      6B501457 
 170      16EEDB77 
 170      780D03B8 
 170      586B52D4 
 171 0015 2EC12DCA 		.ascii	".\301-\312\265\324\021\\\327$\373#\272\243e\254\212"
 171      B5D4115C 
 171      D724FB23 
 171      BAA365AC 
 171      8A
 172 0026 AE35B855 		.ascii	"\2565\270U\251\222\252\011\302\030\251\342\3412\303"
 172      A992AA09 
 172      C218A9E2 
 172      E132C3
 173 0035 D6E65F0F 		.ascii	"\326\346_\017`\004\025ED\303Ct\024\004\004y\031\221"
 173      60041545 
 173      44C34374 
 173      14040479 
 173      1991
 174 0047 800A8891 		.ascii	"\200\012\210\221\227\362\320\200\202\017@\214\"\012"
 174      97F2D080 
 174      820F408C 
 174      220A
 175 0055 3AF80234 		.ascii	":\370\00242{\356\275\335=\303\354h\262[\273]\234\351"
 175      327BEEBD 
 175      DD3DC3EC 
 175      68B25BBB 
 175      5D9CE9
 176 0068 7BEEFDCE 		.ascii	"{\356\375\316w\316=\347v\367\001s\034gF\034g\205\353"
 176      77CE3DE7 
 176      76F70173 
 176      1C67461C 
 176      6785EB
 177 007b F7B338EE 		.ascii	"\367\2638\356%\317q\2560\267\236\263]D?\001r\006\344"
 177      25CF71AE 
 177      30B79EB3 
 177      5D443F01 
 177      7206E4
 178 008e 1C483D48 		.ascii	"\034H=H#\310\367\334\277_\004\207E\373\213 \307\305"
ARM GAS  C:\Users\akudo\AppData\Local\Temp\cc7CSvWH.s 			page 13


 178      23C8F7DC 
 178      BF5F0487 
 178      45FB8B20 
 178      C7C5
 179 00a0 795E5C73 		.ascii	"y^\\sfCx\335E\033o\020\025H5\210\007\304\345\006r\007"
 179      664378DD 
 179      451B6F10 
 179      15483588 
 179      07C4E506 
 180 00b6 C6AD222F 		.ascii	"\306\255\"/\017\372s\270\277\0269\211\255'\314\301\037"
 180      0FFA73B8 
 180      BF163989 
 180      AD27CCC1 
 180      1F
 181 00c7 E78766F2 		.ascii	"\347\207f\362\222X\025\"\257\304Ex\220\235=\301\374"
 181      92581522 
 181      AFC44578 
 181      909D3DC1 
 181      FC
 182 00d8 C6C18E13 		.ascii	"\306\301\216\023\367\370KbBbL\274h\363[1\226@\007N\222"
 182      F7F84B62 
 182      42624CBC 
 182      68F35B31 
 182      9640074E 
 183 00ed 2FB7FF80 		.ascii	"/\267\377\200\213\340\347\211\\\363\035\270\306yTS\366"
 183      8BE0E789 
 183      5CF31DB8 
 183      C6795453 
 183      F6
 184 00fe BCDDF301 		.ascii	"\274\335\363\001\217\274\225\376D\255Mo\311t\005U\245"
 184      8FBC95FE 
 184      44AD4D6F 
 184      C9740555 
 184      A5
 185 010f 5410F5CC 		.ascii	"T\020\365\314\353\241n\305{\373\005\270\322\022\205"
 185      EBA16EC5 
 185      7BFB05B8 
 185      D21285
 186 011e 590AB47E 		.ascii	"Y\012\264~\016*D~\250\010\371\001\343q\364\036\374n"
 186      0E2A447E 
 186      A808F901 
 186      E371F41E 
 186      FC6E
 187 0130 54302673 		.ascii	"T0&su\322S\005\006\2670\316\313\274\323\255\\P\014f"
 187      75D25305 
 187      06B730CE 
 187      CBBCD3AD 
 187      5C500C66 
 188 0144 C942430B 		.ascii	"\311BC\013\262\271\273_v/\233\367?$\230+,E\223}*\241"
 188      B2B9BB5F 
 188      762F9BF7 
 188      3F24982B 
 188      2C45937D 
 189 015a 4568B05A 		.ascii	"Eh\260Z?\241T\250\030aT\202\026\020$\031S\023t\002\371"
 189      3FA154A8 
 189      18615482 
 189      16102419 
ARM GAS  C:\Users\akudo\AppData\Local\Temp\cc7CSvWH.s 			page 14


 189      53137402 
 190 016f 8359C721 		.ascii	"\203Y\307!\363)\037\374g\312]_7\331\244\304\253\350"
 190      F3291FFC 
 190      67CA5D5F 
 190      37D9A4C4 
 190      ABE8
 191 0181 7857F260 		.ascii	"xW\362`\253\022\257\243cS\301\231]n\020\372\007J\352"
 191      AB12AFA3 
 191      6353C199 
 191      5D6E10FA 
 191      074AEA
 192 0194 6920672A 		.ascii	"i g*\337\203\252\344D\372\300\024\337r_\310\363F\201"
 192      DF83AAE4 
 192      44FAC014 
 192      DF725FC8 
 192      F34681
 193 01a7 CA7C88CB 		.ascii	"\312|\210\313R\2237\364i\242\260\034}\213\224\250\\"
 193      529337F4 
 193      69A2B01C 
 193      7D8B94A8 
 193      5C
 194 01b8 F64CADC9 		.ascii	"\366L\255\311\225,\010\011d\317\036-\336\234\274et\022"
 194      952C0809 
 194      64CF1E2D 
 194      DE9CBC65 
 194      7412
 195 01ca 05028262 		.ascii	"\005\002\202bQ\005LV\302$\020_\374\251.\311\005)\003"
 195      51054C56 
 195      C224105F 
 195      FCA92EC9 
 195      052903
 196 01dd 9D1B5539 		.ascii	"\235\033U91\242!$oO\237#\010\012t\012B(\263\205\000"
 196      31A22124 
 196      6F4F9F23 
 196      080A740A 
 196      4228B385 
 197 01f2 1149F9E2 		.ascii	"\021I\371\342\307\312\322\253\220\024\362\331\221\354"
 197      C7CAD2AB 
 197      9014F2D9 
 197      91EC
 198 0200 5F137C35 		.ascii	"_\023|5\340Km\370S\350\2351\237v\0323\252L\355OqS\300"
 198      E04B6DF8 
 198      53E89D31 
 198      9F761A33 
 198      AA4CED4F 
 199 0217 09A1741B 		.ascii	"\011\241t\033i\271\373zS\346\275\265\3325\264\332\337"
 199      69B9FB7A 
 199      53E6BDB5 
 199      DA35B4DA 
 199      DF
 200 0228 21B1DC55 		.ascii	"!\261\334U\265]\243J|\225\325\273\263\262\376\272'\224"
 200      B55DA34A 
 200      7C95D5BB 
 200      B3B2FEBA 
 200      2794
 201 023a 7510CA5A 		.ascii	"u\020\312Z\3735\316\022\314\011\302\264\325\212\250"
 201      FB35CE12 
ARM GAS  C:\Users\akudo\AppData\Local\Temp\cc7CSvWH.s 			page 15


 201      CC09C2B4 
 201      D58AA8
 202 0249 15AAB52B 		.ascii	"\025\252\265+l\255T\3303\264\260{v>\334\306\343\001"
 202      6CAD54D8 
 202      33B4B07B 
 202      763EDCC6 
 202      E301
 203 025b C672C974 		.ascii	"\306r\311t\301\344JY\314g\362\\\331\321\240'\343\254"
 203      C1E44A59 
 203      CC67F25C 
 203      D9D1A027 
 203      E3AC
 204 026d 1DC15989 		.ascii	"\035\301Y\211\340\034%\250(\262\324y\341G\214\340V\341"
 204      E01C25A8 
 204      28B2D479 
 204      E1478CE0 
 204      56E1
 205 027f F51E1686 		.ascii	"\365\036\026\206\271O& \021\324\331\021\324I\004\365"
 205      B94F2620 
 205      11D4D911 
 205      D44904F5 
 206 028f 94E0BBAB 		.ascii	"\224\340\273\253\335\023n\366\233&\351\260\355\272a"
 206      DD136EF6 
 206      9B26E9B0 
 206      EDBA61
 207 029e C6192F1D 		.ascii	"\306\031/\035\234|\244\302/\231\267\254\254\234`\352"
 207      9C7CA4C2 
 207      2F99B7AC 
 207      AC9C60EA 
 208 02ae 6C70EA6E 		.ascii	"lp\352n\223\355(\203\005:o\347\357\274\344\257\221\372"
 208      93ED2883 
 208      053A6FE7 
 208      EFBCE4AF 
 208      91FA
 209 02c0 FB213BFD 		.ascii	"\373!;\375\024\302&L)\252s\24620\341\020,\271c\323\313"
 209      14C2264C 
 209      29AA73A6 
 209      3230E110 
 209      2CB963D3 
 210 02d5 F726A6E5 		.ascii	"\367&\246\345\013\203V\353\357\330\003q\301\216\345"
 210      0B8356EB 
 210      EFD80371 
 210      C18EE5
 211 02e4 82C4F23D 		.ascii	"\202\304\362=e\351\317l\330\241P\355\260\025\234\032"
 211      65E9CF6C 
 211      D8A150ED 
 211      B0159C1A 
 212 02f4 D8C2BE88 		.ascii	"\330\302\276\210T\024\015w@7\215\324\355V\321\207\\"
 212      54140D77 
 212      40378DD4 
 212      ED56D187 
 212      5C
 213 0305 70256E2B 		.ascii	"p%n+\352KR<\350S\376\005Q\033k\266\347*p\007\013i\254"
 213      EA4B523C 
 213      E853FE05 
 213      511B6BB6 
 213      E72A7007 
ARM GAS  C:\Users\akudo\AppData\Local\Temp\cc7CSvWH.s 			page 16


 214 031c 31FF9F4A 		.ascii	"1\377\237J8I\211\277\354 \203ER\226\365\005\3067\230"
 214      384989BF 
 214      EC208345 
 214      5296F505 
 214      C63798
 215 032f 79F654F9 		.ascii	"y\366T\371qO\334/*Y\3157\025x\210)\371\373\017\234p"
 215      714FDC2F 
 215      2A59CD37 
 215      15788829 
 215      F9FB0F9C 
 216 0344 A14EDDE9 		.ascii	"\241N\335\351\243\333\331\275\307\003\017\263\265\202"
 216      A3DBD9BD 
 216      C7030FB3 
 216      B582
 217 0352 8C89141F 		.ascii	"\214\211\024\037<\312\224KC\223\317T\0248\213\250S\257"
 217      3CCA944B 
 217      4393CF54 
 217      14388BA8 
 217      53AF
 218 0364 BBFB78FC 		.ascii	"\273\373x\374\204\255\265]\273s\324\005?cJ\326\304\345"
 218      84ADB55D 
 218      BB73D405 
 218      3F634AD6 
 218      C4E5
 219 0376 261F0A7C 		.ascii	"&\037\012|\237\250\0239\211\211>x\212\255\231\013\337"
 219      9FA81339 
 219      89893E78 
 219      8AAD990B 
 219      DF
 220 0387 58BDB195 		.ascii	"X\275\261\225)\322KN\305^r\007\317?\274\342\205\223"
 220      29D24B4E 
 220      C55E7207 
 220      CF3FBCE2 
 220      8593
 221 0399 1474EDD9 		.ascii	"\024t\355\331P\3024\302\311L)\032\352H\367\242\300y"
 221      50C234C2 
 221      C94C291A 
 221      EA48F7A2 
 221      C079
 222 03ab 443D9C31 		.ascii	"D=\2341\245\301\273\330R\355\370\316\347\3568\215)\003"
 222      A5C1BBD8 
 222      52EDF8CE 
 222      E7EE388D 
 222      2903
 223 03bd 13038D6E 		.ascii	"\023\003\215n\024\267\230\250\373\317\036L\367`\371"
 223      14B798A8 
 223      FBCF1E4C 
 223      F760F9
 224 03cc A5CBBBCB 		.ascii	"\245\313\273\313\362\237\261\3000e=r\3532&9\025\244"
 224      F29FB1C0 
 224      30653D72 
 224      EB322639 
 224      15A4
 225 03de 62A9EC8F 		.ascii	"b\251\354\217\330\000y~\321<?\324\317\362\231\373\250"
 225      D800797E 
 225      D13C3FD4 
 225      CFF299FB 
ARM GAS  C:\Users\akudo\AppData\Local\Temp\cc7CSvWH.s 			page 17


 225      A8
 226 03ef ABD8C737 		.ascii	"\253\330\3077\215\302\005\301\337H\337\017\267\001\336"
 226      8DC205C1 
 226      DF48DF0F 
 226      B701DE
 227 03fe 45E183C8 		.ascii	"E\341\203\310W2\"\350oz\212,n\366\350\326w\241w\034"
 227      573222E8 
 227      6F7A8A2C 
 227      6EF6E8D6 
 227      77A1771C 
 228 0412 C8684238 		.ascii	"\310hB8\203\355\242\307t\377\032\2173\231r2\357\330"
 228      83EDA2C7 
 228      74FF1A8F 
 228      33997232 
 228      EFD8
 229 0424 69762696 		.ascii	"iv&\226\323-\\\277\322\343\206s\331ZMe\332\2247]\373"
 229      D32D5CBF 
 229      D2E38673 
 229      D95A4D65 
 229      DA94375D 
 230 0439 94A8AD55 		.ascii	"\224\250\255U\251\015J|\204\255\275)\371q\222\307\005"
 230      A90D4A7C 
 230      84ADBD29 
 230      F97192C7 
 230      05
 231 044a 4C19AE1B 		.ascii	"L\031\256\033\025x\012\\O\324\376\261\324\001w||\246"
 231      15780A5C 
 231      4FD4FEB1 
 231      D401777C 
 231      7CA6
 232 045c 036FE660 		.ascii	"\003o\346`\307\316J\253\333\333\2232*%\345\0174'\246"
 232      C7CE4AAB 
 232      DBDB9332 
 232      2A25E50F 
 232      3427A6
 233 046f DC638358 		.ascii	"\334c\203X\334\245Y\312\311#@\267S\364\030\335\345\250"
 233      DCA559CA 
 233      C92340B7 
 233      53F418DD 
 233      E5A8
 234 0481 B4CBF1DE 		.ascii	"\264\313\361\336\244NO{t\353\273\320\355/\213r]q9\213"
 234      A44E4F7B 
 234      74EBBBD0 
 234      ED2F8B72 
 234      5D71398B 
 235 0495 32F96C46 		.ascii	"2\371lF\001K\303\347\240\316\271\331\271\275\334\013"
 235      014BC3E7 
 235      A0CEB9D9 
 235      B9BDDC0B 
 236 04a5 05B06B76 		.ascii	"\005\260kv\200\335\025\030`\026\222\022-\243\225'\226"
 236      80DD1518 
 236      60169212 
 236      2DA39527 
 236      96
 237 04b6 D59C141A 		.ascii	"\325\234\024\032\2220u\362\000\036\331I4\333\366\314"
 237      923075F2 
 237      001ED949 
ARM GAS  C:\Users\akudo\AppData\Local\Temp\cc7CSvWH.s 			page 18


 237      34DBF6CC 
 238 04c6 8C508FF3 		.ascii	"\214P\217\363\341\207#x\363\303R\327\226\305\024:\354"
 238      E1872378 
 238      F3C352D7 
 238      96C5143A 
 238      EC
 239 04d7 08BD4FA1 		.ascii	"\010\275O\241\205H\306\336\220\261=\216\330k\016\264"
 239      8548C6DE 
 239      90B13D8E 
 239      D86B0EB4 
 240 04e7 1D32B4D3 		.ascii	"\0352\264\323\021\332\345\000\275-Co8B\373\034#\350"
 240      11DAE500 
 240      BD2D436F 
 240      3842FB1C 
 240      23E8
 241 04f9 93B1DD8E 		.ascii	"\223\261\335\216\330\037\034\261\2752\366\252s,\015"
 241      D81F1CB1 
 241      BD32F6AA 
 241      732C0D
 242 0508 61AF7850 		.ascii	"a\257xP\227\0339\324\004\353\315t\211\240\341\265\202"
 242      971B39D4 
 242      04EBCD74 
 242      89A0E1B5 
 242      82
 243 0519 B6F181E8 		.ascii	"\266\361\201\350\025\012@S \002\037\200^\303\3759\210"
 243      150A4053 
 243      20021F80 
 243      5EC3FD39 
 243      88
 244 052a 09C61370 		.ascii	"\011\306\023p\177\011\362\014\344\015H\022\314\275\200"
 244      7F09F20C 
 244      E40D4812 
 244      CCBD80
 245 0539 FB344802 		.ascii	"\3734H\002\214\023A~\202\361S\220q\220\257A\267\242"
 245      8C13417E 
 245      82F15390 
 245      7190AF41 
 245      B7A2
 246 054b 00FAD6A4 		.ascii	"\000\372\326\244\001^\222\003\274\344\030\340<\207\275"
 246      015E9203 
 246      BCE418E0 
 246      3C87BD
 247 055a B4C9D036 		.ascii	"\264\311\3206\247P[6\333ed\207#\262\3351C#2\366\236"
 247      A7505B36 
 247      DB656487 
 247      23B2DD31 
 247      432332F6 
 248 056f F3DADB68 		.ascii	"\363\332\333ho\312\320\353\316KoG\333/co:bo\315\240"
 248      6FCAD0EB 
 248      CE4B6F47 
 248      DB2F636F 
 248      3A626FCD 
 249 0584 3599C716 		.ascii	"5\231\307\026\002\3621\362EOD\244\364P \213C\000\227"
 249      02F231F2 
 249      454F44A4 
 249      F450208B 
 249      430097
ARM GAS  C:\Users\akudo\AppData\Local\Temp\cc7CSvWH.s 			page 19


 250 0597 65D2CBCE 		.ascii	"e\322\313\316\367e\203v\312\320+\316\317\236\034\253"
 250      F7658376 
 250      CAD02BCE 
 250      CF9E1CAB 
 251 05a7 C93C4002 		.ascii	"\311<@\002\270\003\001\014\211P\351M%\206j\267\255\007"
 251      B803010C 
 251      8950E94D 
 251      25866AB7 
 251      AD07
 252 05b9 32ED5D47 		.ascii	"2\355]G\332\037\035\261\267dl\257\3633M\243%M\324`k"
 252      DA1F1DB1 
 252      B7646CAF 
 252      F3334DA3 
 252      254DD460 
 253 05ce A9AB8008 		.ascii	"\251\253\200\010\204\223\276\255\234|D\006GK;\340C\316"
 253      8493BEAD 
 253      9C7C4406 
 253      474B3BE0 
 253      43CE
 254 05e0 981E3A7F 		.ascii	"\230\036:\177\224\231Wh\315\232-5\323\030\315\016tv"
 254      94995768 
 254      CD9A2D35 
 254      D318CD0E 
 254      7476
 255 05f2 A251321C 		.ascii	"\242Q2\034\344\377\367\241\246\333y\034\355\216\266"
 255      E4FFF7A1 
 255      A6DB791C 
 255      ED8EB6
 256 0601 F3B3518B 		.ascii	"\363\263Q\213\255\037${\223\372\355s\207\233\306\335"
 256      AD1F247B 
 256      93FAED73 
 256      879BC6DD 
 257 0611 66F40904 		.ascii	"f\364\011\004l{\315\246\360\254O\200;\240\017T\015\207"
 257      6C7BCDA6 
 257      F0AC4F80 
 257      3BA00F54 
 257      0D87
 258 0623 E049F622 		.ascii	"\340I\366\"|\222\320\225\350\005\255IC\205%\267\264"
 258      7C92D095 
 258      E805AD49 
 258      438525B7 
 258      B4
 259 0634 2C2C3D51 		.ascii	",,=Q`\255\211\331\235vT;x[o\002c\326\233\354\344Io\322"
 259      60AD89D9 
 259      9D76543B 
 259      785B6F02 
 259      63D69BEC 
 260 064c 5292FB05 		.ascii	"R\222\373\005\336\351BX\024w\017V\234\366A\201~~\264"
 260      DEE94258 
 260      14770F56 
 260      9CF64181 
 260      7E7EB4
 261 065f 834D867E 		.ascii	"\203M\206~;\215W\242]\242\001\2732a~\362\023\262\000"
 261      3B8D57A2 
 261      5DA201BB 
 261      32617EF2 
 261      13B200
ARM GAS  C:\Users\akudo\AppData\Local\Temp\cc7CSvWH.s 			page 20


 262 0672 43777AA7 		.ascii	"Cwz\247\235\254%]\300\357sh\001\375\006\240T\310\"Y"
 262      9DAC255D 
 262      C0EF7368 
 262      01FD06A0 
 262      54C82259 
 263 0686 E2D01EDE 		.ascii	"\342\320\036\336\017\355\346\351gah\337x\212\213RD'"
 263      0FEDE6E9 
 263      676168DF 
 263      788A8B52 
 263      4427
 264 0698 FF1C3A27 		.ascii	"\377\034:'\355j\026k\203\266\020u\364\244\271\311\235"
 264      ED6A166B 
 264      83B61075 
 264      F4A4B9C9 
 264      9D
 265 06a9 BEEABD68 		.ascii	"\276\352\275h\373\260\315\222\242\244\252\212\252OK"
 265      FBB0CD92 
 265      A2A4AA8A 
 265      AA4F4B
 266 06b8 5E2BDEFE 		.ascii	"^+\336\376}\332\317\213\337\247\014\306}y\317\305^\225"
 266      7DDACF8B 
 266      DFA70CC6 
 266      7D79CFC5 
 266      5E95
 267 06ca ED338CE8 		.ascii	"\3553\214\350>\323\301\367>\236\300\017\360\276\222"
 267      3ED3C1F7 
 267      3E9EC00F 
 267      F0BE92
 268 06d9 1141973C 		.ascii	"\021A\227<\250*\347\355\321{\337\205\276\227\276\337"
 268      A82AE7ED 
 268      D17BDF85 
 268      BE97BEDF 
 269 06e9 82711ACD 		.ascii	"\202q\032\315(\352o\036:\212p\026S:\207\237&x\314=\""
 269      28EA6F1E 
 269      3A8A7016 
 269      533A879F 
 269      2678CC3D 
 270 06fe 74992D45 		.ascii	"t\231-EuM\310\2246\010|\244\351E\337\360\276(\023j\004"
 270      754DC894 
 270      36087CA4 
 270      E945DFF0 
 270      BE28136A 
 271 0713 6DB61D71 		.ascii	"m\266\035q\026I<*@<\207\262\371\271\344\037\265\027"
 271      16493C2A 
 271      403C87B2 
 271      F9B9E41F 
 271      B517
 272 0725 D5D52EB8 		.ascii	"\325\325.\270\220\261\325d\037\336\356#\225\374\333"
 272      90B1D564 
 272      1FDEEE23 
 272      95FCDB
 273 0734 192527DD 		.ascii	"\031%'\335e\216]\311s\244\222\037\244%\277}\245\270"
 273      658E5DC9 
 273      73A4921F 
 273      A425BF7D 
 273      A5B8
 274 0746 D81BD730 		.ascii	"\330\033\3270\232\246\307\035mJJc\0369\306\272\360z"
ARM GAS  C:\Users\akudo\AppData\Local\Temp\cc7CSvWH.s 			page 21


 274      9AA6C71D 
 274      6D4A4A63 
 274      1E39C6BA 
 274      F07A
 275 0758 E1037A6A 		.ascii	"\341\003zjr\355(r%\212C\224B\372\360z\323\017/\032N"
 275      72ED2872 
 275      258A4394 
 275      42FAF07A 
 275      D30F2F1A 
 276 076d 2B2A674D 		.ascii	"+*gM\240'QS_\215\267\263\016DI\324WS\315&\327\267\027"
 276      A0275153 
 276      5F8DB7B3 
 276      0E4449D4 
 276      5753CD26 
 277 0784 E7A8549C 		.ascii	"\347\250T\234#\2548-I\305\235^\216\3059\014Y1\323\254"
 277      23AC382D 
 277      49C59D5E 
 277      8EC5390C 
 277      5931D3AC 
 278 0798 E4D1741F 		.ascii	"\344\321t\037\225\322==jm\365q,\316[\321=\275m\317="
 278      95D23D3D 
 278      6A6DF571 
 278      2CCE5BD1 
 278      3DBD6DCF 
 279 07ad 711BDBFA 		.ascii	"q\033\333\372\336s\327LR=N7\333\327#_\254\007\374\323"
 279      DE73D74C 
 279      523D4E37 
 279      DBD7235F 
 279      AC07FCD3 
 280 07c1 61C775CC 		.ascii	"a\307u\314V\217\002Z\217\026\363\304m\037\334"
 280      568F025A 
 280      8F16F3C4 
 280      6D1FDC
 281 07d0 CBD8126A 		.ascii	"\313\330\022jM\005.R=\352\327\354\263\253\007\371'\243"
 281      4D052E52 
 281      3DEAD7EC 
 281      B3AB07F9 
 281      27A3
 282 07e2 D02E9985 		.ascii	"\320.\231\205R2\213h2\007\363\032\222\225x\204\321\264"
 282      52328B68 
 282      3207F31A 
 282      92957884 
 282      D1B4
 283 07f4 9B3353A5 		.ascii	"\2333S\245\240^:\015\252qFP\307mA\025\363s9W\203qML"
 283      A05E3A0D 
 283      AA714650 
 283      C76D4115 
 283      F3733957 
 284 080c A4D175F5 		.ascii	"\244\321u\365\272\277\371k\270\371\232\217\325\232-"
 284      BABFF96B 
 284      B8F99A8F 
 284      D59A2D
 285 081b 919B2243 		.ascii	"\221\233\"C\214\361\021\221\261\352p2\2165\004\375)"
 285      8CF11191 
 285      B1EA7032 
 285      8E3504FD 
 285      29
ARM GAS  C:\Users\akudo\AppData\Local\Temp\cc7CSvWH.s 			page 22


 286 082c 481D6B50 		.ascii	"H\035kPo\011\213R\033\342\302\325\006\343\242p\316\303"
 286      6F098B52 
 286      1BE2C2D5 
 286      06E3A270 
 286      CEC3
 287 083e F095C118 		.ascii	"\360\225\301\030\031\255\327\031\335\343#c\214K\202"
 287      19ADD719 
 287      DDE32363 
 287      8C4B82
 288 084d 7546A54E 		.ascii	"uF\245N'\0157\207\177\034J\215\015\224(\324\030\033"
 288      270D3787 
 288      7F1C4A8D 
 288      0D9428D4 
 288      181B
 289 085f 1B6508FD 		.ascii	"\033e\010\3752&\336\237\216\374\303\342\242\375\365"
 289      3226DE9F 
 289      8EFCC3E2 
 289      A2FDF5
 290 086e D19BF411 		.ascii	"\321\233\364\021\021\372\210\320?.\372\310?xq\320\322"
 290      11FA88D0 
 290      3F2EFAC8 
 290      3F7871D0 
 290      D2
 291 087f BF2F0985 		.ascii	"\277/\011\205\371\2051\2611\372\205\372\260M\221\241"
 291      F98531B1 
 291      31FA85FA 
 291      B04D91A1 
 292 088f 9131E151 		.ascii	"\2211\341Q\361\021\372\320\3500\340\212\321\207\352"
 292      F111FAD0 
 292      E830E08A 
 292      D187EA
 293 089e 22F49BC3 		.ascii	"\"\364\233\303\342\243\214:\343W[\365\206E[\270\215"
 293      E2A38C3A 
 293      E3575BF5 
 293      86455BB8 
 293      8D
 294 08af FF5337B0 		.ascii	"\377S7\260\243P\235\301\030\001{\000\356\245\357\314"
 294      A3509DC1 
 294      18017B00 
 294      EEA5EFCC 
 295 08bf 459C512D 		.ascii	"E\234Q-\232\301\002I\205\030\221\312`\0141\206\305\031"
 295      9AC10249 
 295      851891CA 
 295      600C3186 
 295      C519
 296 08d1 5744810F 		.ascii	"WD\201\017O\242\304n\245c%\214\365Fi\270Z/#tQQ\021\272"
 296      4FA2C46E 
 296      A563258C 
 296      F54669B8 
 296      5A2F2374 
 297 08e9 48A8C1F2 		.ascii	"H\250\301\362\237M\376\326\3308\243A\035\262a\355\222"
 297      9F4DFED6 
 297      D838A341 
 297      1DB261ED 
 297      92
 298 08fa 60F5679F 		.ascii	"`\365g\237\255ToX\263\366\037AjF\001\276\201,\232$?"
 298      AD546F58 
ARM GAS  C:\Users\akudo\AppData\Local\Temp\cc7CSvWH.s 			page 23


 298      B3F61F41 
 298      6A4601BE 
 298      812C9A24 
 299 090f 325A67C4 		.ascii	"2Zg\304\032m\020H\260\"d\255F\253X\271f\225\226\017"
 299      1A6D1048 
 299      B02264AD 
 299      46AB58B9 
 299      6695960F 
 300 0923 D1E255AB 		.ascii	"\321\342U\253\265.\032\315Zm\020\375\015Vh4\253\264"
 300      B52E1ACD 
 300      5A6D10FD 
 300      0D566834 
 300      ABB4
 301 0935 58B36E03 		.ascii	"X\263n\003^\037\242\301+\264Z\254\325\200\016\006\177"
 301      5E1FA2C1 
 301      2BB45AAC 
 301      D5800E06 
 301      7F
 302 0946 59B9418B 		.ascii	"Y\271A\213W\022\313\265+\264\374_\231\325\022\300\177"
 302      5712CBB5 
 302      2BB4FC5F 
 302      99D512C0 
 302      7F
 303 0957 AED5FCD7 		.ascii	"\256\325\374\327a\212\301A\244\276\342\266\015$U\272"
 303      618AC141 
 303      A4BEE2B6 
 303      0D2455BA 
 304 0967 30920945 		.ascii	"0\222\011E\370\226\2608w\235ns|L\270N\347%\015\026-"
 304      F896B038 
 304      779D6E73 
 304      7C4CB84E 
 304      E7250D16 
 305 097c 5BBCECC3 		.ascii	"[\274\354\303_\311\360\330\255\014=K\232\321\213\346"
 305      5FC9F0D8 
 305      AD0C3D4B 
 305      9AD18BE6 
 306 098c F6061F2E 		.ascii	"\366\006\037.\225\226\277t\272\374\321\277\000\326c"
 306      9596BF74 
 306      BAFCD1BF 
 306      00D663
 307 099b E09E     		.ascii	"\340\236"
 308              		.text
 309              		.section	.gnu.lto_.symtab.cfc16a92,"",%progbits
 310 0000 7374496E 		.ascii	"stInit\000\000\000\000\000\000\000\000\000\000\000\000"
 310      69740000 
 310      00000000 
 310      00000000 
 310      0000
 311 0012 AC000000 		.ascii	"\254\000\000\000stStartAlarm\000\000\000\000\000\000"
 311      73745374 
 311      61727441 
 311      6C61726D 
 311      00000000 
 312 0028 00000000 		.ascii	"\000\000\000\000\000\000\273\000\000\000stStopAlarm"
 312      0000BB00 
 312      00007374 
 312      53746F70 
ARM GAS  C:\Users\akudo\AppData\Local\Temp\cc7CSvWH.s 			page 24


 312      416C6172 
 313 003d 00000000 		.ascii	"\000\000\000\000\000\000\000\000\000\000\000\000\275"
 313      00000000 
 313      00000000 
 313      BD
 314 004a 00000073 		.ascii	"\000\000\000stSetAlarm\000\000\000\000\000\000\000\000"
 314      74536574 
 314      416C6172 
 314      6D000000 
 314      00000000 
 315 005f 00000000 		.ascii	"\000\000\000\000\277\000\000\000stGetAlarm\000\000\000"
 315      BF000000 
 315      73744765 
 315      74416C61 
 315      726D0000 
 316 0074 00000000 		.ascii	"\000\000\000\000\000\000\000\000\000\302\000\000\000"
 316      00000000 
 316      00C20000 
 316      00
 317 0081 73745F6C 		.ascii	"st_lld_init\000\000\002\000\000\000\000\000\000\000"
 317      6C645F69 
 317      6E697400 
 317      00020000 
 317      00000000 
 318 0096 0000C400 		.ascii	"\000\000\304\000\000\000"
 318      0000
 319              		.text
 320              		.section	.gnu.lto_.opts,"",%progbits
 321 0000 272D666E 		.ascii	"'-fno-trapv' '-mcpu=cortex-m4' '-mno-thumb-interwor"
 321      6F2D7472 
 321      61707627 
 321      20272D6D 
 321      6370753D 
 322 0033 6B272027 		.ascii	"k' '-mthumb' '-ggdb' '-O2' '-fomit-frame-pointer' '"
 322      2D6D7468 
 322      756D6227 
 322      20272D67 
 322      67646227 
 323 0066 2D66616C 		.ascii	"-falign-functions=16' '-ffunction-sections' '-fdata"
 323      69676E2D 
 323      66756E63 
 323      74696F6E 
 323      733D3136 
 324 0099 2D736563 		.ascii	"-sections' '-fno-common' '-flto'\000"
 324      74696F6E 
 324      73272027 
 324      2D666E6F 
 324      2D636F6D 
 325              		.text
 326              		.comm	__gnu_lto_v1,1,1
 327              		.comm	__gnu_lto_slim,1,1
 328              		.ident	"GCC: (GNU Tools for ARM Embedded Processors) 4.9.3 20150529 (release) [ARM/embedded-4_9-br
ARM GAS  C:\Users\akudo\AppData\Local\Temp\cc7CSvWH.s 			page 25


DEFINED SYMBOLS
                            *ABS*:00000000 st.c
                            *COM*:00000001 __gnu_lto_v1
                            *COM*:00000001 __gnu_lto_slim

NO UNDEFINED SYMBOLS
