ARM GAS  C:\Users\akudo\AppData\Local\Temp\cc4WQAcp.s 			page 1


   1              		.syntax unified
   2              		.cpu cortex-m4
   3              		.fpu softvfp
   4              		.eabi_attribute 20, 1
   5              		.eabi_attribute 21, 1
   6              		.eabi_attribute 23, 3
   7              		.eabi_attribute 24, 1
   8              		.eabi_attribute 25, 1
   9              		.eabi_attribute 26, 1
  10              		.eabi_attribute 30, 2
  11              		.eabi_attribute 34, 1
  12              		.eabi_attribute 18, 4
  13              		.thumb
  14              		.file	"st_lld.c"
  15              		.text
  16              	.Ltext0:
  17              		.section	.gnu.lto_.profile.cfc156ff,"",%progbits
  18 0000 789C6366 		.ascii	"x\234cf```a\200\000F\006K\031\000\001\002\000^"
  18      60606061 
  18      80004606 
  18      4B190001 
  18      02005E
  19              		.text
  20              		.section	.gnu.lto_.jmpfuncs.cfc156ff,"",%progbits
  21 0000 789C6366 		.ascii	"x\234cf\300\016L\2414\023\230d\0042\230>21\356\370\364"
  21      C00E4CA1 
  21      34139864 
  21      0432983E 
  21      3231EEF8 
  22 0015 763ED70B 		.ascii	"v>\327\013\246\237L\0142\014\214\313\031\245\030@\202"
  22      A69F4C0C 
  22      320C8CCB 
  22      19A51840 
  22      82
  23 0026 3716BE99 		.ascii	"7\026\276\231\306\013\026\344``\\\001\024d\000\000g"
  23      C60B16E4 
  23      60605C01 
  23      14640000 
  23      67
  24 0037 480DE7   		.ascii	"H\015\347"
  25              		.text
  26              		.section	.gnu.lto_.inline.cfc156ff,"",%progbits
  27 0000 789C6366 		.ascii	"x\234cf\300\016\254\2404\023\003\003\217(#\003\023\337"
  27      C00EACA0 
  27      34130303 
  27      8F282303 
  27      13DF
  28 0012 BD0006B6 		.ascii	"\275\000\006\266\005\362L 1F.8\301 \"\003\224\224yp"
  28      05F24C20 
  28      31462E38 
  28      C1202203 
  28      94947970 
  29 0026 8B112ECB 		.ascii	"\213\021.\313\314\003\326\305\000\000\257\256\005`"
  29      CC03D6C5 
  29      0000AFAE 
  29      0560
  30              		.text
ARM GAS  C:\Users\akudo\AppData\Local\Temp\cc4WQAcp.s 			page 2


  31              		.section	.gnu.lto_.pureconst.cfc156ff,"",%progbits
  32 0000 789C6366 		.ascii	"x\234cf```e\200\000&\006+F)\000\001Y\000`"
  32      60606065 
  32      80002606 
  32      2B462900 
  32      01590060 
  33              		.text
  34              		.section	.gnu.lto_VectorB0.cfc156ff,"",%progbits
  35 0000 789C8D94 		.ascii	"x\234\215\224mlSU\030\307\237\347\234\333\333\256\335"
  35      6D6C5355 
  35      18C79FE7 
  35      9CDBDBAE 
  35      DD
  36 0011 87C54FB8 		.ascii	"\207\305O\270\230\265\0111\204\304q\231$\232\220\030"
  36      98B50931 
  36      84C47199 
  36      249A9018 
  37 0021 34352624 		.ascii	"45&$4&\224\357dtM\326\244\243\244\355\026\370@8]\307"
  37      342694EF 
  37      64744DD6 
  37      A4A3A4ED 
  37      16F84038 
  38 0037 344491E0 		.ascii	"4D\221\340\320\0153\025\335|\233\016\001A(\276T`e\302"
  38      D00D3315 
  38      DD7C9B0E 
  38      014128BE 
  38      546065C2 
  39 004b D830EA88 		.ascii	"\3300\352\210\2402\225\021\215H\366\246\243\231R\237"
  39      A0329511 
  39      8D48F6A6 
  39      A399529F 
  40 005b E7B4D6B5 		.ascii	"\347\264\326\265\303a\223\336{\356\371?/\377s~\347^"
  40      C36193DE 
  40      7BEEF93F 
  40      2FFF737E 
  40      E75E
  41 006d 090B7FAB 		.ascii	"\011\013\177\253\350?i\000\254A\000\264\001\212=\303"
  41      E83F6900 
  41      AC4100B4 
  41      018A3DC3 
  42 007d 00098710 		.ascii	"\000\011\207\0202U\003\312i\214Z\240*%\032\371i\003"
  42      325503CA 
  42      698C5AA0 
  42      2A251AF9 
  42      6903
  43 008f 910780B0 		.ascii	"\221\007\200\260CH\003w\340/bR\340\236t_\247kY\257R"
  43      43480377 
  43      E02F6252 
  43      E09E745F 
  43      A76B59AF 
  44 00a4 6A626ACE 		.ascii	"jbj\316\330\271$+\000\246E\276>\276\211\313\200b&\333"
  44      D8B9242B 
  44      00A645BE 
  44      3EBE89CB 
  44      806226DB 
  45 00b8 FEBAE432 		.ascii	"\376\272\3442\333(\246*\257\341[hRO8xOZ\345r\257\277"
  45      DB28A62A 
ARM GAS  C:\Users\akudo\AppData\Local\Temp\cc4WQAcp.s 			page 3


  45      AFE15B68 
  45      524F3878 
  45      4F5AE572 
  46 00ce F267CE70 		.ascii	"\362g\316pJ\310\0124\370\002p\215\202\270\327\270\020"
  46      4AC80A34 
  46      F802708D 
  46      82B8D7B8 
  46      10
  47 00df 7C9797F1 		.ascii	"|\227\227\361\324\261C\263\247m\2347+$\225\274y\376"
  47      D4B143B3 
  47      A76D9C37 
  47      2B2495BC 
  47      79FE
  48 00f1 6CBBED67 		.ascii	"l\273\355g\221\025\202\252*\203\273\\\2756\362\205C"
  48      911582AA 
  48      2A83BB5C 
  48      BD36F285 
  48      43
  49 0102 4F013F76 		.ascii	"O\001?v\355\032\354\220\335\370\022f\205\304\267\261"
  49      ED1AEC90 
  49      DDF81266 
  49      85C4B7B1 
  50 0112 1ADFC16A 		.ascii	"\032\337\301j-\274v3}_m\237j#\301\300>\354\306)m\027"
  50      2DBC7633 
  50      7D5F6D9F 
  50      6A23C1C0 
  50      3EECC629 
  51 0128 DFC55AB8 		.ascii	"\337\305Z\270\214\311[\355C2\337\307\310\267\332\177"
  51      8CC95BED 
  51      4332DFC7 
  51      C8B7DA7F 
  52 0138 697C4672 		.ascii	"i|Fr]\024\200\357Q\221\257\261\355\233du!\206\002\022"
  52      5D1480EF 
  52      5191AFB1 
  52      ED9B6475 
  52      21860212 
  53 014c 6F9C7CC6 		.ascii	"o\234|\306\256\003\250J?w\001\266.!U\303\316'&f\177"
  53      AE03A84A 
  53      3F7701B6 
  53      2E2155C3 
  53      CE272666 
  54 0161 D2CEE799 		.ascii	"\322\316\347\231J(\225^\276\250\261\203\377\032{\037"
  54      4A28955E 
  54      BEA8B183 
  54      FF1A7B1F 
  55 0171 6BE72F8F 		.ascii	"k\347/\217\200\341!J\031\305\326*N\233\356S\035Rz\221"
  55      80E1214A 
  55      19C5D62A 
  55      4E9BEE53 
  55      1D527A91 
  56 0185 C727FA67 		.ascii	"\307'\372g.\2708\310\346\341\307\324\336\301N\223\037"
  56      2EB838C8 
  56      E6E1C7D4 
  56      DEC14E93 
  56      1F
  57 0196 4DBD43BF 		.ascii	"M\275C\277~u\240\327\271\364\200R\255\023]\311\353\201"
  57      7E75A0D7 
ARM GAS  C:\Users\akudo\AppData\Local\Temp\cc4WQAcp.s 			page 4


  57      B9F48052 
  57      AD135DC9 
  57      EB81
  58 01a8 BD49D543 		.ascii	"\275I\325C\303\334\032wV\330\3610Jb\203G\310\320\007"
  58      C3DC1A77 
  58      56D8F130 
  58      4A628347 
  58      C8D007
  59 01bb 853550A3 		.ascii	"\2055P\243\243\270\224\022\177x\366\367#\310u\354\036"
  59      A3B89412 
  59      7F78F6F7 
  59      23C875EC 
  59      1E
  60 01cc C063A45E 		.ascii	"\300c\244^\301\326\037\273v]\3574K\350\216\365\336^"
  60      C1D61FBB 
  60      765DEF34 
  60      4BE88EF5 
  60      DE5E
  61 01de AED94E0B 		.ascii	"\256\331N\013,\345>\266ox`\211\004\374\2205Q\246\215"
  61      2CE53EB6 
  61      6F786089 
  61      04FC9035 
  61      51A68D
  62 01f1 3E973101 		.ascii	">\2271\001\217\263$\313\244\303\231\031;\340\011\226"
  62      8FB324CB 
  62      A4C39919 
  62      3BE00996 
  63 0201 8C52297D 		.ascii	"\214R)}\261\206\315\001\246X\264\225\0373<\211&\331"
  63      B186CD01 
  63      A658B495 
  63      1F333C89 
  63      26D9
  64 0213 FF88CF19 		.ascii	"\377\210\317\031B\017\237\324\2537n=/\335GE\267\352"
  64      420F9FD4 
  64      AB376E3D 
  64      2FDD4745 
  64      B7EA
  65 0225 F4648583 		.ascii	"\364d\205\2033\366]\231K8\015\332e\374\030\335\232\301"
  65      33F65D99 
  65      4B380DDA 
  65      65FC18DD 
  65      9AC1
  66 0237 FE9D2F76 		.ascii	"\376\235/vU\322\014~\202\206^)\340\247\310\220\317="
  66      55D20C7E 
  66      82865E29 
  66      E0A7C890 
  66      CF3D
  67 0249 F5EA1F86 		.ascii	"\365\352\037\206\373x!\273\202c/\336\310\244*tv\232"
  67      FB7821BB 
  67      82632FDE 
  67      C8A42A74 
  67      769A
  68 025b B3F1333A 		.ascii	"\263\3613:\276\337br\254cx\350\336\322e\014\024\367"
  68      BEDF6272 
  68      AC6378E8 
  68      DED2650C 
  68      14F7
ARM GAS  C:\Users\akudo\AppData\Local\Temp\cc4WQAcp.s 			page 5


  69 026d C55C60F4 		.ascii	"\305\\`\364\2246z\032\265\362\362\227\273\373\305\366"
  69      94367A1A 
  69      B5F2F297 
  69      BBFBC5F6 
  70 027d 39F5B472 		.ascii	"9\365\264rd\205s\232\260\260\214gp;\275\030\256\"\362"
  70      6485739A 
  70      B0B08C67 
  70      703BBD18 
  70      AE22F2
  71 0290 129053FF 		.ascii	"\022\220S\377\013\344\200\006Y<Dv\232\312\3747\310\361"
  71      0BE48006 
  71      593C4476 
  71      9ACAFC37 
  71      C8F1
  72 02a2 A2614739 		.ascii	"\242aG9\310\335#\014\362,k\025\013@~Gf\007Yr\226\203"
  72      C8DD230C 
  72      F22C6B15 
  72      0B407E47 
  72      66075972 
  73 02b8 6CBF4D20 		.ascii	"l\277M ?g\311U\006\362\0057\233\003<wg\220\347\365\376"
  73      3F67C955 
  73      06F20537 
  73      9B033C77 
  73      6790E7F5 
  74 02cd 0CCD03D9 		.ascii	"\014\315\003\331\363\333X\312\374\207QF3\272\240\031"
  74      F3DB58CA 
  74      FC875146 
  74      33BAA019 
  75 02dd 95031926 		.ascii	"\225\003\031& \374&\032\372#\302h\316\344\220\227u\247"
  75      20FC261A 
  75      FA23C268 
  75      CEE49097 
  75      75A7
  76 02ef ADAEA484 		.ascii	"\255\256\244\204\221\302>\177\217\211t\356I\035\011"
  76      91C23E7F 
  76      8F8974EE 
  76      491D09
  77 02fe FC35422E 		.ascii	"\3745B.@u\037\365\256\266\274\215\241M!\177\274\271"
  77      40751FF5 
  77      AEB6BC8D 
  77      A14D217F 
  77      BCB9
  78 0310 2114B102 		.ascii	"!\024\261\002<\216\304\352\036\252\263\"1\253\261>l"
  78      3C8EC4EA 
  78      1EAAB322 
  78      31ABB13E 
  78      6C
  79 0321 6D8944E3 		.ascii	"m\211D\3431\313\277\301\267\352Ak\335\272\307\255\015"
  79      31CBBFC1 
  79      B7EA416B 
  79      DDBAC7AD 
  79      0D
  80 0332 6B7D2D75 		.ascii	"k}-uV,\2761\034nX\021\000[K}\2709\270z\3212\321x\241"
  80      562CBE31 
  80      1C6E5811 
  80      005B4B7D 
  80      B839B87A 
ARM GAS  C:\Users\akudo\AppData\Local\Temp\cc4WQAcp.s 			page 6


  81 034b CA63EB7D 		.ascii	"\312c\353}^\337VR\003\221hpc\313\303M+\032\341\221E"
  81      5EDF5652 
  81      03916870 
  81      63CBC34D 
  81      2B1AE191 
  82 0360 53835BE3 		.ascii	"S\203[\343\226\327\347_\353\267B\233\003\341\346\206"
  82      96D7E75F 
  82      EBB7429B 
  82      03E1E686 
  83 0370 A0A55303 		.ascii	"\240\245S\003MO4o\016P\366\312\273\372\217\304\350B"
  83      4D4F346F 
  83      0E50F6CA 
  83      BBFA8FC4 
  83      E842
  84 0382 0EF87ED7 		.ascii	"\016\370~\327\004\212+\366i\214m\213QB\225\317\277\336"
  84      048A2BF6 
  84      698C6D8B 
  84      514295CF 
  84      BFDE
  85 0394 B3A93E16 		.ascii	"\263\251>\026\334\022\015=\340\271\177%\210(\330\233"
  85      DC120D3D 
  85      E0B97F25 
  85      8828D89B 
  86 03a4 824D91E8 		.ascii	"\202M\221\3506\370\033\021M1w"
  86      36F81B11 
  86      4D3177
  87              		.text
  88              		.section	.gnu.lto_st_lld_init.cfc156ff,"",%progbits
  89 0000 789C9D94 		.ascii	"x\234\235\224KL\023A\030\307\347?\333m\013\365}\322"
  89      4B4C1341 
  89      18C7E73F 
  89      DB6D0BF5 
  89      7DD2
  90 0012 86C48307 		.ascii	"\206\304\203\007.\326\015j<xR\341b\002'\270\033\205"
  90      2ED60D6A 
  90      3C7852E1 
  90      620227B8 
  90      1B85
  91 0024 03242435 		.ascii	"\003$$5\026\275\021\266\241\020b\214\001j\214F\253Q"
  91      16BD11B6 
  91      A110628C 
  91      016A8C46 
  91      AB51
  92 0036 63049187 		.ascii	"c\004\221\207(\025\305\307\212\017P^\222\032!\310\343"
  92      2815C5C7 
  92      8A0F505E 
  92      921A21C8 
  92      E3
  93 0047 82061221 		.ascii	"\202\006\022!\013\250\2701\202\363MK\021\271@7\331\231"
  93      0BA8B831 
  93      82F34D4B 
  93      11B94037 
  93      D999
  94 0059 DDF9667F 		.ascii	"\335\371f\177\277\357\333\231]\205\255>\334\342\314"
  94      BFEFDB99 
  94      5D85AD3E 
  94      DCE2CC
ARM GAS  C:\Users\akudo\AppData\Local\Temp\cc4WQAcp.s 			page 7


  95 0068 50193B22 		.ascii	"P\031;\"z(\014\274\262\2271\277\223\003t\301\300J8J"
  95      7A280CBC 
  95      B29731BF 
  95      930374C1 
  95      C04A384A 
  96 007c 30C96738 		.ascii	"0\311g8*\215\272K\256\324\333\272\256\233\315\301\035"
  96      2A8DBA4B 
  96      AED4DBBA 
  96      AE9BCDC1 
  96      1D
  97 008d 65DB2DCE 		.ascii	"e\333-\316\330\034\217bp\007\251L\314\231\011\374\031"
  97      D81C8F62 
  97      7007A94C 
  97      CC9909FC 
  97      19
  98 009e 70D90362 		.ascii	"p\331\003b\316\226h\0145\260C\364\215\333\014}q\361"
  98      CE96680C 
  98      35B043F4 
  98      8DDB0C7D 
  98      71F1
  99 00b0 D6D57321 		.ascii	"\326\325s!u+g\026\027.\321\250\324\330\251al\\L'\347"
  99      752B6716 
  99      172ED1A8 
  99      D4D8A961 
  99      6C5C4C27 
 100 00c5 17CEA957 		.ascii	"\027\316\251W\206\320\036\236\371\270\237\000\363\234"
 100      86D01E9E 
 100      F9B89F00 
 100      F39C
 101 00d3 FCBFDA46 		.ascii	"\374\277\332F\"\266\011nq\256\233\025\272\215tc\343"
 101      22B6096E 
 101      71AE9B15 
 101      BA8D7463 
 101      E3
 102 00e4 7DFD4E39 		.ascii	"}\375N9\304\350\266|a\314RC\270\002\213+\250\205\033"
 102      C4E8B67C 
 102      61CC5243 
 102      B8028B2B 
 102      A8851B
 103 00f7 77E19681 		.ascii	"w\341\226\201\252\352\037\301dO\235\036\360;-nC\035"
 103      AAEA1FC1 
 103      644F9D1E 
 103      F03B2D6E 
 103      431D
 104 0109 42989599 		.ascii	"B\230\225\231\343\036<l\010\245\337\355Q\217\022Uu\204"
 104      E31E3C6C 
 104      08A5DFED 
 104      518F1255 
 104      7584
 105 011b 269AA50A 		.ascii	"&\232\245\012`\250\027\020\221L5h\312:,\015\313\226"
 105      60A81710 
 105      914C3568 
 105      CA3A2C0D 
 105      CB96
 106 012d 4678049B 		.ascii	"Fx\004\233(\341\252O\266\250J\025O\314\327L\016\312"
 106      28E1AA4F 
 106      B6A84A15 
ARM GAS  C:\Users\akudo\AppData\Local\Temp\cc4WQAcp.s 			page 8


 106      4FCCD74C 
 106      0ECA
 107 013f FC55DDA8 		.ascii	"\374U\335\250\3247\255(I\225\314\236`_\010Q\231\035"
 107      D437AD28 
 107      4995CC9E 
 107      605F0851 
 107      991D
 108 0151 4D42763F 		.ascii	"MBv?&\253\350\3749\345\\\2265K\031\275i<XY\022\251V"
 108      26ABE8FC 
 108      39E55C96 
 108      354B19BD 
 108      693C5859 
 109 0168 D5B056EC 		.ascii	"\325\260V\354\303el\013\325`'\212i\016\004\0341\320"
 109      C3656C0B 
 109      D560278A 
 109      690E041C 
 109      31D0
 110 017a 745747B9 		.ascii	"tWG\271J\351:\304\232\377\267(\016I\274|\266\363\202"
 110      4AE93AC4 
 110      9AFFB728 
 110      0E49BC7C 
 110      B6F382
 111 018d 22547E5D 		.ascii	"\"T~]7vZ\334\211\260\320=\212\351nN\033)d\003\311Z\245"
 111      37765ADC 
 111      89B0D03D 
 111      8AE96E4E 
 111      1B296403 
 112 01a4 4CEE9AC7 		.ascii	"L\356\232\307\360\210h\313\327\321\317.\"\331\372\016"
 112      F08868CB 
 112      D7D1CF2E 
 112      22D9FA0E 
 113 01b4 333C89D6 		.ascii	"3<\211\326`6\015\307\355kg\267I\266B\354\247\222\275"
 113      60360DC7 
 113      ED6B67B7 
 113      49B642EC 
 113      A792BD
 114 01c7 501A0943 		.ascii	"P\032\011C\262\027\305\261\231\341Y\014o&\202\177.\361"
 114      B217C5B1 
 114      99E1590C 
 114      6F26827F 
 114      2EF1
 115 01d9 36C2BF90 		.ascii	"6\302\277\220\370\370K\020c0\2262\037Y7:\011/%Z\354"
 115      F8F84B10 
 115      63309632 
 115      1F59373A 
 115      092F255A 
 116 01ee 068A7C68 		.ascii	"\006\212|h\253\235\203V/\226\307\330M\336vx\260\313"
 116      AB9D8356 
 116      2F96C7D8 
 116      4DDE7678 
 116      B0CB
 117 0200 2DF7D82B 		.ascii	"-\367\330+hq\221\271~\221\015\257\245\310N\2547\002"
 117      687191B9 
 117      7E910DAF 
 117      A5C84EAC 
 117      3702
 118 0212 1B4F7A34 		.ascii	"\033Oz4\001\326[\311r\020\253\343\037\226\231\010\253"
ARM GAS  C:\Users\akudo\AppData\Local\Temp\cc4WQAcp.s 			page 9


 118      01D65BC9 
 118      7210ABE3 
 118      1F969908 
 118      AB
 119 0223 53B29CC4 		.ascii	"S\262\234\304z'X\365Ky\215%\300z/YI\304\352\212\261"
 119      7A2758F5 
 119      4B798D25 
 119      C07A2F59 
 119      49C4EA8A 
 120 0238 86516604 		.ascii	"\206Qf\004#\362\303\240\351\327\"\347\033x\361o\275"
 120      23F2C3A0 
 120      E9D722E7 
 120      1B78F16F 
 120      BD
 121 0249 42171F40 		.ascii	"B\027\037@\362\034\355}t\243\230B\255\263S\327\223i"
 121      F21CED7D 
 121      74A39842 
 121      ADB353D7 
 121      9369
 122 025b 4D5D290C 		.ascii	"M])\014=p\213\241\301\033\337.n\224CN\206^\270-\276"
 122      3D708BA1 
 122      C11BDF2E 
 122      6E94434E 
 122      865EB82D 
 123 0270 818DC26F 		.ascii	"\201\215\302o\364gK\036\243\337\032\350w&v\365\241\364"
 123      F4674B1E 
 123      A3DF1AE8 
 123      772676F5 
 123      A1F4
 124 0282 835A7A7E 		.ascii	"\203Zz~\301\211\202\354\242\323y\005^-\227\256\275\276"
 124      C18982EC 
 124      A2D37905 
 124      5E2D97AE 
 124      BDBE
 125 0294 B403699A 		.ascii	"\264\003i\232\327\247\345\037/\324NzO\025\371\264\354"
 125      D7A7E51F 
 125      2FD44E7A 
 125      4F15F9B4 
 125      EC
 126 02a5 9CAC7D7B 		.ascii	"\234\254}{\265\314\314\014-\347h\326\2314\315Wt\254"
 126      B5CCCC0C 
 126      2DE768D6 
 126      9934CD57 
 126      74AC
 127 02b7 B0306F4F 		.ascii	"\2600oO.\373\013|w\350\302"
 127      2EFB0B7C 
 127      77E8C2
 128              		.text
 129              		.section	.gnu.lto_.symbol_nodes.cfc156ff,"",%progbits
 130 0000 789C4DC8 		.ascii	"x\234M\310\253\021\2000\024D\321\233}\021tA\023tE\021"
 130      AB118030 
 130      1444D19B 
 130      7D117441 
 130      13744511 
 131 0014 0F05367C 		.ascii	"\017\0056|4C\023t\200\246\212H\212 3 \262\253\3165\240"
 131      34431374 
 131      80A68A48 
ARM GAS  C:\Users\akudo\AppData\Local\Temp\cc4WQAcp.s 			page 10


 131      8A203320 
 131      B2ABCE35 
 132 0029 E79F921C 		.ascii	"\347\237\222\034\322\015\356\354G\203fy\250CX\344\372"
 132      D20DEEEC 
 132      47836679 
 132      A84358E4 
 132      FA
 133 003a 02C350BC 		.ascii	"\002\303P\274\312\255\366&\217\225\255<\237\235!\256"
 133      CAADF626 
 133      8F95AD3C 
 133      9F9D21AE 
 134 004a F1692D44 		.ascii	"\361i-D\362\364\264\274\0134\034}"
 134      F2F4B4BC 
 134      0B341C7D 
 135              		.text
 136              		.section	.gnu.lto_.refs.cfc156ff,"",%progbits
 137 0000 789C6366 		.ascii	"x\234cf```d\200\002\000\000=\000\005"
 137      60606064 
 137      80020000 
 137      3D0005
 138              		.text
 139              		.section	.gnu.lto_.decls.cfc156ff,"",%progbits
 140 0000 789CCD58 		.ascii	"x\234\315X{PT\327\031\337s\317\262\260\313\313b\233"
 140      7B5054D7 
 140      19DF73CF 
 140      B2B0CBCB 
 140      629B
 141 0012 B44E674A 		.ascii	"\264NgJ\354\324\246i\022\024\323\246\315\264\323\350"
 141      ECD4A669 
 141      1214D3A6 
 141      CDB4D3E8 
 142 0022 8286A924 		.ascii	"\202\206\251$\314\256\311d\022f\266\004\326\310\224"
 142      CCAEC964 
 142      1266B604 
 142      D6C894
 143 0031 87853535 		.ascii	"\207\20555\375\243\275\202\211\370\004\361\005\276\330"
 143      FDA3BD82 
 143      89F804F1 
 143      05BED8
 144 0040 282A0F11 		.ascii	"(*\017\021\024ET\344a\344\341\013Py\371\002|\362\022"
 144      144554E4 
 144      61E4E10B 
 144      5079F902 
 144      7CF212
 145 0053 04C500A2 		.ascii	"\004\305\000\242l\277s\316}\355\315j2\235v\246w\346"
 145      6CBF73CE 
 145      7DEDCD6A 
 145      329D76A6 
 145      77E6
 146 0065 B7F77EE7 		.ascii	"\267\367~\347\374\316\357|\347;\347\236\373\235\305"
 146      FCCEEF7C 
 146      E73BE79E 
 146      FB9DC5
 147 0074 1A8DE61D 		.ascii	"\032\215\346\035\244\3218\340j\237\242\321|\354\246"
 147      A4D138E0 
 147      6A9FA2D1 
 147      7CECA6
ARM GAS  C:\Users\akudo\AppData\Local\Temp\cc4WQAcp.s 			page 11


 148 0083 D160280B 		.ascii	"\321`(\013\003@\261\246H\303.(\326\034\002\224\000J"
 148      0340B1A6 
 148      48C32E28 
 148      D61C0294 
 148      004A
 149 0095 01C70015 		.ascii	"\001\307\000\025\232o_\204\343%\264\177\011\200A\004"
 149      9A6F5F84 
 149      E325B47F 
 149      09804104 
 150 00a5 01BE8667 		.ascii	"\001\276\206g\037\241\216hzB\331$\300\017\000\007\205"
 150      1FA18E68 
 150      7A42D924 
 150      C00F0007 
 150      85
 151 00b6 BE0600DE 		.ascii	"\276\006\000\336\202\306d(\370\021\340E\300O\000?\003"
 151      82C66428 
 151      F811E045 
 151      C04F003F 
 151      03
 152 00c7 BC8458BF 		.ascii	"\274\204X\277?\207\373/\000\277\004\374\0121\177\324"
 152      3F87FB2F 
 152      00BF04FC 
 152      0A317FD4 
 153 00d7 5789A025 		.ascii	"W\211\240%\372\221\000\274E\202\037\377\202\373?\221"
 153      FA9100BC 
 153      45821FFF 
 153      82FB3F91 
 154 00e7 ECDB5528 		.ascii	"\354\333U(\343\021\363\353\004\300\000\370\030\354\177"
 154      E311F3EB 
 154      04C000F8 
 154      18EC7F
 155 00f6 0026E0F9 		.ascii	"\000&\340\371>`\010\360\004\360\010\360\0200\016\030"
 155      3E6008F0 
 155      04F008F0 
 155      10300E18 
 156 0106 0670425F 		.ascii	"\006pB_\256b1\304\241\243\373\207\317{vs\310\307\340"
 156      AE6231C4 
 156      A1A3FB87 
 156      CF7B7673 
 156      C8C7E0
 157 0119 4FCC63E9 		.ascii	"O\314c\351u\031:0\275\014ZbV\224\217\326\0300\207\310"
 157      75193A30 
 157      BD0C5A62 
 157      56948FD6 
 157      183087C8 
 158 012d F3AE8C1B 		.ascii	"\363\256\214\033M\206W\363x\236O\341+\333\220,\261:"
 158      4D8657F3 
 158      789E4FE1 
 158      2BDB902C 
 158      B13A
 159 013f A5F3B401 		.ascii	"\245\363\264\001\373Q\322\322=\307W\273C\373\227\014"
 159      FB51D2D2 
 159      3DC757BB 
 159      43FB970C 
 160 014f B4AA63EB 		.ascii	"\264\252c\353X\266\236\232d\372|\241\210\253\273\313"
 160      58B69E9A 
 160      64FA7CA1 
ARM GAS  C:\Users\akudo\AppData\Local\Temp\cc4WQAcp.s 			page 12


 160      88ABBBCB 
 161 015f EFF241D3 		.ascii	"\357\362A\323\014\331 4x\"\275\346\247<\257E\205\310"
 161      0CD92034 
 161      7822BDE6 
 161      A73CAF45 
 161      85C8
 162 0171 80F21146 		.ascii	"\200\362\021Fy\350U\022j\322\232\\)<\237\304\247%\363"
 162      79E85512 
 162      6AD29A5C 
 162      293C9FC4 
 162      A725F3
 163 0184 FA3A1F0D 		.ascii	"\372:\037\015\332\213\246\240\0344E\203\366\243i\300"
 163      DA8BA6A0 
 163      1C344583 
 163      F6A369C0 
 164 0194 A05CB40F 		.ascii	"\240\\\264\017\012\013\240\020\204\253\237\224/sC\206"
 164      0A0BA010 
 164      84AB9F94 
 164      2F734386 
 165 01a4 69AE1B1D 		.ascii	"i\256\033\035p\321\210\272\260\372\213\364\027\210\013"
 165      70D188BA 
 165      B0FA8BF4 
 165      17880B
 166 01b3 45E042AE 		.ascii	"E\340B\256\354\002x\304| \0250\222\343\3437\233\264"
 166      EC0278C4 
 166      7C201530 
 166      92E3E337 
 166      9BB4
 167 01c5 2F6E8416 		.ascii	"/n\204\026D{\222\026\205\275 \211k\320A\364\"\374~\254"
 167      447B9216 
 167      85BD2089 
 167      6BD041F4 
 167      22FC7EAC 
 168 01d9 650119AE 		.ascii	"e\001\031\256ll\301\270\023\321\210$\025W-\367\364\337"
 168      6C6CC1B8 
 168      13D18824 
 168      15572DF7 
 168      F4DF
 169 01eb C1DB8B06 		.ascii	"\301\333\213\006/w\215\3503y{\022?\341p \332\010\025"
 169      2F778DE8 
 169      33797B12 
 169      3FE17020 
 169      DA0815
 170 01fe 4B3D6AC8 		.ascii	"K=j\3103\353\361\020\362\207\206\227\266\244\037B8\217"
 170      33EBF110 
 170      F2878697 
 170      B6A41F42 
 170      388F
 171 0210 05FF78DA 		.ascii	"\005\377x\332\372\033^T\245s\353ik\3452\376\211\303"
 171      FA1B5E54 
 171      A573EB69 
 171      6BE532FE 
 171      89C3
 172 0222 8199C461 		.ascii	"\201\231\304a\205\304aQ\242\204J\354\355;\226\247\307"
 172      85C46151 
 172      A2844AEC 
 172      ED3B96A7 
ARM GAS  C:\Users\akudo\AppData\Local\Temp\cc4WQAcp.s 			page 13


 172      C7
 173 0233 254CE254 		.ascii	"%L\342TsN\000(t\362\203\231}#\263\327%\247e\363\235"
 173      734E0028 
 173      74F28399 
 173      7D23B3D7 
 173      25A765F3 
 174 0248 0EC7CF98 		.ascii	"\016\307\317\230\310\021\205\310\021Q\244\224\212\254"
 174      C81185C8 
 174      1151A494 
 174      8AAC
 175 0256 700C941A 		.ascii	"p\014\224\032\3602LE\262\253Z{\335\250JQ\341\232\375"
 175      F0324C45 
 175      B2AB5A7B 
 175      DDA84A51 
 175      E19AFD
 176 0269 5C26FF95 		.ascii	"\\&\377\225r4G\025*GE\225cT%\245\240\250L\257\345X<"
 176      72344715 
 176      2A474595 
 176      635425A5 
 176      A0A84CAF 
 177 0280 49A4A06C 		.ascii	"I\244\240lK\343\276\255^R\331qD\013\013R\037\235\362"
 177      4BE3BEAD 
 177      5E52D971 
 177      440B0B52 
 177      1F9DF2
 178 0293 7A66A04F 		.ascii	"zf\240O\320@\227!!\322\007\233\362w\030p\035\363\255"
 178      D0409721 
 178      21D2079B 
 178      F2771870 
 178      1DF3AD
 179 02a6 A962698E 		.ascii	"\251bi\216\216\371v\264\341S\205k\320\010\225+\\+\027"
 179      8EF976B4 
 179      E153856B 
 179      D008952B 
 179      5C2B17
 180 02b9 5DABA0AE 		.ascii	"]\253\240\256\325\364\224\257\365\242\257\000\257#:"
 180      D5F494AF 
 180      F5A2AF00 
 180      AF233A
 181 02c8 4515F92B 		.ascii	"E\025\371+\364\364\035\370\0131O\036]\276]\2137ii\037"
 181      F4F41DF8 
 181      0B314F1E 
 181      5DBE5D8B 
 181      3769691F 
 182 02dc FD27B397 		.ascii	"\375'\263\227\030`\205%\177\277\025\006-\226e:\036a"
 182      18608525 
 182      7FBF1506 
 182      2D96653A 
 182      1E61
 183 02ee BC9335DF 		.ascii	"\274\2235\3372V\230\353\211\367\010Ff\355U-\316cF\366"
 183      325698EB 
 183      89F70846 
 183      66ED552D 
 183      CE6346F6 
 184 0302 C64DFBDC 		.ascii	"\306M\373\334h\247\036\364\235jhJ\325\343BV\267g\303"
 184      68A71EF4 
 184      9D6A684A 
ARM GAS  C:\Users\akudo\AppData\Local\Temp\cc4WQAcp.s 			page 14


 184      D5E34256 
 184      B767C3
 185 0315 C80A5F7C 		.ascii	"\310\012_|\210\031go\216>\364\242\304I\304\034\033o"
 185      8819676F 
 185      8E3EF4A2 
 185      C449C41C 
 185      1B6F
 186 0327 BACCE123 		.ascii	"\272\314\341#\254\356L\313\215\235n\370832G\316\325"
 186      ACEE4CCB 
 186      8D9D6EF8 
 186      38333247 
 186      CED5
 187 0339 F852E28F 		.ascii	"\370R\342\217\2119\26259\331\027W\261:\373\336\247\016"
 187      8939B235 
 187      39D91757 
 187      B13AFBDE 
 187      A70E
 188 034b 1F5CCB0C 		.ascii	"\037\\\313\014q\013\360b[\300\266\252\336\013\336\370"
 188      710BF062 
 188      5BC0B6AA 
 188      DE0BDEF8 
 189 035b 1CAB7B78 		.ascii	"\034\253{x3i\002\341Ff\344\334\254O\367\246\304\227"
 189      336902E1 
 189      4666E4DC 
 189      AC4FF7A6 
 189      C497
 190 036d 8999B561 		.ascii	"\211\231\265a\314\210\233X\325\261\241U\303\036\270"
 190      CC889B58 
 190      D5B1A155 
 190      C31EB8
 191 037c 8D191D23 		.ascii	"\215\031\035#\035'\335)o:17\226mK\327\263\370\322\352"
 191      1D27DD29 
 191      6F3A3137 
 191      966D4BD7 
 191      B3F8D2EA 
 192 0390 B5FBB31F 		.ascii	"\265\373\263\0372\3070U\375\352\3329Lb\312\0131\205"
 192      32C73055 
 192      FDEADA39 
 192      4C62CA0B 
 192      3185
 193 03a2 0AC58C5F 		.ascii	"\012\305\214_&/\"zy\012jc\361\334\336\327\230\347\353"
 193      262F227A 
 193      790A6A63 
 193      F1DCDED7 
 193      98E7EB
 194 03b5 9746E93C 		.ascii	"\227F\351<\357o\243k\247\025\350g(\375\012\362\023\033"
 194      EF6FA36B 
 194      A715E867 
 194      28FD0AF2 
 194      131B
 195 03c7 11F6E6E6 		.ascii	"\021\366\346\346\234Aw%\373\353\347\261Wn\332P\203\360"
 195      9C417725 
 195      FBEBE7B1 
 195      576EDA50 
 195      83F0
 196 03d9 35368AE6 		.ascii	"56\212\346\245w[8\334\311\214\203\273v\227\2605\361"
 196      A5775B38 
ARM GAS  C:\Users\akudo\AppData\Local\Temp\cc4WQAcp.s 			page 15


 196      DCC98C83 
 196      BB7697B0 
 196      35F1
 197 03eb 361D42EB 		.ascii	"6\035B\353\205fw|G\210\337\201\2641\037Z\367\0161O\037"
 197      8566777C 
 197      4788DF81 
 197      B4311F5A 
 197      F70E314F 
 198 0400 5E5369C0 		.ascii	"^Si\300=\254\356i\376\355Q\016\0170\243\253\374\036"
 198      3DACEE69 
 198      FEED510E 
 198      0F30A3AB 
 198      FC1E
 199 0412 CF516218 		.ascii	"\317Qb\0301\333\373\327tx\340!\347\016|X\007+W\035p"
 199      31DBFBD7 
 199      7478E021 
 199      E70E7C58 
 199      072B571D 
 200 0427 B83F3B28 		.ascii	"\270?;(w\305\240\374\212\306d\351\366\335\235X\030\245"
 200      77C5A0FC 
 200      8AC664E9 
 200      F6DD9D58 
 200      18A5
 201 0439 5D8CC91D 		.ascii	"]\214\311\035`\327Rv\027\035\345]q\224Cm\313\032<\225"
 201      60D75276 
 201      171DE55D 
 201      7194436D 
 201      CB1A3C95 
 202 044d ECAF9FC7 		.ascii	"\354\257\237\307>\377M\316v\035\036a^\246\224m\330\303"
 202      3EFF4DCE 
 202      761D1E61 
 202      5EA6946D 
 202      D8C3
 203 045f C2F02198 		.ascii	"\302\360!\230/\\mX^\350\215\246\262k\362T\3055m\252"
 203      2F5C6D58 
 203      5EE88DA6 
 203      B26BF254 
 203      C5356DAA 
 204 0473 9D5F963C 		.ascii	"\235_\226<\370\244x\337\233G\017\362\225\260{\220Nn"
 204      F8A478DF 
 204      9B470FF2 
 204      95B07B90 
 204      4E6E
 205 0485 C24BF800 		.ascii	"\302K\370\000M\226\337\231[\264\307W\340GC\370\366\336"
 205      4D96DF99 
 205      5BB4C757 
 205      E04743F8 
 205      F6DE
 206 0497 025DDD74 		.ascii	"\002]\335tJ\275\241\246vR\352^$q\257H\334\0065\267Q"
 206      4ABDA1A6 
 206      7652EA5E 
 206      2471AF48 
 206      DC0635B7 
 207 04ac 255B2F51 		.ascii	"%[/QO\253\251gT\324\353\022\265IM\275\244\366\340\262"
 207      4FABA967 
 207      54D4EB12 
 207      B5494DBD 
ARM GAS  C:\Users\akudo\AppData\Local\Temp\cc4WQAcp.s 			page 16


 207      A4F6E0B2 
 208 04c0 C4AD5773 		.ascii	"\304\255Ws\317\253\271m\022\367\234k.ua\235\260P\337"
 208      CFABB96D 
 208      12F79C6B 
 208      2E75619D 
 208      B050DF
 209 04d3 B6695025 		.ascii	"\266iP%\324W\321*\302\206m\0059`\207\031FS\321C\300"
 209      D457D12A 
 209      C2866D05 
 209      39608719 
 209      4653D143 
 210 04e8 63C023C0 		.ascii	"c\300#\300\000`\0340\004\030\004\364\003F\000\023\200"
 210      00601C30 
 210      041804F4 
 210      03460013 
 210      80
 211 04f9 FB8051C0 		.ascii	"\373\200Q\300\023\300S\3007\200{\200>\000\317MEch*\335"
 211      13C053C0 
 211      37807B80 
 211      3E00CF4D 
 211      4563682A 
 212 050e 07A98367 		.ascii	"\007\251\203g%\007\253\325\016\276\254\032\313\031\211"
 212      2507ABD5 
 212      0EBEAC1A 
 212      CB1989
 213 051d 7ACA2555 		.ascii	"z\312%U\216\346y\211Y\247f\326\252#\324#q;\\\317\275"
 213      8EE67989 
 213      59A766D6 
 213      AA23D423 
 213      713B5CCF 
 214 0532 2C7B55A2 		.ascii	",{U\242^p=\365\012\331v\211\333\254\346\2668\311.\265"
 214      5E703DF5 
 214      0AD97689 
 214      DBACE6B6 
 214      38C92EB5 
 215 0546 F7BF06CC 		.ascii	"\367\277\006\314n\344\207z\004\246\370R\240^\225\003"
 215      6EE4877A 
 215      04A6F852 
 215      A05E9503 
 216 0556 E724D11A 		.ascii	"\347$\321\032\327\343\222\251\015\022\365\254\353\265"
 216      D7E392A9 
 216      0D12F5AC 
 216      EBB5
 217 0564 27F9BAD4 		.ascii	"'\371\272\324\336A\034\270\012\016\\\023\250\342N%\270"
 217      DE411CB8 
 217      0A0E5C13 
 217      A8E24E25 
 217      B8
 218 0575 AA1856B7 		.ascii	"\252\030V\267${]-\333\256\346^\223\270\027]\257i\352"
 218      247B5D2D 
 218      DBAEE65E 
 218      93B8175D 
 218      AF69EA
 219 0588 2DC9863A 		.ascii	"-\311\206:O\027\350xD(\032\361k\251\221\226H\347\275"
 219      4F17E878 
 219      44281AF1 
 219      6BA99196 
ARM GAS  C:\Users\akudo\AppData\Local\Temp\cc4WQAcp.s 			page 17


 219      48E7BD
 220 059b 827A2F5E 		.ascii	"\202z/^P\272\355\372Uf\275B6V;xt\002\243\311\323\\\255"
 220      50BAEDFA 
 220      5566BD42 
 220      36563B78 
 220      7402A3C9 
 221 05b2 6894C44D 		.ascii	"h\224\304M\373\237/j:\234\201X\017\264\224\233\214N"
 221      FB9F2F6A 
 221      3A9C8158 
 221      0FB4949B 
 221      8C4E
 222 05c4 CA891D19 		.ascii	"\312\211\035\031\233\230\271\236\310\252\031r\367Z)"
 222      9B98B99E 
 222      C8AA1972 
 222      F75A29
 223 05d3 278C942C 		.ascii	"'\214\224,o\263\311\234\027\315\023\340\016\354\272"
 223      6FB3C99C 
 223      17CD13E0 
 223      0EECBA
 224 05e2 FCED7FC1 		.ascii	"\374\355\177\301\225nd#\324\336\332VT\342\213\246M\231"
 224      956E6423 
 224      D4DEDA56 
 224      54E28BA6 
 224      4D99
 225 05f4 42F3D814 		.ascii	"B\363\330\024\376m\224\302\031\3202\016+\262\353\014"
 225      FE6D94C2 
 225      19D0320E 
 225      2BB2EB0C 
 226 0604 281FFD13 		.ascii	"(\037\375\023\251\200G\017z\247\271\351`:\217\177\254"
 226      A980470F 
 226      7AA7B9E9 
 226      603A8F7F 
 226      AC
 227 0615 41AFD2DD 		.ascii	"A\257\322\335\033}\001\261 U\032\264\234\233\202\276"
 227      1B7D01B1 
 227      20551AB4 
 227      9C9B82BE 
 228 0625 E4A6283F 		.ascii	"\344\246(?\362>\354#\277\245\365\3160\246\333.G\314"
 228      F23EEC23 
 228      BFA5F5CE 
 228      30A6DB2E 
 228      47CC
 229 0637 1DDD9BB6 		.ascii	"\035\335\233\266\350\345\015\034\321\276W@\353\225\034"
 229      E8E50D1C 
 229      D1BE5740 
 229      EB951C
 230 0646 F17A1527 		.ascii	"\361z\025'o\340\304 \037\210\312\202K\356T\357w4\027"
 230      6FE0C420 
 230      1F88CA82 
 230      4BEE54EF 
 230      773417
 231 0659 D8D5D987 		.ascii	"\330\325\331\207\250\236;1\323\277(-e\0370\232\377d"
 231      A89E3B31 
 231      D3BF282D 
 231      651F309A 
 231      FF64
 232 066b 670F6EF2 		.ascii	"g\017n\362~\366\267'\225\023\276=k\231\257\375\311}"
ARM GAS  C:\Users\akudo\AppData\Local\Temp\cc4WQAcp.s 			page 18


 232      7EF6B727 
 232      9513BE3D 
 232      6B99AFFD 
 232      C97D
 233 067d 053AF913 		.ascii	"\005:\371\023\313\274Y\015\336\254\241\336\244Qoh#j"
 233      CBBC590D 
 233      DEACA1DE 
 233      A4516F68 
 233      236A
 234 068f 900F5F46 		.ascii	"\220\017_F\345J\255S\330I\362(\367\260N\010\373:\032"
 234      E54AAD53 
 234      D849F228 
 234      F7B04E08 
 234      FB3A1A
 235 06a2 F6F21D75 		.ascii	"\366\362\035u\023\006\\M\343\216J\373\272\223\364\220"
 235      13065C4D 
 235      E38E4AFB 
 235      BA93F490 
 236 06b2 E355160D 		.ascii	"\343U\026\015\226\036\311\016\252\332\375%_\307WB\226"
 236      961EC90E 
 236      AADAFD25 
 236      5FC75742 
 236      96
 237 06c3 97553989 		.ascii	"\227U9\211\252\244sr\236\227.L\007Z\317\221<oww\376"
 237      AAA47372 
 237      9E972E4C 
 237      075ACF91 
 237      3C6F7777 
 238 06d8 7D8C57E8 		.ascii	"}\214W\350\250\320\203Km\243\036T\250\250\360\374N,"
 238      A8D0834B 
 238      6DA31E54 
 238      A8A8F0FC 
 238      4E2C
 239 06ea A5E5B3A9 		.ascii	"\245\345\263\251\312\006\205\312\006Qe#U\271\321\324"
 239      CA0685CA 
 239      06516523 
 239      55B9D1D4 
 240 06fa DC68C05B 		.ascii	"\334h\300[\230Jv^\336u\003S\201\244Z\255\262I\241\262"
 240      984A765E 
 240      DE750353 
 240      81A45AAD 
 240      B249A1B2 
 241 070e 4954D94C 		.ascii	"IT\331LUn7\015\361\006\\\300T\366\364\227u\263A\331"
 241      556E370D 
 241      F1065CC0 
 241      54F6F497 
 241      75B341D9 
 242 0722 330A7574 		.ascii	"3\012ut<\025\374KT\"C!\221!Jdr\317\312\250\257\026O"
 242      3C15FC4B 
 242      54224321 
 242      91214A64 
 242      72CFCAA8 
 243 0739 0CF83E33 		.ascii	"\014\370>3y\336\312\221\344y\013'$\317\023\235\251\274"
 243      79DECA91 
 243      E4790B27 
 243      24CF139D 
 243      A9BC
ARM GAS  C:\Users\akudo\AppData\Local\Temp\cc4WQAcp.s 			page 19


 244 074b 1E1F613E 		.ascii	"\036\037a>|\325s9\025\242\314\214\376\332\211b7\220"
 244      7CD57339 
 244      15A2CC8C 
 244      FEDA8962 
 244      3790
 245 075d 46DB6997 		.ascii	"F\333i\227P\222\274\276r\030\261\270\347\037\317\231"
 245      5092BCBE 
 245      7218B1B8 
 245      E71FCF99 
 246 076d B3AE508E 		.ascii	"\263\256P\216{\232\226\010\243m\242\247h\007t@L\346"
 246      7B9A9608 
 246      A36DA2A7 
 246      68077440 
 246      4CE6
 247 077f 6C1675D6 		.ascii	"l\026u\326\261\363\3560\302\353\334\251|E~\335\032\235"
 247      B1F3EE30 
 247      C2EBDCA9 
 247      7C457EDD 
 247      1A9D
 248 0791 388965F3 		.ascii	"8\211e\363\276=\211v\305\250\355\242\320WT\350qm\325"
 248      BE3D8976 
 248      C5A8EDA2 
 248      D05754E8 
 248      716DD5
 249 07a4 2A0EEF66 		.ascii	"*\016\357fBC;\267\026jY\340\266\035\210b\247\242\344"
 249      42433BB7 
 249      166A59E0 
 249      B61D8862 
 249      A7A2E4
 250 07b7 148E1D46 		.ascii	"\024\216\035Fv*Dv\212\"\273\250\310\311]\255\233\335"
 250      762A4476 
 250      8A22BBA8 
 250      C8C95DAD 
 250      9BDD
 251 07c9 F13141E4 		.ascii	"\3611A\344Na\243"
 251      4E61A3
 252 07d0 B7B812F2 		.ascii	"\267\270\022\362\325s\230\255P\311\026UvS\225\315\015"
 252      D57398AD 
 252      50C91655 
 252      765395CD 
 252      0D
 253 07e1 A7FDF079 		.ascii	"\247\375\360y&b\277v\361\317\302:8;\241\326\330\243"
 253      2662BF76 
 253      F1CFC23A 
 253      383BA1D6 
 253      D8A3
 254 07f3 D0D8236A 		.ascii	"\320\330#j\354\245\032;\032\257\367h\361M&2\221\334"
 254      ECA51A3B 
 254      1AAFF768 
 254      F14D2632 
 254      91DC
 255 0805 D8E1C686 		.ascii	"\330\341\306\206S\247Z\0079\012\211\034Q\"\227J\334"
 255      53A75A07 
 255      390A891C 
 255      5122974A 
 255      DC
 256 0816 ECEA4A62 		.ascii	"\354\352Jb{E%=:\034\252(~\300\016\010)\354\230Q\337"
ARM GAS  C:\Users\akudo\AppData\Local\Temp\cc4WQAcp.s 			page 20


 256      7B45253D 
 256      3A1CAA28 
 256      7EC00E08 
 256      29EC9851 
 257 082b BAC20D0F 		.ascii	"\272\302\015\017\260.\222\032\357\335\362\305\217\231"
 257      B02E921A 
 257      EFDDF2C5 
 257      8F99
 258 0839 D1D6DE59 		.ascii	"\321\326\336Y\351\211\2372\203O\355Z\206\361\027\036"
 258      E9899F32 
 258      834FED5A 
 258      86F1171E 
 259 0849 D458919E 		.ascii	"\324X\221\236\334\345\201W2\243\360\340x\226\036\257"
 259      DCE58157 
 259      32A3F0E0 
 259      78961EAF 
 260 0859 65C6F69A 		.ascii	"e\306\366\232\352\213:\274\231\031C-%\277\306v\366\234"
 260      EA8B3ABC 
 260      9919432D 
 260      25BFC676 
 260      F69C
 261 086b DD96BA0D 		.ascii	"\335\226\272\015\343\\f\214\325w\035\306\270\230\031"
 261      E35C668C 
 261      D5771DC6 
 261      B89819
 262 087a 9772D252 		.ascii	"\227r\322R<p\0313\352\371\2144\037\\\315\214\274\366"
 262      3C701933 
 262      EAF98C34 
 262      1F5CCD8C 
 262      BCF6
 263 088c F16437DC 		.ascii	"\361d7\334\300\214\332\335\205Y:\334*\030}\337\364\""
 263      C08CDADD 
 263      85593ADC 
 263      2A187DDF 
 263      F422
 264 089e DCC10C71 		.ascii	"\334\301\014q\367\362b\273\327\335\202\232]>\270\213"
 264      F7F262BB 
 264      D7DD829A 
 264      5D3EB88B 
 265 08ae D55DDEBB 		.ascii	"\325]\336\273|=$\321\314\250n\375\262G\207\307\230\341"
 265      7C3D24D1 
 265      CCA86EFD 
 265      B24787C7 
 265      98E1
 266 08c0 28C938ED 		.ascii	"(\3118\355\215\227\352Y\020\352\222\252\335\360*f\254"
 266      8D97EA59 
 266      10EA92AA 
 266      DDF02A66 
 266      AC
 267 08d1 B96DDFE5 		.ascii	"\271m\337\345\20172#\263\377n\252\016g1c|\"\367\276"
 267      81373223 
 267      B3FF6EAA 
 267      0E673163 
 267      7C22F7BE 
 268 08e5 37CE6546 		.ascii	"7\316eF\376^\376\005\\\314\236\207\362\332s|\361\011"
 268      FE5EFE05 
 268      5CCC9E87 
ARM GAS  C:\Users\akudo\AppData\Local\Temp\cc4WQAcp.s 			page 21


 268      F2DA737C 
 268      F109
 269 08f7 66B4545F 		.ascii	"f\264T_\271\346\215k\231\2615\355b&\013\367Bb\256\333"
 269      B9E68D6B 
 269      99B135ED 
 269      62260BF7 
 269      4262AEDB 
 270 090b BDE14B0E 		.ascii	"\275\341K\016_`uYk\017\216\261\177S\026\321u_S\277S"
 270      5F607559 
 270      6B0F8EB1 
 270      7F5316D1 
 270      755F53BF 
 271 0920 8F5B58DD 		.ascii	"\217[X\335\343\325\3055\034\276\302\214\003\315\335"
 271      E3D5C535 
 271      1CBEC28C 
 271      03CDDD
 272 092f AD064A5C 		.ascii	"\255\006J\\BW\323\245\212\\/|\233\325\211\307'/\341"
 272      4257D3A5 
 272      8A5C2F7C 
 272      9BD589C7 
 272      272FE1
 273 0942 F8D45B3C 		.ascii	"\370\324[<q\313\015\367\322J\377\232\341U\307\335\305"
 273      71CB0DF7 
 273      D24AFF9A 
 273      E155C7DD 
 273      C5
 274 0953 0CDC3905 		.ascii	"\014\3349\005W$\3434\027\357o\265\277\267\216\274j\354"
 274      5724E334 
 274      17EF6FB5 
 274      BFB78EBC 
 274      6AEC
 275 0965 037E1856 		.ascii	"\003~\030VT\033\367\234\244\271\2558J\314\333\013\324"
 275      541BF79C 
 275      A4B9AD38 
 275      4ACCDB0B 
 275      D4
 276 0976 5C559AB7 		.ascii	"\\U\232\267\372\260D=\257\246\326s\316\334\307\262l"
 276      FAB0443D 
 276      AFA6D673 
 276      CEDCC7B2 
 276      6C
 277 0987 A59AEB74 		.ascii	"\245\232\353t\034\340y{\312a-\341\302\211\004\325\010"
 277      1CE0797B 
 277      CA612DE1 
 277      C28904D5 
 277      08
 278 0998 5C2925AB 		.ascii	"\\)%\253U\351\256\224}8\243\326=\315)3\"\020^%\013\237"
 278      55E9AE94 
 278      7D38A3D6 
 278      3DCD2933 
 278      22105E25 
 279 09ae 550B9F53 		.ascii	"U\013\237S\011\257\220\205\353\\\013\177+u\317\203\257"
 279      09AF9085 
 279      EB5C0B7F 
 279      2B75CF83 
 279      AF
 280 09bf 5F3EAD22 		.ascii	"_>\255\"l\222\345\334\207\257\374\005\310N\256\000\272"
ARM GAS  C:\Users\akudo\AppData\Local\Temp\cc4WQAcp.s 			page 22


 280      6C92E5DC 
 280      87AFFC05 
 280      C84EAE00 
 280      BA
 281 09d0 00FD805E 		.ascii	"\000\375\200^\300=@\037\3406\240\021\320\016\270\011"
 281      C03D401F 
 281      E036A011 
 281      D00EB809 
 282 09e0 B8051800 		.ascii	"\270\005\030\000\364\000\272\001W\001\235\200;\200K"
 282      F400BA01 
 282      57019D80 
 282      3B804B
 283 09ef 80BB80CB 		.ascii	"\200\273\200\313\200\353\200\033\200\016@\023\240\025"
 283      80EB801B 
 283      800E4013 
 283      A015
 284 09fd D00C6801 		.ascii	"\320\014h\001\\\004\\\343\024)\376\0239\364'\325#Qg"
 284      5C045CE3 
 284      1429FE13 
 284      39F427D5 
 284      235167
 285 0a10 B89765EE 		.ascii	"\270\227e\356~\227\263\257\310/\357\313\334\023jn\273"
 285      7E97B3AF 
 285      C82FEFCB 
 285      DC136A6E 
 285      BB
 286 0a21 4A778D1C 		.ascii	"Jw\215\034\315\006\327KE\232\246$\373S&L\276o_\273v"
 286      CD06D74B 
 286      459AA624 
 286      FB53264C 
 286      BE6F5FBB 
 287 0a36 58797E90 		.ascii	"Xy~\220\275(q\275\266\025d\207L\256V\223\253\324\344"
 287      BD2871BD 
 287      B6156487 
 287      4CAE5693 
 287      ABD4E4
 288 0a49 51995CEE 		.ascii	"Q\231\\\356z|\012\362\204L>\345ZY^\337\275\305\3222"
 288      7A7C0AF2 
 288      844C3EE5 
 288      5A595EDF 
 288      BDC5D232 
 289 0a5d 3CA25E86 		.ascii	"<\242^\206\227T\201\353\223uK\325\272N\007\031\210["
 289      975481EB 
 289      93754BD5 
 289      BA4E0719 
 289      885B
 290 0a6f 871CB743 		.ascii	"\207\034\267Cj\256\363\311\024\234\030\223\235\250P"
 290      6AAEF3C9 
 290      149C1893 
 290      9DA850
 291 0a7e 3BA13E78 		.ascii	";\241>x\215\313NT\271~y\225\007t\231\\\250&\327\252"
 291      8DCB4E54 
 291      B97E7995 
 291      0774995C 
 291      A826D7AA 
 292 0a92 3C1E903D 		.ascii	"<\036\220=.Ss\217s*\341~Y\370\230k\262\354\3615\231"
 292      2E53738F 
ARM GAS  C:\Users\akudo\AppData\Local\Temp\cc4WQAcp.s 			page 23


 292      732AE17E 
 292      59F8986B 
 292      B2ECF135 
 293 0aa7 7B40CD55 		.ascii	"{@\315U\237\375\333en\261\353\260)\376'\220\271\007"
 293      9FFDDB65 
 293      6EB1EBB0 
 293      29FE2790 
 293      B907
 294 0ab9 5DEB2A1C 		.ascii	"]\353*\034\276*\223\213\\GBA\276'\223\217\272\236hF"
 294      BE2A938B 
 294      5C474241 
 294      BE27938F 
 294      BA9E6846 
 295 0acd A6079CFA 		.ascii	"\246\007\234\372\342(\362\3475\220T\00768\202]Y~6\317"
 295      E228F2E7 
 295      35905407 
 295      3638825D 
 295      597E36CF 
 296 0ae1 A03A8289 		.ascii	"\240:\202\211;\023\032\202\015\351\377es\242#I=\354"
 296      3B131A82 
 296      0DE9FF65 
 296      73A22349 
 296      3DEC
 297 0af3 0527CF41 		.ascii	"\005'\317Api\237\224\353\320q\211\207\265\226\201\321"
 297      70699F94 
 297      EBD07189 
 297      87B59681 
 297      D1
 298 0b04 3237A753 		.ascii	"27\247S\303\240\323a\355\201pjx@O\015\233\363\036\367"
 298      C3A0D361 
 298      ED81706A 
 298      78404F0D 
 298      9BF31EF7 
 299 0b18 B8E15203 		.ascii	"\270\341R\003\313&\012\252\257\300\007\233\031}\353"
 299      CB260AAA 
 299      AFC0079B 
 299      197DEB
 300 0b27 FB9EFAE0 		.ascii	"\373\236\372\340zf\224\355Y^\356\211\233\251\241;\273"
 300      7A6694ED 
 300      595EEE89 
 300      9BA9A13B 
 300      BB
 301 0b38 FAD419F2 		.ascii	"\372\324\031\3621\235,\374}\325\231\233\177F:\360~\003"
 301      319D2CFC 
 301      7DD5999B 
 301      7F463AF0 
 301      7E03
 302 0b4a 5E8D3D77 		.ascii	"^\215=w\342\262\362\305cv\201\232\253\3301\225\263!"
 302      E2B2F2C5 
 302      6376819A 
 302      ABD83195 
 302      B321
 303 0b5c FF113926 		.ascii	"\377\0219&L\3058L\305\023\010\315(\3401`D\271\177\347"
 303      4CC5384C 
 303      C51308CD 
 303      28E03160 
 303      44B97FE7 
ARM GAS  C:\Users\akudo\AppData\Local\Temp\cc4WQAcp.s 			page 24


 304 0b70 481D3C72 		.ascii	"H\035<r\355\214|\216\337\226O\316\361c\337Z\026tX;\024"
 304      ED8C7C8E 
 304      DF964FCE 
 304      F163DF5A 
 304      1674583B 
 305 0b85 C31A76E9 		.ascii	"\303\032v\351\352+\302)\276\345\302\310J8\346N\246\232"
 305      EA2BC229 
 305      BEE5C2C8 
 305      4A38E64E 
 305      A69A
 306 0b97 797FF640 		.ascii	"y\177\366@\023@}(\317\317\2308?\256F\205\236\302`\276"
 306      13407D28 
 306      CFCF9838 
 306      3FAE4685 
 306      9EC260BE 
 307 0bab 6B60E43F 		.ascii	"k`\344?\322\224\334\271N\363:\3414\257\016a^\035t^W"
 307      D294DCB9 
 307      4EF33AE1 
 307      34AF0E61 
 307      5E1D745E 
 308 0bc0 6F6BDDEE 		.ascii	"ok\335\356\345\304>\341tv\3441c\223\273\307\342\350"
 308      E5C43EE1 
 308      7476E431 
 308      6393BBC7 
 308      E2E8
 309 0bd2 38DBCC40 		.ascii	"8\333\314@\213M7\367\335\367\375\215\032\203\305\"\226"
 309      8B4D37F7 
 309      DDF7FD8D 
 309      1A83C522 
 309      96
 310 0be3 2C887C2B 		.ascii	",\210|+<ra\364'\321\211\266\305Q\321\361\341\266\370"
 310      3C7261F4 
 310      27D189B6 
 310      C551D1F1 
 310      E1B6F8
 311 0bf6 F898C4F0 		.ascii	"\370\230\304\360O\343\026\373\323'\377\210\204X\177"
 311      4FE316FB 
 311      D327FF88 
 311      84587F
 312 0c05 6BEC27D6 		.ascii	"k\354'\326\250(kT\370\033\257\377\336?p\372\214\337"
 312      A8286B54 
 312      F81BAFFF 
 312      DE3F70FA 
 312      8CDF
 313 0c17 FC6D6638 		.ascii	"\374mf8\224\277\026\027\037g}\315\032\361Itxt\\d\314"
 313      94BF1617 
 313      1F677DCD 
 313      1AF14974 
 313      78745C64 
 314 0c2c E2286B78 		.ascii	"\342(kxl\004h\305Y\303-Q\326\005\021\213cl\026\333\347"
 314      6C0468C5 
 314      59C32D51 
 314      D605118B 
 314      636C16DB 
 315 0c41 8BAC89AF 		.ascii	"\213\254\211\257/\324|\374_\355&\361\363\304pK\242-"
 315      2FD47CFC 
 315      5FED26F1 
ARM GAS  C:\Users\akudo\AppData\Local\Temp\cc4WQAcp.s 			page 25


 315      F3C4704B 
 315      A22D
 316 0c53 0AC600DA 		.ascii	"\012\306\000\332\036\037X#m\361\011\263\247\277m|+\300"
 316      1E1F5823 
 316      6DF109B3 
 316      A7BF6D7C 
 316      2BC0
 317 0c65 483A31D3 		.ascii	"H:1\323N\002h\207\361\2113~;# >1`aDL\300\242\370\004"
 317      4E026887 
 317      F189337E 
 317      3B23203E 
 317      31606144 
 318 0c7e 5B628079 		.ascii	"[b\200y~\350\314\300\200y\363\202\002\346\207\204~6"
 318      7EE8CCC0 
 318      8079F382 
 318      02E68784 
 318      7E36
 319 0c90 2320D166 		.ascii	"# \321f\211\211\211z=R\343\311\236,\321q\3216?\013!"
 319      8989897A 
 319      3D52E3C9 
 319      9E2CD171 
 319      D1363F0B 
 320 0ca5 5BA213FE 		.ascii	"[\242\023\376f\261.\212\216\211\377t\261\365\255\347"
 320      66B12E8A 
 320      8E89FF74 
 320      B1F5ADE7 
 321 0cb5 EA27D804 		.ascii	"\352'\330\004\371Y\246Pc\350\022\250\215\214O\260Z>"
 321      F959A650 
 321      63E812A8 
 321      8D8C4FB0 
 321      5A3E
 322 0cc7 7B33167C 		.ascii	"{3\026|\364\213\\h\376<q~t\2545\341\235\210\270\250"
 322      F48B5C68 
 322      FE3C717E 
 322      74AC35E1 
 322      9D88B8A8 
 323 0cdb 186B42C8 		.ascii	"\030kB\310\364\357R\023F\013\0250^\320\230\024\367Y"
 323      F4EF5213 
 323      460B1530 
 323      5ED09814 
 323      F759
 324 0ced 7464705C 		.ascii	"tdp\\\304'1V6\342?|\317\361F\306\307\306\306\307\211"
 324      C4273156 
 324      36E23F7C 
 324      CFF146C6 
 324      C7C6C6C7 
 325 0d02 7E111550 		.ascii	"~\021\025P\203\261\306\222\005\020\035k\261a\243i\006"
 325      83B1C692 
 325      05101D6B 
 325      B161A369 
 325      06
 326 0d13 20506B0E 		.ascii	" Pk\0165\232\264A!\301&\316l\302\301sMnFc\250i\006\375"
 326      359AB441 
 326      21C126CE 
 326      6CC2C173 
 326      4D6E4663 
 327 0d2b 0DD41A8D 		.ascii	"\015\324\032\215\301&l|w>\0163\033\361,\223\011\233"
ARM GAS  C:\Users\akudo\AppData\Local\Temp\cc4WQAcp.s 			page 26


 327      C1266C7C 
 327      773E0E33 
 327      1BF12C93 
 327      099B
 328 0d3d 8C604383 		.ascii	"\214`C\203\331A\363M8\210\264\014\235e\342\336c\255"
 328      D941F34D 
 328      3888B40C 
 328      9D65E2DE 
 328      63AD
 329 0d4f 6602FF43 		.ascii	"f\002\377C\223\361?\236\022\3019\360T\033\2710\"\301"
 329      93F13F9E 
 329      12C139F0 
 329      541BB930 
 329      22C1
 330 0d61 2F3E3122 		.ascii	"/>1\"\006B8/>\362\257s\022\342cC\314\246\347\007\220"
 330      0642382F 
 330      3EF2AF73 
 330      12E26343 
 330      CCA6E707 
 331 0d76 68933624 		.ascii	"h\2236$\222\344N\002H'A\241\340G\2478\006\012,\013\240"
 331      92E44E02 
 331      482741A1 
 331      E047A738 
 331      060A2C0B 
 332 0d8b C4129D98 		.ascii	"\304\022\235\230\240\227\212\274-\226D\253\3152{\226"
 332      A0978ABC 
 332      2D9644AB 
 332      CD327B96 
 333 0d9b 3938CC14 		.ascii	"98\314\024\342\035\021\363\367\210\317\023ai\304\300"
 333      E21D11F3 
 333      F788CF13 
 333      6169C4C0 
 334 0dab 02FFE373 		.ascii	"\002\377\343s\273\266.\261\005\030C\315!fy\012\311J"
 334      BBB62EB1 
 334      051843CD 
 334      2166790A 
 334      C94A
 335 0dbd 888C9DB3 		.ascii	"\210\214\235\2638\216\204~2\361\347=\347\325\360Ca|"
 335      388E847E 
 335      32F1E73D 
 335      E7D5F043 
 335      617C
 336 0dcf EFC7C528 		.ascii	"\357\307\305(\374\243\016;\025\375\220\372\2678\316"
 336      FCA30E3B 
 336      15FD90FA 
 336      B738CE
 337 0dde C9694F45 		.ascii	"\311iOE\241'\304\3342\037^\273 \353\002\316hr\017\233"
 337      A127C4DC 
 337      321F5EBB 
 337      20EB02CE 
 337      68720F9B 
 338 0df2 37CF3867 		.ascii	"7\3178g\256IK~\2601\304\3441\353\235\3313L\346\371\364"
 338      AE494B7E 
 338      B031C4E4 
 338      31EB9DD9 
 338      334CE6F9 
 339 0e07 21507C98 		.ascii	"!P|\230I\036\364\246`s\260\351\203\340\240\351\036\263"
ARM GAS  C:\Users\akudo\AppData\Local\Temp\cc4WQAcp.s 			page 27


 339      491EF4A6 
 339      6073B0E9 
 339      83E0A0E9 
 339      1EB3
 340 0e19 C2445218 		.ascii	"\302DR\030#Iu3\334\211@\360\273&r\017\024\3563\341."
 340      23497533 
 340      DC8940F0 
 340      BB26720F 
 340      14EE33E1 
 341 0e2e 3102DD49 		.ascii	"1\002\335IkZ\023F\031R\315L=i;/\214\224\221\326\322"
 341      6B5A1346 
 341      1952CD4C 
 341      3D693B2F 
 341      8C9491D6 
 342 0e43 D34CF624 		.ascii	"\323L\366$\362\336\320\023\005\2416L\344\211\265\277"
 342      F2DED013 
 342      05A1364C 
 342      E489B5BF 
 343 0e53 81054756 		.ascii	"\201\005GV\236Y.\372\255\233\331l\234k2\300`C\002\315"
 343      9E592EFA 
 343      AD9BD96C 
 343      9C6B32C0 
 343      604302CD 
 344 0e67 64A8B3BF 		.ascii	"d\250\263\277\347\014\231\347\263\2657\347\215%K\330"
 344      E70C99E7 
 344      B3B537E7 
 344      8D254BD8 
 345 0e77 AA5BF0C6 		.ascii	"\252[\360\306\3647\227,\201i\362\011\232=7\324\370\276"
 345      F437972C 
 345      8169F209 
 345      9A3D37D4 
 345      F8BE
 346 0e89 184C5D48 		.ascii	"\030L]H\220\361\275\240`\035qm\316G\344\0268\347\243"
 346      90F1BDA0 
 346      601D716D 
 346      CE47E416 
 346      38E7A3
 347 0e9c 7F037ABF 		.ascii	"\177\003z\277\253\273"
 347      ABBB
 348              		.text
 349              		.section	.gnu.lto_.symtab.cfc156ff,"",%progbits
 350 0000 56656374 		.ascii	"VectorB0\000\000\000\000\000\000\000\000\000\000\000"
 350      6F724230 
 350      00000000 
 350      00000000 
 350      000000
 351 0013 00B40000 		.ascii	"\000\264\000\000\000st_lld_init\000\000\000\000\000"
 351      0073745F 
 351      6C6C645F 
 351      696E6974 
 351      00000000 
 352 0028 00000000 		.ascii	"\000\000\000\000\000\000\000\266\000\000\000_port_i"
 352      000000B6 
 352      0000005F 
 352      706F7274 
 352      5F69
 353 003a 72715F65 		.ascii	"rq_epilogue\000\000\002\000\000\000\000\000\000\000"
ARM GAS  C:\Users\akudo\AppData\Local\Temp\cc4WQAcp.s 			page 28


 353      70696C6F 
 353      67756500 
 353      00020000 
 353      00000000 
 354 004f 0000B800 		.ascii	"\000\000\270\000\000\000chSysTimerHandlerI\000\000\002"
 354      00006368 
 354      53797354 
 354      696D6572 
 354      48616E64 
 355 006a 00000000 		.ascii	"\000\000\000\000\000\000\000\000\000\272\000\000\000"
 355      00000000 
 355      00BA0000 
 355      00
 356 0077 6E766963 		.ascii	"nvicEnableVector\000\000\002\000\000\000\000\000\000"
 356      456E6162 
 356      6C655665 
 356      63746F72 
 356      00000200 
 357 0090 000000BF 		.ascii	"\000\000\000\277\000\000\000"
 357      000000
 358              		.text
 359              		.section	.gnu.lto_.opts,"",%progbits
 360 0000 272D666E 		.ascii	"'-fno-trapv' '-mcpu=cortex-m4' '-mno-thumb-interwor"
 360      6F2D7472 
 360      61707627 
 360      20272D6D 
 360      6370753D 
 361 0033 6B272027 		.ascii	"k' '-mthumb' '-ggdb' '-O2' '-fomit-frame-pointer' '"
 361      2D6D7468 
 361      756D6227 
 361      20272D67 
 361      67646227 
 362 0066 2D66616C 		.ascii	"-falign-functions=16' '-ffunction-sections' '-fdata"
 362      69676E2D 
 362      66756E63 
 362      74696F6E 
 362      733D3136 
 363 0099 2D736563 		.ascii	"-sections' '-fno-common' '-flto'\000"
 363      74696F6E 
 363      73272027 
 363      2D666E6F 
 363      2D636F6D 
 364              		.text
 365              		.comm	__gnu_lto_v1,1,1
 366              		.comm	__gnu_lto_slim,1,1
 367              		.ident	"GCC: (GNU Tools for ARM Embedded Processors) 4.9.3 20150529 (release) [ARM/embedded-4_9-br
ARM GAS  C:\Users\akudo\AppData\Local\Temp\cc4WQAcp.s 			page 29


DEFINED SYMBOLS
                            *ABS*:00000000 st_lld.c
                            *COM*:00000001 __gnu_lto_v1
                            *COM*:00000001 __gnu_lto_slim

NO UNDEFINED SYMBOLS
